ARM GAS  /var/folders/bg/n1lwdyp56391g865_v8nrmhm0000gn/T//cco67cVU.s 			page 1


   1              		.cpu cortex-m7
   2              		.eabi_attribute 28, 1
   3              		.eabi_attribute 20, 1
   4              		.eabi_attribute 21, 1
   5              		.eabi_attribute 23, 3
   6              		.eabi_attribute 24, 1
   7              		.eabi_attribute 25, 1
   8              		.eabi_attribute 26, 1
   9              		.eabi_attribute 30, 1
  10              		.eabi_attribute 34, 1
  11              		.eabi_attribute 18, 4
  12              		.file	"bridgeif_fdb.c"
  13              		.text
  14              	.Ltext0:
  15              		.cfi_sections	.debug_frame
  16              		.section	.text.bridgeif_fdb_age_one_second,"ax",%progbits
  17              		.align	1
  18              		.arch armv7e-m
  19              		.syntax unified
  20              		.thumb
  21              		.thumb_func
  22              		.fpu fpv5-d16
  24              	bridgeif_fdb_age_one_second:
  25              	.LVL0:
  26              	.LFB169:
  27              		.file 1 "Middlewares/Third_Party/LwIP/src/netif/bridgeif_fdb.c"
   1:Middlewares/Third_Party/LwIP/src/netif/bridgeif_fdb.c **** /**
   2:Middlewares/Third_Party/LwIP/src/netif/bridgeif_fdb.c ****  * @file
   3:Middlewares/Third_Party/LwIP/src/netif/bridgeif_fdb.c ****  * lwIP netif implementing an FDB for IEEE 802.1D MAC Bridge
   4:Middlewares/Third_Party/LwIP/src/netif/bridgeif_fdb.c ****  */
   5:Middlewares/Third_Party/LwIP/src/netif/bridgeif_fdb.c **** 
   6:Middlewares/Third_Party/LwIP/src/netif/bridgeif_fdb.c **** /*
   7:Middlewares/Third_Party/LwIP/src/netif/bridgeif_fdb.c ****  * Copyright (c) 2017 Simon Goldschmidt.
   8:Middlewares/Third_Party/LwIP/src/netif/bridgeif_fdb.c ****  * All rights reserved.
   9:Middlewares/Third_Party/LwIP/src/netif/bridgeif_fdb.c ****  *
  10:Middlewares/Third_Party/LwIP/src/netif/bridgeif_fdb.c ****  * Redistribution and use in source and binary forms, with or without modification,
  11:Middlewares/Third_Party/LwIP/src/netif/bridgeif_fdb.c ****  * are permitted provided that the following conditions are met:
  12:Middlewares/Third_Party/LwIP/src/netif/bridgeif_fdb.c ****  *
  13:Middlewares/Third_Party/LwIP/src/netif/bridgeif_fdb.c ****  * 1. Redistributions of source code must retain the above copyright notice,
  14:Middlewares/Third_Party/LwIP/src/netif/bridgeif_fdb.c ****  *    this list of conditions and the following disclaimer.
  15:Middlewares/Third_Party/LwIP/src/netif/bridgeif_fdb.c ****  * 2. Redistributions in binary form must reproduce the above copyright notice,
  16:Middlewares/Third_Party/LwIP/src/netif/bridgeif_fdb.c ****  *    this list of conditions and the following disclaimer in the documentation
  17:Middlewares/Third_Party/LwIP/src/netif/bridgeif_fdb.c ****  *    and/or other materials provided with the distribution.
  18:Middlewares/Third_Party/LwIP/src/netif/bridgeif_fdb.c ****  * 3. The name of the author may not be used to endorse or promote products
  19:Middlewares/Third_Party/LwIP/src/netif/bridgeif_fdb.c ****  *    derived from this software without specific prior written permission.
  20:Middlewares/Third_Party/LwIP/src/netif/bridgeif_fdb.c ****  *
  21:Middlewares/Third_Party/LwIP/src/netif/bridgeif_fdb.c ****  * THIS SOFTWARE IS PROVIDED BY THE AUTHOR ``AS IS'' AND ANY EXPRESS OR IMPLIED
  22:Middlewares/Third_Party/LwIP/src/netif/bridgeif_fdb.c ****  * WARRANTIES, INCLUDING, BUT NOT LIMITED TO, THE IMPLIED WARRANTIES OF
  23:Middlewares/Third_Party/LwIP/src/netif/bridgeif_fdb.c ****  * MERCHANTABILITY AND FITNESS FOR A PARTICULAR PURPOSE ARE DISCLAIMED. IN NO EVENT
  24:Middlewares/Third_Party/LwIP/src/netif/bridgeif_fdb.c ****  * SHALL THE AUTHOR BE LIABLE FOR ANY DIRECT, INDIRECT, INCIDENTAL, SPECIAL,
  25:Middlewares/Third_Party/LwIP/src/netif/bridgeif_fdb.c ****  * EXEMPLARY, OR CONSEQUENTIAL DAMAGES (INCLUDING, BUT NOT LIMITED TO, PROCUREMENT
  26:Middlewares/Third_Party/LwIP/src/netif/bridgeif_fdb.c ****  * OF SUBSTITUTE GOODS OR SERVICES; LOSS OF USE, DATA, OR PROFITS; OR BUSINESS
  27:Middlewares/Third_Party/LwIP/src/netif/bridgeif_fdb.c ****  * INTERRUPTION) HOWEVER CAUSED AND ON ANY THEORY OF LIABILITY, WHETHER IN
  28:Middlewares/Third_Party/LwIP/src/netif/bridgeif_fdb.c ****  * CONTRACT, STRICT LIABILITY, OR TORT (INCLUDING NEGLIGENCE OR OTHERWISE) ARISING
  29:Middlewares/Third_Party/LwIP/src/netif/bridgeif_fdb.c ****  * IN ANY WAY OUT OF THE USE OF THIS SOFTWARE, EVEN IF ADVISED OF THE POSSIBILITY
  30:Middlewares/Third_Party/LwIP/src/netif/bridgeif_fdb.c ****  * OF SUCH DAMAGE.
  31:Middlewares/Third_Party/LwIP/src/netif/bridgeif_fdb.c ****  *
ARM GAS  /var/folders/bg/n1lwdyp56391g865_v8nrmhm0000gn/T//cco67cVU.s 			page 2


  32:Middlewares/Third_Party/LwIP/src/netif/bridgeif_fdb.c ****  * This file is part of the lwIP TCP/IP stack.
  33:Middlewares/Third_Party/LwIP/src/netif/bridgeif_fdb.c ****  *
  34:Middlewares/Third_Party/LwIP/src/netif/bridgeif_fdb.c ****  * Author: Simon Goldschmidt <goldsimon@gmx.de>
  35:Middlewares/Third_Party/LwIP/src/netif/bridgeif_fdb.c ****  *
  36:Middlewares/Third_Party/LwIP/src/netif/bridgeif_fdb.c ****  */
  37:Middlewares/Third_Party/LwIP/src/netif/bridgeif_fdb.c **** 
  38:Middlewares/Third_Party/LwIP/src/netif/bridgeif_fdb.c **** /**
  39:Middlewares/Third_Party/LwIP/src/netif/bridgeif_fdb.c ****  * @defgroup bridgeif_fdb FDB example code
  40:Middlewares/Third_Party/LwIP/src/netif/bridgeif_fdb.c ****  * @ingroup bridgeif
  41:Middlewares/Third_Party/LwIP/src/netif/bridgeif_fdb.c ****  * This file implements an example for an FDB (Forwarding DataBase)
  42:Middlewares/Third_Party/LwIP/src/netif/bridgeif_fdb.c ****  */
  43:Middlewares/Third_Party/LwIP/src/netif/bridgeif_fdb.c **** 
  44:Middlewares/Third_Party/LwIP/src/netif/bridgeif_fdb.c **** #include "netif/bridgeif.h"
  45:Middlewares/Third_Party/LwIP/src/netif/bridgeif_fdb.c **** #include "lwip/sys.h"
  46:Middlewares/Third_Party/LwIP/src/netif/bridgeif_fdb.c **** #include "lwip/mem.h"
  47:Middlewares/Third_Party/LwIP/src/netif/bridgeif_fdb.c **** #include "lwip/timeouts.h"
  48:Middlewares/Third_Party/LwIP/src/netif/bridgeif_fdb.c **** #include <string.h>
  49:Middlewares/Third_Party/LwIP/src/netif/bridgeif_fdb.c **** 
  50:Middlewares/Third_Party/LwIP/src/netif/bridgeif_fdb.c **** #define BRIDGEIF_AGE_TIMER_MS 1000
  51:Middlewares/Third_Party/LwIP/src/netif/bridgeif_fdb.c **** 
  52:Middlewares/Third_Party/LwIP/src/netif/bridgeif_fdb.c **** #define BR_FDB_TIMEOUT_SEC  (60*5) /* 5 minutes FDB timeout */
  53:Middlewares/Third_Party/LwIP/src/netif/bridgeif_fdb.c **** 
  54:Middlewares/Third_Party/LwIP/src/netif/bridgeif_fdb.c **** typedef struct bridgeif_dfdb_entry_s {
  55:Middlewares/Third_Party/LwIP/src/netif/bridgeif_fdb.c ****   u8_t used;
  56:Middlewares/Third_Party/LwIP/src/netif/bridgeif_fdb.c ****   u8_t port;
  57:Middlewares/Third_Party/LwIP/src/netif/bridgeif_fdb.c ****   u32_t ts;
  58:Middlewares/Third_Party/LwIP/src/netif/bridgeif_fdb.c ****   struct eth_addr addr;
  59:Middlewares/Third_Party/LwIP/src/netif/bridgeif_fdb.c **** } bridgeif_dfdb_entry_t;
  60:Middlewares/Third_Party/LwIP/src/netif/bridgeif_fdb.c **** 
  61:Middlewares/Third_Party/LwIP/src/netif/bridgeif_fdb.c **** typedef struct bridgeif_dfdb_s {
  62:Middlewares/Third_Party/LwIP/src/netif/bridgeif_fdb.c ****   u16_t max_fdb_entries;
  63:Middlewares/Third_Party/LwIP/src/netif/bridgeif_fdb.c ****   bridgeif_dfdb_entry_t *fdb;
  64:Middlewares/Third_Party/LwIP/src/netif/bridgeif_fdb.c **** } bridgeif_dfdb_t;
  65:Middlewares/Third_Party/LwIP/src/netif/bridgeif_fdb.c **** 
  66:Middlewares/Third_Party/LwIP/src/netif/bridgeif_fdb.c **** /**
  67:Middlewares/Third_Party/LwIP/src/netif/bridgeif_fdb.c ****  * @ingroup bridgeif_fdb
  68:Middlewares/Third_Party/LwIP/src/netif/bridgeif_fdb.c ****  * A real simple and slow implementation of an auto-learning forwarding database that
  69:Middlewares/Third_Party/LwIP/src/netif/bridgeif_fdb.c ****  * remembers known src mac addresses to know which port to send frames destined for that
  70:Middlewares/Third_Party/LwIP/src/netif/bridgeif_fdb.c ****  * mac address.
  71:Middlewares/Third_Party/LwIP/src/netif/bridgeif_fdb.c ****  *
  72:Middlewares/Third_Party/LwIP/src/netif/bridgeif_fdb.c ****  * ATTENTION: This is meant as an example only, in real-world use, you should 
  73:Middlewares/Third_Party/LwIP/src/netif/bridgeif_fdb.c ****  * provide a better implementation :-)
  74:Middlewares/Third_Party/LwIP/src/netif/bridgeif_fdb.c ****  */
  75:Middlewares/Third_Party/LwIP/src/netif/bridgeif_fdb.c **** void
  76:Middlewares/Third_Party/LwIP/src/netif/bridgeif_fdb.c **** bridgeif_fdb_update_src(void *fdb_ptr, struct eth_addr *src_addr, u8_t port_idx)
  77:Middlewares/Third_Party/LwIP/src/netif/bridgeif_fdb.c **** {
  78:Middlewares/Third_Party/LwIP/src/netif/bridgeif_fdb.c ****   int i;
  79:Middlewares/Third_Party/LwIP/src/netif/bridgeif_fdb.c ****   bridgeif_dfdb_t *fdb = (bridgeif_dfdb_t *)fdb_ptr;
  80:Middlewares/Third_Party/LwIP/src/netif/bridgeif_fdb.c ****   BRIDGEIF_DECL_PROTECT(lev);
  81:Middlewares/Third_Party/LwIP/src/netif/bridgeif_fdb.c ****   BRIDGEIF_READ_PROTECT(lev);
  82:Middlewares/Third_Party/LwIP/src/netif/bridgeif_fdb.c ****   for (i = 0; i < fdb->max_fdb_entries; i++) {
  83:Middlewares/Third_Party/LwIP/src/netif/bridgeif_fdb.c ****     bridgeif_dfdb_entry_t *e = &fdb->fdb[i];
  84:Middlewares/Third_Party/LwIP/src/netif/bridgeif_fdb.c ****     if (e->used && e->ts) {
  85:Middlewares/Third_Party/LwIP/src/netif/bridgeif_fdb.c ****       if (!memcmp(&e->addr, src_addr, sizeof(struct eth_addr))) {
  86:Middlewares/Third_Party/LwIP/src/netif/bridgeif_fdb.c ****         LWIP_DEBUGF(BRIDGEIF_FDB_DEBUG, ("br: update src %02x:%02x:%02x:%02x:%02x:%02x (from %d) @ 
  87:Middlewares/Third_Party/LwIP/src/netif/bridgeif_fdb.c ****                                          src_addr->addr[0], src_addr->addr[1], src_addr->addr[2], s
  88:Middlewares/Third_Party/LwIP/src/netif/bridgeif_fdb.c ****                                          port_idx, i));
ARM GAS  /var/folders/bg/n1lwdyp56391g865_v8nrmhm0000gn/T//cco67cVU.s 			page 3


  89:Middlewares/Third_Party/LwIP/src/netif/bridgeif_fdb.c ****         BRIDGEIF_WRITE_PROTECT(lev);
  90:Middlewares/Third_Party/LwIP/src/netif/bridgeif_fdb.c ****         e->ts = BR_FDB_TIMEOUT_SEC;
  91:Middlewares/Third_Party/LwIP/src/netif/bridgeif_fdb.c ****         e->port = port_idx;
  92:Middlewares/Third_Party/LwIP/src/netif/bridgeif_fdb.c ****         BRIDGEIF_WRITE_UNPROTECT(lev);
  93:Middlewares/Third_Party/LwIP/src/netif/bridgeif_fdb.c ****         BRIDGEIF_READ_UNPROTECT(lev);
  94:Middlewares/Third_Party/LwIP/src/netif/bridgeif_fdb.c ****         return;
  95:Middlewares/Third_Party/LwIP/src/netif/bridgeif_fdb.c ****       }
  96:Middlewares/Third_Party/LwIP/src/netif/bridgeif_fdb.c ****     }
  97:Middlewares/Third_Party/LwIP/src/netif/bridgeif_fdb.c ****   }
  98:Middlewares/Third_Party/LwIP/src/netif/bridgeif_fdb.c ****   /* not found, allocate new entry from free */
  99:Middlewares/Third_Party/LwIP/src/netif/bridgeif_fdb.c ****   for (i = 0; i < fdb->max_fdb_entries; i++) {
 100:Middlewares/Third_Party/LwIP/src/netif/bridgeif_fdb.c ****     bridgeif_dfdb_entry_t *e = &fdb->fdb[i];
 101:Middlewares/Third_Party/LwIP/src/netif/bridgeif_fdb.c ****     if (!e->used || !e->ts) {
 102:Middlewares/Third_Party/LwIP/src/netif/bridgeif_fdb.c ****       BRIDGEIF_WRITE_PROTECT(lev);
 103:Middlewares/Third_Party/LwIP/src/netif/bridgeif_fdb.c ****       /* check again when protected */
 104:Middlewares/Third_Party/LwIP/src/netif/bridgeif_fdb.c ****       if (!e->used || !e->ts) {
 105:Middlewares/Third_Party/LwIP/src/netif/bridgeif_fdb.c ****         LWIP_DEBUGF(BRIDGEIF_FDB_DEBUG, ("br: create src %02x:%02x:%02x:%02x:%02x:%02x (from %d) @ 
 106:Middlewares/Third_Party/LwIP/src/netif/bridgeif_fdb.c ****                                          src_addr->addr[0], src_addr->addr[1], src_addr->addr[2], s
 107:Middlewares/Third_Party/LwIP/src/netif/bridgeif_fdb.c ****                                          port_idx, i));
 108:Middlewares/Third_Party/LwIP/src/netif/bridgeif_fdb.c ****         memcpy(&e->addr, src_addr, sizeof(struct eth_addr));
 109:Middlewares/Third_Party/LwIP/src/netif/bridgeif_fdb.c ****         e->ts = BR_FDB_TIMEOUT_SEC;
 110:Middlewares/Third_Party/LwIP/src/netif/bridgeif_fdb.c ****         e->port = port_idx;
 111:Middlewares/Third_Party/LwIP/src/netif/bridgeif_fdb.c ****         e->used = 1;
 112:Middlewares/Third_Party/LwIP/src/netif/bridgeif_fdb.c ****         BRIDGEIF_WRITE_UNPROTECT(lev);
 113:Middlewares/Third_Party/LwIP/src/netif/bridgeif_fdb.c ****         BRIDGEIF_READ_UNPROTECT(lev);
 114:Middlewares/Third_Party/LwIP/src/netif/bridgeif_fdb.c ****         return;
 115:Middlewares/Third_Party/LwIP/src/netif/bridgeif_fdb.c ****       }
 116:Middlewares/Third_Party/LwIP/src/netif/bridgeif_fdb.c ****       BRIDGEIF_WRITE_UNPROTECT(lev);
 117:Middlewares/Third_Party/LwIP/src/netif/bridgeif_fdb.c ****     }
 118:Middlewares/Third_Party/LwIP/src/netif/bridgeif_fdb.c ****   }
 119:Middlewares/Third_Party/LwIP/src/netif/bridgeif_fdb.c ****   BRIDGEIF_READ_UNPROTECT(lev);
 120:Middlewares/Third_Party/LwIP/src/netif/bridgeif_fdb.c ****   /* not found, no free entry -> flood */
 121:Middlewares/Third_Party/LwIP/src/netif/bridgeif_fdb.c **** }
 122:Middlewares/Third_Party/LwIP/src/netif/bridgeif_fdb.c **** 
 123:Middlewares/Third_Party/LwIP/src/netif/bridgeif_fdb.c **** /** 
 124:Middlewares/Third_Party/LwIP/src/netif/bridgeif_fdb.c ****  * @ingroup bridgeif_fdb
 125:Middlewares/Third_Party/LwIP/src/netif/bridgeif_fdb.c ****  * Walk our list of auto-learnt fdb entries and return a port to forward or BR_FLOOD if unknown 
 126:Middlewares/Third_Party/LwIP/src/netif/bridgeif_fdb.c ****  */
 127:Middlewares/Third_Party/LwIP/src/netif/bridgeif_fdb.c **** bridgeif_portmask_t
 128:Middlewares/Third_Party/LwIP/src/netif/bridgeif_fdb.c **** bridgeif_fdb_get_dst_ports(void *fdb_ptr, struct eth_addr *dst_addr)
 129:Middlewares/Third_Party/LwIP/src/netif/bridgeif_fdb.c **** {
 130:Middlewares/Third_Party/LwIP/src/netif/bridgeif_fdb.c ****   int i;
 131:Middlewares/Third_Party/LwIP/src/netif/bridgeif_fdb.c ****   bridgeif_dfdb_t *fdb = (bridgeif_dfdb_t *)fdb_ptr;
 132:Middlewares/Third_Party/LwIP/src/netif/bridgeif_fdb.c ****   BRIDGEIF_DECL_PROTECT(lev);
 133:Middlewares/Third_Party/LwIP/src/netif/bridgeif_fdb.c ****   BRIDGEIF_READ_PROTECT(lev);
 134:Middlewares/Third_Party/LwIP/src/netif/bridgeif_fdb.c ****   for (i = 0; i < fdb->max_fdb_entries; i++) {
 135:Middlewares/Third_Party/LwIP/src/netif/bridgeif_fdb.c ****     bridgeif_dfdb_entry_t *e = &fdb->fdb[i];
 136:Middlewares/Third_Party/LwIP/src/netif/bridgeif_fdb.c ****     if (e->used && e->ts) {
 137:Middlewares/Third_Party/LwIP/src/netif/bridgeif_fdb.c ****       if (!memcmp(&e->addr, dst_addr, sizeof(struct eth_addr))) {
 138:Middlewares/Third_Party/LwIP/src/netif/bridgeif_fdb.c ****         bridgeif_portmask_t ret = (bridgeif_portmask_t)(1 << e->port);
 139:Middlewares/Third_Party/LwIP/src/netif/bridgeif_fdb.c ****         BRIDGEIF_READ_UNPROTECT(lev);
 140:Middlewares/Third_Party/LwIP/src/netif/bridgeif_fdb.c ****         return ret;
 141:Middlewares/Third_Party/LwIP/src/netif/bridgeif_fdb.c ****       }
 142:Middlewares/Third_Party/LwIP/src/netif/bridgeif_fdb.c ****     }
 143:Middlewares/Third_Party/LwIP/src/netif/bridgeif_fdb.c ****   }
 144:Middlewares/Third_Party/LwIP/src/netif/bridgeif_fdb.c ****   BRIDGEIF_READ_UNPROTECT(lev);
 145:Middlewares/Third_Party/LwIP/src/netif/bridgeif_fdb.c ****   return BR_FLOOD;
ARM GAS  /var/folders/bg/n1lwdyp56391g865_v8nrmhm0000gn/T//cco67cVU.s 			page 4


 146:Middlewares/Third_Party/LwIP/src/netif/bridgeif_fdb.c **** }
 147:Middlewares/Third_Party/LwIP/src/netif/bridgeif_fdb.c **** 
 148:Middlewares/Third_Party/LwIP/src/netif/bridgeif_fdb.c **** /**
 149:Middlewares/Third_Party/LwIP/src/netif/bridgeif_fdb.c ****  * @ingroup bridgeif_fdb
 150:Middlewares/Third_Party/LwIP/src/netif/bridgeif_fdb.c ****  * Aging implementation of our simple fdb
 151:Middlewares/Third_Party/LwIP/src/netif/bridgeif_fdb.c ****  */
 152:Middlewares/Third_Party/LwIP/src/netif/bridgeif_fdb.c **** static void
 153:Middlewares/Third_Party/LwIP/src/netif/bridgeif_fdb.c **** bridgeif_fdb_age_one_second(void *fdb_ptr)
 154:Middlewares/Third_Party/LwIP/src/netif/bridgeif_fdb.c **** {
  28              		.loc 1 154 1 view -0
  29              		.cfi_startproc
  30              		@ args = 0, pretend = 0, frame = 0
  31              		@ frame_needed = 0, uses_anonymous_args = 0
  32              		@ link register save eliminated.
 155:Middlewares/Third_Party/LwIP/src/netif/bridgeif_fdb.c ****   int i;
  33              		.loc 1 155 3 view .LVU1
 156:Middlewares/Third_Party/LwIP/src/netif/bridgeif_fdb.c ****   bridgeif_dfdb_t *fdb;
  34              		.loc 1 156 3 view .LVU2
 157:Middlewares/Third_Party/LwIP/src/netif/bridgeif_fdb.c ****   BRIDGEIF_DECL_PROTECT(lev);
  35              		.loc 1 157 29 view .LVU3
 158:Middlewares/Third_Party/LwIP/src/netif/bridgeif_fdb.c **** 
 159:Middlewares/Third_Party/LwIP/src/netif/bridgeif_fdb.c ****   fdb = (bridgeif_dfdb_t *)fdb_ptr;
  36              		.loc 1 159 3 view .LVU4
 160:Middlewares/Third_Party/LwIP/src/netif/bridgeif_fdb.c ****   BRIDGEIF_READ_PROTECT(lev);
  37              		.loc 1 160 29 view .LVU5
 161:Middlewares/Third_Party/LwIP/src/netif/bridgeif_fdb.c **** 
 162:Middlewares/Third_Party/LwIP/src/netif/bridgeif_fdb.c ****   for (i = 0; i < fdb->max_fdb_entries; i++) {
  38              		.loc 1 162 3 view .LVU6
  39              		.loc 1 162 10 is_stmt 0 view .LVU7
  40 0000 0023     		movs	r3, #0
  41              	.LVL1:
  42              		.loc 1 162 15 is_stmt 1 view .LVU8
  43              		.loc 1 162 22 is_stmt 0 view .LVU9
  44 0002 0288     		ldrh	r2, [r0]
  45              		.loc 1 162 3 view .LVU10
  46 0004 9A42     		cmp	r2, r3
  47 0006 1ADD     		ble	.L8
 154:Middlewares/Third_Party/LwIP/src/netif/bridgeif_fdb.c ****   int i;
  48              		.loc 1 154 1 view .LVU11
  49 0008 10B4     		push	{r4}
  50              	.LCFI0:
  51              		.cfi_def_cfa_offset 4
  52              		.cfi_offset 4, -4
  53 000a 03E0     		b	.L4
  54              	.LVL2:
  55              	.L3:
  56              	.LBB2:
 163:Middlewares/Third_Party/LwIP/src/netif/bridgeif_fdb.c ****     bridgeif_dfdb_entry_t *e = &fdb->fdb[i];
 164:Middlewares/Third_Party/LwIP/src/netif/bridgeif_fdb.c ****     if (e->used && e->ts) {
 165:Middlewares/Third_Party/LwIP/src/netif/bridgeif_fdb.c ****       BRIDGEIF_WRITE_PROTECT(lev);
 166:Middlewares/Third_Party/LwIP/src/netif/bridgeif_fdb.c ****       /* check again when protected */
 167:Middlewares/Third_Party/LwIP/src/netif/bridgeif_fdb.c ****       if (e->used && e->ts) {
 168:Middlewares/Third_Party/LwIP/src/netif/bridgeif_fdb.c ****         if (--e->ts == 0) {
 169:Middlewares/Third_Party/LwIP/src/netif/bridgeif_fdb.c ****           e->used = 0;
 170:Middlewares/Third_Party/LwIP/src/netif/bridgeif_fdb.c ****         }
 171:Middlewares/Third_Party/LwIP/src/netif/bridgeif_fdb.c ****       }
 172:Middlewares/Third_Party/LwIP/src/netif/bridgeif_fdb.c ****       BRIDGEIF_WRITE_UNPROTECT(lev);
ARM GAS  /var/folders/bg/n1lwdyp56391g865_v8nrmhm0000gn/T//cco67cVU.s 			page 5


  57              		.loc 1 172 36 is_stmt 1 discriminator 2 view .LVU12
  58              	.LBE2:
 162:Middlewares/Third_Party/LwIP/src/netif/bridgeif_fdb.c ****     bridgeif_dfdb_entry_t *e = &fdb->fdb[i];
  59              		.loc 1 162 41 discriminator 2 view .LVU13
 162:Middlewares/Third_Party/LwIP/src/netif/bridgeif_fdb.c ****     bridgeif_dfdb_entry_t *e = &fdb->fdb[i];
  60              		.loc 1 162 42 is_stmt 0 discriminator 2 view .LVU14
  61 000c 0133     		adds	r3, r3, #1
  62              	.LVL3:
 162:Middlewares/Third_Party/LwIP/src/netif/bridgeif_fdb.c ****     bridgeif_dfdb_entry_t *e = &fdb->fdb[i];
  63              		.loc 1 162 15 is_stmt 1 discriminator 2 view .LVU15
 162:Middlewares/Third_Party/LwIP/src/netif/bridgeif_fdb.c ****     bridgeif_dfdb_entry_t *e = &fdb->fdb[i];
  64              		.loc 1 162 22 is_stmt 0 discriminator 2 view .LVU16
  65 000e 0288     		ldrh	r2, [r0]
 162:Middlewares/Third_Party/LwIP/src/netif/bridgeif_fdb.c ****     bridgeif_dfdb_entry_t *e = &fdb->fdb[i];
  66              		.loc 1 162 3 discriminator 2 view .LVU17
  67 0010 9A42     		cmp	r2, r3
  68 0012 11DD     		ble	.L9
  69              	.LVL4:
  70              	.L4:
  71              	.LBB3:
 163:Middlewares/Third_Party/LwIP/src/netif/bridgeif_fdb.c ****     bridgeif_dfdb_entry_t *e = &fdb->fdb[i];
  72              		.loc 1 163 5 is_stmt 1 view .LVU18
 163:Middlewares/Third_Party/LwIP/src/netif/bridgeif_fdb.c ****     bridgeif_dfdb_entry_t *e = &fdb->fdb[i];
  73              		.loc 1 163 36 is_stmt 0 view .LVU19
  74 0014 4268     		ldr	r2, [r0, #4]
 163:Middlewares/Third_Party/LwIP/src/netif/bridgeif_fdb.c ****     bridgeif_dfdb_entry_t *e = &fdb->fdb[i];
  75              		.loc 1 163 41 view .LVU20
  76 0016 1901     		lsls	r1, r3, #4
 163:Middlewares/Third_Party/LwIP/src/netif/bridgeif_fdb.c ****     bridgeif_dfdb_entry_t *e = &fdb->fdb[i];
  77              		.loc 1 163 28 view .LVU21
  78 0018 02EB031C 		add	ip, r2, r3, lsl #4
  79              	.LVL5:
 164:Middlewares/Third_Party/LwIP/src/netif/bridgeif_fdb.c ****       BRIDGEIF_WRITE_PROTECT(lev);
  80              		.loc 1 164 5 is_stmt 1 view .LVU22
 164:Middlewares/Third_Party/LwIP/src/netif/bridgeif_fdb.c ****       BRIDGEIF_WRITE_PROTECT(lev);
  81              		.loc 1 164 10 is_stmt 0 view .LVU23
  82 001c 545C     		ldrb	r4, [r2, r1]	@ zero_extendqisi2
 164:Middlewares/Third_Party/LwIP/src/netif/bridgeif_fdb.c ****       BRIDGEIF_WRITE_PROTECT(lev);
  83              		.loc 1 164 8 view .LVU24
  84 001e 002C     		cmp	r4, #0
  85 0020 F4D0     		beq	.L3
 164:Middlewares/Third_Party/LwIP/src/netif/bridgeif_fdb.c ****       BRIDGEIF_WRITE_PROTECT(lev);
  86              		.loc 1 164 21 discriminator 1 view .LVU25
  87 0022 DCF80440 		ldr	r4, [ip, #4]
 164:Middlewares/Third_Party/LwIP/src/netif/bridgeif_fdb.c ****       BRIDGEIF_WRITE_PROTECT(lev);
  88              		.loc 1 164 17 discriminator 1 view .LVU26
  89 0026 002C     		cmp	r4, #0
  90 0028 F0D0     		beq	.L3
 165:Middlewares/Third_Party/LwIP/src/netif/bridgeif_fdb.c ****       /* check again when protected */
  91              		.loc 1 165 34 is_stmt 1 view .LVU27
 167:Middlewares/Third_Party/LwIP/src/netif/bridgeif_fdb.c ****         if (--e->ts == 0) {
  92              		.loc 1 167 7 view .LVU28
 168:Middlewares/Third_Party/LwIP/src/netif/bridgeif_fdb.c ****           e->used = 0;
  93              		.loc 1 168 9 view .LVU29
 168:Middlewares/Third_Party/LwIP/src/netif/bridgeif_fdb.c ****           e->used = 0;
  94              		.loc 1 168 13 is_stmt 0 view .LVU30
  95 002a 013C     		subs	r4, r4, #1
ARM GAS  /var/folders/bg/n1lwdyp56391g865_v8nrmhm0000gn/T//cco67cVU.s 			page 6


 168:Middlewares/Third_Party/LwIP/src/netif/bridgeif_fdb.c ****           e->used = 0;
  96              		.loc 1 168 12 view .LVU31
  97 002c CCF80440 		str	r4, [ip, #4]
  98 0030 002C     		cmp	r4, #0
  99 0032 EBD1     		bne	.L3
 169:Middlewares/Third_Party/LwIP/src/netif/bridgeif_fdb.c ****         }
 100              		.loc 1 169 11 is_stmt 1 view .LVU32
 169:Middlewares/Third_Party/LwIP/src/netif/bridgeif_fdb.c ****         }
 101              		.loc 1 169 19 is_stmt 0 view .LVU33
 102 0034 5454     		strb	r4, [r2, r1]
 103 0036 E9E7     		b	.L3
 104              	.L9:
 169:Middlewares/Third_Party/LwIP/src/netif/bridgeif_fdb.c ****         }
 105              		.loc 1 169 19 view .LVU34
 106              	.LBE3:
 173:Middlewares/Third_Party/LwIP/src/netif/bridgeif_fdb.c ****     }
 174:Middlewares/Third_Party/LwIP/src/netif/bridgeif_fdb.c ****   }
 175:Middlewares/Third_Party/LwIP/src/netif/bridgeif_fdb.c ****   BRIDGEIF_READ_UNPROTECT(lev);
 176:Middlewares/Third_Party/LwIP/src/netif/bridgeif_fdb.c **** }
 107              		.loc 1 176 1 view .LVU35
 108 0038 5DF8044B 		ldr	r4, [sp], #4
 109              	.LCFI1:
 110              		.cfi_restore 4
 111              		.cfi_def_cfa_offset 0
 112 003c 7047     		bx	lr
 113              	.LVL6:
 114              	.L8:
 115              		.loc 1 176 1 view .LVU36
 116 003e 7047     		bx	lr
 117              		.cfi_endproc
 118              	.LFE169:
 120              		.section	.rodata.bridgeif_age_tmr.str1.4,"aMS",%progbits,1
 121              		.align	2
 122              	.LC0:
 123 0000 4D696464 		.ascii	"Middlewares/Third_Party/LwIP/src/netif/bridgeif_fdb"
 123      6C657761 
 123      7265732F 
 123      54686972 
 123      645F5061 
 124 0033 2E6300   		.ascii	".c\000"
 125 0036 0000     		.align	2
 126              	.LC1:
 127 0038 696E7661 		.ascii	"invalid arg\000"
 127      6C696420 
 127      61726700 
 128              		.align	2
 129              	.LC2:
 130 0044 41737365 		.ascii	"Assertion \"%s\" failed at line %d in %s\012\000"
 130      7274696F 
 130      6E202225 
 130      73222066 
 130      61696C65 
 131              		.section	.text.bridgeif_age_tmr,"ax",%progbits
 132              		.align	1
 133              		.syntax unified
 134              		.thumb
 135              		.thumb_func
ARM GAS  /var/folders/bg/n1lwdyp56391g865_v8nrmhm0000gn/T//cco67cVU.s 			page 7


 136              		.fpu fpv5-d16
 138              	bridgeif_age_tmr:
 139              	.LVL7:
 140              	.LFB170:
 177:Middlewares/Third_Party/LwIP/src/netif/bridgeif_fdb.c **** 
 178:Middlewares/Third_Party/LwIP/src/netif/bridgeif_fdb.c **** /** Timer callback for fdb aging, called once per second */
 179:Middlewares/Third_Party/LwIP/src/netif/bridgeif_fdb.c **** static void
 180:Middlewares/Third_Party/LwIP/src/netif/bridgeif_fdb.c **** bridgeif_age_tmr(void *arg)
 181:Middlewares/Third_Party/LwIP/src/netif/bridgeif_fdb.c **** {
 141              		.loc 1 181 1 is_stmt 1 view -0
 142              		.cfi_startproc
 143              		@ args = 0, pretend = 0, frame = 0
 144              		@ frame_needed = 0, uses_anonymous_args = 0
 145              		.loc 1 181 1 is_stmt 0 view .LVU38
 146 0000 10B5     		push	{r4, lr}
 147              	.LCFI2:
 148              		.cfi_def_cfa_offset 8
 149              		.cfi_offset 4, -8
 150              		.cfi_offset 14, -4
 182:Middlewares/Third_Party/LwIP/src/netif/bridgeif_fdb.c ****   bridgeif_dfdb_t *fdb = (bridgeif_dfdb_t *)arg;
 151              		.loc 1 182 3 is_stmt 1 view .LVU39
 152              	.LVL8:
 183:Middlewares/Third_Party/LwIP/src/netif/bridgeif_fdb.c **** 
 184:Middlewares/Third_Party/LwIP/src/netif/bridgeif_fdb.c ****   LWIP_ASSERT("invalid arg", arg != NULL);
 153              		.loc 1 184 3 view .LVU40
 154              		.loc 1 184 3 view .LVU41
 155 0002 0446     		mov	r4, r0
 156 0004 48B1     		cbz	r0, .L13
 157              	.LVL9:
 158              	.L11:
 159              		.loc 1 184 3 discriminator 3 view .LVU42
 160              		.loc 1 184 3 discriminator 3 view .LVU43
 185:Middlewares/Third_Party/LwIP/src/netif/bridgeif_fdb.c **** 
 186:Middlewares/Third_Party/LwIP/src/netif/bridgeif_fdb.c ****   bridgeif_fdb_age_one_second(fdb);
 161              		.loc 1 186 3 discriminator 3 view .LVU44
 162 0006 2046     		mov	r0, r4
 163 0008 FFF7FEFF 		bl	bridgeif_fdb_age_one_second
 164              	.LVL10:
 187:Middlewares/Third_Party/LwIP/src/netif/bridgeif_fdb.c ****   sys_timeout(BRIDGEIF_AGE_TIMER_MS, bridgeif_age_tmr, arg);
 165              		.loc 1 187 3 discriminator 3 view .LVU45
 166 000c 2246     		mov	r2, r4
 167 000e 0649     		ldr	r1, .L14
 168 0010 4FF47A70 		mov	r0, #1000
 169 0014 FFF7FEFF 		bl	sys_timeout
 170              	.LVL11:
 188:Middlewares/Third_Party/LwIP/src/netif/bridgeif_fdb.c **** }
 171              		.loc 1 188 1 is_stmt 0 discriminator 3 view .LVU46
 172 0018 10BD     		pop	{r4, pc}
 173              	.LVL12:
 174              	.L13:
 184:Middlewares/Third_Party/LwIP/src/netif/bridgeif_fdb.c **** 
 175              		.loc 1 184 3 is_stmt 1 discriminator 1 view .LVU47
 184:Middlewares/Third_Party/LwIP/src/netif/bridgeif_fdb.c **** 
 176              		.loc 1 184 3 discriminator 1 view .LVU48
 177 001a 044B     		ldr	r3, .L14+4
 178 001c B822     		movs	r2, #184
 179 001e 0449     		ldr	r1, .L14+8
ARM GAS  /var/folders/bg/n1lwdyp56391g865_v8nrmhm0000gn/T//cco67cVU.s 			page 8


 180 0020 0448     		ldr	r0, .L14+12
 181              	.LVL13:
 184:Middlewares/Third_Party/LwIP/src/netif/bridgeif_fdb.c **** 
 182              		.loc 1 184 3 is_stmt 0 discriminator 1 view .LVU49
 183 0022 FFF7FEFF 		bl	printf
 184              	.LVL14:
 185 0026 EEE7     		b	.L11
 186              	.L15:
 187              		.align	2
 188              	.L14:
 189 0028 00000000 		.word	bridgeif_age_tmr
 190 002c 00000000 		.word	.LC0
 191 0030 38000000 		.word	.LC1
 192 0034 44000000 		.word	.LC2
 193              		.cfi_endproc
 194              	.LFE170:
 196              		.section	.text.bridgeif_fdb_update_src,"ax",%progbits
 197              		.align	1
 198              		.global	bridgeif_fdb_update_src
 199              		.syntax unified
 200              		.thumb
 201              		.thumb_func
 202              		.fpu fpv5-d16
 204              	bridgeif_fdb_update_src:
 205              	.LVL15:
 206              	.LFB167:
  77:Middlewares/Third_Party/LwIP/src/netif/bridgeif_fdb.c ****   int i;
 207              		.loc 1 77 1 is_stmt 1 view -0
 208              		.cfi_startproc
 209              		@ args = 0, pretend = 0, frame = 0
 210              		@ frame_needed = 0, uses_anonymous_args = 0
  77:Middlewares/Third_Party/LwIP/src/netif/bridgeif_fdb.c ****   int i;
 211              		.loc 1 77 1 is_stmt 0 view .LVU51
 212 0000 2DE9F843 		push	{r3, r4, r5, r6, r7, r8, r9, lr}
 213              	.LCFI3:
 214              		.cfi_def_cfa_offset 32
 215              		.cfi_offset 3, -32
 216              		.cfi_offset 4, -28
 217              		.cfi_offset 5, -24
 218              		.cfi_offset 6, -20
 219              		.cfi_offset 7, -16
 220              		.cfi_offset 8, -12
 221              		.cfi_offset 9, -8
 222              		.cfi_offset 14, -4
 223 0004 0646     		mov	r6, r0
 224 0006 0F46     		mov	r7, r1
 225 0008 9046     		mov	r8, r2
  78:Middlewares/Third_Party/LwIP/src/netif/bridgeif_fdb.c ****   bridgeif_dfdb_t *fdb = (bridgeif_dfdb_t *)fdb_ptr;
 226              		.loc 1 78 3 is_stmt 1 view .LVU52
  79:Middlewares/Third_Party/LwIP/src/netif/bridgeif_fdb.c ****   BRIDGEIF_DECL_PROTECT(lev);
 227              		.loc 1 79 3 view .LVU53
 228              	.LVL16:
  80:Middlewares/Third_Party/LwIP/src/netif/bridgeif_fdb.c ****   BRIDGEIF_READ_PROTECT(lev);
 229              		.loc 1 80 29 view .LVU54
  81:Middlewares/Third_Party/LwIP/src/netif/bridgeif_fdb.c ****   for (i = 0; i < fdb->max_fdb_entries; i++) {
 230              		.loc 1 81 29 view .LVU55
  82:Middlewares/Third_Party/LwIP/src/netif/bridgeif_fdb.c ****     bridgeif_dfdb_entry_t *e = &fdb->fdb[i];
ARM GAS  /var/folders/bg/n1lwdyp56391g865_v8nrmhm0000gn/T//cco67cVU.s 			page 9


 231              		.loc 1 82 3 view .LVU56
  82:Middlewares/Third_Party/LwIP/src/netif/bridgeif_fdb.c ****     bridgeif_dfdb_entry_t *e = &fdb->fdb[i];
 232              		.loc 1 82 10 is_stmt 0 view .LVU57
 233 000a 0024     		movs	r4, #0
  82:Middlewares/Third_Party/LwIP/src/netif/bridgeif_fdb.c ****     bridgeif_dfdb_entry_t *e = &fdb->fdb[i];
 234              		.loc 1 82 3 view .LVU58
 235 000c 00E0     		b	.L17
 236              	.LVL17:
 237              	.L18:
  82:Middlewares/Third_Party/LwIP/src/netif/bridgeif_fdb.c ****     bridgeif_dfdb_entry_t *e = &fdb->fdb[i];
 238              		.loc 1 82 41 is_stmt 1 discriminator 2 view .LVU59
  82:Middlewares/Third_Party/LwIP/src/netif/bridgeif_fdb.c ****     bridgeif_dfdb_entry_t *e = &fdb->fdb[i];
 239              		.loc 1 82 42 is_stmt 0 discriminator 2 view .LVU60
 240 000e 0134     		adds	r4, r4, #1
 241              	.LVL18:
 242              	.L17:
  82:Middlewares/Third_Party/LwIP/src/netif/bridgeif_fdb.c ****     bridgeif_dfdb_entry_t *e = &fdb->fdb[i];
 243              		.loc 1 82 15 is_stmt 1 discriminator 1 view .LVU61
  82:Middlewares/Third_Party/LwIP/src/netif/bridgeif_fdb.c ****     bridgeif_dfdb_entry_t *e = &fdb->fdb[i];
 244              		.loc 1 82 22 is_stmt 0 discriminator 1 view .LVU62
 245 0010 3288     		ldrh	r2, [r6]
  82:Middlewares/Third_Party/LwIP/src/netif/bridgeif_fdb.c ****     bridgeif_dfdb_entry_t *e = &fdb->fdb[i];
 246              		.loc 1 82 3 discriminator 1 view .LVU63
 247 0012 A242     		cmp	r2, r4
 248 0014 19DD     		ble	.L27
 249              	.LBB4:
  83:Middlewares/Third_Party/LwIP/src/netif/bridgeif_fdb.c ****     if (e->used && e->ts) {
 250              		.loc 1 83 5 is_stmt 1 view .LVU64
  83:Middlewares/Third_Party/LwIP/src/netif/bridgeif_fdb.c ****     if (e->used && e->ts) {
 251              		.loc 1 83 36 is_stmt 0 view .LVU65
 252 0016 7568     		ldr	r5, [r6, #4]
  83:Middlewares/Third_Party/LwIP/src/netif/bridgeif_fdb.c ****     if (e->used && e->ts) {
 253              		.loc 1 83 41 view .LVU66
 254 0018 2301     		lsls	r3, r4, #4
  83:Middlewares/Third_Party/LwIP/src/netif/bridgeif_fdb.c ****     if (e->used && e->ts) {
 255              		.loc 1 83 28 view .LVU67
 256 001a 05EB0419 		add	r9, r5, r4, lsl #4
 257              	.LVL19:
  84:Middlewares/Third_Party/LwIP/src/netif/bridgeif_fdb.c ****       if (!memcmp(&e->addr, src_addr, sizeof(struct eth_addr))) {
 258              		.loc 1 84 5 is_stmt 1 view .LVU68
  84:Middlewares/Third_Party/LwIP/src/netif/bridgeif_fdb.c ****       if (!memcmp(&e->addr, src_addr, sizeof(struct eth_addr))) {
 259              		.loc 1 84 10 is_stmt 0 view .LVU69
 260 001e EB5C     		ldrb	r3, [r5, r3]	@ zero_extendqisi2
  84:Middlewares/Third_Party/LwIP/src/netif/bridgeif_fdb.c ****       if (!memcmp(&e->addr, src_addr, sizeof(struct eth_addr))) {
 261              		.loc 1 84 8 view .LVU70
 262 0020 002B     		cmp	r3, #0
 263 0022 F4D0     		beq	.L18
  84:Middlewares/Third_Party/LwIP/src/netif/bridgeif_fdb.c ****       if (!memcmp(&e->addr, src_addr, sizeof(struct eth_addr))) {
 264              		.loc 1 84 21 discriminator 1 view .LVU71
 265 0024 D9F80430 		ldr	r3, [r9, #4]
  84:Middlewares/Third_Party/LwIP/src/netif/bridgeif_fdb.c ****       if (!memcmp(&e->addr, src_addr, sizeof(struct eth_addr))) {
 266              		.loc 1 84 17 discriminator 1 view .LVU72
 267 0028 002B     		cmp	r3, #0
 268 002a F0D0     		beq	.L18
  85:Middlewares/Third_Party/LwIP/src/netif/bridgeif_fdb.c ****         LWIP_DEBUGF(BRIDGEIF_FDB_DEBUG, ("br: update src %02x:%02x:%02x:%02x:%02x:%02x (from %d) @ 
 269              		.loc 1 85 7 is_stmt 1 view .LVU73
  85:Middlewares/Third_Party/LwIP/src/netif/bridgeif_fdb.c ****         LWIP_DEBUGF(BRIDGEIF_FDB_DEBUG, ("br: update src %02x:%02x:%02x:%02x:%02x:%02x (from %d) @ 
ARM GAS  /var/folders/bg/n1lwdyp56391g865_v8nrmhm0000gn/T//cco67cVU.s 			page 10


 270              		.loc 1 85 12 is_stmt 0 view .LVU74
 271 002c 0622     		movs	r2, #6
 272 002e 3946     		mov	r1, r7
 273 0030 09F10800 		add	r0, r9, #8
 274 0034 FFF7FEFF 		bl	memcmp
 275              	.LVL20:
  85:Middlewares/Third_Party/LwIP/src/netif/bridgeif_fdb.c ****         LWIP_DEBUGF(BRIDGEIF_FDB_DEBUG, ("br: update src %02x:%02x:%02x:%02x:%02x:%02x (from %d) @ 
 276              		.loc 1 85 10 view .LVU75
 277 0038 0028     		cmp	r0, #0
 278 003a E8D1     		bne	.L18
  88:Middlewares/Third_Party/LwIP/src/netif/bridgeif_fdb.c ****         BRIDGEIF_WRITE_PROTECT(lev);
 279              		.loc 1 88 55 is_stmt 1 view .LVU76
  89:Middlewares/Third_Party/LwIP/src/netif/bridgeif_fdb.c ****         e->ts = BR_FDB_TIMEOUT_SEC;
 280              		.loc 1 89 36 view .LVU77
  90:Middlewares/Third_Party/LwIP/src/netif/bridgeif_fdb.c ****         e->port = port_idx;
 281              		.loc 1 90 9 view .LVU78
  90:Middlewares/Third_Party/LwIP/src/netif/bridgeif_fdb.c ****         e->port = port_idx;
 282              		.loc 1 90 15 is_stmt 0 view .LVU79
 283 003c 4FF49673 		mov	r3, #300
 284 0040 C9F80430 		str	r3, [r9, #4]
  91:Middlewares/Third_Party/LwIP/src/netif/bridgeif_fdb.c ****         BRIDGEIF_WRITE_UNPROTECT(lev);
 285              		.loc 1 91 9 is_stmt 1 view .LVU80
  91:Middlewares/Third_Party/LwIP/src/netif/bridgeif_fdb.c ****         BRIDGEIF_WRITE_UNPROTECT(lev);
 286              		.loc 1 91 17 is_stmt 0 view .LVU81
 287 0044 89F80180 		strb	r8, [r9, #1]
  92:Middlewares/Third_Party/LwIP/src/netif/bridgeif_fdb.c ****         BRIDGEIF_READ_UNPROTECT(lev);
 288              		.loc 1 92 38 is_stmt 1 view .LVU82
  93:Middlewares/Third_Party/LwIP/src/netif/bridgeif_fdb.c ****         return;
 289              		.loc 1 93 37 view .LVU83
  94:Middlewares/Third_Party/LwIP/src/netif/bridgeif_fdb.c ****       }
 290              		.loc 1 94 9 view .LVU84
 291 0048 1DE0     		b	.L16
 292              	.LVL21:
 293              	.L27:
  94:Middlewares/Third_Party/LwIP/src/netif/bridgeif_fdb.c ****       }
 294              		.loc 1 94 9 is_stmt 0 view .LVU85
 295              	.LBE4:
  99:Middlewares/Third_Party/LwIP/src/netif/bridgeif_fdb.c ****     bridgeif_dfdb_entry_t *e = &fdb->fdb[i];
 296              		.loc 1 99 10 view .LVU86
 297 004a 0023     		movs	r3, #0
 298 004c 03E0     		b	.L21
 299              	.LVL22:
 300              	.L22:
 301              	.LBB5:
 102:Middlewares/Third_Party/LwIP/src/netif/bridgeif_fdb.c ****       /* check again when protected */
 302              		.loc 1 102 34 is_stmt 1 view .LVU87
 104:Middlewares/Third_Party/LwIP/src/netif/bridgeif_fdb.c ****         LWIP_DEBUGF(BRIDGEIF_FDB_DEBUG, ("br: create src %02x:%02x:%02x:%02x:%02x:%02x (from %d) @ 
 303              		.loc 1 104 7 view .LVU88
 104:Middlewares/Third_Party/LwIP/src/netif/bridgeif_fdb.c ****         LWIP_DEBUGF(BRIDGEIF_FDB_DEBUG, ("br: create src %02x:%02x:%02x:%02x:%02x:%02x (from %d) @ 
 304              		.loc 1 104 10 is_stmt 0 view .LVU89
 305 004e 79B1     		cbz	r1, .L24
 104:Middlewares/Third_Party/LwIP/src/netif/bridgeif_fdb.c ****         LWIP_DEBUGF(BRIDGEIF_FDB_DEBUG, ("br: create src %02x:%02x:%02x:%02x:%02x:%02x (from %d) @ 
 306              		.loc 1 104 25 discriminator 1 view .LVU90
 307 0050 6168     		ldr	r1, [r4, #4]
 104:Middlewares/Third_Party/LwIP/src/netif/bridgeif_fdb.c ****         LWIP_DEBUGF(BRIDGEIF_FDB_DEBUG, ("br: create src %02x:%02x:%02x:%02x:%02x:%02x (from %d) @ 
 308              		.loc 1 104 20 discriminator 1 view .LVU91
 309 0052 69B1     		cbz	r1, .L24
ARM GAS  /var/folders/bg/n1lwdyp56391g865_v8nrmhm0000gn/T//cco67cVU.s 			page 11


 310              	.L23:
 116:Middlewares/Third_Party/LwIP/src/netif/bridgeif_fdb.c ****     }
 311              		.loc 1 116 36 is_stmt 1 discriminator 2 view .LVU92
 312              	.LBE5:
  99:Middlewares/Third_Party/LwIP/src/netif/bridgeif_fdb.c ****     bridgeif_dfdb_entry_t *e = &fdb->fdb[i];
 313              		.loc 1 99 41 discriminator 2 view .LVU93
  99:Middlewares/Third_Party/LwIP/src/netif/bridgeif_fdb.c ****     bridgeif_dfdb_entry_t *e = &fdb->fdb[i];
 314              		.loc 1 99 42 is_stmt 0 discriminator 2 view .LVU94
 315 0054 0133     		adds	r3, r3, #1
 316              	.LVL23:
 317              	.L21:
  99:Middlewares/Third_Party/LwIP/src/netif/bridgeif_fdb.c ****     bridgeif_dfdb_entry_t *e = &fdb->fdb[i];
 318              		.loc 1 99 15 is_stmt 1 discriminator 1 view .LVU95
  99:Middlewares/Third_Party/LwIP/src/netif/bridgeif_fdb.c ****     bridgeif_dfdb_entry_t *e = &fdb->fdb[i];
 319              		.loc 1 99 3 is_stmt 0 discriminator 1 view .LVU96
 320 0056 9A42     		cmp	r2, r3
 321 0058 15DD     		ble	.L16
 322              	.LBB6:
 100:Middlewares/Third_Party/LwIP/src/netif/bridgeif_fdb.c ****     if (!e->used || !e->ts) {
 323              		.loc 1 100 5 is_stmt 1 view .LVU97
 100:Middlewares/Third_Party/LwIP/src/netif/bridgeif_fdb.c ****     if (!e->used || !e->ts) {
 324              		.loc 1 100 36 is_stmt 0 view .LVU98
 325 005a 7068     		ldr	r0, [r6, #4]
 100:Middlewares/Third_Party/LwIP/src/netif/bridgeif_fdb.c ****     if (!e->used || !e->ts) {
 326              		.loc 1 100 41 view .LVU99
 327 005c 1901     		lsls	r1, r3, #4
 100:Middlewares/Third_Party/LwIP/src/netif/bridgeif_fdb.c ****     if (!e->used || !e->ts) {
 328              		.loc 1 100 28 view .LVU100
 329 005e 00EB0314 		add	r4, r0, r3, lsl #4
 330              	.LVL24:
 101:Middlewares/Third_Party/LwIP/src/netif/bridgeif_fdb.c ****       BRIDGEIF_WRITE_PROTECT(lev);
 331              		.loc 1 101 5 is_stmt 1 view .LVU101
 101:Middlewares/Third_Party/LwIP/src/netif/bridgeif_fdb.c ****       BRIDGEIF_WRITE_PROTECT(lev);
 332              		.loc 1 101 11 is_stmt 0 view .LVU102
 333 0062 415C     		ldrb	r1, [r0, r1]	@ zero_extendqisi2
 101:Middlewares/Third_Party/LwIP/src/netif/bridgeif_fdb.c ****       BRIDGEIF_WRITE_PROTECT(lev);
 334              		.loc 1 101 8 view .LVU103
 335 0064 0029     		cmp	r1, #0
 336 0066 F2D0     		beq	.L22
 101:Middlewares/Third_Party/LwIP/src/netif/bridgeif_fdb.c ****       BRIDGEIF_WRITE_PROTECT(lev);
 337              		.loc 1 101 23 discriminator 1 view .LVU104
 338 0068 6068     		ldr	r0, [r4, #4]
 101:Middlewares/Third_Party/LwIP/src/netif/bridgeif_fdb.c ****       BRIDGEIF_WRITE_PROTECT(lev);
 339              		.loc 1 101 18 discriminator 1 view .LVU105
 340 006a 0028     		cmp	r0, #0
 341 006c F2D1     		bne	.L23
 342 006e EEE7     		b	.L22
 343              	.L24:
 107:Middlewares/Third_Party/LwIP/src/netif/bridgeif_fdb.c ****         memcpy(&e->addr, src_addr, sizeof(struct eth_addr));
 344              		.loc 1 107 55 is_stmt 1 view .LVU106
 108:Middlewares/Third_Party/LwIP/src/netif/bridgeif_fdb.c ****         e->ts = BR_FDB_TIMEOUT_SEC;
 345              		.loc 1 108 9 view .LVU107
 346 0070 3B68     		ldr	r3, [r7]	@ unaligned
 347              	.LVL25:
 108:Middlewares/Third_Party/LwIP/src/netif/bridgeif_fdb.c ****         e->ts = BR_FDB_TIMEOUT_SEC;
 348              		.loc 1 108 9 is_stmt 0 view .LVU108
 349 0072 A360     		str	r3, [r4, #8]	@ unaligned
ARM GAS  /var/folders/bg/n1lwdyp56391g865_v8nrmhm0000gn/T//cco67cVU.s 			page 12


 350 0074 BB88     		ldrh	r3, [r7, #4]	@ unaligned
 351 0076 A381     		strh	r3, [r4, #12]	@ unaligned
 109:Middlewares/Third_Party/LwIP/src/netif/bridgeif_fdb.c ****         e->port = port_idx;
 352              		.loc 1 109 9 is_stmt 1 view .LVU109
 109:Middlewares/Third_Party/LwIP/src/netif/bridgeif_fdb.c ****         e->port = port_idx;
 353              		.loc 1 109 15 is_stmt 0 view .LVU110
 354 0078 4FF49673 		mov	r3, #300
 355 007c 6360     		str	r3, [r4, #4]
 110:Middlewares/Third_Party/LwIP/src/netif/bridgeif_fdb.c ****         e->used = 1;
 356              		.loc 1 110 9 is_stmt 1 view .LVU111
 110:Middlewares/Third_Party/LwIP/src/netif/bridgeif_fdb.c ****         e->used = 1;
 357              		.loc 1 110 17 is_stmt 0 view .LVU112
 358 007e 84F80180 		strb	r8, [r4, #1]
 111:Middlewares/Third_Party/LwIP/src/netif/bridgeif_fdb.c ****         BRIDGEIF_WRITE_UNPROTECT(lev);
 359              		.loc 1 111 9 is_stmt 1 view .LVU113
 111:Middlewares/Third_Party/LwIP/src/netif/bridgeif_fdb.c ****         BRIDGEIF_WRITE_UNPROTECT(lev);
 360              		.loc 1 111 17 is_stmt 0 view .LVU114
 361 0082 0123     		movs	r3, #1
 362 0084 2370     		strb	r3, [r4]
 112:Middlewares/Third_Party/LwIP/src/netif/bridgeif_fdb.c ****         BRIDGEIF_READ_UNPROTECT(lev);
 363              		.loc 1 112 38 is_stmt 1 view .LVU115
 113:Middlewares/Third_Party/LwIP/src/netif/bridgeif_fdb.c ****         return;
 364              		.loc 1 113 37 view .LVU116
 114:Middlewares/Third_Party/LwIP/src/netif/bridgeif_fdb.c ****       }
 365              		.loc 1 114 9 view .LVU117
 366              	.LVL26:
 367              	.L16:
 114:Middlewares/Third_Party/LwIP/src/netif/bridgeif_fdb.c ****       }
 368              		.loc 1 114 9 is_stmt 0 view .LVU118
 369              	.LBE6:
 121:Middlewares/Third_Party/LwIP/src/netif/bridgeif_fdb.c **** 
 370              		.loc 1 121 1 view .LVU119
 371 0086 BDE8F883 		pop	{r3, r4, r5, r6, r7, r8, r9, pc}
 121:Middlewares/Third_Party/LwIP/src/netif/bridgeif_fdb.c **** 
 372              		.loc 1 121 1 view .LVU120
 373              		.cfi_endproc
 374              	.LFE167:
 376              		.section	.text.bridgeif_fdb_get_dst_ports,"ax",%progbits
 377              		.align	1
 378              		.global	bridgeif_fdb_get_dst_ports
 379              		.syntax unified
 380              		.thumb
 381              		.thumb_func
 382              		.fpu fpv5-d16
 384              	bridgeif_fdb_get_dst_ports:
 385              	.LVL27:
 386              	.LFB168:
 129:Middlewares/Third_Party/LwIP/src/netif/bridgeif_fdb.c ****   int i;
 387              		.loc 1 129 1 is_stmt 1 view -0
 388              		.cfi_startproc
 389              		@ args = 0, pretend = 0, frame = 0
 390              		@ frame_needed = 0, uses_anonymous_args = 0
 129:Middlewares/Third_Party/LwIP/src/netif/bridgeif_fdb.c ****   int i;
 391              		.loc 1 129 1 is_stmt 0 view .LVU122
 392 0000 F8B5     		push	{r3, r4, r5, r6, r7, lr}
 393              	.LCFI4:
 394              		.cfi_def_cfa_offset 24
ARM GAS  /var/folders/bg/n1lwdyp56391g865_v8nrmhm0000gn/T//cco67cVU.s 			page 13


 395              		.cfi_offset 3, -24
 396              		.cfi_offset 4, -20
 397              		.cfi_offset 5, -16
 398              		.cfi_offset 6, -12
 399              		.cfi_offset 7, -8
 400              		.cfi_offset 14, -4
 401 0002 0546     		mov	r5, r0
 402 0004 0E46     		mov	r6, r1
 130:Middlewares/Third_Party/LwIP/src/netif/bridgeif_fdb.c ****   bridgeif_dfdb_t *fdb = (bridgeif_dfdb_t *)fdb_ptr;
 403              		.loc 1 130 3 is_stmt 1 view .LVU123
 131:Middlewares/Third_Party/LwIP/src/netif/bridgeif_fdb.c ****   BRIDGEIF_DECL_PROTECT(lev);
 404              		.loc 1 131 3 view .LVU124
 405              	.LVL28:
 132:Middlewares/Third_Party/LwIP/src/netif/bridgeif_fdb.c ****   BRIDGEIF_READ_PROTECT(lev);
 406              		.loc 1 132 29 view .LVU125
 133:Middlewares/Third_Party/LwIP/src/netif/bridgeif_fdb.c ****   for (i = 0; i < fdb->max_fdb_entries; i++) {
 407              		.loc 1 133 29 view .LVU126
 134:Middlewares/Third_Party/LwIP/src/netif/bridgeif_fdb.c ****     bridgeif_dfdb_entry_t *e = &fdb->fdb[i];
 408              		.loc 1 134 3 view .LVU127
 134:Middlewares/Third_Party/LwIP/src/netif/bridgeif_fdb.c ****     bridgeif_dfdb_entry_t *e = &fdb->fdb[i];
 409              		.loc 1 134 10 is_stmt 0 view .LVU128
 410 0006 0024     		movs	r4, #0
 134:Middlewares/Third_Party/LwIP/src/netif/bridgeif_fdb.c ****     bridgeif_dfdb_entry_t *e = &fdb->fdb[i];
 411              		.loc 1 134 3 view .LVU129
 412 0008 00E0     		b	.L29
 413              	.LVL29:
 414              	.L30:
 134:Middlewares/Third_Party/LwIP/src/netif/bridgeif_fdb.c ****     bridgeif_dfdb_entry_t *e = &fdb->fdb[i];
 415              		.loc 1 134 41 is_stmt 1 discriminator 2 view .LVU130
 134:Middlewares/Third_Party/LwIP/src/netif/bridgeif_fdb.c ****     bridgeif_dfdb_entry_t *e = &fdb->fdb[i];
 416              		.loc 1 134 42 is_stmt 0 discriminator 2 view .LVU131
 417 000a 0134     		adds	r4, r4, #1
 418              	.LVL30:
 419              	.L29:
 134:Middlewares/Third_Party/LwIP/src/netif/bridgeif_fdb.c ****     bridgeif_dfdb_entry_t *e = &fdb->fdb[i];
 420              		.loc 1 134 15 is_stmt 1 discriminator 1 view .LVU132
 134:Middlewares/Third_Party/LwIP/src/netif/bridgeif_fdb.c ****     bridgeif_dfdb_entry_t *e = &fdb->fdb[i];
 421              		.loc 1 134 22 is_stmt 0 discriminator 1 view .LVU133
 422 000c 2B88     		ldrh	r3, [r5]
 134:Middlewares/Third_Party/LwIP/src/netif/bridgeif_fdb.c ****     bridgeif_dfdb_entry_t *e = &fdb->fdb[i];
 423              		.loc 1 134 3 discriminator 1 view .LVU134
 424 000e A342     		cmp	r3, r4
 425 0010 16DD     		ble	.L34
 426              	.LBB7:
 135:Middlewares/Third_Party/LwIP/src/netif/bridgeif_fdb.c ****     if (e->used && e->ts) {
 427              		.loc 1 135 5 is_stmt 1 view .LVU135
 135:Middlewares/Third_Party/LwIP/src/netif/bridgeif_fdb.c ****     if (e->used && e->ts) {
 428              		.loc 1 135 36 is_stmt 0 view .LVU136
 429 0012 6A68     		ldr	r2, [r5, #4]
 135:Middlewares/Third_Party/LwIP/src/netif/bridgeif_fdb.c ****     if (e->used && e->ts) {
 430              		.loc 1 135 41 view .LVU137
 431 0014 2301     		lsls	r3, r4, #4
 135:Middlewares/Third_Party/LwIP/src/netif/bridgeif_fdb.c ****     if (e->used && e->ts) {
 432              		.loc 1 135 28 view .LVU138
 433 0016 02EB0417 		add	r7, r2, r4, lsl #4
 434              	.LVL31:
 136:Middlewares/Third_Party/LwIP/src/netif/bridgeif_fdb.c ****       if (!memcmp(&e->addr, dst_addr, sizeof(struct eth_addr))) {
ARM GAS  /var/folders/bg/n1lwdyp56391g865_v8nrmhm0000gn/T//cco67cVU.s 			page 14


 435              		.loc 1 136 5 is_stmt 1 view .LVU139
 136:Middlewares/Third_Party/LwIP/src/netif/bridgeif_fdb.c ****       if (!memcmp(&e->addr, dst_addr, sizeof(struct eth_addr))) {
 436              		.loc 1 136 10 is_stmt 0 view .LVU140
 437 001a D35C     		ldrb	r3, [r2, r3]	@ zero_extendqisi2
 136:Middlewares/Third_Party/LwIP/src/netif/bridgeif_fdb.c ****       if (!memcmp(&e->addr, dst_addr, sizeof(struct eth_addr))) {
 438              		.loc 1 136 8 view .LVU141
 439 001c 002B     		cmp	r3, #0
 440 001e F4D0     		beq	.L30
 136:Middlewares/Third_Party/LwIP/src/netif/bridgeif_fdb.c ****       if (!memcmp(&e->addr, dst_addr, sizeof(struct eth_addr))) {
 441              		.loc 1 136 21 discriminator 1 view .LVU142
 442 0020 7B68     		ldr	r3, [r7, #4]
 136:Middlewares/Third_Party/LwIP/src/netif/bridgeif_fdb.c ****       if (!memcmp(&e->addr, dst_addr, sizeof(struct eth_addr))) {
 443              		.loc 1 136 17 discriminator 1 view .LVU143
 444 0022 002B     		cmp	r3, #0
 445 0024 F1D0     		beq	.L30
 137:Middlewares/Third_Party/LwIP/src/netif/bridgeif_fdb.c ****         bridgeif_portmask_t ret = (bridgeif_portmask_t)(1 << e->port);
 446              		.loc 1 137 7 is_stmt 1 view .LVU144
 137:Middlewares/Third_Party/LwIP/src/netif/bridgeif_fdb.c ****         bridgeif_portmask_t ret = (bridgeif_portmask_t)(1 << e->port);
 447              		.loc 1 137 12 is_stmt 0 view .LVU145
 448 0026 0622     		movs	r2, #6
 449 0028 3146     		mov	r1, r6
 450 002a 07F10800 		add	r0, r7, #8
 451 002e FFF7FEFF 		bl	memcmp
 452              	.LVL32:
 137:Middlewares/Third_Party/LwIP/src/netif/bridgeif_fdb.c ****         bridgeif_portmask_t ret = (bridgeif_portmask_t)(1 << e->port);
 453              		.loc 1 137 10 view .LVU146
 454 0032 0028     		cmp	r0, #0
 455 0034 E9D1     		bne	.L30
 456              	.LBB8:
 138:Middlewares/Third_Party/LwIP/src/netif/bridgeif_fdb.c ****         BRIDGEIF_READ_UNPROTECT(lev);
 457              		.loc 1 138 9 is_stmt 1 view .LVU147
 138:Middlewares/Third_Party/LwIP/src/netif/bridgeif_fdb.c ****         BRIDGEIF_READ_UNPROTECT(lev);
 458              		.loc 1 138 63 is_stmt 0 view .LVU148
 459 0036 7B78     		ldrb	r3, [r7, #1]	@ zero_extendqisi2
 138:Middlewares/Third_Party/LwIP/src/netif/bridgeif_fdb.c ****         BRIDGEIF_READ_UNPROTECT(lev);
 460              		.loc 1 138 59 view .LVU149
 461 0038 0120     		movs	r0, #1
 462 003a 9840     		lsls	r0, r0, r3
 138:Middlewares/Third_Party/LwIP/src/netif/bridgeif_fdb.c ****         BRIDGEIF_READ_UNPROTECT(lev);
 463              		.loc 1 138 29 view .LVU150
 464 003c C0B2     		uxtb	r0, r0
 465              	.LVL33:
 139:Middlewares/Third_Party/LwIP/src/netif/bridgeif_fdb.c ****         return ret;
 466              		.loc 1 139 37 is_stmt 1 view .LVU151
 140:Middlewares/Third_Party/LwIP/src/netif/bridgeif_fdb.c ****       }
 467              		.loc 1 140 9 view .LVU152
 140:Middlewares/Third_Party/LwIP/src/netif/bridgeif_fdb.c ****       }
 468              		.loc 1 140 16 is_stmt 0 view .LVU153
 469 003e 00E0     		b	.L31
 470              	.LVL34:
 471              	.L34:
 140:Middlewares/Third_Party/LwIP/src/netif/bridgeif_fdb.c ****       }
 472              		.loc 1 140 16 view .LVU154
 473              	.LBE8:
 474              	.LBE7:
 145:Middlewares/Third_Party/LwIP/src/netif/bridgeif_fdb.c **** }
 475              		.loc 1 145 10 view .LVU155
ARM GAS  /var/folders/bg/n1lwdyp56391g865_v8nrmhm0000gn/T//cco67cVU.s 			page 15


 476 0040 FF20     		movs	r0, #255
 477              	.L31:
 146:Middlewares/Third_Party/LwIP/src/netif/bridgeif_fdb.c **** 
 478              		.loc 1 146 1 view .LVU156
 479 0042 F8BD     		pop	{r3, r4, r5, r6, r7, pc}
 146:Middlewares/Third_Party/LwIP/src/netif/bridgeif_fdb.c **** 
 480              		.loc 1 146 1 view .LVU157
 481              		.cfi_endproc
 482              	.LFE168:
 484              		.section	.rodata.bridgeif_fdb_init.str1.4,"aMS",%progbits,1
 485              		.align	2
 486              	.LC3:
 487 0000 616C6C6F 		.ascii	"alloc_len == alloc_len_sizet\000"
 487      635F6C65 
 487      6E203D3D 
 487      20616C6C 
 487      6F635F6C 
 488              		.section	.text.bridgeif_fdb_init,"ax",%progbits
 489              		.align	1
 490              		.global	bridgeif_fdb_init
 491              		.syntax unified
 492              		.thumb
 493              		.thumb_func
 494              		.fpu fpv5-d16
 496              	bridgeif_fdb_init:
 497              	.LVL35:
 498              	.LFB171:
 189:Middlewares/Third_Party/LwIP/src/netif/bridgeif_fdb.c **** 
 190:Middlewares/Third_Party/LwIP/src/netif/bridgeif_fdb.c **** /**
 191:Middlewares/Third_Party/LwIP/src/netif/bridgeif_fdb.c ****  * @ingroup bridgeif_fdb
 192:Middlewares/Third_Party/LwIP/src/netif/bridgeif_fdb.c ****  * Init our simple fdb list
 193:Middlewares/Third_Party/LwIP/src/netif/bridgeif_fdb.c ****  */
 194:Middlewares/Third_Party/LwIP/src/netif/bridgeif_fdb.c **** void *
 195:Middlewares/Third_Party/LwIP/src/netif/bridgeif_fdb.c **** bridgeif_fdb_init(u16_t max_fdb_entries)
 196:Middlewares/Third_Party/LwIP/src/netif/bridgeif_fdb.c **** {
 499              		.loc 1 196 1 is_stmt 1 view -0
 500              		.cfi_startproc
 501              		@ args = 0, pretend = 0, frame = 0
 502              		@ frame_needed = 0, uses_anonymous_args = 0
 503              		.loc 1 196 1 is_stmt 0 view .LVU159
 504 0000 38B5     		push	{r3, r4, r5, lr}
 505              	.LCFI5:
 506              		.cfi_def_cfa_offset 16
 507              		.cfi_offset 3, -16
 508              		.cfi_offset 4, -12
 509              		.cfi_offset 5, -8
 510              		.cfi_offset 14, -4
 511 0002 0446     		mov	r4, r0
 197:Middlewares/Third_Party/LwIP/src/netif/bridgeif_fdb.c ****   bridgeif_dfdb_t *fdb;
 512              		.loc 1 197 3 is_stmt 1 view .LVU160
 198:Middlewares/Third_Party/LwIP/src/netif/bridgeif_fdb.c ****   size_t alloc_len_sizet = sizeof(bridgeif_dfdb_t) + (max_fdb_entries * sizeof(bridgeif_dfdb_entry_
 513              		.loc 1 198 3 view .LVU161
 514              		.loc 1 198 71 is_stmt 0 view .LVU162
 515 0004 0301     		lsls	r3, r0, #4
 516              		.loc 1 198 10 view .LVU163
 517 0006 0833     		adds	r3, r3, #8
 518              	.LVL36:
ARM GAS  /var/folders/bg/n1lwdyp56391g865_v8nrmhm0000gn/T//cco67cVU.s 			page 16


 199:Middlewares/Third_Party/LwIP/src/netif/bridgeif_fdb.c ****   mem_size_t alloc_len = (mem_size_t)alloc_len_sizet;
 519              		.loc 1 199 3 is_stmt 1 view .LVU164
 520              		.loc 1 199 14 is_stmt 0 view .LVU165
 521 0008 9DB2     		uxth	r5, r3
 522              	.LVL37:
 200:Middlewares/Third_Party/LwIP/src/netif/bridgeif_fdb.c ****   LWIP_ASSERT("alloc_len == alloc_len_sizet", alloc_len == alloc_len_sizet);
 523              		.loc 1 200 3 is_stmt 1 view .LVU166
 524              		.loc 1 200 3 view .LVU167
 525 000a AB42     		cmp	r3, r5
 526 000c 11D1     		bne	.L39
 527              	.LVL38:
 528              	.L36:
 529              		.loc 1 200 3 discriminator 3 view .LVU168
 530              		.loc 1 200 3 discriminator 3 view .LVU169
 201:Middlewares/Third_Party/LwIP/src/netif/bridgeif_fdb.c ****   LWIP_DEBUGF(BRIDGEIF_DEBUG, ("bridgeif_fdb_init: allocating %d bytes for private FDB data\n", (in
 531              		.loc 1 201 113 discriminator 3 view .LVU170
 202:Middlewares/Third_Party/LwIP/src/netif/bridgeif_fdb.c ****   fdb = (bridgeif_dfdb_t *)mem_calloc(1, alloc_len);
 532              		.loc 1 202 3 discriminator 3 view .LVU171
 533              		.loc 1 202 28 is_stmt 0 discriminator 3 view .LVU172
 534 000e 2946     		mov	r1, r5
 535 0010 0120     		movs	r0, #1
 536 0012 FFF7FEFF 		bl	mem_calloc
 537              	.LVL39:
 203:Middlewares/Third_Party/LwIP/src/netif/bridgeif_fdb.c ****   if (fdb == NULL) {
 538              		.loc 1 203 3 is_stmt 1 discriminator 3 view .LVU173
 539              		.loc 1 203 6 is_stmt 0 discriminator 3 view .LVU174
 540 0016 0546     		mov	r5, r0
 541              	.LVL40:
 542              		.loc 1 203 6 discriminator 3 view .LVU175
 543 0018 48B1     		cbz	r0, .L35
 204:Middlewares/Third_Party/LwIP/src/netif/bridgeif_fdb.c ****     return NULL;
 205:Middlewares/Third_Party/LwIP/src/netif/bridgeif_fdb.c ****   }
 206:Middlewares/Third_Party/LwIP/src/netif/bridgeif_fdb.c ****   fdb->max_fdb_entries = max_fdb_entries;
 544              		.loc 1 206 3 is_stmt 1 view .LVU176
 545              		.loc 1 206 24 is_stmt 0 view .LVU177
 546 001a 0346     		mov	r3, r0
 547 001c 23F8084B 		strh	r4, [r3], #8	@ movhi
 207:Middlewares/Third_Party/LwIP/src/netif/bridgeif_fdb.c ****   fdb->fdb = (bridgeif_dfdb_entry_t *)(fdb + 1);
 548              		.loc 1 207 3 is_stmt 1 view .LVU178
 549              		.loc 1 207 12 is_stmt 0 view .LVU179
 550 0020 4360     		str	r3, [r0, #4]
 208:Middlewares/Third_Party/LwIP/src/netif/bridgeif_fdb.c **** 
 209:Middlewares/Third_Party/LwIP/src/netif/bridgeif_fdb.c ****   sys_timeout(BRIDGEIF_AGE_TIMER_MS, bridgeif_age_tmr, fdb);
 551              		.loc 1 209 3 is_stmt 1 view .LVU180
 552 0022 0246     		mov	r2, r0
 553 0024 0649     		ldr	r1, .L40
 554 0026 4FF47A70 		mov	r0, #1000
 555              	.LVL41:
 556              		.loc 1 209 3 is_stmt 0 view .LVU181
 557 002a FFF7FEFF 		bl	sys_timeout
 558              	.LVL42:
 210:Middlewares/Third_Party/LwIP/src/netif/bridgeif_fdb.c **** 
 211:Middlewares/Third_Party/LwIP/src/netif/bridgeif_fdb.c ****   return fdb;
 559              		.loc 1 211 3 is_stmt 1 view .LVU182
 560              	.L35:
 212:Middlewares/Third_Party/LwIP/src/netif/bridgeif_fdb.c **** }
 561              		.loc 1 212 1 is_stmt 0 view .LVU183
ARM GAS  /var/folders/bg/n1lwdyp56391g865_v8nrmhm0000gn/T//cco67cVU.s 			page 17


 562 002e 2846     		mov	r0, r5
 563 0030 38BD     		pop	{r3, r4, r5, pc}
 564              	.LVL43:
 565              	.L39:
 200:Middlewares/Third_Party/LwIP/src/netif/bridgeif_fdb.c ****   LWIP_DEBUGF(BRIDGEIF_DEBUG, ("bridgeif_fdb_init: allocating %d bytes for private FDB data\n", (in
 566              		.loc 1 200 3 is_stmt 1 discriminator 1 view .LVU184
 200:Middlewares/Third_Party/LwIP/src/netif/bridgeif_fdb.c ****   LWIP_DEBUGF(BRIDGEIF_DEBUG, ("bridgeif_fdb_init: allocating %d bytes for private FDB data\n", (in
 567              		.loc 1 200 3 discriminator 1 view .LVU185
 568 0032 044B     		ldr	r3, .L40+4
 569              	.LVL44:
 200:Middlewares/Third_Party/LwIP/src/netif/bridgeif_fdb.c ****   LWIP_DEBUGF(BRIDGEIF_DEBUG, ("bridgeif_fdb_init: allocating %d bytes for private FDB data\n", (in
 570              		.loc 1 200 3 is_stmt 0 discriminator 1 view .LVU186
 571 0034 C822     		movs	r2, #200
 572 0036 0449     		ldr	r1, .L40+8
 573 0038 0448     		ldr	r0, .L40+12
 574              	.LVL45:
 200:Middlewares/Third_Party/LwIP/src/netif/bridgeif_fdb.c ****   LWIP_DEBUGF(BRIDGEIF_DEBUG, ("bridgeif_fdb_init: allocating %d bytes for private FDB data\n", (in
 575              		.loc 1 200 3 discriminator 1 view .LVU187
 576 003a FFF7FEFF 		bl	printf
 577              	.LVL46:
 578 003e E6E7     		b	.L36
 579              	.L41:
 580              		.align	2
 581              	.L40:
 582 0040 00000000 		.word	bridgeif_age_tmr
 583 0044 00000000 		.word	.LC0
 584 0048 00000000 		.word	.LC3
 585 004c 44000000 		.word	.LC2
 586              		.cfi_endproc
 587              	.LFE171:
 589              		.text
 590              	.Letext0:
 591              		.file 2 "/opt/homebrew/Cellar/arm-none-eabi-gcc/10.3-2021.07/gcc/arm-none-eabi/include/machine/_de
 592              		.file 3 "/opt/homebrew/Cellar/arm-none-eabi-gcc/10.3-2021.07/gcc/arm-none-eabi/include/sys/_stdint
 593              		.file 4 "/opt/homebrew/Cellar/arm-none-eabi-gcc/10.3-2021.07/gcc/lib/gcc/arm-none-eabi/10.3.1/incl
 594              		.file 5 "Middlewares/Third_Party/LwIP/src/include/lwip/arch.h"
 595              		.file 6 "Middlewares/Third_Party/LwIP/src/include/netif/bridgeif.h"
 596              		.file 7 "Middlewares/Third_Party/LwIP/src/include/lwip/mem.h"
 597              		.file 8 "Middlewares/Third_Party/LwIP/src/include/lwip/prot/ethernet.h"
 598              		.file 9 "Middlewares/Third_Party/LwIP/src/include/lwip/timeouts.h"
 599              		.file 10 "/opt/homebrew/Cellar/arm-none-eabi-gcc/10.3-2021.07/gcc/arm-none-eabi/include/stdio.h"
 600              		.file 11 "/opt/homebrew/Cellar/arm-none-eabi-gcc/10.3-2021.07/gcc/arm-none-eabi/include/string.h"
ARM GAS  /var/folders/bg/n1lwdyp56391g865_v8nrmhm0000gn/T//cco67cVU.s 			page 18


DEFINED SYMBOLS
                            *ABS*:0000000000000000 bridgeif_fdb.c
/var/folders/bg/n1lwdyp56391g865_v8nrmhm0000gn/T//cco67cVU.s:17     .text.bridgeif_fdb_age_one_second:0000000000000000 $t
/var/folders/bg/n1lwdyp56391g865_v8nrmhm0000gn/T//cco67cVU.s:24     .text.bridgeif_fdb_age_one_second:0000000000000000 bridgeif_fdb_age_one_second
/var/folders/bg/n1lwdyp56391g865_v8nrmhm0000gn/T//cco67cVU.s:121    .rodata.bridgeif_age_tmr.str1.4:0000000000000000 $d
/var/folders/bg/n1lwdyp56391g865_v8nrmhm0000gn/T//cco67cVU.s:132    .text.bridgeif_age_tmr:0000000000000000 $t
/var/folders/bg/n1lwdyp56391g865_v8nrmhm0000gn/T//cco67cVU.s:138    .text.bridgeif_age_tmr:0000000000000000 bridgeif_age_tmr
/var/folders/bg/n1lwdyp56391g865_v8nrmhm0000gn/T//cco67cVU.s:189    .text.bridgeif_age_tmr:0000000000000028 $d
/var/folders/bg/n1lwdyp56391g865_v8nrmhm0000gn/T//cco67cVU.s:197    .text.bridgeif_fdb_update_src:0000000000000000 $t
/var/folders/bg/n1lwdyp56391g865_v8nrmhm0000gn/T//cco67cVU.s:204    .text.bridgeif_fdb_update_src:0000000000000000 bridgeif_fdb_update_src
/var/folders/bg/n1lwdyp56391g865_v8nrmhm0000gn/T//cco67cVU.s:377    .text.bridgeif_fdb_get_dst_ports:0000000000000000 $t
/var/folders/bg/n1lwdyp56391g865_v8nrmhm0000gn/T//cco67cVU.s:384    .text.bridgeif_fdb_get_dst_ports:0000000000000000 bridgeif_fdb_get_dst_ports
/var/folders/bg/n1lwdyp56391g865_v8nrmhm0000gn/T//cco67cVU.s:485    .rodata.bridgeif_fdb_init.str1.4:0000000000000000 $d
/var/folders/bg/n1lwdyp56391g865_v8nrmhm0000gn/T//cco67cVU.s:489    .text.bridgeif_fdb_init:0000000000000000 $t
/var/folders/bg/n1lwdyp56391g865_v8nrmhm0000gn/T//cco67cVU.s:496    .text.bridgeif_fdb_init:0000000000000000 bridgeif_fdb_init
/var/folders/bg/n1lwdyp56391g865_v8nrmhm0000gn/T//cco67cVU.s:582    .text.bridgeif_fdb_init:0000000000000040 $d

UNDEFINED SYMBOLS
sys_timeout
printf
memcmp
mem_calloc
