ARM GAS  /var/folders/bg/n1lwdyp56391g865_v8nrmhm0000gn/T//ccMT52FF.s 			page 1


   1              		.cpu cortex-m7
   2              		.eabi_attribute 28, 1
   3              		.eabi_attribute 20, 1
   4              		.eabi_attribute 21, 1
   5              		.eabi_attribute 23, 3
   6              		.eabi_attribute 24, 1
   7              		.eabi_attribute 25, 1
   8              		.eabi_attribute 26, 1
   9              		.eabi_attribute 30, 1
  10              		.eabi_attribute 34, 1
  11              		.eabi_attribute 18, 4
  12              		.file	"def.c"
  13              		.text
  14              	.Ltext0:
  15              		.cfi_sections	.debug_frame
  16              		.section	.text.lwip_htons,"ax",%progbits
  17              		.align	1
  18              		.global	lwip_htons
  19              		.arch armv7e-m
  20              		.syntax unified
  21              		.thumb
  22              		.thumb_func
  23              		.fpu fpv5-d16
  25              	lwip_htons:
  26              	.LVL0:
  27              	.LFB167:
  28              		.file 1 "Middlewares/Third_Party/LwIP/src/core/def.c"
   1:Middlewares/Third_Party/LwIP/src/core/def.c **** /**
   2:Middlewares/Third_Party/LwIP/src/core/def.c ****  * @file
   3:Middlewares/Third_Party/LwIP/src/core/def.c ****  * Common functions used throughout the stack.
   4:Middlewares/Third_Party/LwIP/src/core/def.c ****  *
   5:Middlewares/Third_Party/LwIP/src/core/def.c ****  * These are reference implementations of the byte swapping functions.
   6:Middlewares/Third_Party/LwIP/src/core/def.c ****  * Again with the aim of being simple, correct and fully portable.
   7:Middlewares/Third_Party/LwIP/src/core/def.c ****  * Byte swapping is the second thing you would want to optimize. You will
   8:Middlewares/Third_Party/LwIP/src/core/def.c ****  * need to port it to your architecture and in your cc.h:
   9:Middlewares/Third_Party/LwIP/src/core/def.c ****  *
  10:Middlewares/Third_Party/LwIP/src/core/def.c ****  * \#define lwip_htons(x) your_htons
  11:Middlewares/Third_Party/LwIP/src/core/def.c ****  * \#define lwip_htonl(x) your_htonl
  12:Middlewares/Third_Party/LwIP/src/core/def.c ****  *
  13:Middlewares/Third_Party/LwIP/src/core/def.c ****  * Note lwip_ntohs() and lwip_ntohl() are merely references to the htonx counterparts.
  14:Middlewares/Third_Party/LwIP/src/core/def.c ****  *
  15:Middlewares/Third_Party/LwIP/src/core/def.c ****  * If you \#define them to htons() and htonl(), you should
  16:Middlewares/Third_Party/LwIP/src/core/def.c ****  * \#define LWIP_DONT_PROVIDE_BYTEORDER_FUNCTIONS to prevent lwIP from
  17:Middlewares/Third_Party/LwIP/src/core/def.c ****  * defining htonx/ntohx compatibility macros.
  18:Middlewares/Third_Party/LwIP/src/core/def.c **** 
  19:Middlewares/Third_Party/LwIP/src/core/def.c ****  * @defgroup sys_nonstandard Non-standard functions
  20:Middlewares/Third_Party/LwIP/src/core/def.c ****  * @ingroup sys_layer
  21:Middlewares/Third_Party/LwIP/src/core/def.c ****  * lwIP provides default implementations for non-standard functions.
  22:Middlewares/Third_Party/LwIP/src/core/def.c ****  * These can be mapped to OS functions to reduce code footprint if desired.
  23:Middlewares/Third_Party/LwIP/src/core/def.c ****  * All defines related to this section must not be placed in lwipopts.h,
  24:Middlewares/Third_Party/LwIP/src/core/def.c ****  * but in arch/cc.h!
  25:Middlewares/Third_Party/LwIP/src/core/def.c ****  * These options cannot be \#defined in lwipopts.h since they are not options
  26:Middlewares/Third_Party/LwIP/src/core/def.c ****  * of lwIP itself, but options of the lwIP port to your system.
  27:Middlewares/Third_Party/LwIP/src/core/def.c ****  */
  28:Middlewares/Third_Party/LwIP/src/core/def.c **** 
  29:Middlewares/Third_Party/LwIP/src/core/def.c **** /*
  30:Middlewares/Third_Party/LwIP/src/core/def.c ****  * Copyright (c) 2001-2004 Swedish Institute of Computer Science.
ARM GAS  /var/folders/bg/n1lwdyp56391g865_v8nrmhm0000gn/T//ccMT52FF.s 			page 2


  31:Middlewares/Third_Party/LwIP/src/core/def.c ****  * All rights reserved.
  32:Middlewares/Third_Party/LwIP/src/core/def.c ****  *
  33:Middlewares/Third_Party/LwIP/src/core/def.c ****  * Redistribution and use in source and binary forms, with or without modification,
  34:Middlewares/Third_Party/LwIP/src/core/def.c ****  * are permitted provided that the following conditions are met:
  35:Middlewares/Third_Party/LwIP/src/core/def.c ****  *
  36:Middlewares/Third_Party/LwIP/src/core/def.c ****  * 1. Redistributions of source code must retain the above copyright notice,
  37:Middlewares/Third_Party/LwIP/src/core/def.c ****  *    this list of conditions and the following disclaimer.
  38:Middlewares/Third_Party/LwIP/src/core/def.c ****  * 2. Redistributions in binary form must reproduce the above copyright notice,
  39:Middlewares/Third_Party/LwIP/src/core/def.c ****  *    this list of conditions and the following disclaimer in the documentation
  40:Middlewares/Third_Party/LwIP/src/core/def.c ****  *    and/or other materials provided with the distribution.
  41:Middlewares/Third_Party/LwIP/src/core/def.c ****  * 3. The name of the author may not be used to endorse or promote products
  42:Middlewares/Third_Party/LwIP/src/core/def.c ****  *    derived from this software without specific prior written permission.
  43:Middlewares/Third_Party/LwIP/src/core/def.c ****  *
  44:Middlewares/Third_Party/LwIP/src/core/def.c ****  * THIS SOFTWARE IS PROVIDED BY THE AUTHOR ``AS IS'' AND ANY EXPRESS OR IMPLIED
  45:Middlewares/Third_Party/LwIP/src/core/def.c ****  * WARRANTIES, INCLUDING, BUT NOT LIMITED TO, THE IMPLIED WARRANTIES OF
  46:Middlewares/Third_Party/LwIP/src/core/def.c ****  * MERCHANTABILITY AND FITNESS FOR A PARTICULAR PURPOSE ARE DISCLAIMED. IN NO EVENT
  47:Middlewares/Third_Party/LwIP/src/core/def.c ****  * SHALL THE AUTHOR BE LIABLE FOR ANY DIRECT, INDIRECT, INCIDENTAL, SPECIAL,
  48:Middlewares/Third_Party/LwIP/src/core/def.c ****  * EXEMPLARY, OR CONSEQUENTIAL DAMAGES (INCLUDING, BUT NOT LIMITED TO, PROCUREMENT
  49:Middlewares/Third_Party/LwIP/src/core/def.c ****  * OF SUBSTITUTE GOODS OR SERVICES; LOSS OF USE, DATA, OR PROFITS; OR BUSINESS
  50:Middlewares/Third_Party/LwIP/src/core/def.c ****  * INTERRUPTION) HOWEVER CAUSED AND ON ANY THEORY OF LIABILITY, WHETHER IN
  51:Middlewares/Third_Party/LwIP/src/core/def.c ****  * CONTRACT, STRICT LIABILITY, OR TORT (INCLUDING NEGLIGENCE OR OTHERWISE) ARISING
  52:Middlewares/Third_Party/LwIP/src/core/def.c ****  * IN ANY WAY OUT OF THE USE OF THIS SOFTWARE, EVEN IF ADVISED OF THE POSSIBILITY
  53:Middlewares/Third_Party/LwIP/src/core/def.c ****  * OF SUCH DAMAGE.
  54:Middlewares/Third_Party/LwIP/src/core/def.c ****  *
  55:Middlewares/Third_Party/LwIP/src/core/def.c ****  * This file is part of the lwIP TCP/IP stack.
  56:Middlewares/Third_Party/LwIP/src/core/def.c ****  *
  57:Middlewares/Third_Party/LwIP/src/core/def.c ****  * Author: Simon Goldschmidt
  58:Middlewares/Third_Party/LwIP/src/core/def.c ****  *
  59:Middlewares/Third_Party/LwIP/src/core/def.c ****  */
  60:Middlewares/Third_Party/LwIP/src/core/def.c **** 
  61:Middlewares/Third_Party/LwIP/src/core/def.c **** #include "lwip/opt.h"
  62:Middlewares/Third_Party/LwIP/src/core/def.c **** #include "lwip/def.h"
  63:Middlewares/Third_Party/LwIP/src/core/def.c **** 
  64:Middlewares/Third_Party/LwIP/src/core/def.c **** #include <string.h>
  65:Middlewares/Third_Party/LwIP/src/core/def.c **** 
  66:Middlewares/Third_Party/LwIP/src/core/def.c **** #if BYTE_ORDER == LITTLE_ENDIAN
  67:Middlewares/Third_Party/LwIP/src/core/def.c **** 
  68:Middlewares/Third_Party/LwIP/src/core/def.c **** #if !defined(lwip_htons)
  69:Middlewares/Third_Party/LwIP/src/core/def.c **** /**
  70:Middlewares/Third_Party/LwIP/src/core/def.c ****  * Convert an u16_t from host- to network byte order.
  71:Middlewares/Third_Party/LwIP/src/core/def.c ****  *
  72:Middlewares/Third_Party/LwIP/src/core/def.c ****  * @param n u16_t in host byte order
  73:Middlewares/Third_Party/LwIP/src/core/def.c ****  * @return n in network byte order
  74:Middlewares/Third_Party/LwIP/src/core/def.c ****  */
  75:Middlewares/Third_Party/LwIP/src/core/def.c **** u16_t
  76:Middlewares/Third_Party/LwIP/src/core/def.c **** lwip_htons(u16_t n)
  77:Middlewares/Third_Party/LwIP/src/core/def.c **** {
  29              		.loc 1 77 1 view -0
  30              		.cfi_startproc
  31              		@ args = 0, pretend = 0, frame = 0
  32              		@ frame_needed = 0, uses_anonymous_args = 0
  33              		@ link register save eliminated.
  78:Middlewares/Third_Party/LwIP/src/core/def.c ****   return PP_HTONS(n);
  34              		.loc 1 78 3 view .LVU1
  35              		.loc 1 78 10 is_stmt 0 view .LVU2
  36 0000 030A     		lsrs	r3, r0, #8
  37 0002 43EA0020 		orr	r0, r3, r0, lsl #8
ARM GAS  /var/folders/bg/n1lwdyp56391g865_v8nrmhm0000gn/T//ccMT52FF.s 			page 3


  38              	.LVL1:
  79:Middlewares/Third_Party/LwIP/src/core/def.c **** }
  39              		.loc 1 79 1 view .LVU3
  40 0006 80B2     		uxth	r0, r0
  41 0008 7047     		bx	lr
  42              		.cfi_endproc
  43              	.LFE167:
  45              		.section	.text.lwip_htonl,"ax",%progbits
  46              		.align	1
  47              		.global	lwip_htonl
  48              		.syntax unified
  49              		.thumb
  50              		.thumb_func
  51              		.fpu fpv5-d16
  53              	lwip_htonl:
  54              	.LVL2:
  55              	.LFB168:
  80:Middlewares/Third_Party/LwIP/src/core/def.c **** #endif /* lwip_htons */
  81:Middlewares/Third_Party/LwIP/src/core/def.c **** 
  82:Middlewares/Third_Party/LwIP/src/core/def.c **** #if !defined(lwip_htonl)
  83:Middlewares/Third_Party/LwIP/src/core/def.c **** /**
  84:Middlewares/Third_Party/LwIP/src/core/def.c ****  * Convert an u32_t from host- to network byte order.
  85:Middlewares/Third_Party/LwIP/src/core/def.c ****  *
  86:Middlewares/Third_Party/LwIP/src/core/def.c ****  * @param n u32_t in host byte order
  87:Middlewares/Third_Party/LwIP/src/core/def.c ****  * @return n in network byte order
  88:Middlewares/Third_Party/LwIP/src/core/def.c ****  */
  89:Middlewares/Third_Party/LwIP/src/core/def.c **** u32_t
  90:Middlewares/Third_Party/LwIP/src/core/def.c **** lwip_htonl(u32_t n)
  91:Middlewares/Third_Party/LwIP/src/core/def.c **** {
  56              		.loc 1 91 1 is_stmt 1 view -0
  57              		.cfi_startproc
  58              		@ args = 0, pretend = 0, frame = 0
  59              		@ frame_needed = 0, uses_anonymous_args = 0
  60              		@ link register save eliminated.
  92:Middlewares/Third_Party/LwIP/src/core/def.c ****   return PP_HTONL(n);
  61              		.loc 1 92 3 view .LVU5
  62              		.loc 1 92 10 is_stmt 0 view .LVU6
  63 0000 0302     		lsls	r3, r0, #8
  64 0002 03F47F03 		and	r3, r3, #16711680
  65 0006 43EA0063 		orr	r3, r3, r0, lsl #24
  66 000a 020A     		lsrs	r2, r0, #8
  67 000c 02F47F42 		and	r2, r2, #65280
  68 0010 1343     		orrs	r3, r3, r2
  93:Middlewares/Third_Party/LwIP/src/core/def.c **** }
  69              		.loc 1 93 1 view .LVU7
  70 0012 43EA1060 		orr	r0, r3, r0, lsr #24
  71              	.LVL3:
  72              		.loc 1 93 1 view .LVU8
  73 0016 7047     		bx	lr
  74              		.cfi_endproc
  75              	.LFE168:
  77              		.section	.text.lwip_strnstr,"ax",%progbits
  78              		.align	1
  79              		.global	lwip_strnstr
  80              		.syntax unified
  81              		.thumb
  82              		.thumb_func
ARM GAS  /var/folders/bg/n1lwdyp56391g865_v8nrmhm0000gn/T//ccMT52FF.s 			page 4


  83              		.fpu fpv5-d16
  85              	lwip_strnstr:
  86              	.LVL4:
  87              	.LFB169:
  94:Middlewares/Third_Party/LwIP/src/core/def.c **** #endif /* lwip_htonl */
  95:Middlewares/Third_Party/LwIP/src/core/def.c **** 
  96:Middlewares/Third_Party/LwIP/src/core/def.c **** #endif /* BYTE_ORDER == LITTLE_ENDIAN */
  97:Middlewares/Third_Party/LwIP/src/core/def.c **** 
  98:Middlewares/Third_Party/LwIP/src/core/def.c **** #ifndef lwip_strnstr
  99:Middlewares/Third_Party/LwIP/src/core/def.c **** /**
 100:Middlewares/Third_Party/LwIP/src/core/def.c ****  * @ingroup sys_nonstandard
 101:Middlewares/Third_Party/LwIP/src/core/def.c ****  * lwIP default implementation for strnstr() non-standard function.
 102:Middlewares/Third_Party/LwIP/src/core/def.c ****  * This can be \#defined to strnstr() depending on your platform port.
 103:Middlewares/Third_Party/LwIP/src/core/def.c ****  */
 104:Middlewares/Third_Party/LwIP/src/core/def.c **** char *
 105:Middlewares/Third_Party/LwIP/src/core/def.c **** lwip_strnstr(const char *buffer, const char *token, size_t n)
 106:Middlewares/Third_Party/LwIP/src/core/def.c **** {
  88              		.loc 1 106 1 is_stmt 1 view -0
  89              		.cfi_startproc
  90              		@ args = 0, pretend = 0, frame = 0
  91              		@ frame_needed = 0, uses_anonymous_args = 0
  92              		.loc 1 106 1 is_stmt 0 view .LVU10
  93 0000 2DE9F843 		push	{r3, r4, r5, r6, r7, r8, r9, lr}
  94              	.LCFI0:
  95              		.cfi_def_cfa_offset 32
  96              		.cfi_offset 3, -32
  97              		.cfi_offset 4, -28
  98              		.cfi_offset 5, -24
  99              		.cfi_offset 6, -20
 100              		.cfi_offset 7, -16
 101              		.cfi_offset 8, -12
 102              		.cfi_offset 9, -8
 103              		.cfi_offset 14, -4
 104 0004 0746     		mov	r7, r0
 105 0006 0E46     		mov	r6, r1
 106 0008 9146     		mov	r9, r2
 107:Middlewares/Third_Party/LwIP/src/core/def.c ****   const char *p;
 107              		.loc 1 107 3 is_stmt 1 view .LVU11
 108:Middlewares/Third_Party/LwIP/src/core/def.c ****   size_t tokenlen = strlen(token);
 108              		.loc 1 108 3 view .LVU12
 109              		.loc 1 108 21 is_stmt 0 view .LVU13
 110 000a 0846     		mov	r0, r1
 111              	.LVL5:
 112              		.loc 1 108 21 view .LVU14
 113 000c FFF7FEFF 		bl	strlen
 114              	.LVL6:
 109:Middlewares/Third_Party/LwIP/src/core/def.c ****   if (tokenlen == 0) {
 115              		.loc 1 109 3 is_stmt 1 view .LVU15
 116              		.loc 1 109 6 is_stmt 0 view .LVU16
 117 0010 C0B1     		cbz	r0, .L8
 118 0012 8046     		mov	r8, r0
 110:Middlewares/Third_Party/LwIP/src/core/def.c ****     return LWIP_CONST_CAST(char *, buffer);
 111:Middlewares/Third_Party/LwIP/src/core/def.c ****   }
 112:Middlewares/Third_Party/LwIP/src/core/def.c ****   for (p = buffer; *p && (p + tokenlen <= buffer + n); p++) {
 119              		.loc 1 112 10 view .LVU17
 120 0014 3C46     		mov	r4, r7
 121 0016 00E0     		b	.L5
ARM GAS  /var/folders/bg/n1lwdyp56391g865_v8nrmhm0000gn/T//ccMT52FF.s 			page 5


 122              	.LVL7:
 123              	.L6:
 124              		.loc 1 112 56 is_stmt 1 discriminator 2 view .LVU18
 125              		.loc 1 112 57 is_stmt 0 discriminator 2 view .LVU19
 126 0018 0134     		adds	r4, r4, #1
 127              	.LVL8:
 128              	.L5:
 129              		.loc 1 112 20 is_stmt 1 discriminator 1 view .LVU20
 130 001a 2578     		ldrb	r5, [r4]	@ zero_extendqisi2
 131              		.loc 1 112 3 is_stmt 0 discriminator 1 view .LVU21
 132 001c B5B1     		cbz	r5, .L9
 133              		.loc 1 112 29 discriminator 3 view .LVU22
 134 001e 04EB0803 		add	r3, r4, r8
 135              		.loc 1 112 50 discriminator 3 view .LVU23
 136 0022 07EB0902 		add	r2, r7, r9
 137              		.loc 1 112 23 discriminator 3 view .LVU24
 138 0026 9342     		cmp	r3, r2
 139 0028 0AD8     		bhi	.L11
 113:Middlewares/Third_Party/LwIP/src/core/def.c ****     if ((*p == *token) && (strncmp(p, token, tokenlen) == 0)) {
 140              		.loc 1 113 5 is_stmt 1 view .LVU25
 141              		.loc 1 113 16 is_stmt 0 view .LVU26
 142 002a 3378     		ldrb	r3, [r6]	@ zero_extendqisi2
 143              		.loc 1 113 8 view .LVU27
 144 002c AB42     		cmp	r3, r5
 145 002e F3D1     		bne	.L6
 146              		.loc 1 113 28 discriminator 1 view .LVU28
 147 0030 4246     		mov	r2, r8
 148 0032 3146     		mov	r1, r6
 149 0034 2046     		mov	r0, r4
 150 0036 FFF7FEFF 		bl	strncmp
 151              	.LVL9:
 152              		.loc 1 113 24 discriminator 1 view .LVU29
 153 003a 0028     		cmp	r0, #0
 154 003c ECD1     		bne	.L6
 155 003e 02E0     		b	.L3
 156              	.L11:
 114:Middlewares/Third_Party/LwIP/src/core/def.c ****       return LWIP_CONST_CAST(char *, p);
 115:Middlewares/Third_Party/LwIP/src/core/def.c ****     }
 116:Middlewares/Third_Party/LwIP/src/core/def.c ****   }
 117:Middlewares/Third_Party/LwIP/src/core/def.c ****   return NULL;
 157              		.loc 1 117 10 view .LVU30
 158 0040 0024     		movs	r4, #0
 159              	.LVL10:
 160              		.loc 1 117 10 view .LVU31
 161 0042 00E0     		b	.L3
 162              	.LVL11:
 163              	.L8:
 110:Middlewares/Third_Party/LwIP/src/core/def.c ****   }
 164              		.loc 1 110 12 view .LVU32
 165 0044 3C46     		mov	r4, r7
 166              	.LVL12:
 167              	.L3:
 118:Middlewares/Third_Party/LwIP/src/core/def.c **** }
 168              		.loc 1 118 1 view .LVU33
 169 0046 2046     		mov	r0, r4
 170 0048 BDE8F883 		pop	{r3, r4, r5, r6, r7, r8, r9, pc}
 171              	.LVL13:
ARM GAS  /var/folders/bg/n1lwdyp56391g865_v8nrmhm0000gn/T//ccMT52FF.s 			page 6


 172              	.L9:
 117:Middlewares/Third_Party/LwIP/src/core/def.c **** }
 173              		.loc 1 117 10 view .LVU34
 174 004c 0024     		movs	r4, #0
 175              	.LVL14:
 117:Middlewares/Third_Party/LwIP/src/core/def.c **** }
 176              		.loc 1 117 10 view .LVU35
 177 004e FAE7     		b	.L3
 178              		.cfi_endproc
 179              	.LFE169:
 181              		.section	.text.lwip_stricmp,"ax",%progbits
 182              		.align	1
 183              		.global	lwip_stricmp
 184              		.syntax unified
 185              		.thumb
 186              		.thumb_func
 187              		.fpu fpv5-d16
 189              	lwip_stricmp:
 190              	.LFB170:
 119:Middlewares/Third_Party/LwIP/src/core/def.c **** #endif
 120:Middlewares/Third_Party/LwIP/src/core/def.c **** 
 121:Middlewares/Third_Party/LwIP/src/core/def.c **** #ifndef lwip_stricmp
 122:Middlewares/Third_Party/LwIP/src/core/def.c **** /**
 123:Middlewares/Third_Party/LwIP/src/core/def.c ****  * @ingroup sys_nonstandard
 124:Middlewares/Third_Party/LwIP/src/core/def.c ****  * lwIP default implementation for stricmp() non-standard function.
 125:Middlewares/Third_Party/LwIP/src/core/def.c ****  * This can be \#defined to stricmp() depending on your platform port.
 126:Middlewares/Third_Party/LwIP/src/core/def.c ****  */
 127:Middlewares/Third_Party/LwIP/src/core/def.c **** int
 128:Middlewares/Third_Party/LwIP/src/core/def.c **** lwip_stricmp(const char *str1, const char *str2)
 129:Middlewares/Third_Party/LwIP/src/core/def.c **** {
 191              		.loc 1 129 1 is_stmt 1 view -0
 192              		.cfi_startproc
 193              		@ args = 0, pretend = 0, frame = 0
 194              		@ frame_needed = 0, uses_anonymous_args = 0
 195              	.LVL15:
 196              		.loc 1 129 1 is_stmt 0 view .LVU37
 197 0000 00B5     		push	{lr}
 198              	.LCFI1:
 199              		.cfi_def_cfa_offset 4
 200              		.cfi_offset 14, -4
 201 0002 00E0     		b	.L15
 202              	.LVL16:
 203              	.L13:
 130:Middlewares/Third_Party/LwIP/src/core/def.c ****   char c1, c2;
 131:Middlewares/Third_Party/LwIP/src/core/def.c **** 
 132:Middlewares/Third_Party/LwIP/src/core/def.c ****   do {
 133:Middlewares/Third_Party/LwIP/src/core/def.c ****     c1 = *str1++;
 134:Middlewares/Third_Party/LwIP/src/core/def.c ****     c2 = *str2++;
 135:Middlewares/Third_Party/LwIP/src/core/def.c ****     if (c1 != c2) {
 136:Middlewares/Third_Party/LwIP/src/core/def.c ****       char c1_upc = c1 | 0x20;
 137:Middlewares/Third_Party/LwIP/src/core/def.c ****       if ((c1_upc >= 'a') && (c1_upc <= 'z')) {
 138:Middlewares/Third_Party/LwIP/src/core/def.c ****         /* characters are not equal an one is in the alphabet range:
 139:Middlewares/Third_Party/LwIP/src/core/def.c ****         downcase both chars and check again */
 140:Middlewares/Third_Party/LwIP/src/core/def.c ****         char c2_upc = c2 | 0x20;
 141:Middlewares/Third_Party/LwIP/src/core/def.c ****         if (c1_upc != c2_upc) {
 142:Middlewares/Third_Party/LwIP/src/core/def.c ****           /* still not equal */
 143:Middlewares/Third_Party/LwIP/src/core/def.c ****           /* don't care for < or > */
ARM GAS  /var/folders/bg/n1lwdyp56391g865_v8nrmhm0000gn/T//ccMT52FF.s 			page 7


 144:Middlewares/Third_Party/LwIP/src/core/def.c ****           return 1;
 145:Middlewares/Third_Party/LwIP/src/core/def.c ****         }
 146:Middlewares/Third_Party/LwIP/src/core/def.c ****       } else {
 147:Middlewares/Third_Party/LwIP/src/core/def.c ****         /* characters are not equal but none is in the alphabet range */
 148:Middlewares/Third_Party/LwIP/src/core/def.c ****         return 1;
 149:Middlewares/Third_Party/LwIP/src/core/def.c ****       }
 150:Middlewares/Third_Party/LwIP/src/core/def.c ****     }
 151:Middlewares/Third_Party/LwIP/src/core/def.c ****   } while (c1 != 0);
 204              		.loc 1 151 11 is_stmt 1 view .LVU38
 205              		.loc 1 151 3 is_stmt 0 view .LVU39
 206 0004 A2B1     		cbz	r2, .L19
 207              	.LVL17:
 208              	.L15:
 130:Middlewares/Third_Party/LwIP/src/core/def.c ****   char c1, c2;
 209              		.loc 1 130 3 is_stmt 1 view .LVU40
 132:Middlewares/Third_Party/LwIP/src/core/def.c ****     c1 = *str1++;
 210              		.loc 1 132 3 view .LVU41
 133:Middlewares/Third_Party/LwIP/src/core/def.c ****     c2 = *str2++;
 211              		.loc 1 133 5 view .LVU42
 133:Middlewares/Third_Party/LwIP/src/core/def.c ****     c2 = *str2++;
 212              		.loc 1 133 8 is_stmt 0 view .LVU43
 213 0006 0278     		ldrb	r2, [r0]	@ zero_extendqisi2
 214 0008 0130     		adds	r0, r0, #1
 215              	.LVL18:
 134:Middlewares/Third_Party/LwIP/src/core/def.c ****     if (c1 != c2) {
 216              		.loc 1 134 5 is_stmt 1 view .LVU44
 134:Middlewares/Third_Party/LwIP/src/core/def.c ****     if (c1 != c2) {
 217              		.loc 1 134 8 is_stmt 0 view .LVU45
 218 000a 0B78     		ldrb	r3, [r1]	@ zero_extendqisi2
 219 000c 0131     		adds	r1, r1, #1
 220              	.LVL19:
 135:Middlewares/Third_Party/LwIP/src/core/def.c ****       char c1_upc = c1 | 0x20;
 221              		.loc 1 135 5 is_stmt 1 view .LVU46
 135:Middlewares/Third_Party/LwIP/src/core/def.c ****       char c1_upc = c1 | 0x20;
 222              		.loc 1 135 8 is_stmt 0 view .LVU47
 223 000e 9A42     		cmp	r2, r3
 224 0010 F8D0     		beq	.L13
 225              	.LBB2:
 136:Middlewares/Third_Party/LwIP/src/core/def.c ****       if ((c1_upc >= 'a') && (c1_upc <= 'z')) {
 226              		.loc 1 136 7 is_stmt 1 view .LVU48
 136:Middlewares/Third_Party/LwIP/src/core/def.c ****       if ((c1_upc >= 'a') && (c1_upc <= 'z')) {
 227              		.loc 1 136 12 is_stmt 0 view .LVU49
 228 0012 42F0200E 		orr	lr, r2, #32
 229              	.LVL20:
 137:Middlewares/Third_Party/LwIP/src/core/def.c ****         /* characters are not equal an one is in the alphabet range:
 230              		.loc 1 137 7 is_stmt 1 view .LVU50
 137:Middlewares/Third_Party/LwIP/src/core/def.c ****         /* characters are not equal an one is in the alphabet range:
 231              		.loc 1 137 27 is_stmt 0 view .LVU51
 232 0016 AEF1610C 		sub	ip, lr, #97
 233 001a 5FFA8CFC 		uxtb	ip, ip
 137:Middlewares/Third_Party/LwIP/src/core/def.c ****         /* characters are not equal an one is in the alphabet range:
 234              		.loc 1 137 10 view .LVU52
 235 001e BCF1190F 		cmp	ip, #25
 236 0022 08D8     		bhi	.L16
 237              	.LBB3:
 140:Middlewares/Third_Party/LwIP/src/core/def.c ****         if (c1_upc != c2_upc) {
 238              		.loc 1 140 9 is_stmt 1 view .LVU53
ARM GAS  /var/folders/bg/n1lwdyp56391g865_v8nrmhm0000gn/T//ccMT52FF.s 			page 8


 140:Middlewares/Third_Party/LwIP/src/core/def.c ****         if (c1_upc != c2_upc) {
 239              		.loc 1 140 14 is_stmt 0 view .LVU54
 240 0024 43F02003 		orr	r3, r3, #32
 241              	.LVL21:
 141:Middlewares/Third_Party/LwIP/src/core/def.c ****           /* still not equal */
 242              		.loc 1 141 9 is_stmt 1 view .LVU55
 141:Middlewares/Third_Party/LwIP/src/core/def.c ****           /* still not equal */
 243              		.loc 1 141 12 is_stmt 0 view .LVU56
 244 0028 9E45     		cmp	lr, r3
 245 002a EBD0     		beq	.L13
 144:Middlewares/Third_Party/LwIP/src/core/def.c ****         }
 246              		.loc 1 144 18 view .LVU57
 247 002c 0120     		movs	r0, #1
 248              	.LVL22:
 144:Middlewares/Third_Party/LwIP/src/core/def.c ****         }
 249              		.loc 1 144 18 view .LVU58
 250 002e 00E0     		b	.L12
 251              	.LVL23:
 252              	.L19:
 144:Middlewares/Third_Party/LwIP/src/core/def.c ****         }
 253              		.loc 1 144 18 view .LVU59
 254              	.LBE3:
 255              	.LBE2:
 152:Middlewares/Third_Party/LwIP/src/core/def.c ****   return 0;
 256              		.loc 1 152 10 view .LVU60
 257 0030 0020     		movs	r0, #0
 258              	.LVL24:
 259              	.L12:
 153:Middlewares/Third_Party/LwIP/src/core/def.c **** }
 260              		.loc 1 153 1 view .LVU61
 261 0032 5DF804FB 		ldr	pc, [sp], #4
 262              	.LVL25:
 263              	.L16:
 264              	.LBB4:
 148:Middlewares/Third_Party/LwIP/src/core/def.c ****       }
 265              		.loc 1 148 16 view .LVU62
 266 0036 0120     		movs	r0, #1
 267              	.LVL26:
 148:Middlewares/Third_Party/LwIP/src/core/def.c ****       }
 268              		.loc 1 148 16 view .LVU63
 269 0038 FBE7     		b	.L12
 270              	.LBE4:
 271              		.cfi_endproc
 272              	.LFE170:
 274              		.section	.text.lwip_strnicmp,"ax",%progbits
 275              		.align	1
 276              		.global	lwip_strnicmp
 277              		.syntax unified
 278              		.thumb
 279              		.thumb_func
 280              		.fpu fpv5-d16
 282              	lwip_strnicmp:
 283              	.LFB171:
 154:Middlewares/Third_Party/LwIP/src/core/def.c **** #endif
 155:Middlewares/Third_Party/LwIP/src/core/def.c **** 
 156:Middlewares/Third_Party/LwIP/src/core/def.c **** #ifndef lwip_strnicmp
 157:Middlewares/Third_Party/LwIP/src/core/def.c **** /**
ARM GAS  /var/folders/bg/n1lwdyp56391g865_v8nrmhm0000gn/T//ccMT52FF.s 			page 9


 158:Middlewares/Third_Party/LwIP/src/core/def.c ****  * @ingroup sys_nonstandard
 159:Middlewares/Third_Party/LwIP/src/core/def.c ****  * lwIP default implementation for strnicmp() non-standard function.
 160:Middlewares/Third_Party/LwIP/src/core/def.c ****  * This can be \#defined to strnicmp() depending on your platform port.
 161:Middlewares/Third_Party/LwIP/src/core/def.c ****  */
 162:Middlewares/Third_Party/LwIP/src/core/def.c **** int
 163:Middlewares/Third_Party/LwIP/src/core/def.c **** lwip_strnicmp(const char *str1, const char *str2, size_t len)
 164:Middlewares/Third_Party/LwIP/src/core/def.c **** {
 284              		.loc 1 164 1 is_stmt 1 view -0
 285              		.cfi_startproc
 286              		@ args = 0, pretend = 0, frame = 0
 287              		@ frame_needed = 0, uses_anonymous_args = 0
 288              	.LVL27:
 289              		.loc 1 164 1 is_stmt 0 view .LVU65
 290 0000 10B5     		push	{r4, lr}
 291              	.LCFI2:
 292              		.cfi_def_cfa_offset 8
 293              		.cfi_offset 4, -8
 294              		.cfi_offset 14, -4
 295 0002 0AE0     		b	.L23
 296              	.LVL28:
 297              	.L21:
 165:Middlewares/Third_Party/LwIP/src/core/def.c ****   char c1, c2;
 166:Middlewares/Third_Party/LwIP/src/core/def.c **** 
 167:Middlewares/Third_Party/LwIP/src/core/def.c ****   do {
 168:Middlewares/Third_Party/LwIP/src/core/def.c ****     c1 = *str1++;
 169:Middlewares/Third_Party/LwIP/src/core/def.c ****     c2 = *str2++;
 170:Middlewares/Third_Party/LwIP/src/core/def.c ****     if (c1 != c2) {
 171:Middlewares/Third_Party/LwIP/src/core/def.c ****       char c1_upc = c1 | 0x20;
 172:Middlewares/Third_Party/LwIP/src/core/def.c ****       if ((c1_upc >= 'a') && (c1_upc <= 'z')) {
 173:Middlewares/Third_Party/LwIP/src/core/def.c ****         /* characters are not equal an one is in the alphabet range:
 174:Middlewares/Third_Party/LwIP/src/core/def.c ****         downcase both chars and check again */
 175:Middlewares/Third_Party/LwIP/src/core/def.c ****         char c2_upc = c2 | 0x20;
 176:Middlewares/Third_Party/LwIP/src/core/def.c ****         if (c1_upc != c2_upc) {
 177:Middlewares/Third_Party/LwIP/src/core/def.c ****           /* still not equal */
 178:Middlewares/Third_Party/LwIP/src/core/def.c ****           /* don't care for < or > */
 179:Middlewares/Third_Party/LwIP/src/core/def.c ****           return 1;
 180:Middlewares/Third_Party/LwIP/src/core/def.c ****         }
 181:Middlewares/Third_Party/LwIP/src/core/def.c ****       } else {
 182:Middlewares/Third_Party/LwIP/src/core/def.c ****         /* characters are not equal but none is in the alphabet range */
 183:Middlewares/Third_Party/LwIP/src/core/def.c ****         return 1;
 184:Middlewares/Third_Party/LwIP/src/core/def.c ****       }
 185:Middlewares/Third_Party/LwIP/src/core/def.c ****     }
 186:Middlewares/Third_Party/LwIP/src/core/def.c ****     len--;
 298              		.loc 1 186 5 is_stmt 1 view .LVU66
 187:Middlewares/Third_Party/LwIP/src/core/def.c ****   } while ((len != 0) && (c1 != 0));
 299              		.loc 1 187 11 view .LVU67
 300              		.loc 1 187 17 is_stmt 0 view .LVU68
 301 0004 013A     		subs	r2, r2, #1
 302              	.LVL29:
 303              		.loc 1 187 17 view .LVU69
 304 0006 14BF     		ite	ne
 305 0008 0123     		movne	r3, #1
 306 000a 0023     		moveq	r3, #0
 307              		.loc 1 187 23 view .LVU70
 308 000c BCF1000F 		cmp	ip, #0
 309 0010 0CBF     		ite	eq
 310 0012 0023     		moveq	r3, #0
ARM GAS  /var/folders/bg/n1lwdyp56391g865_v8nrmhm0000gn/T//ccMT52FF.s 			page 10


 311 0014 03F00103 		andne	r3, r3, #1
 312              		.loc 1 187 3 view .LVU71
 313 0018 ABB1     		cbz	r3, .L27
 314              	.LVL30:
 315              	.L23:
 165:Middlewares/Third_Party/LwIP/src/core/def.c ****   char c1, c2;
 316              		.loc 1 165 3 is_stmt 1 view .LVU72
 167:Middlewares/Third_Party/LwIP/src/core/def.c ****     c1 = *str1++;
 317              		.loc 1 167 3 view .LVU73
 168:Middlewares/Third_Party/LwIP/src/core/def.c ****     c2 = *str2++;
 318              		.loc 1 168 5 view .LVU74
 168:Middlewares/Third_Party/LwIP/src/core/def.c ****     c2 = *str2++;
 319              		.loc 1 168 8 is_stmt 0 view .LVU75
 320 001a 90F800C0 		ldrb	ip, [r0]	@ zero_extendqisi2
 321 001e 0130     		adds	r0, r0, #1
 322              	.LVL31:
 169:Middlewares/Third_Party/LwIP/src/core/def.c ****     if (c1 != c2) {
 323              		.loc 1 169 5 is_stmt 1 view .LVU76
 169:Middlewares/Third_Party/LwIP/src/core/def.c ****     if (c1 != c2) {
 324              		.loc 1 169 8 is_stmt 0 view .LVU77
 325 0020 0B78     		ldrb	r3, [r1]	@ zero_extendqisi2
 326 0022 0131     		adds	r1, r1, #1
 327              	.LVL32:
 170:Middlewares/Third_Party/LwIP/src/core/def.c ****       char c1_upc = c1 | 0x20;
 328              		.loc 1 170 5 is_stmt 1 view .LVU78
 170:Middlewares/Third_Party/LwIP/src/core/def.c ****       char c1_upc = c1 | 0x20;
 329              		.loc 1 170 8 is_stmt 0 view .LVU79
 330 0024 9C45     		cmp	ip, r3
 331 0026 EDD0     		beq	.L21
 332              	.LBB5:
 171:Middlewares/Third_Party/LwIP/src/core/def.c ****       if ((c1_upc >= 'a') && (c1_upc <= 'z')) {
 333              		.loc 1 171 7 is_stmt 1 view .LVU80
 171:Middlewares/Third_Party/LwIP/src/core/def.c ****       if ((c1_upc >= 'a') && (c1_upc <= 'z')) {
 334              		.loc 1 171 12 is_stmt 0 view .LVU81
 335 0028 4CF02004 		orr	r4, ip, #32
 336              	.LVL33:
 172:Middlewares/Third_Party/LwIP/src/core/def.c ****         /* characters are not equal an one is in the alphabet range:
 337              		.loc 1 172 7 is_stmt 1 view .LVU82
 172:Middlewares/Third_Party/LwIP/src/core/def.c ****         /* characters are not equal an one is in the alphabet range:
 338              		.loc 1 172 27 is_stmt 0 view .LVU83
 339 002c A4F1610E 		sub	lr, r4, #97
 340 0030 5FFA8EFE 		uxtb	lr, lr
 172:Middlewares/Third_Party/LwIP/src/core/def.c ****         /* characters are not equal an one is in the alphabet range:
 341              		.loc 1 172 10 view .LVU84
 342 0034 BEF1190F 		cmp	lr, #25
 343 0038 07D8     		bhi	.L24
 344              	.LBB6:
 175:Middlewares/Third_Party/LwIP/src/core/def.c ****         if (c1_upc != c2_upc) {
 345              		.loc 1 175 9 is_stmt 1 view .LVU85
 175:Middlewares/Third_Party/LwIP/src/core/def.c ****         if (c1_upc != c2_upc) {
 346              		.loc 1 175 14 is_stmt 0 view .LVU86
 347 003a 43F02003 		orr	r3, r3, #32
 348              	.LVL34:
 176:Middlewares/Third_Party/LwIP/src/core/def.c ****           /* still not equal */
 349              		.loc 1 176 9 is_stmt 1 view .LVU87
 176:Middlewares/Third_Party/LwIP/src/core/def.c ****           /* still not equal */
 350              		.loc 1 176 12 is_stmt 0 view .LVU88
ARM GAS  /var/folders/bg/n1lwdyp56391g865_v8nrmhm0000gn/T//ccMT52FF.s 			page 11


 351 003e 9C42     		cmp	r4, r3
 352 0040 E0D0     		beq	.L21
 179:Middlewares/Third_Party/LwIP/src/core/def.c ****         }
 353              		.loc 1 179 18 view .LVU89
 354 0042 0120     		movs	r0, #1
 355              	.LVL35:
 179:Middlewares/Third_Party/LwIP/src/core/def.c ****         }
 356              		.loc 1 179 18 view .LVU90
 357 0044 00E0     		b	.L20
 358              	.LVL36:
 359              	.L27:
 179:Middlewares/Third_Party/LwIP/src/core/def.c ****         }
 360              		.loc 1 179 18 view .LVU91
 361              	.LBE6:
 362              	.LBE5:
 188:Middlewares/Third_Party/LwIP/src/core/def.c ****   return 0;
 363              		.loc 1 188 10 view .LVU92
 364 0046 0020     		movs	r0, #0
 365              	.LVL37:
 366              	.L20:
 189:Middlewares/Third_Party/LwIP/src/core/def.c **** }
 367              		.loc 1 189 1 view .LVU93
 368 0048 10BD     		pop	{r4, pc}
 369              	.LVL38:
 370              	.L24:
 371              	.LBB7:
 183:Middlewares/Third_Party/LwIP/src/core/def.c ****       }
 372              		.loc 1 183 16 view .LVU94
 373 004a 0120     		movs	r0, #1
 374              	.LVL39:
 183:Middlewares/Third_Party/LwIP/src/core/def.c ****       }
 375              		.loc 1 183 16 view .LVU95
 376 004c FCE7     		b	.L20
 377              	.LBE7:
 378              		.cfi_endproc
 379              	.LFE171:
 381              		.section	.text.lwip_itoa,"ax",%progbits
 382              		.align	1
 383              		.global	lwip_itoa
 384              		.syntax unified
 385              		.thumb
 386              		.thumb_func
 387              		.fpu fpv5-d16
 389              	lwip_itoa:
 390              	.LVL40:
 391              	.LFB172:
 190:Middlewares/Third_Party/LwIP/src/core/def.c **** #endif
 191:Middlewares/Third_Party/LwIP/src/core/def.c **** 
 192:Middlewares/Third_Party/LwIP/src/core/def.c **** #ifndef lwip_itoa
 193:Middlewares/Third_Party/LwIP/src/core/def.c **** /**
 194:Middlewares/Third_Party/LwIP/src/core/def.c ****  * @ingroup sys_nonstandard
 195:Middlewares/Third_Party/LwIP/src/core/def.c ****  * lwIP default implementation for itoa() non-standard function.
 196:Middlewares/Third_Party/LwIP/src/core/def.c ****  * This can be \#defined to itoa() or snprintf(result, bufsize, "%d", number) depending on your pla
 197:Middlewares/Third_Party/LwIP/src/core/def.c ****  */
 198:Middlewares/Third_Party/LwIP/src/core/def.c **** void
 199:Middlewares/Third_Party/LwIP/src/core/def.c **** lwip_itoa(char *result, size_t bufsize, int number)
 200:Middlewares/Third_Party/LwIP/src/core/def.c **** {
ARM GAS  /var/folders/bg/n1lwdyp56391g865_v8nrmhm0000gn/T//ccMT52FF.s 			page 12


 392              		.loc 1 200 1 is_stmt 1 view -0
 393              		.cfi_startproc
 394              		@ args = 0, pretend = 0, frame = 0
 395              		@ frame_needed = 0, uses_anonymous_args = 0
 396              		.loc 1 200 1 is_stmt 0 view .LVU97
 397 0000 10B5     		push	{r4, lr}
 398              	.LCFI3:
 399              		.cfi_def_cfa_offset 8
 400              		.cfi_offset 4, -8
 401              		.cfi_offset 14, -4
 402 0002 8446     		mov	ip, r0
 403 0004 8E46     		mov	lr, r1
 201:Middlewares/Third_Party/LwIP/src/core/def.c ****   char *res = result;
 404              		.loc 1 201 3 is_stmt 1 view .LVU98
 405              	.LVL41:
 202:Middlewares/Third_Party/LwIP/src/core/def.c ****   char *tmp = result + bufsize - 1;
 406              		.loc 1 202 3 view .LVU99
 407              		.loc 1 202 32 is_stmt 0 view .LVU100
 408 0006 4B1E     		subs	r3, r1, #1
 409              		.loc 1 202 9 view .LVU101
 410 0008 C118     		adds	r1, r0, r3
 411              	.LVL42:
 203:Middlewares/Third_Party/LwIP/src/core/def.c ****   int n = (number >= 0) ? number : -number;
 412              		.loc 1 203 3 is_stmt 1 view .LVU102
 413              		.loc 1 203 7 is_stmt 0 view .LVU103
 414 000a 82EAE274 		eor	r4, r2, r2, asr #31
 415 000e A4EBE274 		sub	r4, r4, r2, asr #31
 416              	.LVL43:
 204:Middlewares/Third_Party/LwIP/src/core/def.c **** 
 205:Middlewares/Third_Party/LwIP/src/core/def.c ****   /* handle invalid bufsize */
 206:Middlewares/Third_Party/LwIP/src/core/def.c ****   if (bufsize < 2) {
 417              		.loc 1 206 3 is_stmt 1 view .LVU104
 418              		.loc 1 206 6 is_stmt 0 view .LVU105
 419 0012 BEF1010F 		cmp	lr, #1
 420 0016 05D9     		bls	.L39
 207:Middlewares/Third_Party/LwIP/src/core/def.c ****     if (bufsize == 1) {
 208:Middlewares/Third_Party/LwIP/src/core/def.c ****       *result = 0;
 209:Middlewares/Third_Party/LwIP/src/core/def.c ****     }
 210:Middlewares/Third_Party/LwIP/src/core/def.c ****     return;
 211:Middlewares/Third_Party/LwIP/src/core/def.c ****   }
 212:Middlewares/Third_Party/LwIP/src/core/def.c **** 
 213:Middlewares/Third_Party/LwIP/src/core/def.c ****   /* First, add sign */
 214:Middlewares/Third_Party/LwIP/src/core/def.c ****   if (number < 0) {
 421              		.loc 1 214 3 is_stmt 1 view .LVU106
 422              		.loc 1 214 6 is_stmt 0 view .LVU107
 423 0018 002A     		cmp	r2, #0
 424 001a 07DB     		blt	.L40
 425              	.LVL44:
 426              	.L32:
 215:Middlewares/Third_Party/LwIP/src/core/def.c ****     *res++ = '-';
 216:Middlewares/Third_Party/LwIP/src/core/def.c ****   }
 217:Middlewares/Third_Party/LwIP/src/core/def.c ****   /* Then create the string from the end and stop if buffer full,
 218:Middlewares/Third_Party/LwIP/src/core/def.c ****      and ensure output string is zero terminated */
 219:Middlewares/Third_Party/LwIP/src/core/def.c ****   *tmp = 0;
 427              		.loc 1 219 3 is_stmt 1 view .LVU108
 428              		.loc 1 219 8 is_stmt 0 view .LVU109
 429 001c 0022     		movs	r2, #0
ARM GAS  /var/folders/bg/n1lwdyp56391g865_v8nrmhm0000gn/T//ccMT52FF.s 			page 13


 430 001e 0CF80320 		strb	r2, [ip, r3]
 220:Middlewares/Third_Party/LwIP/src/core/def.c ****   while ((n != 0) && (tmp > res)) {
 431              		.loc 1 220 3 is_stmt 1 view .LVU110
 432              		.loc 1 220 9 is_stmt 0 view .LVU111
 433 0022 17E0     		b	.L33
 434              	.LVL45:
 435              	.L39:
 207:Middlewares/Third_Party/LwIP/src/core/def.c ****     if (bufsize == 1) {
 436              		.loc 1 207 5 is_stmt 1 view .LVU112
 207:Middlewares/Third_Party/LwIP/src/core/def.c ****     if (bufsize == 1) {
 437              		.loc 1 207 8 is_stmt 0 view .LVU113
 438 0024 25D1     		bne	.L28
 208:Middlewares/Third_Party/LwIP/src/core/def.c ****     }
 439              		.loc 1 208 7 is_stmt 1 view .LVU114
 208:Middlewares/Third_Party/LwIP/src/core/def.c ****     }
 440              		.loc 1 208 15 is_stmt 0 view .LVU115
 441 0026 0023     		movs	r3, #0
 442 0028 0370     		strb	r3, [r0]
 210:Middlewares/Third_Party/LwIP/src/core/def.c ****   }
 443              		.loc 1 210 5 is_stmt 1 view .LVU116
 444 002a 22E0     		b	.L28
 445              	.L40:
 215:Middlewares/Third_Party/LwIP/src/core/def.c ****   }
 446              		.loc 1 215 5 view .LVU117
 447              	.LVL46:
 215:Middlewares/Third_Party/LwIP/src/core/def.c ****   }
 448              		.loc 1 215 12 is_stmt 0 view .LVU118
 449 002c 2D22     		movs	r2, #45
 450              	.LVL47:
 215:Middlewares/Third_Party/LwIP/src/core/def.c ****   }
 451              		.loc 1 215 12 view .LVU119
 452 002e 00F8012B 		strb	r2, [r0], #1
 453              	.LVL48:
 215:Middlewares/Third_Party/LwIP/src/core/def.c ****   }
 454              		.loc 1 215 12 view .LVU120
 455 0032 F3E7     		b	.L32
 456              	.L34:
 457              	.LBB8:
 221:Middlewares/Third_Party/LwIP/src/core/def.c ****     char val = (char)('0' + (n % 10));
 458              		.loc 1 221 5 is_stmt 1 view .LVU121
 459              		.loc 1 221 32 is_stmt 0 view .LVU122
 460 0034 124A     		ldr	r2, .L42
 461 0036 82FB0432 		smull	r3, r2, r2, r4
 462 003a E317     		asrs	r3, r4, #31
 463 003c C3EBA203 		rsb	r3, r3, r2, asr #2
 464 0040 1A46     		mov	r2, r3
 465 0042 03EB8303 		add	r3, r3, r3, lsl #2
 466 0046 A4EB4303 		sub	r3, r4, r3, lsl #1
 467              		.loc 1 221 16 view .LVU123
 468 004a DBB2     		uxtb	r3, r3
 469              		.loc 1 221 10 view .LVU124
 470 004c 3033     		adds	r3, r3, #48
 471              	.LVL49:
 222:Middlewares/Third_Party/LwIP/src/core/def.c ****     tmp--;
 472              		.loc 1 222 5 is_stmt 1 view .LVU125
 223:Middlewares/Third_Party/LwIP/src/core/def.c ****     *tmp = val;
 473              		.loc 1 223 5 view .LVU126
ARM GAS  /var/folders/bg/n1lwdyp56391g865_v8nrmhm0000gn/T//ccMT52FF.s 			page 14


 474              		.loc 1 223 10 is_stmt 0 view .LVU127
 475 004e 01F8013D 		strb	r3, [r1, #-1]!
 476              	.LVL50:
 224:Middlewares/Third_Party/LwIP/src/core/def.c ****     n = n / 10;
 477              		.loc 1 224 5 is_stmt 1 view .LVU128
 478              		.loc 1 224 7 is_stmt 0 view .LVU129
 479 0052 1446     		mov	r4, r2
 480              	.LVL51:
 481              	.L33:
 482              		.loc 1 224 7 view .LVU130
 483              	.LBE8:
 220:Middlewares/Third_Party/LwIP/src/core/def.c ****     char val = (char)('0' + (n % 10));
 484              		.loc 1 220 9 is_stmt 1 view .LVU131
 485 0054 002C     		cmp	r4, #0
 486 0056 18BF     		it	ne
 487 0058 8842     		cmpne	r0, r1
 488 005a EBD3     		bcc	.L34
 225:Middlewares/Third_Party/LwIP/src/core/def.c ****   }
 226:Middlewares/Third_Party/LwIP/src/core/def.c ****   if (n) {
 489              		.loc 1 226 3 view .LVU132
 490              		.loc 1 226 6 is_stmt 0 view .LVU133
 491 005c 34B9     		cbnz	r4, .L41
 227:Middlewares/Third_Party/LwIP/src/core/def.c ****     /* buffer is too small */
 228:Middlewares/Third_Party/LwIP/src/core/def.c ****     *result = 0;
 229:Middlewares/Third_Party/LwIP/src/core/def.c ****     return;
 230:Middlewares/Third_Party/LwIP/src/core/def.c ****   }
 231:Middlewares/Third_Party/LwIP/src/core/def.c ****   if (*tmp == 0) {
 492              		.loc 1 231 3 is_stmt 1 view .LVU134
 493              		.loc 1 231 7 is_stmt 0 view .LVU135
 494 005e 0B78     		ldrb	r3, [r1]	@ zero_extendqisi2
 495              		.loc 1 231 6 view .LVU136
 496 0060 43B9     		cbnz	r3, .L36
 232:Middlewares/Third_Party/LwIP/src/core/def.c ****     /* Nothing added? */
 233:Middlewares/Third_Party/LwIP/src/core/def.c ****     *res++ = '0';
 497              		.loc 1 233 5 is_stmt 1 view .LVU137
 498              	.LVL52:
 499              		.loc 1 233 12 is_stmt 0 view .LVU138
 500 0062 3023     		movs	r3, #48
 501 0064 0370     		strb	r3, [r0]
 234:Middlewares/Third_Party/LwIP/src/core/def.c ****     *res++ = 0;
 502              		.loc 1 234 5 is_stmt 1 view .LVU139
 503              	.LVL53:
 504              		.loc 1 234 12 is_stmt 0 view .LVU140
 505 0066 0023     		movs	r3, #0
 506 0068 4370     		strb	r3, [r0, #1]
 235:Middlewares/Third_Party/LwIP/src/core/def.c ****     return;
 507              		.loc 1 235 5 is_stmt 1 view .LVU141
 508 006a 02E0     		b	.L28
 509              	.LVL54:
 510              	.L41:
 228:Middlewares/Third_Party/LwIP/src/core/def.c ****     return;
 511              		.loc 1 228 5 view .LVU142
 228:Middlewares/Third_Party/LwIP/src/core/def.c ****     return;
 512              		.loc 1 228 13 is_stmt 0 view .LVU143
 513 006c 0023     		movs	r3, #0
 514 006e 8CF80030 		strb	r3, [ip]
 229:Middlewares/Third_Party/LwIP/src/core/def.c ****   }
ARM GAS  /var/folders/bg/n1lwdyp56391g865_v8nrmhm0000gn/T//ccMT52FF.s 			page 15


 515              		.loc 1 229 5 is_stmt 1 view .LVU144
 516              	.LVL55:
 517              	.L28:
 236:Middlewares/Third_Party/LwIP/src/core/def.c ****   }
 237:Middlewares/Third_Party/LwIP/src/core/def.c ****   /* move from temporary buffer to output buffer (sign is not moved) */
 238:Middlewares/Third_Party/LwIP/src/core/def.c ****   memmove(res, tmp, (size_t)((result + bufsize) - tmp));
 239:Middlewares/Third_Party/LwIP/src/core/def.c **** }
 518              		.loc 1 239 1 is_stmt 0 view .LVU145
 519 0072 10BD     		pop	{r4, pc}
 520              	.LVL56:
 521              	.L36:
 238:Middlewares/Third_Party/LwIP/src/core/def.c **** }
 522              		.loc 1 238 3 is_stmt 1 view .LVU146
 238:Middlewares/Third_Party/LwIP/src/core/def.c **** }
 523              		.loc 1 238 38 is_stmt 0 view .LVU147
 524 0074 0CEB0E02 		add	r2, ip, lr
 238:Middlewares/Third_Party/LwIP/src/core/def.c **** }
 525              		.loc 1 238 3 view .LVU148
 526 0078 521A     		subs	r2, r2, r1
 527 007a FFF7FEFF 		bl	memmove
 528              	.LVL57:
 238:Middlewares/Third_Party/LwIP/src/core/def.c **** }
 529              		.loc 1 238 3 view .LVU149
 530 007e F8E7     		b	.L28
 531              	.L43:
 532              		.align	2
 533              	.L42:
 534 0080 67666666 		.word	1717986919
 535              		.cfi_endproc
 536              	.LFE172:
 538              		.text
 539              	.Letext0:
 540              		.file 2 "/opt/homebrew/Cellar/arm-none-eabi-gcc/10.3-2021.07/gcc/arm-none-eabi/include/machine/_de
 541              		.file 3 "/opt/homebrew/Cellar/arm-none-eabi-gcc/10.3-2021.07/gcc/arm-none-eabi/include/sys/_stdint
 542              		.file 4 "/opt/homebrew/Cellar/arm-none-eabi-gcc/10.3-2021.07/gcc/lib/gcc/arm-none-eabi/10.3.1/incl
 543              		.file 5 "Middlewares/Third_Party/LwIP/src/include/lwip/arch.h"
 544              		.file 6 "/opt/homebrew/Cellar/arm-none-eabi-gcc/10.3-2021.07/gcc/arm-none-eabi/include/string.h"
ARM GAS  /var/folders/bg/n1lwdyp56391g865_v8nrmhm0000gn/T//ccMT52FF.s 			page 16


DEFINED SYMBOLS
                            *ABS*:0000000000000000 def.c
/var/folders/bg/n1lwdyp56391g865_v8nrmhm0000gn/T//ccMT52FF.s:17     .text.lwip_htons:0000000000000000 $t
/var/folders/bg/n1lwdyp56391g865_v8nrmhm0000gn/T//ccMT52FF.s:25     .text.lwip_htons:0000000000000000 lwip_htons
/var/folders/bg/n1lwdyp56391g865_v8nrmhm0000gn/T//ccMT52FF.s:46     .text.lwip_htonl:0000000000000000 $t
/var/folders/bg/n1lwdyp56391g865_v8nrmhm0000gn/T//ccMT52FF.s:53     .text.lwip_htonl:0000000000000000 lwip_htonl
/var/folders/bg/n1lwdyp56391g865_v8nrmhm0000gn/T//ccMT52FF.s:78     .text.lwip_strnstr:0000000000000000 $t
/var/folders/bg/n1lwdyp56391g865_v8nrmhm0000gn/T//ccMT52FF.s:85     .text.lwip_strnstr:0000000000000000 lwip_strnstr
/var/folders/bg/n1lwdyp56391g865_v8nrmhm0000gn/T//ccMT52FF.s:182    .text.lwip_stricmp:0000000000000000 $t
/var/folders/bg/n1lwdyp56391g865_v8nrmhm0000gn/T//ccMT52FF.s:189    .text.lwip_stricmp:0000000000000000 lwip_stricmp
/var/folders/bg/n1lwdyp56391g865_v8nrmhm0000gn/T//ccMT52FF.s:275    .text.lwip_strnicmp:0000000000000000 $t
/var/folders/bg/n1lwdyp56391g865_v8nrmhm0000gn/T//ccMT52FF.s:282    .text.lwip_strnicmp:0000000000000000 lwip_strnicmp
/var/folders/bg/n1lwdyp56391g865_v8nrmhm0000gn/T//ccMT52FF.s:382    .text.lwip_itoa:0000000000000000 $t
/var/folders/bg/n1lwdyp56391g865_v8nrmhm0000gn/T//ccMT52FF.s:389    .text.lwip_itoa:0000000000000000 lwip_itoa
/var/folders/bg/n1lwdyp56391g865_v8nrmhm0000gn/T//ccMT52FF.s:534    .text.lwip_itoa:0000000000000080 $d

UNDEFINED SYMBOLS
strlen
strncmp
memmove
