ARM GAS  /var/folders/bg/n1lwdyp56391g865_v8nrmhm0000gn/T//ccdRyeOG.s 			page 1


   1              		.cpu cortex-m7
   2              		.eabi_attribute 28, 1
   3              		.eabi_attribute 20, 1
   4              		.eabi_attribute 21, 1
   5              		.eabi_attribute 23, 3
   6              		.eabi_attribute 24, 1
   7              		.eabi_attribute 25, 1
   8              		.eabi_attribute 26, 1
   9              		.eabi_attribute 30, 1
  10              		.eabi_attribute 34, 1
  11              		.eabi_attribute 18, 4
  12              		.file	"ip.c"
  13              		.text
  14              	.Ltext0:
  15              		.cfi_sections	.debug_frame
  16              		.global	ip_data
  17              		.section	.bss.ip_data,"aw",%nobits
  18              		.align	2
  21              	ip_data:
  22 0000 00000000 		.space	24
  22      00000000 
  22      00000000 
  22      00000000 
  22      00000000 
  23              		.text
  24              	.Letext0:
  25              		.file 1 "/opt/homebrew/Cellar/arm-none-eabi-gcc/10.3-2021.07/gcc/arm-none-eabi/include/machine/_de
  26              		.file 2 "/opt/homebrew/Cellar/arm-none-eabi-gcc/10.3-2021.07/gcc/arm-none-eabi/include/sys/_stdint
  27              		.file 3 "Middlewares/Third_Party/LwIP/src/include/lwip/arch.h"
  28              		.file 4 "Middlewares/Third_Party/LwIP/src/include/lwip/ip4_addr.h"
  29              		.file 5 "Middlewares/Third_Party/LwIP/src/include/lwip/ip_addr.h"
  30              		.file 6 "Middlewares/Third_Party/LwIP/src/include/lwip/err.h"
  31              		.file 7 "Middlewares/Third_Party/LwIP/src/include/lwip/pbuf.h"
  32              		.file 8 "Middlewares/Third_Party/LwIP/src/include/lwip/netif.h"
  33              		.file 9 "Middlewares/Third_Party/LwIP/src/include/lwip/prot/ip4.h"
  34              		.file 10 "Middlewares/Third_Party/LwIP/src/include/lwip/ip.h"
  35              		.file 11 "Middlewares/Third_Party/LwIP/src/include/lwip/memp.h"
  36              		.file 12 "Middlewares/Third_Party/LwIP/src/core/ip.c"
ARM GAS  /var/folders/bg/n1lwdyp56391g865_v8nrmhm0000gn/T//ccdRyeOG.s 			page 2


DEFINED SYMBOLS
                            *ABS*:0000000000000000 ip.c
/var/folders/bg/n1lwdyp56391g865_v8nrmhm0000gn/T//ccdRyeOG.s:21     .bss.ip_data:0000000000000000 ip_data
/var/folders/bg/n1lwdyp56391g865_v8nrmhm0000gn/T//ccdRyeOG.s:18     .bss.ip_data:0000000000000000 $d

NO UNDEFINED SYMBOLS
