ARM GAS  /var/folders/bg/n1lwdyp56391g865_v8nrmhm0000gn/T//cckt2EW0.s 			page 1


   1              		.cpu cortex-m7
   2              		.eabi_attribute 28, 1
   3              		.eabi_attribute 20, 1
   4              		.eabi_attribute 21, 1
   5              		.eabi_attribute 23, 3
   6              		.eabi_attribute 24, 1
   7              		.eabi_attribute 25, 1
   8              		.eabi_attribute 26, 1
   9              		.eabi_attribute 30, 1
  10              		.eabi_attribute 34, 1
  11              		.eabi_attribute 18, 4
  12              		.file	"ip4_addr.c"
  13              		.text
  14              	.Ltext0:
  15              		.cfi_sections	.debug_frame
  16              		.section	.text.ip4_addr_isbroadcast_u32,"ax",%progbits
  17              		.align	1
  18              		.global	ip4_addr_isbroadcast_u32
  19              		.arch armv7e-m
  20              		.syntax unified
  21              		.thumb
  22              		.thumb_func
  23              		.fpu fpv5-d16
  25              	ip4_addr_isbroadcast_u32:
  26              	.LVL0:
  27              	.LFB167:
  28              		.file 1 "Middlewares/Third_Party/LwIP/src/core/ipv4/ip4_addr.c"
   1:Middlewares/Third_Party/LwIP/src/core/ipv4/ip4_addr.c **** /**
   2:Middlewares/Third_Party/LwIP/src/core/ipv4/ip4_addr.c ****  * @file
   3:Middlewares/Third_Party/LwIP/src/core/ipv4/ip4_addr.c ****  * This is the IPv4 address tools implementation.
   4:Middlewares/Third_Party/LwIP/src/core/ipv4/ip4_addr.c ****  *
   5:Middlewares/Third_Party/LwIP/src/core/ipv4/ip4_addr.c ****  */
   6:Middlewares/Third_Party/LwIP/src/core/ipv4/ip4_addr.c **** 
   7:Middlewares/Third_Party/LwIP/src/core/ipv4/ip4_addr.c **** /*
   8:Middlewares/Third_Party/LwIP/src/core/ipv4/ip4_addr.c ****  * Copyright (c) 2001-2004 Swedish Institute of Computer Science.
   9:Middlewares/Third_Party/LwIP/src/core/ipv4/ip4_addr.c ****  * All rights reserved.
  10:Middlewares/Third_Party/LwIP/src/core/ipv4/ip4_addr.c ****  *
  11:Middlewares/Third_Party/LwIP/src/core/ipv4/ip4_addr.c ****  * Redistribution and use in source and binary forms, with or without modification,
  12:Middlewares/Third_Party/LwIP/src/core/ipv4/ip4_addr.c ****  * are permitted provided that the following conditions are met:
  13:Middlewares/Third_Party/LwIP/src/core/ipv4/ip4_addr.c ****  *
  14:Middlewares/Third_Party/LwIP/src/core/ipv4/ip4_addr.c ****  * 1. Redistributions of source code must retain the above copyright notice,
  15:Middlewares/Third_Party/LwIP/src/core/ipv4/ip4_addr.c ****  *    this list of conditions and the following disclaimer.
  16:Middlewares/Third_Party/LwIP/src/core/ipv4/ip4_addr.c ****  * 2. Redistributions in binary form must reproduce the above copyright notice,
  17:Middlewares/Third_Party/LwIP/src/core/ipv4/ip4_addr.c ****  *    this list of conditions and the following disclaimer in the documentation
  18:Middlewares/Third_Party/LwIP/src/core/ipv4/ip4_addr.c ****  *    and/or other materials provided with the distribution.
  19:Middlewares/Third_Party/LwIP/src/core/ipv4/ip4_addr.c ****  * 3. The name of the author may not be used to endorse or promote products
  20:Middlewares/Third_Party/LwIP/src/core/ipv4/ip4_addr.c ****  *    derived from this software without specific prior written permission.
  21:Middlewares/Third_Party/LwIP/src/core/ipv4/ip4_addr.c ****  *
  22:Middlewares/Third_Party/LwIP/src/core/ipv4/ip4_addr.c ****  * THIS SOFTWARE IS PROVIDED BY THE AUTHOR ``AS IS'' AND ANY EXPRESS OR IMPLIED
  23:Middlewares/Third_Party/LwIP/src/core/ipv4/ip4_addr.c ****  * WARRANTIES, INCLUDING, BUT NOT LIMITED TO, THE IMPLIED WARRANTIES OF
  24:Middlewares/Third_Party/LwIP/src/core/ipv4/ip4_addr.c ****  * MERCHANTABILITY AND FITNESS FOR A PARTICULAR PURPOSE ARE DISCLAIMED. IN NO EVENT
  25:Middlewares/Third_Party/LwIP/src/core/ipv4/ip4_addr.c ****  * SHALL THE AUTHOR BE LIABLE FOR ANY DIRECT, INDIRECT, INCIDENTAL, SPECIAL,
  26:Middlewares/Third_Party/LwIP/src/core/ipv4/ip4_addr.c ****  * EXEMPLARY, OR CONSEQUENTIAL DAMAGES (INCLUDING, BUT NOT LIMITED TO, PROCUREMENT
  27:Middlewares/Third_Party/LwIP/src/core/ipv4/ip4_addr.c ****  * OF SUBSTITUTE GOODS OR SERVICES; LOSS OF USE, DATA, OR PROFITS; OR BUSINESS
  28:Middlewares/Third_Party/LwIP/src/core/ipv4/ip4_addr.c ****  * INTERRUPTION) HOWEVER CAUSED AND ON ANY THEORY OF LIABILITY, WHETHER IN
  29:Middlewares/Third_Party/LwIP/src/core/ipv4/ip4_addr.c ****  * CONTRACT, STRICT LIABILITY, OR TORT (INCLUDING NEGLIGENCE OR OTHERWISE) ARISING
  30:Middlewares/Third_Party/LwIP/src/core/ipv4/ip4_addr.c ****  * IN ANY WAY OUT OF THE USE OF THIS SOFTWARE, EVEN IF ADVISED OF THE POSSIBILITY
ARM GAS  /var/folders/bg/n1lwdyp56391g865_v8nrmhm0000gn/T//cckt2EW0.s 			page 2


  31:Middlewares/Third_Party/LwIP/src/core/ipv4/ip4_addr.c ****  * OF SUCH DAMAGE.
  32:Middlewares/Third_Party/LwIP/src/core/ipv4/ip4_addr.c ****  *
  33:Middlewares/Third_Party/LwIP/src/core/ipv4/ip4_addr.c ****  * This file is part of the lwIP TCP/IP stack.
  34:Middlewares/Third_Party/LwIP/src/core/ipv4/ip4_addr.c ****  *
  35:Middlewares/Third_Party/LwIP/src/core/ipv4/ip4_addr.c ****  * Author: Adam Dunkels <adam@sics.se>
  36:Middlewares/Third_Party/LwIP/src/core/ipv4/ip4_addr.c ****  *
  37:Middlewares/Third_Party/LwIP/src/core/ipv4/ip4_addr.c ****  */
  38:Middlewares/Third_Party/LwIP/src/core/ipv4/ip4_addr.c **** 
  39:Middlewares/Third_Party/LwIP/src/core/ipv4/ip4_addr.c **** #include "lwip/opt.h"
  40:Middlewares/Third_Party/LwIP/src/core/ipv4/ip4_addr.c **** 
  41:Middlewares/Third_Party/LwIP/src/core/ipv4/ip4_addr.c **** #if LWIP_IPV4
  42:Middlewares/Third_Party/LwIP/src/core/ipv4/ip4_addr.c **** 
  43:Middlewares/Third_Party/LwIP/src/core/ipv4/ip4_addr.c **** #include "lwip/ip_addr.h"
  44:Middlewares/Third_Party/LwIP/src/core/ipv4/ip4_addr.c **** #include "lwip/netif.h"
  45:Middlewares/Third_Party/LwIP/src/core/ipv4/ip4_addr.c **** 
  46:Middlewares/Third_Party/LwIP/src/core/ipv4/ip4_addr.c **** /* used by IP4_ADDR_ANY and IP_ADDR_BROADCAST in ip_addr.h */
  47:Middlewares/Third_Party/LwIP/src/core/ipv4/ip4_addr.c **** const ip_addr_t ip_addr_any = IPADDR4_INIT(IPADDR_ANY);
  48:Middlewares/Third_Party/LwIP/src/core/ipv4/ip4_addr.c **** const ip_addr_t ip_addr_broadcast = IPADDR4_INIT(IPADDR_BROADCAST);
  49:Middlewares/Third_Party/LwIP/src/core/ipv4/ip4_addr.c **** 
  50:Middlewares/Third_Party/LwIP/src/core/ipv4/ip4_addr.c **** /**
  51:Middlewares/Third_Party/LwIP/src/core/ipv4/ip4_addr.c ****  * Determine if an address is a broadcast address on a network interface
  52:Middlewares/Third_Party/LwIP/src/core/ipv4/ip4_addr.c ****  *
  53:Middlewares/Third_Party/LwIP/src/core/ipv4/ip4_addr.c ****  * @param addr address to be checked
  54:Middlewares/Third_Party/LwIP/src/core/ipv4/ip4_addr.c ****  * @param netif the network interface against which the address is checked
  55:Middlewares/Third_Party/LwIP/src/core/ipv4/ip4_addr.c ****  * @return returns non-zero if the address is a broadcast address
  56:Middlewares/Third_Party/LwIP/src/core/ipv4/ip4_addr.c ****  */
  57:Middlewares/Third_Party/LwIP/src/core/ipv4/ip4_addr.c **** u8_t
  58:Middlewares/Third_Party/LwIP/src/core/ipv4/ip4_addr.c **** ip4_addr_isbroadcast_u32(u32_t addr, const struct netif *netif)
  59:Middlewares/Third_Party/LwIP/src/core/ipv4/ip4_addr.c **** {
  29              		.loc 1 59 1 view -0
  30              		.cfi_startproc
  31              		@ args = 0, pretend = 0, frame = 0
  32              		@ frame_needed = 0, uses_anonymous_args = 0
  33              		@ link register save eliminated.
  34              		.loc 1 59 1 is_stmt 0 view .LVU1
  35 0000 0346     		mov	r3, r0
  60:Middlewares/Third_Party/LwIP/src/core/ipv4/ip4_addr.c ****   ip4_addr_t ipaddr;
  36              		.loc 1 60 3 is_stmt 1 view .LVU2
  61:Middlewares/Third_Party/LwIP/src/core/ipv4/ip4_addr.c ****   ip4_addr_set_u32(&ipaddr, addr);
  37              		.loc 1 61 3 view .LVU3
  62:Middlewares/Third_Party/LwIP/src/core/ipv4/ip4_addr.c **** 
  63:Middlewares/Third_Party/LwIP/src/core/ipv4/ip4_addr.c ****   /* all ones (broadcast) or all zeroes (old skool broadcast) */
  64:Middlewares/Third_Party/LwIP/src/core/ipv4/ip4_addr.c ****   if ((~addr == IPADDR_ANY) ||
  38              		.loc 1 64 3 view .LVU4
  39              		.loc 1 64 29 is_stmt 0 view .LVU5
  40 0002 421E     		subs	r2, r0, #1
  41              		.loc 1 64 6 view .LVU6
  42 0004 12F1030F 		cmn	r2, #3
  43 0008 12D8     		bhi	.L3
  65:Middlewares/Third_Party/LwIP/src/core/ipv4/ip4_addr.c ****       (addr == IPADDR_ANY)) {
  66:Middlewares/Third_Party/LwIP/src/core/ipv4/ip4_addr.c ****     return 1;
  67:Middlewares/Third_Party/LwIP/src/core/ipv4/ip4_addr.c ****     /* no broadcast support on this network interface? */
  68:Middlewares/Third_Party/LwIP/src/core/ipv4/ip4_addr.c ****   } else if ((netif->flags & NETIF_FLAG_BROADCAST) == 0) {
  44              		.loc 1 68 10 is_stmt 1 view .LVU7
  45              		.loc 1 68 20 is_stmt 0 view .LVU8
  46 000a 91F82D00 		ldrb	r0, [r1, #45]	@ zero_extendqisi2
  47              	.LVL1:
ARM GAS  /var/folders/bg/n1lwdyp56391g865_v8nrmhm0000gn/T//cckt2EW0.s 			page 3


  48              		.loc 1 68 13 view .LVU9
  49 000e 10F00200 		ands	r0, r0, #2
  50 0012 14D0     		beq	.L2
  69:Middlewares/Third_Party/LwIP/src/core/ipv4/ip4_addr.c ****     /* the given address cannot be a broadcast address
  70:Middlewares/Third_Party/LwIP/src/core/ipv4/ip4_addr.c ****      * nor can we check against any broadcast addresses */
  71:Middlewares/Third_Party/LwIP/src/core/ipv4/ip4_addr.c ****     return 0;
  72:Middlewares/Third_Party/LwIP/src/core/ipv4/ip4_addr.c ****     /* address matches network interface address exactly? => no broadcast */
  73:Middlewares/Third_Party/LwIP/src/core/ipv4/ip4_addr.c ****   } else if (addr == ip4_addr_get_u32(netif_ip4_addr(netif))) {
  51              		.loc 1 73 10 is_stmt 1 view .LVU10
  52              		.loc 1 73 22 is_stmt 0 view .LVU11
  53 0014 4A68     		ldr	r2, [r1, #4]
  54              		.loc 1 73 13 view .LVU12
  55 0016 9A42     		cmp	r2, r3
  56 0018 0CD0     		beq	.L4
  74:Middlewares/Third_Party/LwIP/src/core/ipv4/ip4_addr.c ****     return 0;
  75:Middlewares/Third_Party/LwIP/src/core/ipv4/ip4_addr.c ****     /*  on the same (sub) network... */
  76:Middlewares/Third_Party/LwIP/src/core/ipv4/ip4_addr.c ****   } else if (ip4_addr_netcmp(&ipaddr, netif_ip4_addr(netif), netif_ip4_netmask(netif))
  57              		.loc 1 76 10 is_stmt 1 view .LVU13
  58              		.loc 1 76 14 is_stmt 0 view .LVU14
  59 001a 8868     		ldr	r0, [r1, #8]
  60 001c 5A40     		eors	r2, r2, r3
  61              		.loc 1 76 13 view .LVU15
  62 001e 0242     		tst	r2, r0
  63 0020 0AD1     		bne	.L5
  77:Middlewares/Third_Party/LwIP/src/core/ipv4/ip4_addr.c ****              /* ...and host identifier bits are all ones? =>... */
  78:Middlewares/Third_Party/LwIP/src/core/ipv4/ip4_addr.c ****              && ((addr & ~ip4_addr_get_u32(netif_ip4_netmask(netif))) ==
  64              		.loc 1 78 26 view .LVU16
  65 0022 C243     		mvns	r2, r0
  66              		.loc 1 78 24 view .LVU17
  67 0024 23EA0003 		bic	r3, r3, r0
  68              	.LVL2:
  69              		.loc 1 78 14 view .LVU18
  70 0028 9A42     		cmp	r2, r3
  71 002a 07D0     		beq	.L6
  79:Middlewares/Third_Party/LwIP/src/core/ipv4/ip4_addr.c ****                  (IPADDR_BROADCAST & ~ip4_addr_get_u32(netif_ip4_netmask(netif))))) {
  80:Middlewares/Third_Party/LwIP/src/core/ipv4/ip4_addr.c ****     /* => network broadcast address */
  81:Middlewares/Third_Party/LwIP/src/core/ipv4/ip4_addr.c ****     return 1;
  82:Middlewares/Third_Party/LwIP/src/core/ipv4/ip4_addr.c ****   } else {
  83:Middlewares/Third_Party/LwIP/src/core/ipv4/ip4_addr.c ****     return 0;
  72              		.loc 1 83 12 view .LVU19
  73 002c 0020     		movs	r0, #0
  74 002e 7047     		bx	lr
  75              	.LVL3:
  76              	.L3:
  66:Middlewares/Third_Party/LwIP/src/core/ipv4/ip4_addr.c ****     /* no broadcast support on this network interface? */
  77              		.loc 1 66 12 view .LVU20
  78 0030 0120     		movs	r0, #1
  79              	.LVL4:
  66:Middlewares/Third_Party/LwIP/src/core/ipv4/ip4_addr.c ****     /* no broadcast support on this network interface? */
  80              		.loc 1 66 12 view .LVU21
  81 0032 7047     		bx	lr
  82              	.L4:
  74:Middlewares/Third_Party/LwIP/src/core/ipv4/ip4_addr.c ****     /*  on the same (sub) network... */
  83              		.loc 1 74 12 view .LVU22
  84 0034 0020     		movs	r0, #0
  85 0036 7047     		bx	lr
  86              	.L5:
ARM GAS  /var/folders/bg/n1lwdyp56391g865_v8nrmhm0000gn/T//cckt2EW0.s 			page 4


  87              		.loc 1 83 12 view .LVU23
  88 0038 0020     		movs	r0, #0
  89 003a 7047     		bx	lr
  90              	.LVL5:
  91              	.L6:
  81:Middlewares/Third_Party/LwIP/src/core/ipv4/ip4_addr.c ****   } else {
  92              		.loc 1 81 12 view .LVU24
  93 003c 0120     		movs	r0, #1
  94              	.L2:
  84:Middlewares/Third_Party/LwIP/src/core/ipv4/ip4_addr.c ****   }
  85:Middlewares/Third_Party/LwIP/src/core/ipv4/ip4_addr.c **** }
  95              		.loc 1 85 1 view .LVU25
  96 003e 7047     		bx	lr
  97              		.cfi_endproc
  98              	.LFE167:
 100              		.section	.text.ip4_addr_netmask_valid,"ax",%progbits
 101              		.align	1
 102              		.global	ip4_addr_netmask_valid
 103              		.syntax unified
 104              		.thumb
 105              		.thumb_func
 106              		.fpu fpv5-d16
 108              	ip4_addr_netmask_valid:
 109              	.LVL6:
 110              	.LFB168:
  86:Middlewares/Third_Party/LwIP/src/core/ipv4/ip4_addr.c **** 
  87:Middlewares/Third_Party/LwIP/src/core/ipv4/ip4_addr.c **** /** Checks if a netmask is valid (starting with ones, then only zeros)
  88:Middlewares/Third_Party/LwIP/src/core/ipv4/ip4_addr.c ****  *
  89:Middlewares/Third_Party/LwIP/src/core/ipv4/ip4_addr.c ****  * @param netmask the IPv4 netmask to check (in network byte order!)
  90:Middlewares/Third_Party/LwIP/src/core/ipv4/ip4_addr.c ****  * @return 1 if the netmask is valid, 0 if it is not
  91:Middlewares/Third_Party/LwIP/src/core/ipv4/ip4_addr.c ****  */
  92:Middlewares/Third_Party/LwIP/src/core/ipv4/ip4_addr.c **** u8_t
  93:Middlewares/Third_Party/LwIP/src/core/ipv4/ip4_addr.c **** ip4_addr_netmask_valid(u32_t netmask)
  94:Middlewares/Third_Party/LwIP/src/core/ipv4/ip4_addr.c **** {
 111              		.loc 1 94 1 is_stmt 1 view -0
 112              		.cfi_startproc
 113              		@ args = 0, pretend = 0, frame = 0
 114              		@ frame_needed = 0, uses_anonymous_args = 0
 115              		.loc 1 94 1 is_stmt 0 view .LVU27
 116 0000 08B5     		push	{r3, lr}
 117              	.LCFI0:
 118              		.cfi_def_cfa_offset 8
 119              		.cfi_offset 3, -8
 120              		.cfi_offset 14, -4
  95:Middlewares/Third_Party/LwIP/src/core/ipv4/ip4_addr.c ****   u32_t mask;
 121              		.loc 1 95 3 is_stmt 1 view .LVU28
  96:Middlewares/Third_Party/LwIP/src/core/ipv4/ip4_addr.c ****   u32_t nm_hostorder = lwip_htonl(netmask);
 122              		.loc 1 96 3 view .LVU29
 123              		.loc 1 96 24 is_stmt 0 view .LVU30
 124 0002 FFF7FEFF 		bl	lwip_htonl
 125              	.LVL7:
  97:Middlewares/Third_Party/LwIP/src/core/ipv4/ip4_addr.c **** 
  98:Middlewares/Third_Party/LwIP/src/core/ipv4/ip4_addr.c ****   /* first, check for the first zero */
  99:Middlewares/Third_Party/LwIP/src/core/ipv4/ip4_addr.c ****   for (mask = 1UL << 31 ; mask != 0; mask >>= 1) {
 126              		.loc 1 99 3 is_stmt 1 view .LVU31
 127              		.loc 1 99 13 is_stmt 0 view .LVU32
 128 0006 4FF00043 		mov	r3, #-2147483648
ARM GAS  /var/folders/bg/n1lwdyp56391g865_v8nrmhm0000gn/T//cckt2EW0.s 			page 5


 129              	.LVL8:
 130              	.L8:
 131              		.loc 1 99 27 is_stmt 1 discriminator 1 view .LVU33
 132              		.loc 1 99 3 is_stmt 0 discriminator 1 view .LVU34
 133 000a 1BB1     		cbz	r3, .L12
 100:Middlewares/Third_Party/LwIP/src/core/ipv4/ip4_addr.c ****     if ((nm_hostorder & mask) == 0) {
 134              		.loc 1 100 5 is_stmt 1 view .LVU35
 135              		.loc 1 100 8 is_stmt 0 view .LVU36
 136 000c 0342     		tst	r3, r0
 137 000e 01D0     		beq	.L12
  99:Middlewares/Third_Party/LwIP/src/core/ipv4/ip4_addr.c ****     if ((nm_hostorder & mask) == 0) {
 138              		.loc 1 99 38 is_stmt 1 discriminator 2 view .LVU37
  99:Middlewares/Third_Party/LwIP/src/core/ipv4/ip4_addr.c ****     if ((nm_hostorder & mask) == 0) {
 139              		.loc 1 99 43 is_stmt 0 discriminator 2 view .LVU38
 140 0010 5B08     		lsrs	r3, r3, #1
 141              	.LVL9:
  99:Middlewares/Third_Party/LwIP/src/core/ipv4/ip4_addr.c ****     if ((nm_hostorder & mask) == 0) {
 142              		.loc 1 99 43 discriminator 2 view .LVU39
 143 0012 FAE7     		b	.L8
 144              	.L12:
 101:Middlewares/Third_Party/LwIP/src/core/ipv4/ip4_addr.c ****       break;
 102:Middlewares/Third_Party/LwIP/src/core/ipv4/ip4_addr.c ****     }
 103:Middlewares/Third_Party/LwIP/src/core/ipv4/ip4_addr.c ****   }
 104:Middlewares/Third_Party/LwIP/src/core/ipv4/ip4_addr.c ****   /* then check that there is no one */
 105:Middlewares/Third_Party/LwIP/src/core/ipv4/ip4_addr.c ****   for (; mask != 0; mask >>= 1) {
 145              		.loc 1 105 10 is_stmt 1 discriminator 1 view .LVU40
 146              		.loc 1 105 3 is_stmt 0 discriminator 1 view .LVU41
 147 0014 1BB1     		cbz	r3, .L16
 106:Middlewares/Third_Party/LwIP/src/core/ipv4/ip4_addr.c ****     if ((nm_hostorder & mask) != 0) {
 148              		.loc 1 106 5 is_stmt 1 view .LVU42
 149              		.loc 1 106 8 is_stmt 0 view .LVU43
 150 0016 0342     		tst	r3, r0
 151 0018 03D1     		bne	.L14
 105:Middlewares/Third_Party/LwIP/src/core/ipv4/ip4_addr.c ****     if ((nm_hostorder & mask) != 0) {
 152              		.loc 1 105 21 is_stmt 1 view .LVU44
 105:Middlewares/Third_Party/LwIP/src/core/ipv4/ip4_addr.c ****     if ((nm_hostorder & mask) != 0) {
 153              		.loc 1 105 26 is_stmt 0 view .LVU45
 154 001a 5B08     		lsrs	r3, r3, #1
 155              	.LVL10:
 105:Middlewares/Third_Party/LwIP/src/core/ipv4/ip4_addr.c ****     if ((nm_hostorder & mask) != 0) {
 156              		.loc 1 105 26 view .LVU46
 157 001c FAE7     		b	.L12
 158              	.L16:
 107:Middlewares/Third_Party/LwIP/src/core/ipv4/ip4_addr.c ****       /* there is a one after the first zero -> invalid */
 108:Middlewares/Third_Party/LwIP/src/core/ipv4/ip4_addr.c ****       return 0;
 109:Middlewares/Third_Party/LwIP/src/core/ipv4/ip4_addr.c ****     }
 110:Middlewares/Third_Party/LwIP/src/core/ipv4/ip4_addr.c ****   }
 111:Middlewares/Third_Party/LwIP/src/core/ipv4/ip4_addr.c ****   /* no one after the first zero -> valid */
 112:Middlewares/Third_Party/LwIP/src/core/ipv4/ip4_addr.c ****   return 1;
 159              		.loc 1 112 10 view .LVU47
 160 001e 0120     		movs	r0, #1
 161              	.LVL11:
 162              	.L11:
 113:Middlewares/Third_Party/LwIP/src/core/ipv4/ip4_addr.c **** }
 163              		.loc 1 113 1 view .LVU48
 164 0020 08BD     		pop	{r3, pc}
 165              	.LVL12:
ARM GAS  /var/folders/bg/n1lwdyp56391g865_v8nrmhm0000gn/T//cckt2EW0.s 			page 6


 166              	.L14:
 108:Middlewares/Third_Party/LwIP/src/core/ipv4/ip4_addr.c ****     }
 167              		.loc 1 108 14 view .LVU49
 168 0022 0020     		movs	r0, #0
 169              	.LVL13:
 108:Middlewares/Third_Party/LwIP/src/core/ipv4/ip4_addr.c ****     }
 170              		.loc 1 108 14 view .LVU50
 171 0024 FCE7     		b	.L11
 172              		.cfi_endproc
 173              	.LFE168:
 175              		.section	.rodata.ip4addr_aton.str1.4,"aMS",%progbits,1
 176              		.align	2
 177              	.LC0:
 178 0000 4D696464 		.ascii	"Middlewares/Third_Party/LwIP/src/core/ipv4/ip4_addr"
 178      6C657761 
 178      7265732F 
 178      54686972 
 178      645F5061 
 179 0033 2E6300   		.ascii	".c\000"
 180 0036 0000     		.align	2
 181              	.LC1:
 182 0038 756E6861 		.ascii	"unhandled\000"
 182      6E646C65 
 182      6400
 183 0042 0000     		.align	2
 184              	.LC2:
 185 0044 41737365 		.ascii	"Assertion \"%s\" failed at line %d in %s\012\000"
 185      7274696F 
 185      6E202225 
 185      73222066 
 185      61696C65 
 186              		.section	.text.ip4addr_aton,"ax",%progbits
 187              		.align	1
 188              		.global	ip4addr_aton
 189              		.syntax unified
 190              		.thumb
 191              		.thumb_func
 192              		.fpu fpv5-d16
 194              	ip4addr_aton:
 195              	.LVL14:
 196              	.LFB170:
 114:Middlewares/Third_Party/LwIP/src/core/ipv4/ip4_addr.c **** 
 115:Middlewares/Third_Party/LwIP/src/core/ipv4/ip4_addr.c **** /**
 116:Middlewares/Third_Party/LwIP/src/core/ipv4/ip4_addr.c ****  * Ascii internet address interpretation routine.
 117:Middlewares/Third_Party/LwIP/src/core/ipv4/ip4_addr.c ****  * The value returned is in network order.
 118:Middlewares/Third_Party/LwIP/src/core/ipv4/ip4_addr.c ****  *
 119:Middlewares/Third_Party/LwIP/src/core/ipv4/ip4_addr.c ****  * @param cp IP address in ascii representation (e.g. "127.0.0.1")
 120:Middlewares/Third_Party/LwIP/src/core/ipv4/ip4_addr.c ****  * @return ip address in network order
 121:Middlewares/Third_Party/LwIP/src/core/ipv4/ip4_addr.c ****  */
 122:Middlewares/Third_Party/LwIP/src/core/ipv4/ip4_addr.c **** u32_t
 123:Middlewares/Third_Party/LwIP/src/core/ipv4/ip4_addr.c **** ipaddr_addr(const char *cp)
 124:Middlewares/Third_Party/LwIP/src/core/ipv4/ip4_addr.c **** {
 125:Middlewares/Third_Party/LwIP/src/core/ipv4/ip4_addr.c ****   ip4_addr_t val;
 126:Middlewares/Third_Party/LwIP/src/core/ipv4/ip4_addr.c **** 
 127:Middlewares/Third_Party/LwIP/src/core/ipv4/ip4_addr.c ****   if (ip4addr_aton(cp, &val)) {
 128:Middlewares/Third_Party/LwIP/src/core/ipv4/ip4_addr.c ****     return ip4_addr_get_u32(&val);
 129:Middlewares/Third_Party/LwIP/src/core/ipv4/ip4_addr.c ****   }
ARM GAS  /var/folders/bg/n1lwdyp56391g865_v8nrmhm0000gn/T//cckt2EW0.s 			page 7


 130:Middlewares/Third_Party/LwIP/src/core/ipv4/ip4_addr.c ****   return (IPADDR_NONE);
 131:Middlewares/Third_Party/LwIP/src/core/ipv4/ip4_addr.c **** }
 132:Middlewares/Third_Party/LwIP/src/core/ipv4/ip4_addr.c **** 
 133:Middlewares/Third_Party/LwIP/src/core/ipv4/ip4_addr.c **** /**
 134:Middlewares/Third_Party/LwIP/src/core/ipv4/ip4_addr.c ****  * Check whether "cp" is a valid ascii representation
 135:Middlewares/Third_Party/LwIP/src/core/ipv4/ip4_addr.c ****  * of an Internet address and convert to a binary address.
 136:Middlewares/Third_Party/LwIP/src/core/ipv4/ip4_addr.c ****  * Returns 1 if the address is valid, 0 if not.
 137:Middlewares/Third_Party/LwIP/src/core/ipv4/ip4_addr.c ****  * This replaces inet_addr, the return value from which
 138:Middlewares/Third_Party/LwIP/src/core/ipv4/ip4_addr.c ****  * cannot distinguish between failure and a local broadcast address.
 139:Middlewares/Third_Party/LwIP/src/core/ipv4/ip4_addr.c ****  *
 140:Middlewares/Third_Party/LwIP/src/core/ipv4/ip4_addr.c ****  * @param cp IP address in ascii representation (e.g. "127.0.0.1")
 141:Middlewares/Third_Party/LwIP/src/core/ipv4/ip4_addr.c ****  * @param addr pointer to which to save the ip address in network order
 142:Middlewares/Third_Party/LwIP/src/core/ipv4/ip4_addr.c ****  * @return 1 if cp could be converted to addr, 0 on failure
 143:Middlewares/Third_Party/LwIP/src/core/ipv4/ip4_addr.c ****  */
 144:Middlewares/Third_Party/LwIP/src/core/ipv4/ip4_addr.c **** int
 145:Middlewares/Third_Party/LwIP/src/core/ipv4/ip4_addr.c **** ip4addr_aton(const char *cp, ip4_addr_t *addr)
 146:Middlewares/Third_Party/LwIP/src/core/ipv4/ip4_addr.c **** {
 197              		.loc 1 146 1 is_stmt 1 view -0
 198              		.cfi_startproc
 199              		@ args = 0, pretend = 0, frame = 16
 200              		@ frame_needed = 0, uses_anonymous_args = 0
 201              		.loc 1 146 1 is_stmt 0 view .LVU52
 202 0000 30B5     		push	{r4, r5, lr}
 203              	.LCFI1:
 204              		.cfi_def_cfa_offset 12
 205              		.cfi_offset 4, -12
 206              		.cfi_offset 5, -8
 207              		.cfi_offset 14, -4
 208 0002 85B0     		sub	sp, sp, #20
 209              	.LCFI2:
 210              		.cfi_def_cfa_offset 32
 211 0004 0D46     		mov	r5, r1
 147:Middlewares/Third_Party/LwIP/src/core/ipv4/ip4_addr.c ****   u32_t val;
 212              		.loc 1 147 3 is_stmt 1 view .LVU53
 148:Middlewares/Third_Party/LwIP/src/core/ipv4/ip4_addr.c ****   u8_t base;
 213              		.loc 1 148 3 view .LVU54
 149:Middlewares/Third_Party/LwIP/src/core/ipv4/ip4_addr.c ****   char c;
 214              		.loc 1 149 3 view .LVU55
 150:Middlewares/Third_Party/LwIP/src/core/ipv4/ip4_addr.c ****   u32_t parts[4];
 215              		.loc 1 150 3 view .LVU56
 151:Middlewares/Third_Party/LwIP/src/core/ipv4/ip4_addr.c ****   u32_t *pp = parts;
 216              		.loc 1 151 3 view .LVU57
 217              	.LVL15:
 152:Middlewares/Third_Party/LwIP/src/core/ipv4/ip4_addr.c **** 
 153:Middlewares/Third_Party/LwIP/src/core/ipv4/ip4_addr.c ****   c = *cp;
 218              		.loc 1 153 3 view .LVU58
 219              		.loc 1 153 5 is_stmt 0 view .LVU59
 220 0006 0378     		ldrb	r3, [r0]	@ zero_extendqisi2
 221              	.LVL16:
 151:Middlewares/Third_Party/LwIP/src/core/ipv4/ip4_addr.c ****   u32_t *pp = parts;
 222              		.loc 1 151 10 view .LVU60
 223 0008 EE46     		mov	lr, sp
 224 000a 38E0     		b	.L26
 225              	.LVL17:
 226              	.L53:
 154:Middlewares/Third_Party/LwIP/src/core/ipv4/ip4_addr.c ****   for (;;) {
 155:Middlewares/Third_Party/LwIP/src/core/ipv4/ip4_addr.c ****     /*
ARM GAS  /var/folders/bg/n1lwdyp56391g865_v8nrmhm0000gn/T//cckt2EW0.s 			page 8


 156:Middlewares/Third_Party/LwIP/src/core/ipv4/ip4_addr.c ****      * Collect number up to ``.''.
 157:Middlewares/Third_Party/LwIP/src/core/ipv4/ip4_addr.c ****      * Values are specified as for C:
 158:Middlewares/Third_Party/LwIP/src/core/ipv4/ip4_addr.c ****      * 0x=hex, 0=octal, 1-9=decimal.
 159:Middlewares/Third_Party/LwIP/src/core/ipv4/ip4_addr.c ****      */
 160:Middlewares/Third_Party/LwIP/src/core/ipv4/ip4_addr.c ****     if (!lwip_isdigit(c)) {
 161:Middlewares/Third_Party/LwIP/src/core/ipv4/ip4_addr.c ****       return 0;
 162:Middlewares/Third_Party/LwIP/src/core/ipv4/ip4_addr.c ****     }
 163:Middlewares/Third_Party/LwIP/src/core/ipv4/ip4_addr.c ****     val = 0;
 164:Middlewares/Third_Party/LwIP/src/core/ipv4/ip4_addr.c ****     base = 10;
 165:Middlewares/Third_Party/LwIP/src/core/ipv4/ip4_addr.c ****     if (c == '0') {
 166:Middlewares/Third_Party/LwIP/src/core/ipv4/ip4_addr.c ****       c = *++cp;
 227              		.loc 1 166 7 is_stmt 1 view .LVU61
 228              		.loc 1 166 9 is_stmt 0 view .LVU62
 229 000c 421C     		adds	r2, r0, #1
 230              	.LVL18:
 231              		.loc 1 166 9 view .LVU63
 232 000e 4378     		ldrb	r3, [r0, #1]	@ zero_extendqisi2
 233              	.LVL19:
 167:Middlewares/Third_Party/LwIP/src/core/ipv4/ip4_addr.c ****       if (c == 'x' || c == 'X') {
 234              		.loc 1 167 7 is_stmt 1 view .LVU64
 235              		.loc 1 167 10 is_stmt 0 view .LVU65
 236 0010 582B     		cmp	r3, #88
 237 0012 18BF     		it	ne
 238 0014 782B     		cmpne	r3, #120
 239 0016 03D1     		bne	.L36
 168:Middlewares/Third_Party/LwIP/src/core/ipv4/ip4_addr.c ****         base = 16;
 240              		.loc 1 168 9 is_stmt 1 view .LVU66
 241              	.LVL20:
 169:Middlewares/Third_Party/LwIP/src/core/ipv4/ip4_addr.c ****         c = *++cp;
 242              		.loc 1 169 9 view .LVU67
 243              		.loc 1 169 11 is_stmt 0 view .LVU68
 244 0018 8378     		ldrb	r3, [r0, #2]	@ zero_extendqisi2
 245              	.LVL21:
 246              		.loc 1 169 11 view .LVU69
 247 001a 0230     		adds	r0, r0, #2
 248              	.LVL22:
 168:Middlewares/Third_Party/LwIP/src/core/ipv4/ip4_addr.c ****         base = 16;
 249              		.loc 1 168 14 view .LVU70
 250 001c 1021     		movs	r1, #16
 251 001e 36E0     		b	.L19
 252              	.LVL23:
 253              	.L36:
 166:Middlewares/Third_Party/LwIP/src/core/ipv4/ip4_addr.c ****       if (c == 'x' || c == 'X') {
 254              		.loc 1 166 9 view .LVU71
 255 0020 1046     		mov	r0, r2
 170:Middlewares/Third_Party/LwIP/src/core/ipv4/ip4_addr.c ****       } else {
 171:Middlewares/Third_Party/LwIP/src/core/ipv4/ip4_addr.c ****         base = 8;
 256              		.loc 1 171 14 view .LVU72
 257 0022 0821     		movs	r1, #8
 258 0024 33E0     		b	.L19
 259              	.LVL24:
 260              	.L51:
 172:Middlewares/Third_Party/LwIP/src/core/ipv4/ip4_addr.c ****       }
 173:Middlewares/Third_Party/LwIP/src/core/ipv4/ip4_addr.c ****     }
 174:Middlewares/Third_Party/LwIP/src/core/ipv4/ip4_addr.c ****     for (;;) {
 175:Middlewares/Third_Party/LwIP/src/core/ipv4/ip4_addr.c ****       if (lwip_isdigit(c)) {
 176:Middlewares/Third_Party/LwIP/src/core/ipv4/ip4_addr.c ****         val = (val * base) + (u32_t)(c - '0');
ARM GAS  /var/folders/bg/n1lwdyp56391g865_v8nrmhm0000gn/T//cckt2EW0.s 			page 9


 261              		.loc 1 176 9 is_stmt 1 view .LVU73
 262              		.loc 1 176 28 is_stmt 0 view .LVU74
 263 0026 04FB0133 		mla	r3, r4, r1, r3
 264              	.LVL25:
 265              		.loc 1 176 13 view .LVU75
 266 002a A3F13004 		sub	r4, r3, #48
 267              	.LVL26:
 177:Middlewares/Third_Party/LwIP/src/core/ipv4/ip4_addr.c ****         c = *++cp;
 268              		.loc 1 177 9 is_stmt 1 view .LVU76
 269              		.loc 1 177 11 is_stmt 0 view .LVU77
 270 002e 10F8013F 		ldrb	r3, [r0, #1]!	@ zero_extendqisi2
 271              	.LVL27:
 272              	.L20:
 174:Middlewares/Third_Party/LwIP/src/core/ipv4/ip4_addr.c ****       if (lwip_isdigit(c)) {
 273              		.loc 1 174 5 is_stmt 1 view .LVU78
 175:Middlewares/Third_Party/LwIP/src/core/ipv4/ip4_addr.c ****         val = (val * base) + (u32_t)(c - '0');
 274              		.loc 1 175 7 view .LVU79
 175:Middlewares/Third_Party/LwIP/src/core/ipv4/ip4_addr.c ****         val = (val * base) + (u32_t)(c - '0');
 275              		.loc 1 175 11 is_stmt 0 view .LVU80
 276 0032 494A     		ldr	r2, .L54
 277 0034 13F802C0 		ldrb	ip, [r3, r2]	@ zero_extendqisi2
 175:Middlewares/Third_Party/LwIP/src/core/ipv4/ip4_addr.c ****         val = (val * base) + (u32_t)(c - '0');
 278              		.loc 1 175 10 view .LVU81
 279 0038 1CF0040F 		tst	ip, #4
 280 003c F3D1     		bne	.L51
 178:Middlewares/Third_Party/LwIP/src/core/ipv4/ip4_addr.c ****       } else if (base == 16 && lwip_isxdigit(c)) {
 281              		.loc 1 178 14 is_stmt 1 view .LVU82
 282              		.loc 1 178 17 is_stmt 0 view .LVU83
 283 003e 1029     		cmp	r1, #16
 284 0040 12D1     		bne	.L23
 285              		.loc 1 178 29 discriminator 1 view .LVU84
 286 0042 1CF0440F 		tst	ip, #68
 287 0046 0FD0     		beq	.L23
 179:Middlewares/Third_Party/LwIP/src/core/ipv4/ip4_addr.c ****         val = (val << 4) | (u32_t)(c + 10 - (lwip_islower(c) ? 'a' : 'A'));
 288              		.loc 1 179 9 is_stmt 1 view .LVU85
 289              		.loc 1 179 20 is_stmt 0 view .LVU86
 290 0048 2401     		lsls	r4, r4, #4
 291              	.LVL28:
 292              		.loc 1 179 38 view .LVU87
 293 004a 03F10A02 		add	r2, r3, #10
 294              		.loc 1 179 68 view .LVU88
 295 004e 0CF0030C 		and	ip, ip, #3
 296 0052 BCF1020F 		cmp	ip, #2
 297 0056 05D0     		beq	.L52
 298 0058 4123     		movs	r3, #65
 299              	.LVL29:
 300              	.L24:
 301              		.loc 1 179 43 discriminator 4 view .LVU89
 302 005a D21A     		subs	r2, r2, r3
 303              		.loc 1 179 13 discriminator 4 view .LVU90
 304 005c 1443     		orrs	r4, r4, r2
 305              	.LVL30:
 180:Middlewares/Third_Party/LwIP/src/core/ipv4/ip4_addr.c ****         c = *++cp;
 306              		.loc 1 180 9 is_stmt 1 discriminator 4 view .LVU91
 307              		.loc 1 180 11 is_stmt 0 discriminator 4 view .LVU92
 308 005e 10F8013F 		ldrb	r3, [r0, #1]!	@ zero_extendqisi2
 309              	.LVL31:
ARM GAS  /var/folders/bg/n1lwdyp56391g865_v8nrmhm0000gn/T//cckt2EW0.s 			page 10


 310              		.loc 1 180 11 discriminator 4 view .LVU93
 311 0062 E6E7     		b	.L20
 312              	.LVL32:
 313              	.L52:
 179:Middlewares/Third_Party/LwIP/src/core/ipv4/ip4_addr.c ****         val = (val << 4) | (u32_t)(c + 10 - (lwip_islower(c) ? 'a' : 'A'));
 314              		.loc 1 179 68 view .LVU94
 315 0064 6123     		movs	r3, #97
 316              	.LVL33:
 179:Middlewares/Third_Party/LwIP/src/core/ipv4/ip4_addr.c ****         val = (val << 4) | (u32_t)(c + 10 - (lwip_islower(c) ? 'a' : 'A'));
 317              		.loc 1 179 68 view .LVU95
 318 0066 F8E7     		b	.L24
 319              	.LVL34:
 320              	.L23:
 181:Middlewares/Third_Party/LwIP/src/core/ipv4/ip4_addr.c ****       } else {
 182:Middlewares/Third_Party/LwIP/src/core/ipv4/ip4_addr.c ****         break;
 183:Middlewares/Third_Party/LwIP/src/core/ipv4/ip4_addr.c ****       }
 184:Middlewares/Third_Party/LwIP/src/core/ipv4/ip4_addr.c ****     }
 185:Middlewares/Third_Party/LwIP/src/core/ipv4/ip4_addr.c ****     if (c == '.') {
 321              		.loc 1 185 5 is_stmt 1 view .LVU96
 322              		.loc 1 185 8 is_stmt 0 view .LVU97
 323 0068 2E2B     		cmp	r3, #46
 324 006a 12D1     		bne	.L25
 186:Middlewares/Third_Party/LwIP/src/core/ipv4/ip4_addr.c ****       /*
 187:Middlewares/Third_Party/LwIP/src/core/ipv4/ip4_addr.c ****        * Internet format:
 188:Middlewares/Third_Party/LwIP/src/core/ipv4/ip4_addr.c ****        *  a.b.c.d
 189:Middlewares/Third_Party/LwIP/src/core/ipv4/ip4_addr.c ****        *  a.b.c   (with c treated as 16 bits)
 190:Middlewares/Third_Party/LwIP/src/core/ipv4/ip4_addr.c ****        *  a.b (with b treated as 24 bits)
 191:Middlewares/Third_Party/LwIP/src/core/ipv4/ip4_addr.c ****        */
 192:Middlewares/Third_Party/LwIP/src/core/ipv4/ip4_addr.c ****       if (pp >= parts + 3) {
 325              		.loc 1 192 7 is_stmt 1 view .LVU98
 326              		.loc 1 192 10 is_stmt 0 view .LVU99
 327 006c 03AB     		add	r3, sp, #12
 328              	.LVL35:
 329              		.loc 1 192 10 view .LVU100
 330 006e 9E45     		cmp	lr, r3
 331 0070 58D2     		bcs	.L38
 193:Middlewares/Third_Party/LwIP/src/core/ipv4/ip4_addr.c ****         return 0;
 194:Middlewares/Third_Party/LwIP/src/core/ipv4/ip4_addr.c ****       }
 195:Middlewares/Third_Party/LwIP/src/core/ipv4/ip4_addr.c ****       *pp++ = val;
 332              		.loc 1 195 7 is_stmt 1 view .LVU101
 333              		.loc 1 195 10 is_stmt 0 view .LVU102
 334 0072 7246     		mov	r2, lr
 335              	.LVL36:
 336              		.loc 1 195 13 view .LVU103
 337 0074 42F8044B 		str	r4, [r2], #4
 338              	.LVL37:
 196:Middlewares/Third_Party/LwIP/src/core/ipv4/ip4_addr.c ****       c = *++cp;
 339              		.loc 1 196 7 is_stmt 1 view .LVU104
 340              		.loc 1 196 9 is_stmt 0 view .LVU105
 341 0078 4378     		ldrb	r3, [r0, #1]	@ zero_extendqisi2
 342              	.LVL38:
 154:Middlewares/Third_Party/LwIP/src/core/ipv4/ip4_addr.c ****     /*
 343              		.loc 1 154 9 is_stmt 1 view .LVU106
 195:Middlewares/Third_Party/LwIP/src/core/ipv4/ip4_addr.c ****       c = *++cp;
 344              		.loc 1 195 10 is_stmt 0 view .LVU107
 345 007a 9646     		mov	lr, r2
 346              		.loc 1 196 9 view .LVU108
ARM GAS  /var/folders/bg/n1lwdyp56391g865_v8nrmhm0000gn/T//cckt2EW0.s 			page 11


 347 007c 0130     		adds	r0, r0, #1
 348              	.LVL39:
 349              	.L26:
 154:Middlewares/Third_Party/LwIP/src/core/ipv4/ip4_addr.c ****     /*
 350              		.loc 1 154 3 is_stmt 1 view .LVU109
 160:Middlewares/Third_Party/LwIP/src/core/ipv4/ip4_addr.c ****       return 0;
 351              		.loc 1 160 5 view .LVU110
 160:Middlewares/Third_Party/LwIP/src/core/ipv4/ip4_addr.c ****       return 0;
 352              		.loc 1 160 10 is_stmt 0 view .LVU111
 353 007e 364A     		ldr	r2, .L54
 354 0080 9A5C     		ldrb	r2, [r3, r2]	@ zero_extendqisi2
 160:Middlewares/Third_Party/LwIP/src/core/ipv4/ip4_addr.c ****       return 0;
 355              		.loc 1 160 8 view .LVU112
 356 0082 12F0040F 		tst	r2, #4
 357 0086 4BD0     		beq	.L34
 163:Middlewares/Third_Party/LwIP/src/core/ipv4/ip4_addr.c ****     base = 10;
 358              		.loc 1 163 5 is_stmt 1 view .LVU113
 359              	.LVL40:
 164:Middlewares/Third_Party/LwIP/src/core/ipv4/ip4_addr.c ****     if (c == '0') {
 360              		.loc 1 164 5 view .LVU114
 165:Middlewares/Third_Party/LwIP/src/core/ipv4/ip4_addr.c ****       c = *++cp;
 361              		.loc 1 165 5 view .LVU115
 165:Middlewares/Third_Party/LwIP/src/core/ipv4/ip4_addr.c ****       c = *++cp;
 362              		.loc 1 165 8 is_stmt 0 view .LVU116
 363 0088 302B     		cmp	r3, #48
 364 008a BFD0     		beq	.L53
 164:Middlewares/Third_Party/LwIP/src/core/ipv4/ip4_addr.c ****     if (c == '0') {
 365              		.loc 1 164 10 view .LVU117
 366 008c 0A21     		movs	r1, #10
 367              	.LVL41:
 368              	.L19:
 171:Middlewares/Third_Party/LwIP/src/core/ipv4/ip4_addr.c ****       }
 369              		.loc 1 171 14 view .LVU118
 370 008e 0024     		movs	r4, #0
 371 0090 CFE7     		b	.L20
 372              	.LVL42:
 373              	.L25:
 197:Middlewares/Third_Party/LwIP/src/core/ipv4/ip4_addr.c ****     } else {
 198:Middlewares/Third_Party/LwIP/src/core/ipv4/ip4_addr.c ****       break;
 199:Middlewares/Third_Party/LwIP/src/core/ipv4/ip4_addr.c ****     }
 200:Middlewares/Third_Party/LwIP/src/core/ipv4/ip4_addr.c ****   }
 201:Middlewares/Third_Party/LwIP/src/core/ipv4/ip4_addr.c ****   /*
 202:Middlewares/Third_Party/LwIP/src/core/ipv4/ip4_addr.c ****    * Check for trailing characters.
 203:Middlewares/Third_Party/LwIP/src/core/ipv4/ip4_addr.c ****    */
 204:Middlewares/Third_Party/LwIP/src/core/ipv4/ip4_addr.c ****   if (c != '\0' && !lwip_isspace(c)) {
 374              		.loc 1 204 3 is_stmt 1 view .LVU119
 375              		.loc 1 204 6 is_stmt 0 view .LVU120
 376 0092 13B1     		cbz	r3, .L27
 377              		.loc 1 204 17 discriminator 1 view .LVU121
 378 0094 1CF0080F 		tst	ip, #8
 379 0098 47D0     		beq	.L39
 380              	.L27:
 205:Middlewares/Third_Party/LwIP/src/core/ipv4/ip4_addr.c ****     return 0;
 206:Middlewares/Third_Party/LwIP/src/core/ipv4/ip4_addr.c ****   }
 207:Middlewares/Third_Party/LwIP/src/core/ipv4/ip4_addr.c ****   /*
 208:Middlewares/Third_Party/LwIP/src/core/ipv4/ip4_addr.c ****    * Concoct the address according to
 209:Middlewares/Third_Party/LwIP/src/core/ipv4/ip4_addr.c ****    * the number of parts specified.
ARM GAS  /var/folders/bg/n1lwdyp56391g865_v8nrmhm0000gn/T//cckt2EW0.s 			page 12


 210:Middlewares/Third_Party/LwIP/src/core/ipv4/ip4_addr.c ****    */
 211:Middlewares/Third_Party/LwIP/src/core/ipv4/ip4_addr.c ****   switch (pp - parts + 1) {
 381              		.loc 1 211 3 is_stmt 1 view .LVU122
 382              		.loc 1 211 14 is_stmt 0 view .LVU123
 383 009a 6846     		mov	r0, sp
 384              	.LVL43:
 385              		.loc 1 211 14 view .LVU124
 386 009c AEEB0000 		sub	r0, lr, r0
 387 00a0 8010     		asrs	r0, r0, #2
 388              		.loc 1 211 22 view .LVU125
 389 00a2 0130     		adds	r0, r0, #1
 390              		.loc 1 211 3 view .LVU126
 391 00a4 0428     		cmp	r0, #4
 392 00a6 34D8     		bhi	.L28
 393 00a8 DFE800F0 		tbb	[pc, r0]
 394              	.LVL44:
 395              	.L30:
 396 00ac 3D       		.byte	(.L17-.L30)/2
 397 00ad 0B       		.byte	(.L33-.L30)/2
 398 00ae 03       		.byte	(.L32-.L30)/2
 399 00af 13       		.byte	(.L31-.L30)/2
 400 00b0 21       		.byte	(.L29-.L30)/2
 401 00b1 00       		.p2align 1
 402              	.L32:
 212:Middlewares/Third_Party/LwIP/src/core/ipv4/ip4_addr.c **** 
 213:Middlewares/Third_Party/LwIP/src/core/ipv4/ip4_addr.c ****     case 0:
 214:Middlewares/Third_Party/LwIP/src/core/ipv4/ip4_addr.c ****       return 0;       /* initial nondigit */
 215:Middlewares/Third_Party/LwIP/src/core/ipv4/ip4_addr.c **** 
 216:Middlewares/Third_Party/LwIP/src/core/ipv4/ip4_addr.c ****     case 1:             /* a -- 32 bits */
 217:Middlewares/Third_Party/LwIP/src/core/ipv4/ip4_addr.c ****       break;
 218:Middlewares/Third_Party/LwIP/src/core/ipv4/ip4_addr.c **** 
 219:Middlewares/Third_Party/LwIP/src/core/ipv4/ip4_addr.c ****     case 2:             /* a.b -- 8.24 bits */
 220:Middlewares/Third_Party/LwIP/src/core/ipv4/ip4_addr.c ****       if (val > 0xffffffUL) {
 403              		.loc 1 220 7 is_stmt 1 view .LVU127
 404              		.loc 1 220 10 is_stmt 0 view .LVU128
 405 00b2 B4F1807F 		cmp	r4, #16777216
 406 00b6 3AD2     		bcs	.L40
 221:Middlewares/Third_Party/LwIP/src/core/ipv4/ip4_addr.c ****         return 0;
 222:Middlewares/Third_Party/LwIP/src/core/ipv4/ip4_addr.c ****       }
 223:Middlewares/Third_Party/LwIP/src/core/ipv4/ip4_addr.c ****       if (parts[0] > 0xff) {
 407              		.loc 1 223 7 is_stmt 1 view .LVU129
 408              		.loc 1 223 16 is_stmt 0 view .LVU130
 409 00b8 009B     		ldr	r3, [sp]
 410              		.loc 1 223 10 view .LVU131
 411 00ba FF2B     		cmp	r3, #255
 412 00bc 39D8     		bhi	.L41
 224:Middlewares/Third_Party/LwIP/src/core/ipv4/ip4_addr.c ****         return 0;
 225:Middlewares/Third_Party/LwIP/src/core/ipv4/ip4_addr.c ****       }
 226:Middlewares/Third_Party/LwIP/src/core/ipv4/ip4_addr.c ****       val |= parts[0] << 24;
 413              		.loc 1 226 7 is_stmt 1 view .LVU132
 414              		.loc 1 226 11 is_stmt 0 view .LVU133
 415 00be 44EA0364 		orr	r4, r4, r3, lsl #24
 416              	.LVL45:
 227:Middlewares/Third_Party/LwIP/src/core/ipv4/ip4_addr.c ****       break;
 417              		.loc 1 227 7 is_stmt 1 view .LVU134
 418              	.L33:
 228:Middlewares/Third_Party/LwIP/src/core/ipv4/ip4_addr.c **** 
ARM GAS  /var/folders/bg/n1lwdyp56391g865_v8nrmhm0000gn/T//cckt2EW0.s 			page 13


 229:Middlewares/Third_Party/LwIP/src/core/ipv4/ip4_addr.c ****     case 3:             /* a.b.c -- 8.8.16 bits */
 230:Middlewares/Third_Party/LwIP/src/core/ipv4/ip4_addr.c ****       if (val > 0xffff) {
 231:Middlewares/Third_Party/LwIP/src/core/ipv4/ip4_addr.c ****         return 0;
 232:Middlewares/Third_Party/LwIP/src/core/ipv4/ip4_addr.c ****       }
 233:Middlewares/Third_Party/LwIP/src/core/ipv4/ip4_addr.c ****       if ((parts[0] > 0xff) || (parts[1] > 0xff)) {
 234:Middlewares/Third_Party/LwIP/src/core/ipv4/ip4_addr.c ****         return 0;
 235:Middlewares/Third_Party/LwIP/src/core/ipv4/ip4_addr.c ****       }
 236:Middlewares/Third_Party/LwIP/src/core/ipv4/ip4_addr.c ****       val |= (parts[0] << 24) | (parts[1] << 16);
 237:Middlewares/Third_Party/LwIP/src/core/ipv4/ip4_addr.c ****       break;
 238:Middlewares/Third_Party/LwIP/src/core/ipv4/ip4_addr.c **** 
 239:Middlewares/Third_Party/LwIP/src/core/ipv4/ip4_addr.c ****     case 4:             /* a.b.c.d -- 8.8.8.8 bits */
 240:Middlewares/Third_Party/LwIP/src/core/ipv4/ip4_addr.c ****       if (val > 0xff) {
 241:Middlewares/Third_Party/LwIP/src/core/ipv4/ip4_addr.c ****         return 0;
 242:Middlewares/Third_Party/LwIP/src/core/ipv4/ip4_addr.c ****       }
 243:Middlewares/Third_Party/LwIP/src/core/ipv4/ip4_addr.c ****       if ((parts[0] > 0xff) || (parts[1] > 0xff) || (parts[2] > 0xff)) {
 244:Middlewares/Third_Party/LwIP/src/core/ipv4/ip4_addr.c ****         return 0;
 245:Middlewares/Third_Party/LwIP/src/core/ipv4/ip4_addr.c ****       }
 246:Middlewares/Third_Party/LwIP/src/core/ipv4/ip4_addr.c ****       val |= (parts[0] << 24) | (parts[1] << 16) | (parts[2] << 8);
 247:Middlewares/Third_Party/LwIP/src/core/ipv4/ip4_addr.c ****       break;
 248:Middlewares/Third_Party/LwIP/src/core/ipv4/ip4_addr.c ****     default:
 249:Middlewares/Third_Party/LwIP/src/core/ipv4/ip4_addr.c ****       LWIP_ASSERT("unhandled", 0);
 250:Middlewares/Third_Party/LwIP/src/core/ipv4/ip4_addr.c ****       break;
 251:Middlewares/Third_Party/LwIP/src/core/ipv4/ip4_addr.c ****   }
 252:Middlewares/Third_Party/LwIP/src/core/ipv4/ip4_addr.c ****   if (addr) {
 419              		.loc 1 252 3 view .LVU135
 420              		.loc 1 252 6 is_stmt 0 view .LVU136
 421 00c2 002D     		cmp	r5, #0
 422 00c4 45D0     		beq	.L49
 253:Middlewares/Third_Party/LwIP/src/core/ipv4/ip4_addr.c ****     ip4_addr_set_u32(addr, lwip_htonl(val));
 423              		.loc 1 253 5 is_stmt 1 view .LVU137
 424 00c6 2046     		mov	r0, r4
 425 00c8 FFF7FEFF 		bl	lwip_htonl
 426              	.LVL46:
 427 00cc 2860     		str	r0, [r5]
 254:Middlewares/Third_Party/LwIP/src/core/ipv4/ip4_addr.c ****   }
 255:Middlewares/Third_Party/LwIP/src/core/ipv4/ip4_addr.c ****   return 1;
 428              		.loc 1 255 10 is_stmt 0 view .LVU138
 429 00ce 0120     		movs	r0, #1
 430 00d0 29E0     		b	.L17
 431              	.LVL47:
 432              	.L31:
 230:Middlewares/Third_Party/LwIP/src/core/ipv4/ip4_addr.c ****         return 0;
 433              		.loc 1 230 7 is_stmt 1 view .LVU139
 230:Middlewares/Third_Party/LwIP/src/core/ipv4/ip4_addr.c ****         return 0;
 434              		.loc 1 230 10 is_stmt 0 view .LVU140
 435 00d2 B4F5803F 		cmp	r4, #65536
 436 00d6 2ED2     		bcs	.L42
 233:Middlewares/Third_Party/LwIP/src/core/ipv4/ip4_addr.c ****         return 0;
 437              		.loc 1 233 7 is_stmt 1 view .LVU141
 233:Middlewares/Third_Party/LwIP/src/core/ipv4/ip4_addr.c ****         return 0;
 438              		.loc 1 233 17 is_stmt 0 view .LVU142
 439 00d8 009A     		ldr	r2, [sp]
 233:Middlewares/Third_Party/LwIP/src/core/ipv4/ip4_addr.c ****         return 0;
 440              		.loc 1 233 10 view .LVU143
 441 00da FF2A     		cmp	r2, #255
 442 00dc 2DD8     		bhi	.L43
 233:Middlewares/Third_Party/LwIP/src/core/ipv4/ip4_addr.c ****         return 0;
ARM GAS  /var/folders/bg/n1lwdyp56391g865_v8nrmhm0000gn/T//cckt2EW0.s 			page 14


 443              		.loc 1 233 38 discriminator 1 view .LVU144
 444 00de 019B     		ldr	r3, [sp, #4]
 233:Middlewares/Third_Party/LwIP/src/core/ipv4/ip4_addr.c ****         return 0;
 445              		.loc 1 233 29 discriminator 1 view .LVU145
 446 00e0 FF2B     		cmp	r3, #255
 447 00e2 2CD8     		bhi	.L44
 236:Middlewares/Third_Party/LwIP/src/core/ipv4/ip4_addr.c ****       break;
 448              		.loc 1 236 7 is_stmt 1 view .LVU146
 236:Middlewares/Third_Party/LwIP/src/core/ipv4/ip4_addr.c ****       break;
 449              		.loc 1 236 43 is_stmt 0 view .LVU147
 450 00e4 1B04     		lsls	r3, r3, #16
 236:Middlewares/Third_Party/LwIP/src/core/ipv4/ip4_addr.c ****       break;
 451              		.loc 1 236 31 view .LVU148
 452 00e6 43EA0263 		orr	r3, r3, r2, lsl #24
 236:Middlewares/Third_Party/LwIP/src/core/ipv4/ip4_addr.c ****       break;
 453              		.loc 1 236 11 view .LVU149
 454 00ea 1C43     		orrs	r4, r4, r3
 455              	.LVL48:
 237:Middlewares/Third_Party/LwIP/src/core/ipv4/ip4_addr.c **** 
 456              		.loc 1 237 7 is_stmt 1 view .LVU150
 457 00ec E9E7     		b	.L33
 458              	.L29:
 240:Middlewares/Third_Party/LwIP/src/core/ipv4/ip4_addr.c ****         return 0;
 459              		.loc 1 240 7 view .LVU151
 240:Middlewares/Third_Party/LwIP/src/core/ipv4/ip4_addr.c ****         return 0;
 460              		.loc 1 240 10 is_stmt 0 view .LVU152
 461 00ee FF2C     		cmp	r4, #255
 462 00f0 27D8     		bhi	.L45
 243:Middlewares/Third_Party/LwIP/src/core/ipv4/ip4_addr.c ****         return 0;
 463              		.loc 1 243 7 is_stmt 1 view .LVU153
 243:Middlewares/Third_Party/LwIP/src/core/ipv4/ip4_addr.c ****         return 0;
 464              		.loc 1 243 17 is_stmt 0 view .LVU154
 465 00f2 0099     		ldr	r1, [sp]
 466              	.LVL49:
 243:Middlewares/Third_Party/LwIP/src/core/ipv4/ip4_addr.c ****         return 0;
 467              		.loc 1 243 10 view .LVU155
 468 00f4 FF29     		cmp	r1, #255
 469 00f6 26D8     		bhi	.L46
 243:Middlewares/Third_Party/LwIP/src/core/ipv4/ip4_addr.c ****         return 0;
 470              		.loc 1 243 38 discriminator 1 view .LVU156
 471 00f8 019B     		ldr	r3, [sp, #4]
 243:Middlewares/Third_Party/LwIP/src/core/ipv4/ip4_addr.c ****         return 0;
 472              		.loc 1 243 29 discriminator 1 view .LVU157
 473 00fa FF2B     		cmp	r3, #255
 474 00fc 25D8     		bhi	.L47
 243:Middlewares/Third_Party/LwIP/src/core/ipv4/ip4_addr.c ****         return 0;
 475              		.loc 1 243 59 discriminator 2 view .LVU158
 476 00fe 029A     		ldr	r2, [sp, #8]
 243:Middlewares/Third_Party/LwIP/src/core/ipv4/ip4_addr.c ****         return 0;
 477              		.loc 1 243 50 discriminator 2 view .LVU159
 478 0100 FF2A     		cmp	r2, #255
 479 0102 24D8     		bhi	.L48
 246:Middlewares/Third_Party/LwIP/src/core/ipv4/ip4_addr.c ****       break;
 480              		.loc 1 246 7 is_stmt 1 view .LVU160
 246:Middlewares/Third_Party/LwIP/src/core/ipv4/ip4_addr.c ****       break;
 481              		.loc 1 246 43 is_stmt 0 view .LVU161
 482 0104 1B04     		lsls	r3, r3, #16
ARM GAS  /var/folders/bg/n1lwdyp56391g865_v8nrmhm0000gn/T//cckt2EW0.s 			page 15


 246:Middlewares/Third_Party/LwIP/src/core/ipv4/ip4_addr.c ****       break;
 483              		.loc 1 246 31 view .LVU162
 484 0106 43EA0163 		orr	r3, r3, r1, lsl #24
 246:Middlewares/Third_Party/LwIP/src/core/ipv4/ip4_addr.c ****       break;
 485              		.loc 1 246 50 view .LVU163
 486 010a 43EA0223 		orr	r3, r3, r2, lsl #8
 246:Middlewares/Third_Party/LwIP/src/core/ipv4/ip4_addr.c ****       break;
 487              		.loc 1 246 11 view .LVU164
 488 010e 1C43     		orrs	r4, r4, r3
 489              	.LVL50:
 247:Middlewares/Third_Party/LwIP/src/core/ipv4/ip4_addr.c ****     default:
 490              		.loc 1 247 7 is_stmt 1 view .LVU165
 491 0110 D7E7     		b	.L33
 492              	.LVL51:
 493              	.L28:
 249:Middlewares/Third_Party/LwIP/src/core/ipv4/ip4_addr.c ****       break;
 494              		.loc 1 249 7 discriminator 1 view .LVU166
 249:Middlewares/Third_Party/LwIP/src/core/ipv4/ip4_addr.c ****       break;
 495              		.loc 1 249 7 discriminator 1 view .LVU167
 249:Middlewares/Third_Party/LwIP/src/core/ipv4/ip4_addr.c ****       break;
 496              		.loc 1 249 7 discriminator 1 view .LVU168
 249:Middlewares/Third_Party/LwIP/src/core/ipv4/ip4_addr.c ****       break;
 497              		.loc 1 249 7 discriminator 1 view .LVU169
 498 0112 124B     		ldr	r3, .L54+4
 499 0114 F922     		movs	r2, #249
 500 0116 1249     		ldr	r1, .L54+8
 501              	.LVL52:
 249:Middlewares/Third_Party/LwIP/src/core/ipv4/ip4_addr.c ****       break;
 502              		.loc 1 249 7 is_stmt 0 discriminator 1 view .LVU170
 503 0118 1248     		ldr	r0, .L54+12
 504 011a FFF7FEFF 		bl	printf
 505              	.LVL53:
 249:Middlewares/Third_Party/LwIP/src/core/ipv4/ip4_addr.c ****       break;
 506              		.loc 1 249 7 is_stmt 1 discriminator 1 view .LVU171
 249:Middlewares/Third_Party/LwIP/src/core/ipv4/ip4_addr.c ****       break;
 507              		.loc 1 249 7 discriminator 1 view .LVU172
 250:Middlewares/Third_Party/LwIP/src/core/ipv4/ip4_addr.c ****   }
 508              		.loc 1 250 7 discriminator 1 view .LVU173
 509 011e D0E7     		b	.L33
 510              	.LVL54:
 511              	.L34:
 161:Middlewares/Third_Party/LwIP/src/core/ipv4/ip4_addr.c ****     }
 512              		.loc 1 161 14 is_stmt 0 view .LVU174
 513 0120 0020     		movs	r0, #0
 514              	.LVL55:
 161:Middlewares/Third_Party/LwIP/src/core/ipv4/ip4_addr.c ****     }
 515              		.loc 1 161 14 view .LVU175
 516 0122 00E0     		b	.L17
 517              	.LVL56:
 518              	.L38:
 193:Middlewares/Third_Party/LwIP/src/core/ipv4/ip4_addr.c ****       }
 519              		.loc 1 193 16 view .LVU176
 520 0124 0020     		movs	r0, #0
 521              	.LVL57:
 522              	.L17:
 256:Middlewares/Third_Party/LwIP/src/core/ipv4/ip4_addr.c **** }
 523              		.loc 1 256 1 view .LVU177
ARM GAS  /var/folders/bg/n1lwdyp56391g865_v8nrmhm0000gn/T//cckt2EW0.s 			page 16


 524 0126 05B0     		add	sp, sp, #20
 525              	.LCFI3:
 526              		.cfi_remember_state
 527              		.cfi_def_cfa_offset 12
 528              		@ sp needed
 529 0128 30BD     		pop	{r4, r5, pc}
 530              	.LVL58:
 531              	.L39:
 532              	.LCFI4:
 533              		.cfi_restore_state
 205:Middlewares/Third_Party/LwIP/src/core/ipv4/ip4_addr.c ****   }
 534              		.loc 1 205 12 view .LVU178
 535 012a 0020     		movs	r0, #0
 536              	.LVL59:
 205:Middlewares/Third_Party/LwIP/src/core/ipv4/ip4_addr.c ****   }
 537              		.loc 1 205 12 view .LVU179
 538 012c FBE7     		b	.L17
 539              	.LVL60:
 540              	.L40:
 221:Middlewares/Third_Party/LwIP/src/core/ipv4/ip4_addr.c ****       }
 541              		.loc 1 221 16 view .LVU180
 542 012e 0020     		movs	r0, #0
 543 0130 F9E7     		b	.L17
 544              	.L41:
 224:Middlewares/Third_Party/LwIP/src/core/ipv4/ip4_addr.c ****       }
 545              		.loc 1 224 16 view .LVU181
 546 0132 0020     		movs	r0, #0
 547 0134 F7E7     		b	.L17
 548              	.L42:
 231:Middlewares/Third_Party/LwIP/src/core/ipv4/ip4_addr.c ****       }
 549              		.loc 1 231 16 view .LVU182
 550 0136 0020     		movs	r0, #0
 551 0138 F5E7     		b	.L17
 552              	.L43:
 234:Middlewares/Third_Party/LwIP/src/core/ipv4/ip4_addr.c ****       }
 553              		.loc 1 234 16 view .LVU183
 554 013a 0020     		movs	r0, #0
 555 013c F3E7     		b	.L17
 556              	.L44:
 557 013e 0020     		movs	r0, #0
 558 0140 F1E7     		b	.L17
 559              	.L45:
 241:Middlewares/Third_Party/LwIP/src/core/ipv4/ip4_addr.c ****       }
 560              		.loc 1 241 16 view .LVU184
 561 0142 0020     		movs	r0, #0
 562 0144 EFE7     		b	.L17
 563              	.LVL61:
 564              	.L46:
 244:Middlewares/Third_Party/LwIP/src/core/ipv4/ip4_addr.c ****       }
 565              		.loc 1 244 16 view .LVU185
 566 0146 0020     		movs	r0, #0
 567 0148 EDE7     		b	.L17
 568              	.L47:
 569 014a 0020     		movs	r0, #0
 570 014c EBE7     		b	.L17
 571              	.L48:
 572 014e 0020     		movs	r0, #0
ARM GAS  /var/folders/bg/n1lwdyp56391g865_v8nrmhm0000gn/T//cckt2EW0.s 			page 17


 573 0150 E9E7     		b	.L17
 574              	.LVL62:
 575              	.L49:
 255:Middlewares/Third_Party/LwIP/src/core/ipv4/ip4_addr.c **** }
 576              		.loc 1 255 10 view .LVU186
 577 0152 0120     		movs	r0, #1
 578 0154 E7E7     		b	.L17
 579              	.L55:
 580 0156 00BF     		.align	2
 581              	.L54:
 582 0158 01000000 		.word	_ctype_+1
 583 015c 00000000 		.word	.LC0
 584 0160 38000000 		.word	.LC1
 585 0164 44000000 		.word	.LC2
 586              		.cfi_endproc
 587              	.LFE170:
 589              		.section	.text.ipaddr_addr,"ax",%progbits
 590              		.align	1
 591              		.global	ipaddr_addr
 592              		.syntax unified
 593              		.thumb
 594              		.thumb_func
 595              		.fpu fpv5-d16
 597              	ipaddr_addr:
 598              	.LVL63:
 599              	.LFB169:
 124:Middlewares/Third_Party/LwIP/src/core/ipv4/ip4_addr.c ****   ip4_addr_t val;
 600              		.loc 1 124 1 is_stmt 1 view -0
 601              		.cfi_startproc
 602              		@ args = 0, pretend = 0, frame = 8
 603              		@ frame_needed = 0, uses_anonymous_args = 0
 124:Middlewares/Third_Party/LwIP/src/core/ipv4/ip4_addr.c ****   ip4_addr_t val;
 604              		.loc 1 124 1 is_stmt 0 view .LVU188
 605 0000 00B5     		push	{lr}
 606              	.LCFI5:
 607              		.cfi_def_cfa_offset 4
 608              		.cfi_offset 14, -4
 609 0002 83B0     		sub	sp, sp, #12
 610              	.LCFI6:
 611              		.cfi_def_cfa_offset 16
 125:Middlewares/Third_Party/LwIP/src/core/ipv4/ip4_addr.c **** 
 612              		.loc 1 125 3 is_stmt 1 view .LVU189
 127:Middlewares/Third_Party/LwIP/src/core/ipv4/ip4_addr.c ****     return ip4_addr_get_u32(&val);
 613              		.loc 1 127 3 view .LVU190
 127:Middlewares/Third_Party/LwIP/src/core/ipv4/ip4_addr.c ****     return ip4_addr_get_u32(&val);
 614              		.loc 1 127 7 is_stmt 0 view .LVU191
 615 0004 01A9     		add	r1, sp, #4
 616 0006 FFF7FEFF 		bl	ip4addr_aton
 617              	.LVL64:
 127:Middlewares/Third_Party/LwIP/src/core/ipv4/ip4_addr.c ****     return ip4_addr_get_u32(&val);
 618              		.loc 1 127 6 view .LVU192
 619 000a 20B9     		cbnz	r0, .L60
 130:Middlewares/Third_Party/LwIP/src/core/ipv4/ip4_addr.c **** }
 620              		.loc 1 130 10 view .LVU193
 621 000c 4FF0FF30 		mov	r0, #-1
 622              	.L56:
 131:Middlewares/Third_Party/LwIP/src/core/ipv4/ip4_addr.c **** 
ARM GAS  /var/folders/bg/n1lwdyp56391g865_v8nrmhm0000gn/T//cckt2EW0.s 			page 18


 623              		.loc 1 131 1 view .LVU194
 624 0010 03B0     		add	sp, sp, #12
 625              	.LCFI7:
 626              		.cfi_remember_state
 627              		.cfi_def_cfa_offset 4
 628              		@ sp needed
 629 0012 5DF804FB 		ldr	pc, [sp], #4
 630              	.L60:
 631              	.LCFI8:
 632              		.cfi_restore_state
 128:Middlewares/Third_Party/LwIP/src/core/ipv4/ip4_addr.c ****   }
 633              		.loc 1 128 5 is_stmt 1 view .LVU195
 128:Middlewares/Third_Party/LwIP/src/core/ipv4/ip4_addr.c ****   }
 634              		.loc 1 128 12 is_stmt 0 view .LVU196
 635 0016 0198     		ldr	r0, [sp, #4]
 636 0018 FAE7     		b	.L56
 637              		.cfi_endproc
 638              	.LFE169:
 640              		.section	.text.ip4addr_ntoa_r,"ax",%progbits
 641              		.align	1
 642              		.global	ip4addr_ntoa_r
 643              		.syntax unified
 644              		.thumb
 645              		.thumb_func
 646              		.fpu fpv5-d16
 648              	ip4addr_ntoa_r:
 649              	.LVL65:
 650              	.LFB172:
 257:Middlewares/Third_Party/LwIP/src/core/ipv4/ip4_addr.c **** 
 258:Middlewares/Third_Party/LwIP/src/core/ipv4/ip4_addr.c **** /**
 259:Middlewares/Third_Party/LwIP/src/core/ipv4/ip4_addr.c ****  * Convert numeric IP address into decimal dotted ASCII representation.
 260:Middlewares/Third_Party/LwIP/src/core/ipv4/ip4_addr.c ****  * returns ptr to static buffer; not reentrant!
 261:Middlewares/Third_Party/LwIP/src/core/ipv4/ip4_addr.c ****  *
 262:Middlewares/Third_Party/LwIP/src/core/ipv4/ip4_addr.c ****  * @param addr ip address in network order to convert
 263:Middlewares/Third_Party/LwIP/src/core/ipv4/ip4_addr.c ****  * @return pointer to a global static (!) buffer that holds the ASCII
 264:Middlewares/Third_Party/LwIP/src/core/ipv4/ip4_addr.c ****  *         representation of addr
 265:Middlewares/Third_Party/LwIP/src/core/ipv4/ip4_addr.c ****  */
 266:Middlewares/Third_Party/LwIP/src/core/ipv4/ip4_addr.c **** char *
 267:Middlewares/Third_Party/LwIP/src/core/ipv4/ip4_addr.c **** ip4addr_ntoa(const ip4_addr_t *addr)
 268:Middlewares/Third_Party/LwIP/src/core/ipv4/ip4_addr.c **** {
 269:Middlewares/Third_Party/LwIP/src/core/ipv4/ip4_addr.c ****   static char str[IP4ADDR_STRLEN_MAX];
 270:Middlewares/Third_Party/LwIP/src/core/ipv4/ip4_addr.c ****   return ip4addr_ntoa_r(addr, str, IP4ADDR_STRLEN_MAX);
 271:Middlewares/Third_Party/LwIP/src/core/ipv4/ip4_addr.c **** }
 272:Middlewares/Third_Party/LwIP/src/core/ipv4/ip4_addr.c **** 
 273:Middlewares/Third_Party/LwIP/src/core/ipv4/ip4_addr.c **** /**
 274:Middlewares/Third_Party/LwIP/src/core/ipv4/ip4_addr.c ****  * Same as ip4addr_ntoa, but reentrant since a user-supplied buffer is used.
 275:Middlewares/Third_Party/LwIP/src/core/ipv4/ip4_addr.c ****  *
 276:Middlewares/Third_Party/LwIP/src/core/ipv4/ip4_addr.c ****  * @param addr ip address in network order to convert
 277:Middlewares/Third_Party/LwIP/src/core/ipv4/ip4_addr.c ****  * @param buf target buffer where the string is stored
 278:Middlewares/Third_Party/LwIP/src/core/ipv4/ip4_addr.c ****  * @param buflen length of buf
 279:Middlewares/Third_Party/LwIP/src/core/ipv4/ip4_addr.c ****  * @return either pointer to buf which now holds the ASCII
 280:Middlewares/Third_Party/LwIP/src/core/ipv4/ip4_addr.c ****  *         representation of addr or NULL if buf was too small
 281:Middlewares/Third_Party/LwIP/src/core/ipv4/ip4_addr.c ****  */
 282:Middlewares/Third_Party/LwIP/src/core/ipv4/ip4_addr.c **** char *
 283:Middlewares/Third_Party/LwIP/src/core/ipv4/ip4_addr.c **** ip4addr_ntoa_r(const ip4_addr_t *addr, char *buf, int buflen)
 284:Middlewares/Third_Party/LwIP/src/core/ipv4/ip4_addr.c **** {
 651              		.loc 1 284 1 is_stmt 1 view -0
ARM GAS  /var/folders/bg/n1lwdyp56391g865_v8nrmhm0000gn/T//cckt2EW0.s 			page 19


 652              		.cfi_startproc
 653              		@ args = 0, pretend = 0, frame = 8
 654              		@ frame_needed = 0, uses_anonymous_args = 0
 655              		.loc 1 284 1 is_stmt 0 view .LVU198
 656 0000 F0B5     		push	{r4, r5, r6, r7, lr}
 657              	.LCFI9:
 658              		.cfi_def_cfa_offset 20
 659              		.cfi_offset 4, -20
 660              		.cfi_offset 5, -16
 661              		.cfi_offset 6, -12
 662              		.cfi_offset 7, -8
 663              		.cfi_offset 14, -4
 664 0002 83B0     		sub	sp, sp, #12
 665              	.LCFI10:
 666              		.cfi_def_cfa_offset 32
 285:Middlewares/Third_Party/LwIP/src/core/ipv4/ip4_addr.c ****   u32_t s_addr;
 667              		.loc 1 285 3 is_stmt 1 view .LVU199
 286:Middlewares/Third_Party/LwIP/src/core/ipv4/ip4_addr.c ****   char inv[3];
 668              		.loc 1 286 3 view .LVU200
 287:Middlewares/Third_Party/LwIP/src/core/ipv4/ip4_addr.c ****   char *rp;
 669              		.loc 1 287 3 view .LVU201
 288:Middlewares/Third_Party/LwIP/src/core/ipv4/ip4_addr.c ****   u8_t *ap;
 670              		.loc 1 288 3 view .LVU202
 289:Middlewares/Third_Party/LwIP/src/core/ipv4/ip4_addr.c ****   u8_t rem;
 671              		.loc 1 289 3 view .LVU203
 290:Middlewares/Third_Party/LwIP/src/core/ipv4/ip4_addr.c ****   u8_t n;
 672              		.loc 1 290 3 view .LVU204
 291:Middlewares/Third_Party/LwIP/src/core/ipv4/ip4_addr.c ****   u8_t i;
 673              		.loc 1 291 3 view .LVU205
 292:Middlewares/Third_Party/LwIP/src/core/ipv4/ip4_addr.c ****   int len = 0;
 674              		.loc 1 292 3 view .LVU206
 675              	.LVL66:
 293:Middlewares/Third_Party/LwIP/src/core/ipv4/ip4_addr.c **** 
 294:Middlewares/Third_Party/LwIP/src/core/ipv4/ip4_addr.c ****   s_addr = ip4_addr_get_u32(addr);
 676              		.loc 1 294 3 view .LVU207
 677              		.loc 1 294 12 is_stmt 0 view .LVU208
 678 0004 0368     		ldr	r3, [r0]
 679              		.loc 1 294 10 view .LVU209
 680 0006 0193     		str	r3, [sp, #4]
 295:Middlewares/Third_Party/LwIP/src/core/ipv4/ip4_addr.c **** 
 296:Middlewares/Third_Party/LwIP/src/core/ipv4/ip4_addr.c ****   rp = buf;
 681              		.loc 1 296 3 is_stmt 1 view .LVU210
 682              	.LVL67:
 297:Middlewares/Third_Party/LwIP/src/core/ipv4/ip4_addr.c ****   ap = (u8_t *)&s_addr;
 683              		.loc 1 297 3 view .LVU211
 298:Middlewares/Third_Party/LwIP/src/core/ipv4/ip4_addr.c ****   for (n = 0; n < 4; n++) {
 684              		.loc 1 298 3 view .LVU212
 296:Middlewares/Third_Party/LwIP/src/core/ipv4/ip4_addr.c ****   ap = (u8_t *)&s_addr;
 685              		.loc 1 296 6 is_stmt 0 view .LVU213
 686 0008 8E46     		mov	lr, r1
 292:Middlewares/Third_Party/LwIP/src/core/ipv4/ip4_addr.c **** 
 687              		.loc 1 292 7 view .LVU214
 688 000a 0024     		movs	r4, #0
 689              		.loc 1 298 10 view .LVU215
 690 000c 2646     		mov	r6, r4
 297:Middlewares/Third_Party/LwIP/src/core/ipv4/ip4_addr.c ****   for (n = 0; n < 4; n++) {
 691              		.loc 1 297 6 view .LVU216
ARM GAS  /var/folders/bg/n1lwdyp56391g865_v8nrmhm0000gn/T//cckt2EW0.s 			page 20


 692 000e 01AD     		add	r5, sp, #4
 693              	.LVL68:
 694              	.L62:
 695              		.loc 1 298 15 is_stmt 1 discriminator 1 view .LVU217
 696              		.loc 1 298 3 is_stmt 0 discriminator 1 view .LVU218
 697 0010 032E     		cmp	r6, #3
 698 0012 37D8     		bhi	.L71
 299:Middlewares/Third_Party/LwIP/src/core/ipv4/ip4_addr.c ****     i = 0;
 699              		.loc 1 299 7 view .LVU219
 700 0014 0020     		movs	r0, #0
 701              	.L63:
 702              	.LVL69:
 300:Middlewares/Third_Party/LwIP/src/core/ipv4/ip4_addr.c ****     do {
 703              		.loc 1 300 5 is_stmt 1 discriminator 1 view .LVU220
 301:Middlewares/Third_Party/LwIP/src/core/ipv4/ip4_addr.c ****       rem = *ap % (u8_t)10;
 704              		.loc 1 301 7 discriminator 1 view .LVU221
 705              		.loc 1 301 13 is_stmt 0 discriminator 1 view .LVU222
 706 0016 95F800C0 		ldrb	ip, [r5]	@ zero_extendqisi2
 707              		.loc 1 301 11 discriminator 1 view .LVU223
 708 001a 1E4B     		ldr	r3, .L74
 709 001c A3FB0C73 		umull	r7, r3, r3, ip
 710 0020 DB08     		lsrs	r3, r3, #3
 711 0022 03EB8307 		add	r7, r3, r3, lsl #2
 712 0026 ACEB470C 		sub	ip, ip, r7, lsl #1
 713 002a 5FFA8CFC 		uxtb	ip, ip
 714              	.LVL70:
 302:Middlewares/Third_Party/LwIP/src/core/ipv4/ip4_addr.c ****       *ap /= (u8_t)10;
 715              		.loc 1 302 7 is_stmt 1 discriminator 1 view .LVU224
 716              		.loc 1 302 11 is_stmt 0 discriminator 1 view .LVU225
 717 002e DBB2     		uxtb	r3, r3
 718 0030 2B70     		strb	r3, [r5]
 303:Middlewares/Third_Party/LwIP/src/core/ipv4/ip4_addr.c ****       inv[i++] = (char)('0' + rem);
 719              		.loc 1 303 7 is_stmt 1 discriminator 1 view .LVU226
 720 0032 0746     		mov	r7, r0
 721              		.loc 1 303 12 is_stmt 0 discriminator 1 view .LVU227
 722 0034 0130     		adds	r0, r0, #1
 723              	.LVL71:
 724              		.loc 1 303 12 discriminator 1 view .LVU228
 725 0036 C0B2     		uxtb	r0, r0
 726              	.LVL72:
 727              		.loc 1 303 18 discriminator 1 view .LVU229
 728 0038 0CF1300C 		add	ip, ip, #48
 729              	.LVL73:
 730              		.loc 1 303 16 discriminator 1 view .LVU230
 731 003c 0837     		adds	r7, r7, #8
 732 003e 6F44     		add	r7, sp, r7
 733 0040 07F808CC 		strb	ip, [r7, #-8]
 304:Middlewares/Third_Party/LwIP/src/core/ipv4/ip4_addr.c ****     } while (*ap);
 734              		.loc 1 304 13 is_stmt 1 discriminator 1 view .LVU231
 735              		.loc 1 304 5 is_stmt 0 discriminator 1 view .LVU232
 736 0044 002B     		cmp	r3, #0
 737 0046 E6D1     		bne	.L63
 738 0048 08E0     		b	.L64
 739              	.LVL74:
 740              	.L73:
 305:Middlewares/Third_Party/LwIP/src/core/ipv4/ip4_addr.c ****     while (i--) {
 306:Middlewares/Third_Party/LwIP/src/core/ipv4/ip4_addr.c ****       if (len++ >= buflen) {
ARM GAS  /var/folders/bg/n1lwdyp56391g865_v8nrmhm0000gn/T//cckt2EW0.s 			page 21


 307:Middlewares/Third_Party/LwIP/src/core/ipv4/ip4_addr.c ****         return NULL;
 308:Middlewares/Third_Party/LwIP/src/core/ipv4/ip4_addr.c ****       }
 309:Middlewares/Third_Party/LwIP/src/core/ipv4/ip4_addr.c ****       *rp++ = inv[i];
 741              		.loc 1 309 7 is_stmt 1 view .LVU233
 742              		.loc 1 309 18 is_stmt 0 view .LVU234
 743 004a 03F10804 		add	r4, r3, #8
 744 004e 6C44     		add	r4, sp, r4
 745 0050 14F8084C 		ldrb	r4, [r4, #-8]	@ zero_extendqisi2
 746              		.loc 1 309 13 view .LVU235
 747 0054 0EF8014B 		strb	r4, [lr], #1
 748              	.LVL75:
 306:Middlewares/Third_Party/LwIP/src/core/ipv4/ip4_addr.c ****         return NULL;
 749              		.loc 1 306 14 view .LVU236
 750 0058 0446     		mov	r4, r0
 305:Middlewares/Third_Party/LwIP/src/core/ipv4/ip4_addr.c ****     while (i--) {
 751              		.loc 1 305 13 view .LVU237
 752 005a 1846     		mov	r0, r3
 753              	.LVL76:
 754              	.L64:
 305:Middlewares/Third_Party/LwIP/src/core/ipv4/ip4_addr.c ****     while (i--) {
 755              		.loc 1 305 11 is_stmt 1 view .LVU238
 305:Middlewares/Third_Party/LwIP/src/core/ipv4/ip4_addr.c ****     while (i--) {
 756              		.loc 1 305 13 is_stmt 0 view .LVU239
 757 005c 431E     		subs	r3, r0, #1
 758 005e DBB2     		uxtb	r3, r3
 759              	.LVL77:
 305:Middlewares/Third_Party/LwIP/src/core/ipv4/ip4_addr.c ****     while (i--) {
 760              		.loc 1 305 11 view .LVU240
 761 0060 28B1     		cbz	r0, .L72
 306:Middlewares/Third_Party/LwIP/src/core/ipv4/ip4_addr.c ****         return NULL;
 762              		.loc 1 306 7 is_stmt 1 view .LVU241
 306:Middlewares/Third_Party/LwIP/src/core/ipv4/ip4_addr.c ****         return NULL;
 763              		.loc 1 306 14 is_stmt 0 view .LVU242
 764 0062 601C     		adds	r0, r4, #1
 765              	.LVL78:
 306:Middlewares/Third_Party/LwIP/src/core/ipv4/ip4_addr.c ****         return NULL;
 766              		.loc 1 306 10 view .LVU243
 767 0064 9442     		cmp	r4, r2
 768 0066 F0DB     		blt	.L73
 307:Middlewares/Third_Party/LwIP/src/core/ipv4/ip4_addr.c ****       }
 769              		.loc 1 307 16 view .LVU244
 770 0068 0020     		movs	r0, #0
 771              	.LVL79:
 772              	.L61:
 310:Middlewares/Third_Party/LwIP/src/core/ipv4/ip4_addr.c ****     }
 311:Middlewares/Third_Party/LwIP/src/core/ipv4/ip4_addr.c ****     if (len++ >= buflen) {
 312:Middlewares/Third_Party/LwIP/src/core/ipv4/ip4_addr.c ****       return NULL;
 313:Middlewares/Third_Party/LwIP/src/core/ipv4/ip4_addr.c ****     }
 314:Middlewares/Third_Party/LwIP/src/core/ipv4/ip4_addr.c ****     *rp++ = '.';
 315:Middlewares/Third_Party/LwIP/src/core/ipv4/ip4_addr.c ****     ap++;
 316:Middlewares/Third_Party/LwIP/src/core/ipv4/ip4_addr.c ****   }
 317:Middlewares/Third_Party/LwIP/src/core/ipv4/ip4_addr.c ****   *--rp = 0;
 318:Middlewares/Third_Party/LwIP/src/core/ipv4/ip4_addr.c ****   return buf;
 319:Middlewares/Third_Party/LwIP/src/core/ipv4/ip4_addr.c **** }
 773              		.loc 1 319 1 view .LVU245
 774 006a 03B0     		add	sp, sp, #12
 775              	.LCFI11:
ARM GAS  /var/folders/bg/n1lwdyp56391g865_v8nrmhm0000gn/T//cckt2EW0.s 			page 22


 776              		.cfi_remember_state
 777              		.cfi_def_cfa_offset 20
 778              		@ sp needed
 779 006c F0BD     		pop	{r4, r5, r6, r7, pc}
 780              	.LVL80:
 781              	.L72:
 782              	.LCFI12:
 783              		.cfi_restore_state
 311:Middlewares/Third_Party/LwIP/src/core/ipv4/ip4_addr.c ****       return NULL;
 784              		.loc 1 311 5 is_stmt 1 view .LVU246
 311:Middlewares/Third_Party/LwIP/src/core/ipv4/ip4_addr.c ****       return NULL;
 785              		.loc 1 311 12 is_stmt 0 view .LVU247
 786 006e 631C     		adds	r3, r4, #1
 787              	.LVL81:
 311:Middlewares/Third_Party/LwIP/src/core/ipv4/ip4_addr.c ****       return NULL;
 788              		.loc 1 311 8 view .LVU248
 789 0070 9442     		cmp	r4, r2
 790 0072 0CDA     		bge	.L68
 314:Middlewares/Third_Party/LwIP/src/core/ipv4/ip4_addr.c ****     ap++;
 791              		.loc 1 314 5 is_stmt 1 discriminator 2 view .LVU249
 792              	.LVL82:
 314:Middlewares/Third_Party/LwIP/src/core/ipv4/ip4_addr.c ****     ap++;
 793              		.loc 1 314 11 is_stmt 0 discriminator 2 view .LVU250
 794 0074 2E20     		movs	r0, #46
 795              	.LVL83:
 314:Middlewares/Third_Party/LwIP/src/core/ipv4/ip4_addr.c ****     ap++;
 796              		.loc 1 314 11 discriminator 2 view .LVU251
 797 0076 0EF8010B 		strb	r0, [lr], #1
 798              	.LVL84:
 315:Middlewares/Third_Party/LwIP/src/core/ipv4/ip4_addr.c ****   }
 799              		.loc 1 315 5 is_stmt 1 discriminator 2 view .LVU252
 315:Middlewares/Third_Party/LwIP/src/core/ipv4/ip4_addr.c ****   }
 800              		.loc 1 315 7 is_stmt 0 discriminator 2 view .LVU253
 801 007a 0135     		adds	r5, r5, #1
 802              	.LVL85:
 298:Middlewares/Third_Party/LwIP/src/core/ipv4/ip4_addr.c ****     i = 0;
 803              		.loc 1 298 22 is_stmt 1 discriminator 2 view .LVU254
 298:Middlewares/Third_Party/LwIP/src/core/ipv4/ip4_addr.c ****     i = 0;
 804              		.loc 1 298 23 is_stmt 0 discriminator 2 view .LVU255
 805 007c 0136     		adds	r6, r6, #1
 806              	.LVL86:
 298:Middlewares/Third_Party/LwIP/src/core/ipv4/ip4_addr.c ****     i = 0;
 807              		.loc 1 298 23 discriminator 2 view .LVU256
 808 007e F6B2     		uxtb	r6, r6
 809              	.LVL87:
 311:Middlewares/Third_Party/LwIP/src/core/ipv4/ip4_addr.c ****       return NULL;
 810              		.loc 1 311 12 discriminator 2 view .LVU257
 811 0080 1C46     		mov	r4, r3
 812 0082 C5E7     		b	.L62
 813              	.LVL88:
 814              	.L71:
 317:Middlewares/Third_Party/LwIP/src/core/ipv4/ip4_addr.c ****   return buf;
 815              		.loc 1 317 3 is_stmt 1 view .LVU258
 317:Middlewares/Third_Party/LwIP/src/core/ipv4/ip4_addr.c ****   return buf;
 816              		.loc 1 317 9 is_stmt 0 view .LVU259
 817 0084 0023     		movs	r3, #0
 818 0086 0EF8013C 		strb	r3, [lr, #-1]
ARM GAS  /var/folders/bg/n1lwdyp56391g865_v8nrmhm0000gn/T//cckt2EW0.s 			page 23


 318:Middlewares/Third_Party/LwIP/src/core/ipv4/ip4_addr.c **** }
 819              		.loc 1 318 3 is_stmt 1 view .LVU260
 318:Middlewares/Third_Party/LwIP/src/core/ipv4/ip4_addr.c **** }
 820              		.loc 1 318 10 is_stmt 0 view .LVU261
 821 008a 0846     		mov	r0, r1
 822 008c EDE7     		b	.L61
 823              	.LVL89:
 824              	.L68:
 312:Middlewares/Third_Party/LwIP/src/core/ipv4/ip4_addr.c ****     }
 825              		.loc 1 312 14 view .LVU262
 826 008e 0020     		movs	r0, #0
 827              	.LVL90:
 312:Middlewares/Third_Party/LwIP/src/core/ipv4/ip4_addr.c ****     }
 828              		.loc 1 312 14 view .LVU263
 829 0090 EBE7     		b	.L61
 830              	.L75:
 831 0092 00BF     		.align	2
 832              	.L74:
 833 0094 CDCCCCCC 		.word	-858993459
 834              		.cfi_endproc
 835              	.LFE172:
 837              		.section	.text.ip4addr_ntoa,"ax",%progbits
 838              		.align	1
 839              		.global	ip4addr_ntoa
 840              		.syntax unified
 841              		.thumb
 842              		.thumb_func
 843              		.fpu fpv5-d16
 845              	ip4addr_ntoa:
 846              	.LVL91:
 847              	.LFB171:
 268:Middlewares/Third_Party/LwIP/src/core/ipv4/ip4_addr.c ****   static char str[IP4ADDR_STRLEN_MAX];
 848              		.loc 1 268 1 is_stmt 1 view -0
 849              		.cfi_startproc
 850              		@ args = 0, pretend = 0, frame = 0
 851              		@ frame_needed = 0, uses_anonymous_args = 0
 268:Middlewares/Third_Party/LwIP/src/core/ipv4/ip4_addr.c ****   static char str[IP4ADDR_STRLEN_MAX];
 852              		.loc 1 268 1 is_stmt 0 view .LVU265
 853 0000 08B5     		push	{r3, lr}
 854              	.LCFI13:
 855              		.cfi_def_cfa_offset 8
 856              		.cfi_offset 3, -8
 857              		.cfi_offset 14, -4
 269:Middlewares/Third_Party/LwIP/src/core/ipv4/ip4_addr.c ****   return ip4addr_ntoa_r(addr, str, IP4ADDR_STRLEN_MAX);
 858              		.loc 1 269 3 is_stmt 1 view .LVU266
 270:Middlewares/Third_Party/LwIP/src/core/ipv4/ip4_addr.c **** }
 859              		.loc 1 270 3 view .LVU267
 270:Middlewares/Third_Party/LwIP/src/core/ipv4/ip4_addr.c **** }
 860              		.loc 1 270 10 is_stmt 0 view .LVU268
 861 0002 1022     		movs	r2, #16
 862 0004 0149     		ldr	r1, .L78
 863 0006 FFF7FEFF 		bl	ip4addr_ntoa_r
 864              	.LVL92:
 271:Middlewares/Third_Party/LwIP/src/core/ipv4/ip4_addr.c **** 
 865              		.loc 1 271 1 view .LVU269
 866 000a 08BD     		pop	{r3, pc}
 867              	.L79:
ARM GAS  /var/folders/bg/n1lwdyp56391g865_v8nrmhm0000gn/T//cckt2EW0.s 			page 24


 868              		.align	2
 869              	.L78:
 870 000c 00000000 		.word	.LANCHOR0
 871              		.cfi_endproc
 872              	.LFE171:
 874              		.global	ip_addr_broadcast
 875              		.global	ip_addr_any
 876              		.section	.bss.str.0,"aw",%nobits
 877              		.align	2
 878              		.set	.LANCHOR0,. + 0
 881              	str.0:
 882 0000 00000000 		.space	16
 882      00000000 
 882      00000000 
 882      00000000 
 883              		.section	.rodata.ip_addr_any,"a"
 884              		.align	2
 887              	ip_addr_any:
 888 0000 00000000 		.space	4
 889              		.section	.rodata.ip_addr_broadcast,"a"
 890              		.align	2
 893              	ip_addr_broadcast:
 894 0000 FFFFFFFF 		.word	-1
 895              		.text
 896              	.Letext0:
 897              		.file 2 "/opt/homebrew/Cellar/arm-none-eabi-gcc/10.3-2021.07/gcc/arm-none-eabi/include/machine/_de
 898              		.file 3 "/opt/homebrew/Cellar/arm-none-eabi-gcc/10.3-2021.07/gcc/arm-none-eabi/include/sys/_stdint
 899              		.file 4 "Middlewares/Third_Party/LwIP/src/include/lwip/arch.h"
 900              		.file 5 "Middlewares/Third_Party/LwIP/src/include/lwip/ip4_addr.h"
 901              		.file 6 "Middlewares/Third_Party/LwIP/src/include/lwip/ip_addr.h"
 902              		.file 7 "/opt/homebrew/Cellar/arm-none-eabi-gcc/10.3-2021.07/gcc/arm-none-eabi/include/ctype.h"
 903              		.file 8 "Middlewares/Third_Party/LwIP/src/include/lwip/err.h"
 904              		.file 9 "Middlewares/Third_Party/LwIP/src/include/lwip/pbuf.h"
 905              		.file 10 "Middlewares/Third_Party/LwIP/src/include/lwip/netif.h"
 906              		.file 11 "Middlewares/Third_Party/LwIP/src/include/lwip/def.h"
 907              		.file 12 "/opt/homebrew/Cellar/arm-none-eabi-gcc/10.3-2021.07/gcc/arm-none-eabi/include/stdio.h"
 908              		.file 13 "Middlewares/Third_Party/LwIP/src/include/lwip/memp.h"
ARM GAS  /var/folders/bg/n1lwdyp56391g865_v8nrmhm0000gn/T//cckt2EW0.s 			page 25


DEFINED SYMBOLS
                            *ABS*:0000000000000000 ip4_addr.c
/var/folders/bg/n1lwdyp56391g865_v8nrmhm0000gn/T//cckt2EW0.s:17     .text.ip4_addr_isbroadcast_u32:0000000000000000 $t
/var/folders/bg/n1lwdyp56391g865_v8nrmhm0000gn/T//cckt2EW0.s:25     .text.ip4_addr_isbroadcast_u32:0000000000000000 ip4_addr_isbroadcast_u32
/var/folders/bg/n1lwdyp56391g865_v8nrmhm0000gn/T//cckt2EW0.s:101    .text.ip4_addr_netmask_valid:0000000000000000 $t
/var/folders/bg/n1lwdyp56391g865_v8nrmhm0000gn/T//cckt2EW0.s:108    .text.ip4_addr_netmask_valid:0000000000000000 ip4_addr_netmask_valid
/var/folders/bg/n1lwdyp56391g865_v8nrmhm0000gn/T//cckt2EW0.s:176    .rodata.ip4addr_aton.str1.4:0000000000000000 $d
/var/folders/bg/n1lwdyp56391g865_v8nrmhm0000gn/T//cckt2EW0.s:187    .text.ip4addr_aton:0000000000000000 $t
/var/folders/bg/n1lwdyp56391g865_v8nrmhm0000gn/T//cckt2EW0.s:194    .text.ip4addr_aton:0000000000000000 ip4addr_aton
/var/folders/bg/n1lwdyp56391g865_v8nrmhm0000gn/T//cckt2EW0.s:396    .text.ip4addr_aton:00000000000000ac $d
/var/folders/bg/n1lwdyp56391g865_v8nrmhm0000gn/T//cckt2EW0.s:582    .text.ip4addr_aton:0000000000000158 $d
/var/folders/bg/n1lwdyp56391g865_v8nrmhm0000gn/T//cckt2EW0.s:590    .text.ipaddr_addr:0000000000000000 $t
/var/folders/bg/n1lwdyp56391g865_v8nrmhm0000gn/T//cckt2EW0.s:597    .text.ipaddr_addr:0000000000000000 ipaddr_addr
/var/folders/bg/n1lwdyp56391g865_v8nrmhm0000gn/T//cckt2EW0.s:641    .text.ip4addr_ntoa_r:0000000000000000 $t
/var/folders/bg/n1lwdyp56391g865_v8nrmhm0000gn/T//cckt2EW0.s:648    .text.ip4addr_ntoa_r:0000000000000000 ip4addr_ntoa_r
/var/folders/bg/n1lwdyp56391g865_v8nrmhm0000gn/T//cckt2EW0.s:833    .text.ip4addr_ntoa_r:0000000000000094 $d
/var/folders/bg/n1lwdyp56391g865_v8nrmhm0000gn/T//cckt2EW0.s:838    .text.ip4addr_ntoa:0000000000000000 $t
/var/folders/bg/n1lwdyp56391g865_v8nrmhm0000gn/T//cckt2EW0.s:845    .text.ip4addr_ntoa:0000000000000000 ip4addr_ntoa
/var/folders/bg/n1lwdyp56391g865_v8nrmhm0000gn/T//cckt2EW0.s:870    .text.ip4addr_ntoa:000000000000000c $d
/var/folders/bg/n1lwdyp56391g865_v8nrmhm0000gn/T//cckt2EW0.s:893    .rodata.ip_addr_broadcast:0000000000000000 ip_addr_broadcast
/var/folders/bg/n1lwdyp56391g865_v8nrmhm0000gn/T//cckt2EW0.s:887    .rodata.ip_addr_any:0000000000000000 ip_addr_any
/var/folders/bg/n1lwdyp56391g865_v8nrmhm0000gn/T//cckt2EW0.s:877    .bss.str.0:0000000000000000 $d
/var/folders/bg/n1lwdyp56391g865_v8nrmhm0000gn/T//cckt2EW0.s:881    .bss.str.0:0000000000000000 str.0
/var/folders/bg/n1lwdyp56391g865_v8nrmhm0000gn/T//cckt2EW0.s:884    .rodata.ip_addr_any:0000000000000000 $d
/var/folders/bg/n1lwdyp56391g865_v8nrmhm0000gn/T//cckt2EW0.s:890    .rodata.ip_addr_broadcast:0000000000000000 $d
/var/folders/bg/n1lwdyp56391g865_v8nrmhm0000gn/T//cckt2EW0.s:401    .text.ip4addr_aton:00000000000000b1 $d
/var/folders/bg/n1lwdyp56391g865_v8nrmhm0000gn/T//cckt2EW0.s:401    .text.ip4addr_aton:00000000000000b2 $t

UNDEFINED SYMBOLS
lwip_htonl
printf
_ctype_
