ARM GAS  /var/folders/bg/n1lwdyp56391g865_v8nrmhm0000gn/T//ccrZN8cI.s 			page 1


   1              		.cpu cortex-m7
   2              		.eabi_attribute 28, 1
   3              		.eabi_attribute 20, 1
   4              		.eabi_attribute 21, 1
   5              		.eabi_attribute 23, 3
   6              		.eabi_attribute 24, 1
   7              		.eabi_attribute 25, 1
   8              		.eabi_attribute 26, 1
   9              		.eabi_attribute 30, 1
  10              		.eabi_attribute 34, 1
  11              		.eabi_attribute 18, 4
  12              		.file	"lwip.c"
  13              		.text
  14              	.Ltext0:
  15              		.cfi_sections	.debug_frame
  16              		.section	.text.ethernet_link_status_updated,"ax",%progbits
  17              		.align	1
  18              		.arch armv7e-m
  19              		.syntax unified
  20              		.thumb
  21              		.thumb_func
  22              		.fpu fpv5-d16
  24              	ethernet_link_status_updated:
  25              	.LVL0:
  26              	.LFB170:
  27              		.file 1 "LWIP/App/lwip.c"
   1:LWIP/App/lwip.c **** /* USER CODE BEGIN Header */
   2:LWIP/App/lwip.c **** /**
   3:LWIP/App/lwip.c ****  ******************************************************************************
   4:LWIP/App/lwip.c ****   * File Name          : LWIP.c
   5:LWIP/App/lwip.c ****   * Description        : This file provides initialization code for LWIP
   6:LWIP/App/lwip.c ****   *                      middleWare.
   7:LWIP/App/lwip.c ****   ******************************************************************************
   8:LWIP/App/lwip.c ****   * @attention
   9:LWIP/App/lwip.c ****   *
  10:LWIP/App/lwip.c ****   * Copyright (c) 2024 STMicroelectronics.
  11:LWIP/App/lwip.c ****   * All rights reserved.
  12:LWIP/App/lwip.c ****   *
  13:LWIP/App/lwip.c ****   * This software is licensed under terms that can be found in the LICENSE file
  14:LWIP/App/lwip.c ****   * in the root directory of this software component.
  15:LWIP/App/lwip.c ****   * If no LICENSE file comes with this software, it is provided AS-IS.
  16:LWIP/App/lwip.c ****   *
  17:LWIP/App/lwip.c ****   ******************************************************************************
  18:LWIP/App/lwip.c ****   */
  19:LWIP/App/lwip.c **** /* USER CODE END Header */
  20:LWIP/App/lwip.c **** 
  21:LWIP/App/lwip.c **** /* Includes ------------------------------------------------------------------*/
  22:LWIP/App/lwip.c **** #include "lwip.h"
  23:LWIP/App/lwip.c **** #include "lwip/init.h"
  24:LWIP/App/lwip.c **** #include "lwip/netif.h"
  25:LWIP/App/lwip.c **** #if defined ( __CC_ARM )  /* MDK ARM Compiler */
  26:LWIP/App/lwip.c **** #include "lwip/sio.h"
  27:LWIP/App/lwip.c **** #endif /* MDK ARM Compiler */
  28:LWIP/App/lwip.c **** #include "ethernetif.h"
  29:LWIP/App/lwip.c **** 
  30:LWIP/App/lwip.c **** /* USER CODE BEGIN 0 */
  31:LWIP/App/lwip.c **** 
ARM GAS  /var/folders/bg/n1lwdyp56391g865_v8nrmhm0000gn/T//ccrZN8cI.s 			page 2


  32:LWIP/App/lwip.c **** /* USER CODE END 0 */
  33:LWIP/App/lwip.c **** /* Private function prototypes -----------------------------------------------*/
  34:LWIP/App/lwip.c **** static void ethernet_link_status_updated(struct netif *netif);
  35:LWIP/App/lwip.c **** static void Ethernet_Link_Periodic_Handle(struct netif *netif);
  36:LWIP/App/lwip.c **** /* ETH Variables initialization ----------------------------------------------*/
  37:LWIP/App/lwip.c **** void Error_Handler(void);
  38:LWIP/App/lwip.c **** 
  39:LWIP/App/lwip.c **** /* USER CODE BEGIN 1 */
  40:LWIP/App/lwip.c **** 
  41:LWIP/App/lwip.c **** /* USER CODE END 1 */
  42:LWIP/App/lwip.c **** uint32_t EthernetLinkTimer;
  43:LWIP/App/lwip.c **** 
  44:LWIP/App/lwip.c **** /* Variables Initialization */
  45:LWIP/App/lwip.c **** struct netif gnetif;
  46:LWIP/App/lwip.c **** ip4_addr_t ipaddr;
  47:LWIP/App/lwip.c **** ip4_addr_t netmask;
  48:LWIP/App/lwip.c **** ip4_addr_t gw;
  49:LWIP/App/lwip.c **** uint8_t IP_ADDRESS[4];
  50:LWIP/App/lwip.c **** uint8_t NETMASK_ADDRESS[4];
  51:LWIP/App/lwip.c **** uint8_t GATEWAY_ADDRESS[4];
  52:LWIP/App/lwip.c **** 
  53:LWIP/App/lwip.c **** /* USER CODE BEGIN 2 */
  54:LWIP/App/lwip.c **** 
  55:LWIP/App/lwip.c **** /* USER CODE END 2 */
  56:LWIP/App/lwip.c **** 
  57:LWIP/App/lwip.c **** /**
  58:LWIP/App/lwip.c ****   * LwIP initialization function
  59:LWIP/App/lwip.c ****   */
  60:LWIP/App/lwip.c **** void MX_LWIP_Init(void)
  61:LWIP/App/lwip.c **** {
  62:LWIP/App/lwip.c ****   /* IP addresses initialization */
  63:LWIP/App/lwip.c ****   IP_ADDRESS[0] = 172;
  64:LWIP/App/lwip.c ****   IP_ADDRESS[1] = 16;
  65:LWIP/App/lwip.c ****   IP_ADDRESS[2] = 0;
  66:LWIP/App/lwip.c ****   IP_ADDRESS[3] = 10;
  67:LWIP/App/lwip.c ****   NETMASK_ADDRESS[0] = 255;
  68:LWIP/App/lwip.c ****   NETMASK_ADDRESS[1] = 240;
  69:LWIP/App/lwip.c ****   NETMASK_ADDRESS[2] = 0;
  70:LWIP/App/lwip.c ****   NETMASK_ADDRESS[3] = 0;
  71:LWIP/App/lwip.c ****   GATEWAY_ADDRESS[0] = 172;
  72:LWIP/App/lwip.c ****   GATEWAY_ADDRESS[1] = 16;
  73:LWIP/App/lwip.c ****   GATEWAY_ADDRESS[2] = 0;
  74:LWIP/App/lwip.c ****   GATEWAY_ADDRESS[3] = 1;
  75:LWIP/App/lwip.c **** 
  76:LWIP/App/lwip.c **** /* USER CODE BEGIN IP_ADDRESSES */
  77:LWIP/App/lwip.c **** /* USER CODE END IP_ADDRESSES */
  78:LWIP/App/lwip.c **** 
  79:LWIP/App/lwip.c ****   /* Initilialize the LwIP stack without RTOS */
  80:LWIP/App/lwip.c ****   lwip_init();
  81:LWIP/App/lwip.c **** 
  82:LWIP/App/lwip.c ****   /* IP addresses initialization without DHCP (IPv4) */
  83:LWIP/App/lwip.c ****   IP4_ADDR(&ipaddr, IP_ADDRESS[0], IP_ADDRESS[1], IP_ADDRESS[2], IP_ADDRESS[3]);
  84:LWIP/App/lwip.c ****   IP4_ADDR(&netmask, NETMASK_ADDRESS[0], NETMASK_ADDRESS[1] , NETMASK_ADDRESS[2], NETMASK_ADDRESS[3
  85:LWIP/App/lwip.c ****   IP4_ADDR(&gw, GATEWAY_ADDRESS[0], GATEWAY_ADDRESS[1], GATEWAY_ADDRESS[2], GATEWAY_ADDRESS[3]);
  86:LWIP/App/lwip.c **** 
  87:LWIP/App/lwip.c ****   /* add the network interface (IPv4/IPv6) without RTOS */
  88:LWIP/App/lwip.c ****   netif_add(&gnetif, &ipaddr, &netmask, &gw, NULL, &ethernetif_init, &ethernet_input);
ARM GAS  /var/folders/bg/n1lwdyp56391g865_v8nrmhm0000gn/T//ccrZN8cI.s 			page 3


  89:LWIP/App/lwip.c **** 
  90:LWIP/App/lwip.c ****   /* Registers the default network interface */
  91:LWIP/App/lwip.c ****   netif_set_default(&gnetif);
  92:LWIP/App/lwip.c **** 
  93:LWIP/App/lwip.c ****   if (netif_is_link_up(&gnetif))
  94:LWIP/App/lwip.c ****   {
  95:LWIP/App/lwip.c ****     /* When the netif is fully configured this function must be called */
  96:LWIP/App/lwip.c ****     netif_set_up(&gnetif);
  97:LWIP/App/lwip.c ****   }
  98:LWIP/App/lwip.c ****   else
  99:LWIP/App/lwip.c ****   {
 100:LWIP/App/lwip.c ****     /* When the netif link is down this function must be called */
 101:LWIP/App/lwip.c ****     netif_set_down(&gnetif);
 102:LWIP/App/lwip.c ****   }
 103:LWIP/App/lwip.c **** 
 104:LWIP/App/lwip.c ****   /* Set the link callback function, this function is called on change of link status*/
 105:LWIP/App/lwip.c ****   netif_set_link_callback(&gnetif, ethernet_link_status_updated);
 106:LWIP/App/lwip.c **** 
 107:LWIP/App/lwip.c ****   /* Create the Ethernet link handler thread */
 108:LWIP/App/lwip.c **** 
 109:LWIP/App/lwip.c **** /* USER CODE BEGIN 3 */
 110:LWIP/App/lwip.c **** 
 111:LWIP/App/lwip.c **** /* USER CODE END 3 */
 112:LWIP/App/lwip.c **** }
 113:LWIP/App/lwip.c **** 
 114:LWIP/App/lwip.c **** #ifdef USE_OBSOLETE_USER_CODE_SECTION_4
 115:LWIP/App/lwip.c **** /* Kept to help code migration. (See new 4_1, 4_2... sections) */
 116:LWIP/App/lwip.c **** /* Avoid to use this user section which will become obsolete. */
 117:LWIP/App/lwip.c **** /* USER CODE BEGIN 4 */
 118:LWIP/App/lwip.c **** /* USER CODE END 4 */
 119:LWIP/App/lwip.c **** #endif
 120:LWIP/App/lwip.c **** 
 121:LWIP/App/lwip.c **** /**
 122:LWIP/App/lwip.c ****   * @brief  Ethernet Link periodic check
 123:LWIP/App/lwip.c ****   * @param  netif
 124:LWIP/App/lwip.c ****   * @retval None
 125:LWIP/App/lwip.c ****   */
 126:LWIP/App/lwip.c **** static void Ethernet_Link_Periodic_Handle(struct netif *netif)
 127:LWIP/App/lwip.c **** {
 128:LWIP/App/lwip.c **** /* USER CODE BEGIN 4_4_1 */
 129:LWIP/App/lwip.c **** /* USER CODE END 4_4_1 */
 130:LWIP/App/lwip.c **** 
 131:LWIP/App/lwip.c ****   /* Ethernet Link every 100ms */
 132:LWIP/App/lwip.c ****   if (HAL_GetTick() - EthernetLinkTimer >= 100)
 133:LWIP/App/lwip.c ****   {
 134:LWIP/App/lwip.c ****     EthernetLinkTimer = HAL_GetTick();
 135:LWIP/App/lwip.c ****     ethernet_link_check_state(netif);
 136:LWIP/App/lwip.c ****   }
 137:LWIP/App/lwip.c **** /* USER CODE BEGIN 4_4 */
 138:LWIP/App/lwip.c **** /* USER CODE END 4_4 */
 139:LWIP/App/lwip.c **** }
 140:LWIP/App/lwip.c **** 
 141:LWIP/App/lwip.c **** /**
 142:LWIP/App/lwip.c ****  * ----------------------------------------------------------------------
 143:LWIP/App/lwip.c ****  * Function given to help user to continue LwIP Initialization
 144:LWIP/App/lwip.c ****  * Up to user to complete or change this function ...
 145:LWIP/App/lwip.c ****  * Up to user to call this function in main.c in while (1) of main(void)
ARM GAS  /var/folders/bg/n1lwdyp56391g865_v8nrmhm0000gn/T//ccrZN8cI.s 			page 4


 146:LWIP/App/lwip.c ****  *-----------------------------------------------------------------------
 147:LWIP/App/lwip.c ****  * Read a received packet from the Ethernet buffers
 148:LWIP/App/lwip.c ****  * Send it to the lwIP stack for handling
 149:LWIP/App/lwip.c ****  * Handle timeouts if LWIP_TIMERS is set and without RTOS
 150:LWIP/App/lwip.c ****  * Handle the llink status if LWIP_NETIF_LINK_CALLBACK is set and without RTOS
 151:LWIP/App/lwip.c ****  */
 152:LWIP/App/lwip.c **** void MX_LWIP_Process(void)
 153:LWIP/App/lwip.c **** {
 154:LWIP/App/lwip.c **** /* USER CODE BEGIN 4_1 */
 155:LWIP/App/lwip.c **** /* USER CODE END 4_1 */
 156:LWIP/App/lwip.c ****   ethernetif_input(&gnetif);
 157:LWIP/App/lwip.c **** 
 158:LWIP/App/lwip.c **** /* USER CODE BEGIN 4_2 */
 159:LWIP/App/lwip.c **** /* USER CODE END 4_2 */
 160:LWIP/App/lwip.c ****   /* Handle timeouts */
 161:LWIP/App/lwip.c ****   sys_check_timeouts();
 162:LWIP/App/lwip.c **** 
 163:LWIP/App/lwip.c ****   Ethernet_Link_Periodic_Handle(&gnetif);
 164:LWIP/App/lwip.c **** 
 165:LWIP/App/lwip.c **** /* USER CODE BEGIN 4_3 */
 166:LWIP/App/lwip.c **** /* USER CODE END 4_3 */
 167:LWIP/App/lwip.c **** }
 168:LWIP/App/lwip.c **** 
 169:LWIP/App/lwip.c **** /**
 170:LWIP/App/lwip.c ****   * @brief  Notify the User about the network interface config status
 171:LWIP/App/lwip.c ****   * @param  netif: the network interface
 172:LWIP/App/lwip.c ****   * @retval None
 173:LWIP/App/lwip.c ****   */
 174:LWIP/App/lwip.c **** static void ethernet_link_status_updated(struct netif *netif)
 175:LWIP/App/lwip.c **** {
  28              		.loc 1 175 1 view -0
  29              		.cfi_startproc
  30              		@ args = 0, pretend = 0, frame = 0
  31              		@ frame_needed = 0, uses_anonymous_args = 0
  32              		@ link register save eliminated.
 176:LWIP/App/lwip.c ****   if (netif_is_up(netif))
  33              		.loc 1 176 3 view .LVU1
 177:LWIP/App/lwip.c ****   {
 178:LWIP/App/lwip.c **** /* USER CODE BEGIN 5 */
 179:LWIP/App/lwip.c **** /* USER CODE END 5 */
 180:LWIP/App/lwip.c ****   }
 181:LWIP/App/lwip.c ****   else /* netif is down */
 182:LWIP/App/lwip.c ****   {
 183:LWIP/App/lwip.c **** /* USER CODE BEGIN 6 */
 184:LWIP/App/lwip.c **** /* USER CODE END 6 */
 185:LWIP/App/lwip.c ****   }
  34              		.loc 1 185 3 view .LVU2
 186:LWIP/App/lwip.c **** }
  35              		.loc 1 186 1 is_stmt 0 view .LVU3
  36 0000 7047     		bx	lr
  37              		.cfi_endproc
  38              	.LFE170:
  40              		.section	.text.Ethernet_Link_Periodic_Handle,"ax",%progbits
  41              		.align	1
  42              		.syntax unified
  43              		.thumb
  44              		.thumb_func
ARM GAS  /var/folders/bg/n1lwdyp56391g865_v8nrmhm0000gn/T//ccrZN8cI.s 			page 5


  45              		.fpu fpv5-d16
  47              	Ethernet_Link_Periodic_Handle:
  48              	.LVL1:
  49              	.LFB168:
 127:LWIP/App/lwip.c **** /* USER CODE BEGIN 4_4_1 */
  50              		.loc 1 127 1 is_stmt 1 view -0
  51              		.cfi_startproc
  52              		@ args = 0, pretend = 0, frame = 0
  53              		@ frame_needed = 0, uses_anonymous_args = 0
 127:LWIP/App/lwip.c **** /* USER CODE BEGIN 4_4_1 */
  54              		.loc 1 127 1 is_stmt 0 view .LVU5
  55 0000 10B5     		push	{r4, lr}
  56              	.LCFI0:
  57              		.cfi_def_cfa_offset 8
  58              		.cfi_offset 4, -8
  59              		.cfi_offset 14, -4
  60 0002 0446     		mov	r4, r0
 132:LWIP/App/lwip.c ****   {
  61              		.loc 1 132 3 is_stmt 1 view .LVU6
 132:LWIP/App/lwip.c ****   {
  62              		.loc 1 132 7 is_stmt 0 view .LVU7
  63 0004 FFF7FEFF 		bl	HAL_GetTick
  64              	.LVL2:
 132:LWIP/App/lwip.c ****   {
  65              		.loc 1 132 21 view .LVU8
  66 0008 064B     		ldr	r3, .L6
  67 000a 1B68     		ldr	r3, [r3]
  68 000c C31A     		subs	r3, r0, r3
 132:LWIP/App/lwip.c ****   {
  69              		.loc 1 132 6 view .LVU9
  70 000e 632B     		cmp	r3, #99
  71 0010 00D8     		bhi	.L5
  72              	.L2:
 139:LWIP/App/lwip.c **** 
  73              		.loc 1 139 1 view .LVU10
  74 0012 10BD     		pop	{r4, pc}
  75              	.LVL3:
  76              	.L5:
 134:LWIP/App/lwip.c ****     ethernet_link_check_state(netif);
  77              		.loc 1 134 5 is_stmt 1 view .LVU11
 134:LWIP/App/lwip.c ****     ethernet_link_check_state(netif);
  78              		.loc 1 134 25 is_stmt 0 view .LVU12
  79 0014 FFF7FEFF 		bl	HAL_GetTick
  80              	.LVL4:
 134:LWIP/App/lwip.c ****     ethernet_link_check_state(netif);
  81              		.loc 1 134 23 view .LVU13
  82 0018 024B     		ldr	r3, .L6
  83 001a 1860     		str	r0, [r3]
 135:LWIP/App/lwip.c ****   }
  84              		.loc 1 135 5 is_stmt 1 view .LVU14
  85 001c 2046     		mov	r0, r4
  86 001e FFF7FEFF 		bl	ethernet_link_check_state
  87              	.LVL5:
 139:LWIP/App/lwip.c **** 
  88              		.loc 1 139 1 is_stmt 0 view .LVU15
  89 0022 F6E7     		b	.L2
  90              	.L7:
ARM GAS  /var/folders/bg/n1lwdyp56391g865_v8nrmhm0000gn/T//ccrZN8cI.s 			page 6


  91              		.align	2
  92              	.L6:
  93 0024 00000000 		.word	.LANCHOR0
  94              		.cfi_endproc
  95              	.LFE168:
  97              		.section	.text.MX_LWIP_Init,"ax",%progbits
  98              		.align	1
  99              		.global	MX_LWIP_Init
 100              		.syntax unified
 101              		.thumb
 102              		.thumb_func
 103              		.fpu fpv5-d16
 105              	MX_LWIP_Init:
 106              	.LFB167:
  61:LWIP/App/lwip.c ****   /* IP addresses initialization */
 107              		.loc 1 61 1 is_stmt 1 view -0
 108              		.cfi_startproc
 109              		@ args = 0, pretend = 0, frame = 0
 110              		@ frame_needed = 0, uses_anonymous_args = 0
 111 0000 F0B5     		push	{r4, r5, r6, r7, lr}
 112              	.LCFI1:
 113              		.cfi_def_cfa_offset 20
 114              		.cfi_offset 4, -20
 115              		.cfi_offset 5, -16
 116              		.cfi_offset 6, -12
 117              		.cfi_offset 7, -8
 118              		.cfi_offset 14, -4
 119 0002 85B0     		sub	sp, sp, #20
 120              	.LCFI2:
 121              		.cfi_def_cfa_offset 40
  63:LWIP/App/lwip.c ****   IP_ADDRESS[1] = 16;
 122              		.loc 1 63 3 view .LVU17
  63:LWIP/App/lwip.c ****   IP_ADDRESS[1] = 16;
 123              		.loc 1 63 17 is_stmt 0 view .LVU18
 124 0004 3D4F     		ldr	r7, .L12
 125 0006 AC22     		movs	r2, #172
 126 0008 3A70     		strb	r2, [r7]
  64:LWIP/App/lwip.c ****   IP_ADDRESS[2] = 0;
 127              		.loc 1 64 3 is_stmt 1 view .LVU19
  64:LWIP/App/lwip.c ****   IP_ADDRESS[2] = 0;
 128              		.loc 1 64 17 is_stmt 0 view .LVU20
 129 000a 1023     		movs	r3, #16
 130 000c 7B70     		strb	r3, [r7, #1]
  65:LWIP/App/lwip.c ****   IP_ADDRESS[3] = 10;
 131              		.loc 1 65 3 is_stmt 1 view .LVU21
  65:LWIP/App/lwip.c ****   IP_ADDRESS[3] = 10;
 132              		.loc 1 65 17 is_stmt 0 view .LVU22
 133 000e 0024     		movs	r4, #0
 134 0010 BC70     		strb	r4, [r7, #2]
  66:LWIP/App/lwip.c ****   NETMASK_ADDRESS[0] = 255;
 135              		.loc 1 66 3 is_stmt 1 view .LVU23
  66:LWIP/App/lwip.c ****   NETMASK_ADDRESS[0] = 255;
 136              		.loc 1 66 17 is_stmt 0 view .LVU24
 137 0012 0A21     		movs	r1, #10
 138 0014 F970     		strb	r1, [r7, #3]
  67:LWIP/App/lwip.c ****   NETMASK_ADDRESS[1] = 240;
 139              		.loc 1 67 3 is_stmt 1 view .LVU25
ARM GAS  /var/folders/bg/n1lwdyp56391g865_v8nrmhm0000gn/T//ccrZN8cI.s 			page 7


  67:LWIP/App/lwip.c ****   NETMASK_ADDRESS[1] = 240;
 140              		.loc 1 67 22 is_stmt 0 view .LVU26
 141 0016 3A4E     		ldr	r6, .L12+4
 142 0018 FF21     		movs	r1, #255
 143 001a 3170     		strb	r1, [r6]
  68:LWIP/App/lwip.c ****   NETMASK_ADDRESS[2] = 0;
 144              		.loc 1 68 3 is_stmt 1 view .LVU27
  68:LWIP/App/lwip.c ****   NETMASK_ADDRESS[2] = 0;
 145              		.loc 1 68 22 is_stmt 0 view .LVU28
 146 001c F021     		movs	r1, #240
 147 001e 7170     		strb	r1, [r6, #1]
  69:LWIP/App/lwip.c ****   NETMASK_ADDRESS[3] = 0;
 148              		.loc 1 69 3 is_stmt 1 view .LVU29
  69:LWIP/App/lwip.c ****   NETMASK_ADDRESS[3] = 0;
 149              		.loc 1 69 22 is_stmt 0 view .LVU30
 150 0020 B470     		strb	r4, [r6, #2]
  70:LWIP/App/lwip.c ****   GATEWAY_ADDRESS[0] = 172;
 151              		.loc 1 70 3 is_stmt 1 view .LVU31
  70:LWIP/App/lwip.c ****   GATEWAY_ADDRESS[0] = 172;
 152              		.loc 1 70 22 is_stmt 0 view .LVU32
 153 0022 F470     		strb	r4, [r6, #3]
  71:LWIP/App/lwip.c ****   GATEWAY_ADDRESS[1] = 16;
 154              		.loc 1 71 3 is_stmt 1 view .LVU33
  71:LWIP/App/lwip.c ****   GATEWAY_ADDRESS[1] = 16;
 155              		.loc 1 71 22 is_stmt 0 view .LVU34
 156 0024 374D     		ldr	r5, .L12+8
 157 0026 2A70     		strb	r2, [r5]
  72:LWIP/App/lwip.c ****   GATEWAY_ADDRESS[2] = 0;
 158              		.loc 1 72 3 is_stmt 1 view .LVU35
  72:LWIP/App/lwip.c ****   GATEWAY_ADDRESS[2] = 0;
 159              		.loc 1 72 22 is_stmt 0 view .LVU36
 160 0028 6B70     		strb	r3, [r5, #1]
  73:LWIP/App/lwip.c ****   GATEWAY_ADDRESS[3] = 1;
 161              		.loc 1 73 3 is_stmt 1 view .LVU37
  73:LWIP/App/lwip.c ****   GATEWAY_ADDRESS[3] = 1;
 162              		.loc 1 73 22 is_stmt 0 view .LVU38
 163 002a AC70     		strb	r4, [r5, #2]
  74:LWIP/App/lwip.c **** 
 164              		.loc 1 74 3 is_stmt 1 view .LVU39
  74:LWIP/App/lwip.c **** 
 165              		.loc 1 74 22 is_stmt 0 view .LVU40
 166 002c 0123     		movs	r3, #1
 167 002e EB70     		strb	r3, [r5, #3]
  80:LWIP/App/lwip.c **** 
 168              		.loc 1 80 3 is_stmt 1 view .LVU41
 169 0030 FFF7FEFF 		bl	lwip_init
 170              	.LVL6:
  83:LWIP/App/lwip.c ****   IP4_ADDR(&netmask, NETMASK_ADDRESS[0], NETMASK_ADDRESS[1] , NETMASK_ADDRESS[2], NETMASK_ADDRESS[3
 171              		.loc 1 83 3 view .LVU42
 172 0034 3A78     		ldrb	r2, [r7]	@ zero_extendqisi2
 173 0036 7B78     		ldrb	r3, [r7, #1]	@ zero_extendqisi2
 174 0038 1B04     		lsls	r3, r3, #16
 175 003a 43EA0263 		orr	r3, r3, r2, lsl #24
 176 003e BA78     		ldrb	r2, [r7, #2]	@ zero_extendqisi2
 177 0040 43EA0223 		orr	r3, r3, r2, lsl #8
 178 0044 F978     		ldrb	r1, [r7, #3]	@ zero_extendqisi2
 179 0046 0B43     		orrs	r3, r3, r1
ARM GAS  /var/folders/bg/n1lwdyp56391g865_v8nrmhm0000gn/T//ccrZN8cI.s 			page 8


 180 0048 1A02     		lsls	r2, r3, #8
 181 004a 02F47F02 		and	r2, r2, #16711680
 182 004e 42EA0162 		orr	r2, r2, r1, lsl #24
 183 0052 190A     		lsrs	r1, r3, #8
 184 0054 01F47F41 		and	r1, r1, #65280
 185 0058 0A43     		orrs	r2, r2, r1
 186 005a 42EA1363 		orr	r3, r2, r3, lsr #24
 187 005e 2A49     		ldr	r1, .L12+12
 188 0060 0B60     		str	r3, [r1]
  84:LWIP/App/lwip.c ****   IP4_ADDR(&gw, GATEWAY_ADDRESS[0], GATEWAY_ADDRESS[1], GATEWAY_ADDRESS[2], GATEWAY_ADDRESS[3]);
 189              		.loc 1 84 3 view .LVU43
 190 0062 3278     		ldrb	r2, [r6]	@ zero_extendqisi2
 191 0064 7378     		ldrb	r3, [r6, #1]	@ zero_extendqisi2
 192 0066 1B04     		lsls	r3, r3, #16
 193 0068 43EA0263 		orr	r3, r3, r2, lsl #24
 194 006c B278     		ldrb	r2, [r6, #2]	@ zero_extendqisi2
 195 006e 43EA0223 		orr	r3, r3, r2, lsl #8
 196 0072 F078     		ldrb	r0, [r6, #3]	@ zero_extendqisi2
 197 0074 0343     		orrs	r3, r3, r0
 198 0076 1A02     		lsls	r2, r3, #8
 199 0078 02F47F02 		and	r2, r2, #16711680
 200 007c 42EA0062 		orr	r2, r2, r0, lsl #24
 201 0080 180A     		lsrs	r0, r3, #8
 202 0082 00F47F40 		and	r0, r0, #65280
 203 0086 0243     		orrs	r2, r2, r0
 204 0088 42EA1363 		orr	r3, r2, r3, lsr #24
 205 008c 1F4A     		ldr	r2, .L12+16
 206 008e 1360     		str	r3, [r2]
  85:LWIP/App/lwip.c **** 
 207              		.loc 1 85 3 view .LVU44
 208 0090 2878     		ldrb	r0, [r5]	@ zero_extendqisi2
 209 0092 6B78     		ldrb	r3, [r5, #1]	@ zero_extendqisi2
 210 0094 1B04     		lsls	r3, r3, #16
 211 0096 43EA0063 		orr	r3, r3, r0, lsl #24
 212 009a A878     		ldrb	r0, [r5, #2]	@ zero_extendqisi2
 213 009c 43EA0023 		orr	r3, r3, r0, lsl #8
 214 00a0 ED78     		ldrb	r5, [r5, #3]	@ zero_extendqisi2
 215 00a2 2B43     		orrs	r3, r3, r5
 216 00a4 1802     		lsls	r0, r3, #8
 217 00a6 00F47F00 		and	r0, r0, #16711680
 218 00aa 40EA0560 		orr	r0, r0, r5, lsl #24
 219 00ae 1D0A     		lsrs	r5, r3, #8
 220 00b0 05F47F45 		and	r5, r5, #65280
 221 00b4 2843     		orrs	r0, r0, r5
 222 00b6 40EA1360 		orr	r0, r0, r3, lsr #24
 223 00ba 154B     		ldr	r3, .L12+20
 224 00bc 1860     		str	r0, [r3]
  88:LWIP/App/lwip.c **** 
 225              		.loc 1 88 3 view .LVU45
 226 00be 154D     		ldr	r5, .L12+24
 227 00c0 1548     		ldr	r0, .L12+28
 228 00c2 0290     		str	r0, [sp, #8]
 229 00c4 1548     		ldr	r0, .L12+32
 230 00c6 0190     		str	r0, [sp, #4]
 231 00c8 0094     		str	r4, [sp]
 232 00ca 2846     		mov	r0, r5
 233 00cc FFF7FEFF 		bl	netif_add
ARM GAS  /var/folders/bg/n1lwdyp56391g865_v8nrmhm0000gn/T//ccrZN8cI.s 			page 9


 234              	.LVL7:
  91:LWIP/App/lwip.c **** 
 235              		.loc 1 91 3 view .LVU46
 236 00d0 2846     		mov	r0, r5
 237 00d2 FFF7FEFF 		bl	netif_set_default
 238              	.LVL8:
  93:LWIP/App/lwip.c ****   {
 239              		.loc 1 93 3 view .LVU47
  93:LWIP/App/lwip.c ****   {
 240              		.loc 1 93 7 is_stmt 0 view .LVU48
 241 00d6 95F82D30 		ldrb	r3, [r5, #45]	@ zero_extendqisi2
  93:LWIP/App/lwip.c ****   {
 242              		.loc 1 93 6 view .LVU49
 243 00da 13F0040F 		tst	r3, #4
 244 00de 08D0     		beq	.L9
  96:LWIP/App/lwip.c ****   }
 245              		.loc 1 96 5 is_stmt 1 view .LVU50
 246 00e0 2846     		mov	r0, r5
 247 00e2 FFF7FEFF 		bl	netif_set_up
 248              	.LVL9:
 249              	.L10:
 105:LWIP/App/lwip.c **** 
 250              		.loc 1 105 3 view .LVU51
 251 00e6 0E49     		ldr	r1, .L12+36
 252 00e8 0A48     		ldr	r0, .L12+24
 253 00ea FFF7FEFF 		bl	netif_set_link_callback
 254              	.LVL10:
 112:LWIP/App/lwip.c **** 
 255              		.loc 1 112 1 is_stmt 0 view .LVU52
 256 00ee 05B0     		add	sp, sp, #20
 257              	.LCFI3:
 258              		.cfi_remember_state
 259              		.cfi_def_cfa_offset 20
 260              		@ sp needed
 261 00f0 F0BD     		pop	{r4, r5, r6, r7, pc}
 262              	.L9:
 263              	.LCFI4:
 264              		.cfi_restore_state
 101:LWIP/App/lwip.c ****   }
 265              		.loc 1 101 5 is_stmt 1 view .LVU53
 266 00f2 0848     		ldr	r0, .L12+24
 267 00f4 FFF7FEFF 		bl	netif_set_down
 268              	.LVL11:
 269 00f8 F5E7     		b	.L10
 270              	.L13:
 271 00fa 00BF     		.align	2
 272              	.L12:
 273 00fc 00000000 		.word	.LANCHOR1
 274 0100 00000000 		.word	.LANCHOR2
 275 0104 00000000 		.word	.LANCHOR3
 276 0108 00000000 		.word	.LANCHOR4
 277 010c 00000000 		.word	.LANCHOR5
 278 0110 00000000 		.word	.LANCHOR6
 279 0114 00000000 		.word	.LANCHOR7
 280 0118 00000000 		.word	ethernet_input
 281 011c 00000000 		.word	ethernetif_init
 282 0120 00000000 		.word	ethernet_link_status_updated
ARM GAS  /var/folders/bg/n1lwdyp56391g865_v8nrmhm0000gn/T//ccrZN8cI.s 			page 10


 283              		.cfi_endproc
 284              	.LFE167:
 286              		.section	.text.MX_LWIP_Process,"ax",%progbits
 287              		.align	1
 288              		.global	MX_LWIP_Process
 289              		.syntax unified
 290              		.thumb
 291              		.thumb_func
 292              		.fpu fpv5-d16
 294              	MX_LWIP_Process:
 295              	.LFB169:
 153:LWIP/App/lwip.c **** /* USER CODE BEGIN 4_1 */
 296              		.loc 1 153 1 view -0
 297              		.cfi_startproc
 298              		@ args = 0, pretend = 0, frame = 0
 299              		@ frame_needed = 0, uses_anonymous_args = 0
 300 0000 10B5     		push	{r4, lr}
 301              	.LCFI5:
 302              		.cfi_def_cfa_offset 8
 303              		.cfi_offset 4, -8
 304              		.cfi_offset 14, -4
 156:LWIP/App/lwip.c **** 
 305              		.loc 1 156 3 view .LVU55
 306 0002 054C     		ldr	r4, .L16
 307 0004 2046     		mov	r0, r4
 308 0006 FFF7FEFF 		bl	ethernetif_input
 309              	.LVL12:
 161:LWIP/App/lwip.c **** 
 310              		.loc 1 161 3 view .LVU56
 311 000a FFF7FEFF 		bl	sys_check_timeouts
 312              	.LVL13:
 163:LWIP/App/lwip.c **** 
 313              		.loc 1 163 3 view .LVU57
 314 000e 2046     		mov	r0, r4
 315 0010 FFF7FEFF 		bl	Ethernet_Link_Periodic_Handle
 316              	.LVL14:
 167:LWIP/App/lwip.c **** 
 317              		.loc 1 167 1 is_stmt 0 view .LVU58
 318 0014 10BD     		pop	{r4, pc}
 319              	.L17:
 320 0016 00BF     		.align	2
 321              	.L16:
 322 0018 00000000 		.word	.LANCHOR7
 323              		.cfi_endproc
 324              	.LFE169:
 326              		.global	GATEWAY_ADDRESS
 327              		.global	NETMASK_ADDRESS
 328              		.global	IP_ADDRESS
 329              		.global	gw
 330              		.global	netmask
 331              		.global	ipaddr
 332              		.global	gnetif
 333              		.global	EthernetLinkTimer
 334              		.section	.bss.EthernetLinkTimer,"aw",%nobits
 335              		.align	2
 336              		.set	.LANCHOR0,. + 0
 339              	EthernetLinkTimer:
ARM GAS  /var/folders/bg/n1lwdyp56391g865_v8nrmhm0000gn/T//ccrZN8cI.s 			page 11


 340 0000 00000000 		.space	4
 341              		.section	.bss.GATEWAY_ADDRESS,"aw",%nobits
 342              		.align	2
 343              		.set	.LANCHOR3,. + 0
 346              	GATEWAY_ADDRESS:
 347 0000 00000000 		.space	4
 348              		.section	.bss.IP_ADDRESS,"aw",%nobits
 349              		.align	2
 350              		.set	.LANCHOR1,. + 0
 353              	IP_ADDRESS:
 354 0000 00000000 		.space	4
 355              		.section	.bss.NETMASK_ADDRESS,"aw",%nobits
 356              		.align	2
 357              		.set	.LANCHOR2,. + 0
 360              	NETMASK_ADDRESS:
 361 0000 00000000 		.space	4
 362              		.section	.bss.gnetif,"aw",%nobits
 363              		.align	2
 364              		.set	.LANCHOR7,. + 0
 367              	gnetif:
 368 0000 00000000 		.space	52
 368      00000000 
 368      00000000 
 368      00000000 
 368      00000000 
 369              		.section	.bss.gw,"aw",%nobits
 370              		.align	2
 371              		.set	.LANCHOR6,. + 0
 374              	gw:
 375 0000 00000000 		.space	4
 376              		.section	.bss.ipaddr,"aw",%nobits
 377              		.align	2
 378              		.set	.LANCHOR4,. + 0
 381              	ipaddr:
 382 0000 00000000 		.space	4
 383              		.section	.bss.netmask,"aw",%nobits
 384              		.align	2
 385              		.set	.LANCHOR5,. + 0
 388              	netmask:
 389 0000 00000000 		.space	4
 390              		.text
 391              	.Letext0:
 392              		.file 2 "/opt/homebrew/Cellar/arm-none-eabi-gcc/10.3-2021.07/gcc/arm-none-eabi/include/machine/_de
 393              		.file 3 "/opt/homebrew/Cellar/arm-none-eabi-gcc/10.3-2021.07/gcc/arm-none-eabi/include/sys/_stdint
 394              		.file 4 "Middlewares/Third_Party/LwIP/src/include/lwip/arch.h"
 395              		.file 5 "Middlewares/Third_Party/LwIP/src/include/lwip/err.h"
 396              		.file 6 "Middlewares/Third_Party/LwIP/src/include/lwip/pbuf.h"
 397              		.file 7 "Middlewares/Third_Party/LwIP/src/include/lwip/ip4_addr.h"
 398              		.file 8 "Middlewares/Third_Party/LwIP/src/include/lwip/ip_addr.h"
 399              		.file 9 "Middlewares/Third_Party/LwIP/src/include/lwip/netif.h"
 400              		.file 10 "LWIP/Target/ethernetif.h"
 401              		.file 11 "Middlewares/Third_Party/LwIP/src/include/lwip/timeouts.h"
 402              		.file 12 "Drivers/STM32F7xx_HAL_Driver/Inc/stm32f7xx_hal.h"
 403              		.file 13 "Middlewares/Third_Party/LwIP/src/include/lwip/init.h"
 404              		.file 14 "Middlewares/Third_Party/LwIP/src/include/lwip/memp.h"
ARM GAS  /var/folders/bg/n1lwdyp56391g865_v8nrmhm0000gn/T//ccrZN8cI.s 			page 12


DEFINED SYMBOLS
                            *ABS*:0000000000000000 lwip.c
/var/folders/bg/n1lwdyp56391g865_v8nrmhm0000gn/T//ccrZN8cI.s:17     .text.ethernet_link_status_updated:0000000000000000 $t
/var/folders/bg/n1lwdyp56391g865_v8nrmhm0000gn/T//ccrZN8cI.s:24     .text.ethernet_link_status_updated:0000000000000000 ethernet_link_status_updated
/var/folders/bg/n1lwdyp56391g865_v8nrmhm0000gn/T//ccrZN8cI.s:41     .text.Ethernet_Link_Periodic_Handle:0000000000000000 $t
/var/folders/bg/n1lwdyp56391g865_v8nrmhm0000gn/T//ccrZN8cI.s:47     .text.Ethernet_Link_Periodic_Handle:0000000000000000 Ethernet_Link_Periodic_Handle
/var/folders/bg/n1lwdyp56391g865_v8nrmhm0000gn/T//ccrZN8cI.s:93     .text.Ethernet_Link_Periodic_Handle:0000000000000024 $d
/var/folders/bg/n1lwdyp56391g865_v8nrmhm0000gn/T//ccrZN8cI.s:98     .text.MX_LWIP_Init:0000000000000000 $t
/var/folders/bg/n1lwdyp56391g865_v8nrmhm0000gn/T//ccrZN8cI.s:105    .text.MX_LWIP_Init:0000000000000000 MX_LWIP_Init
/var/folders/bg/n1lwdyp56391g865_v8nrmhm0000gn/T//ccrZN8cI.s:273    .text.MX_LWIP_Init:00000000000000fc $d
/var/folders/bg/n1lwdyp56391g865_v8nrmhm0000gn/T//ccrZN8cI.s:287    .text.MX_LWIP_Process:0000000000000000 $t
/var/folders/bg/n1lwdyp56391g865_v8nrmhm0000gn/T//ccrZN8cI.s:294    .text.MX_LWIP_Process:0000000000000000 MX_LWIP_Process
/var/folders/bg/n1lwdyp56391g865_v8nrmhm0000gn/T//ccrZN8cI.s:322    .text.MX_LWIP_Process:0000000000000018 $d
/var/folders/bg/n1lwdyp56391g865_v8nrmhm0000gn/T//ccrZN8cI.s:346    .bss.GATEWAY_ADDRESS:0000000000000000 GATEWAY_ADDRESS
/var/folders/bg/n1lwdyp56391g865_v8nrmhm0000gn/T//ccrZN8cI.s:360    .bss.NETMASK_ADDRESS:0000000000000000 NETMASK_ADDRESS
/var/folders/bg/n1lwdyp56391g865_v8nrmhm0000gn/T//ccrZN8cI.s:353    .bss.IP_ADDRESS:0000000000000000 IP_ADDRESS
/var/folders/bg/n1lwdyp56391g865_v8nrmhm0000gn/T//ccrZN8cI.s:374    .bss.gw:0000000000000000 gw
/var/folders/bg/n1lwdyp56391g865_v8nrmhm0000gn/T//ccrZN8cI.s:388    .bss.netmask:0000000000000000 netmask
/var/folders/bg/n1lwdyp56391g865_v8nrmhm0000gn/T//ccrZN8cI.s:381    .bss.ipaddr:0000000000000000 ipaddr
/var/folders/bg/n1lwdyp56391g865_v8nrmhm0000gn/T//ccrZN8cI.s:367    .bss.gnetif:0000000000000000 gnetif
/var/folders/bg/n1lwdyp56391g865_v8nrmhm0000gn/T//ccrZN8cI.s:339    .bss.EthernetLinkTimer:0000000000000000 EthernetLinkTimer
/var/folders/bg/n1lwdyp56391g865_v8nrmhm0000gn/T//ccrZN8cI.s:335    .bss.EthernetLinkTimer:0000000000000000 $d
/var/folders/bg/n1lwdyp56391g865_v8nrmhm0000gn/T//ccrZN8cI.s:342    .bss.GATEWAY_ADDRESS:0000000000000000 $d
/var/folders/bg/n1lwdyp56391g865_v8nrmhm0000gn/T//ccrZN8cI.s:349    .bss.IP_ADDRESS:0000000000000000 $d
/var/folders/bg/n1lwdyp56391g865_v8nrmhm0000gn/T//ccrZN8cI.s:356    .bss.NETMASK_ADDRESS:0000000000000000 $d
/var/folders/bg/n1lwdyp56391g865_v8nrmhm0000gn/T//ccrZN8cI.s:363    .bss.gnetif:0000000000000000 $d
/var/folders/bg/n1lwdyp56391g865_v8nrmhm0000gn/T//ccrZN8cI.s:370    .bss.gw:0000000000000000 $d
/var/folders/bg/n1lwdyp56391g865_v8nrmhm0000gn/T//ccrZN8cI.s:377    .bss.ipaddr:0000000000000000 $d
/var/folders/bg/n1lwdyp56391g865_v8nrmhm0000gn/T//ccrZN8cI.s:384    .bss.netmask:0000000000000000 $d

UNDEFINED SYMBOLS
HAL_GetTick
ethernet_link_check_state
lwip_init
netif_add
netif_set_default
netif_set_up
netif_set_link_callback
netif_set_down
ethernet_input
ethernetif_init
ethernetif_input
sys_check_timeouts
