ARM GAS  /var/folders/bg/n1lwdyp56391g865_v8nrmhm0000gn/T//ccXuSPxT.s 			page 1


   1              		.cpu cortex-m7
   2              		.eabi_attribute 28, 1
   3              		.eabi_attribute 20, 1
   4              		.eabi_attribute 21, 1
   5              		.eabi_attribute 23, 3
   6              		.eabi_attribute 24, 1
   7              		.eabi_attribute 25, 1
   8              		.eabi_attribute 26, 1
   9              		.eabi_attribute 30, 1
  10              		.eabi_attribute 34, 1
  11              		.eabi_attribute 18, 4
  12              		.file	"stm32f7xx_it.c"
  13              		.text
  14              	.Ltext0:
  15              		.cfi_sections	.debug_frame
  16              		.section	.text.NMI_Handler,"ax",%progbits
  17              		.align	1
  18              		.global	NMI_Handler
  19              		.arch armv7e-m
  20              		.syntax unified
  21              		.thumb
  22              		.thumb_func
  23              		.fpu fpv5-d16
  25              	NMI_Handler:
  26              	.LFB141:
  27              		.file 1 "Core/Src/stm32f7xx_it.c"
   1:Core/Src/stm32f7xx_it.c **** /* USER CODE BEGIN Header */
   2:Core/Src/stm32f7xx_it.c **** /**
   3:Core/Src/stm32f7xx_it.c ****   ******************************************************************************
   4:Core/Src/stm32f7xx_it.c ****   * @file    stm32f7xx_it.c
   5:Core/Src/stm32f7xx_it.c ****   * @brief   Interrupt Service Routines.
   6:Core/Src/stm32f7xx_it.c ****   ******************************************************************************
   7:Core/Src/stm32f7xx_it.c ****   * @attention
   8:Core/Src/stm32f7xx_it.c ****   *
   9:Core/Src/stm32f7xx_it.c ****   * Copyright (c) 2024 STMicroelectronics.
  10:Core/Src/stm32f7xx_it.c ****   * All rights reserved.
  11:Core/Src/stm32f7xx_it.c ****   *
  12:Core/Src/stm32f7xx_it.c ****   * This software is licensed under terms that can be found in the LICENSE file
  13:Core/Src/stm32f7xx_it.c ****   * in the root directory of this software component.
  14:Core/Src/stm32f7xx_it.c ****   * If no LICENSE file comes with this software, it is provided AS-IS.
  15:Core/Src/stm32f7xx_it.c ****   *
  16:Core/Src/stm32f7xx_it.c ****   ******************************************************************************
  17:Core/Src/stm32f7xx_it.c ****   */
  18:Core/Src/stm32f7xx_it.c **** /* USER CODE END Header */
  19:Core/Src/stm32f7xx_it.c **** 
  20:Core/Src/stm32f7xx_it.c **** /* Includes ------------------------------------------------------------------*/
  21:Core/Src/stm32f7xx_it.c **** #include "main.h"
  22:Core/Src/stm32f7xx_it.c **** #include "stm32f7xx_it.h"
  23:Core/Src/stm32f7xx_it.c **** /* Private includes ----------------------------------------------------------*/
  24:Core/Src/stm32f7xx_it.c **** /* USER CODE BEGIN Includes */
  25:Core/Src/stm32f7xx_it.c **** /* USER CODE END Includes */
  26:Core/Src/stm32f7xx_it.c **** 
  27:Core/Src/stm32f7xx_it.c **** /* Private typedef -----------------------------------------------------------*/
  28:Core/Src/stm32f7xx_it.c **** /* USER CODE BEGIN TD */
  29:Core/Src/stm32f7xx_it.c **** 
  30:Core/Src/stm32f7xx_it.c **** /* USER CODE END TD */
  31:Core/Src/stm32f7xx_it.c **** 
ARM GAS  /var/folders/bg/n1lwdyp56391g865_v8nrmhm0000gn/T//ccXuSPxT.s 			page 2


  32:Core/Src/stm32f7xx_it.c **** /* Private define ------------------------------------------------------------*/
  33:Core/Src/stm32f7xx_it.c **** /* USER CODE BEGIN PD */
  34:Core/Src/stm32f7xx_it.c **** 
  35:Core/Src/stm32f7xx_it.c **** /* USER CODE END PD */
  36:Core/Src/stm32f7xx_it.c **** 
  37:Core/Src/stm32f7xx_it.c **** /* Private macro -------------------------------------------------------------*/
  38:Core/Src/stm32f7xx_it.c **** /* USER CODE BEGIN PM */
  39:Core/Src/stm32f7xx_it.c **** 
  40:Core/Src/stm32f7xx_it.c **** /* USER CODE END PM */
  41:Core/Src/stm32f7xx_it.c **** 
  42:Core/Src/stm32f7xx_it.c **** /* Private variables ---------------------------------------------------------*/
  43:Core/Src/stm32f7xx_it.c **** /* USER CODE BEGIN PV */
  44:Core/Src/stm32f7xx_it.c **** 
  45:Core/Src/stm32f7xx_it.c **** /* USER CODE END PV */
  46:Core/Src/stm32f7xx_it.c **** 
  47:Core/Src/stm32f7xx_it.c **** /* Private function prototypes -----------------------------------------------*/
  48:Core/Src/stm32f7xx_it.c **** /* USER CODE BEGIN PFP */
  49:Core/Src/stm32f7xx_it.c **** 
  50:Core/Src/stm32f7xx_it.c **** /* USER CODE END PFP */
  51:Core/Src/stm32f7xx_it.c **** 
  52:Core/Src/stm32f7xx_it.c **** /* Private user code ---------------------------------------------------------*/
  53:Core/Src/stm32f7xx_it.c **** /* USER CODE BEGIN 0 */
  54:Core/Src/stm32f7xx_it.c **** 
  55:Core/Src/stm32f7xx_it.c **** /* USER CODE END 0 */
  56:Core/Src/stm32f7xx_it.c **** 
  57:Core/Src/stm32f7xx_it.c **** /* External variables --------------------------------------------------------*/
  58:Core/Src/stm32f7xx_it.c **** 
  59:Core/Src/stm32f7xx_it.c **** /* USER CODE BEGIN EV */
  60:Core/Src/stm32f7xx_it.c **** 
  61:Core/Src/stm32f7xx_it.c **** /* USER CODE END EV */
  62:Core/Src/stm32f7xx_it.c **** 
  63:Core/Src/stm32f7xx_it.c **** /******************************************************************************/
  64:Core/Src/stm32f7xx_it.c **** /*           Cortex-M7 Processor Interruption and Exception Handlers          */
  65:Core/Src/stm32f7xx_it.c **** /******************************************************************************/
  66:Core/Src/stm32f7xx_it.c **** /**
  67:Core/Src/stm32f7xx_it.c ****   * @brief This function handles Non maskable interrupt.
  68:Core/Src/stm32f7xx_it.c ****   */
  69:Core/Src/stm32f7xx_it.c **** void NMI_Handler(void)
  70:Core/Src/stm32f7xx_it.c **** {
  28              		.loc 1 70 1 view -0
  29              		.cfi_startproc
  30              		@ Volatile: function does not return.
  31              		@ args = 0, pretend = 0, frame = 0
  32              		@ frame_needed = 0, uses_anonymous_args = 0
  33              		@ link register save eliminated.
  34              	.L2:
  71:Core/Src/stm32f7xx_it.c ****   /* USER CODE BEGIN NonMaskableInt_IRQn 0 */
  72:Core/Src/stm32f7xx_it.c **** 
  73:Core/Src/stm32f7xx_it.c ****   /* USER CODE END NonMaskableInt_IRQn 0 */
  74:Core/Src/stm32f7xx_it.c ****   /* USER CODE BEGIN NonMaskableInt_IRQn 1 */
  75:Core/Src/stm32f7xx_it.c ****   while (1)
  35              		.loc 1 75 3 discriminator 1 view .LVU1
  76:Core/Src/stm32f7xx_it.c ****   {
  77:Core/Src/stm32f7xx_it.c ****   }
  36              		.loc 1 77 3 discriminator 1 view .LVU2
  75:Core/Src/stm32f7xx_it.c ****   {
  37              		.loc 1 75 9 discriminator 1 view .LVU3
ARM GAS  /var/folders/bg/n1lwdyp56391g865_v8nrmhm0000gn/T//ccXuSPxT.s 			page 3


  38 0000 FEE7     		b	.L2
  39              		.cfi_endproc
  40              	.LFE141:
  42              		.section	.text.HardFault_Handler,"ax",%progbits
  43              		.align	1
  44              		.global	HardFault_Handler
  45              		.syntax unified
  46              		.thumb
  47              		.thumb_func
  48              		.fpu fpv5-d16
  50              	HardFault_Handler:
  51              	.LFB142:
  78:Core/Src/stm32f7xx_it.c ****   /* USER CODE END NonMaskableInt_IRQn 1 */
  79:Core/Src/stm32f7xx_it.c **** }
  80:Core/Src/stm32f7xx_it.c **** 
  81:Core/Src/stm32f7xx_it.c **** /**
  82:Core/Src/stm32f7xx_it.c ****   * @brief This function handles Hard fault interrupt.
  83:Core/Src/stm32f7xx_it.c ****   */
  84:Core/Src/stm32f7xx_it.c **** void HardFault_Handler(void)
  85:Core/Src/stm32f7xx_it.c **** {
  52              		.loc 1 85 1 view -0
  53              		.cfi_startproc
  54              		@ Volatile: function does not return.
  55              		@ args = 0, pretend = 0, frame = 0
  56              		@ frame_needed = 0, uses_anonymous_args = 0
  57              		@ link register save eliminated.
  58              	.L4:
  86:Core/Src/stm32f7xx_it.c ****   /* USER CODE BEGIN HardFault_IRQn 0 */
  87:Core/Src/stm32f7xx_it.c **** 
  88:Core/Src/stm32f7xx_it.c ****   /* USER CODE END HardFault_IRQn 0 */
  89:Core/Src/stm32f7xx_it.c ****   while (1)
  59              		.loc 1 89 3 discriminator 1 view .LVU5
  90:Core/Src/stm32f7xx_it.c ****   {
  91:Core/Src/stm32f7xx_it.c ****     /* USER CODE BEGIN W1_HardFault_IRQn 0 */
  92:Core/Src/stm32f7xx_it.c ****     /* USER CODE END W1_HardFault_IRQn 0 */
  93:Core/Src/stm32f7xx_it.c ****   }
  60              		.loc 1 93 3 discriminator 1 view .LVU6
  89:Core/Src/stm32f7xx_it.c ****   {
  61              		.loc 1 89 9 discriminator 1 view .LVU7
  62 0000 FEE7     		b	.L4
  63              		.cfi_endproc
  64              	.LFE142:
  66              		.section	.text.MemManage_Handler,"ax",%progbits
  67              		.align	1
  68              		.global	MemManage_Handler
  69              		.syntax unified
  70              		.thumb
  71              		.thumb_func
  72              		.fpu fpv5-d16
  74              	MemManage_Handler:
  75              	.LFB143:
  94:Core/Src/stm32f7xx_it.c **** }
  95:Core/Src/stm32f7xx_it.c **** 
  96:Core/Src/stm32f7xx_it.c **** /**
  97:Core/Src/stm32f7xx_it.c ****   * @brief This function handles Memory management fault.
  98:Core/Src/stm32f7xx_it.c ****   */
  99:Core/Src/stm32f7xx_it.c **** void MemManage_Handler(void)
ARM GAS  /var/folders/bg/n1lwdyp56391g865_v8nrmhm0000gn/T//ccXuSPxT.s 			page 4


 100:Core/Src/stm32f7xx_it.c **** {
  76              		.loc 1 100 1 view -0
  77              		.cfi_startproc
  78              		@ Volatile: function does not return.
  79              		@ args = 0, pretend = 0, frame = 0
  80              		@ frame_needed = 0, uses_anonymous_args = 0
  81              		@ link register save eliminated.
  82              	.L6:
 101:Core/Src/stm32f7xx_it.c ****   /* USER CODE BEGIN MemoryManagement_IRQn 0 */
 102:Core/Src/stm32f7xx_it.c **** 
 103:Core/Src/stm32f7xx_it.c ****   /* USER CODE END MemoryManagement_IRQn 0 */
 104:Core/Src/stm32f7xx_it.c ****   while (1)
  83              		.loc 1 104 3 discriminator 1 view .LVU9
 105:Core/Src/stm32f7xx_it.c ****   {
 106:Core/Src/stm32f7xx_it.c ****     /* USER CODE BEGIN W1_MemoryManagement_IRQn 0 */
 107:Core/Src/stm32f7xx_it.c ****     /* USER CODE END W1_MemoryManagement_IRQn 0 */
 108:Core/Src/stm32f7xx_it.c ****   }
  84              		.loc 1 108 3 discriminator 1 view .LVU10
 104:Core/Src/stm32f7xx_it.c ****   {
  85              		.loc 1 104 9 discriminator 1 view .LVU11
  86 0000 FEE7     		b	.L6
  87              		.cfi_endproc
  88              	.LFE143:
  90              		.section	.text.BusFault_Handler,"ax",%progbits
  91              		.align	1
  92              		.global	BusFault_Handler
  93              		.syntax unified
  94              		.thumb
  95              		.thumb_func
  96              		.fpu fpv5-d16
  98              	BusFault_Handler:
  99              	.LFB144:
 109:Core/Src/stm32f7xx_it.c **** }
 110:Core/Src/stm32f7xx_it.c **** 
 111:Core/Src/stm32f7xx_it.c **** /**
 112:Core/Src/stm32f7xx_it.c ****   * @brief This function handles Pre-fetch fault, memory access fault.
 113:Core/Src/stm32f7xx_it.c ****   */
 114:Core/Src/stm32f7xx_it.c **** void BusFault_Handler(void)
 115:Core/Src/stm32f7xx_it.c **** {
 100              		.loc 1 115 1 view -0
 101              		.cfi_startproc
 102              		@ Volatile: function does not return.
 103              		@ args = 0, pretend = 0, frame = 0
 104              		@ frame_needed = 0, uses_anonymous_args = 0
 105              		@ link register save eliminated.
 106              	.L8:
 116:Core/Src/stm32f7xx_it.c ****   /* USER CODE BEGIN BusFault_IRQn 0 */
 117:Core/Src/stm32f7xx_it.c **** 
 118:Core/Src/stm32f7xx_it.c ****   /* USER CODE END BusFault_IRQn 0 */
 119:Core/Src/stm32f7xx_it.c ****   while (1)
 107              		.loc 1 119 3 discriminator 1 view .LVU13
 120:Core/Src/stm32f7xx_it.c ****   {
 121:Core/Src/stm32f7xx_it.c ****     /* USER CODE BEGIN W1_BusFault_IRQn 0 */
 122:Core/Src/stm32f7xx_it.c ****     /* USER CODE END W1_BusFault_IRQn 0 */
 123:Core/Src/stm32f7xx_it.c ****   }
 108              		.loc 1 123 3 discriminator 1 view .LVU14
 119:Core/Src/stm32f7xx_it.c ****   {
ARM GAS  /var/folders/bg/n1lwdyp56391g865_v8nrmhm0000gn/T//ccXuSPxT.s 			page 5


 109              		.loc 1 119 9 discriminator 1 view .LVU15
 110 0000 FEE7     		b	.L8
 111              		.cfi_endproc
 112              	.LFE144:
 114              		.section	.text.UsageFault_Handler,"ax",%progbits
 115              		.align	1
 116              		.global	UsageFault_Handler
 117              		.syntax unified
 118              		.thumb
 119              		.thumb_func
 120              		.fpu fpv5-d16
 122              	UsageFault_Handler:
 123              	.LFB145:
 124:Core/Src/stm32f7xx_it.c **** }
 125:Core/Src/stm32f7xx_it.c **** 
 126:Core/Src/stm32f7xx_it.c **** /**
 127:Core/Src/stm32f7xx_it.c ****   * @brief This function handles Undefined instruction or illegal state.
 128:Core/Src/stm32f7xx_it.c ****   */
 129:Core/Src/stm32f7xx_it.c **** void UsageFault_Handler(void)
 130:Core/Src/stm32f7xx_it.c **** {
 124              		.loc 1 130 1 view -0
 125              		.cfi_startproc
 126              		@ Volatile: function does not return.
 127              		@ args = 0, pretend = 0, frame = 0
 128              		@ frame_needed = 0, uses_anonymous_args = 0
 129              		@ link register save eliminated.
 130              	.L10:
 131:Core/Src/stm32f7xx_it.c ****   /* USER CODE BEGIN UsageFault_IRQn 0 */
 132:Core/Src/stm32f7xx_it.c **** 
 133:Core/Src/stm32f7xx_it.c ****   /* USER CODE END UsageFault_IRQn 0 */
 134:Core/Src/stm32f7xx_it.c ****   while (1)
 131              		.loc 1 134 3 discriminator 1 view .LVU17
 135:Core/Src/stm32f7xx_it.c ****   {
 136:Core/Src/stm32f7xx_it.c ****     /* USER CODE BEGIN W1_UsageFault_IRQn 0 */
 137:Core/Src/stm32f7xx_it.c ****     /* USER CODE END W1_UsageFault_IRQn 0 */
 138:Core/Src/stm32f7xx_it.c ****   }
 132              		.loc 1 138 3 discriminator 1 view .LVU18
 134:Core/Src/stm32f7xx_it.c ****   {
 133              		.loc 1 134 9 discriminator 1 view .LVU19
 134 0000 FEE7     		b	.L10
 135              		.cfi_endproc
 136              	.LFE145:
 138              		.section	.text.SVC_Handler,"ax",%progbits
 139              		.align	1
 140              		.global	SVC_Handler
 141              		.syntax unified
 142              		.thumb
 143              		.thumb_func
 144              		.fpu fpv5-d16
 146              	SVC_Handler:
 147              	.LFB146:
 139:Core/Src/stm32f7xx_it.c **** }
 140:Core/Src/stm32f7xx_it.c **** 
 141:Core/Src/stm32f7xx_it.c **** /**
 142:Core/Src/stm32f7xx_it.c ****   * @brief This function handles System service call via SWI instruction.
 143:Core/Src/stm32f7xx_it.c ****   */
 144:Core/Src/stm32f7xx_it.c **** void SVC_Handler(void)
ARM GAS  /var/folders/bg/n1lwdyp56391g865_v8nrmhm0000gn/T//ccXuSPxT.s 			page 6


 145:Core/Src/stm32f7xx_it.c **** {
 148              		.loc 1 145 1 view -0
 149              		.cfi_startproc
 150              		@ args = 0, pretend = 0, frame = 0
 151              		@ frame_needed = 0, uses_anonymous_args = 0
 152              		@ link register save eliminated.
 146:Core/Src/stm32f7xx_it.c ****   /* USER CODE BEGIN SVCall_IRQn 0 */
 147:Core/Src/stm32f7xx_it.c **** 
 148:Core/Src/stm32f7xx_it.c ****   /* USER CODE END SVCall_IRQn 0 */
 149:Core/Src/stm32f7xx_it.c ****   /* USER CODE BEGIN SVCall_IRQn 1 */
 150:Core/Src/stm32f7xx_it.c **** 
 151:Core/Src/stm32f7xx_it.c ****   /* USER CODE END SVCall_IRQn 1 */
 152:Core/Src/stm32f7xx_it.c **** }
 153              		.loc 1 152 1 view .LVU21
 154 0000 7047     		bx	lr
 155              		.cfi_endproc
 156              	.LFE146:
 158              		.section	.text.DebugMon_Handler,"ax",%progbits
 159              		.align	1
 160              		.global	DebugMon_Handler
 161              		.syntax unified
 162              		.thumb
 163              		.thumb_func
 164              		.fpu fpv5-d16
 166              	DebugMon_Handler:
 167              	.LFB147:
 153:Core/Src/stm32f7xx_it.c **** 
 154:Core/Src/stm32f7xx_it.c **** /**
 155:Core/Src/stm32f7xx_it.c ****   * @brief This function handles Debug monitor.
 156:Core/Src/stm32f7xx_it.c ****   */
 157:Core/Src/stm32f7xx_it.c **** void DebugMon_Handler(void)
 158:Core/Src/stm32f7xx_it.c **** {
 168              		.loc 1 158 1 view -0
 169              		.cfi_startproc
 170              		@ args = 0, pretend = 0, frame = 0
 171              		@ frame_needed = 0, uses_anonymous_args = 0
 172              		@ link register save eliminated.
 159:Core/Src/stm32f7xx_it.c ****   /* USER CODE BEGIN DebugMonitor_IRQn 0 */
 160:Core/Src/stm32f7xx_it.c **** 
 161:Core/Src/stm32f7xx_it.c ****   /* USER CODE END DebugMonitor_IRQn 0 */
 162:Core/Src/stm32f7xx_it.c ****   /* USER CODE BEGIN DebugMonitor_IRQn 1 */
 163:Core/Src/stm32f7xx_it.c **** 
 164:Core/Src/stm32f7xx_it.c ****   /* USER CODE END DebugMonitor_IRQn 1 */
 165:Core/Src/stm32f7xx_it.c **** }
 173              		.loc 1 165 1 view .LVU23
 174 0000 7047     		bx	lr
 175              		.cfi_endproc
 176              	.LFE147:
 178              		.section	.text.PendSV_Handler,"ax",%progbits
 179              		.align	1
 180              		.global	PendSV_Handler
 181              		.syntax unified
 182              		.thumb
 183              		.thumb_func
 184              		.fpu fpv5-d16
 186              	PendSV_Handler:
 187              	.LFB148:
ARM GAS  /var/folders/bg/n1lwdyp56391g865_v8nrmhm0000gn/T//ccXuSPxT.s 			page 7


 166:Core/Src/stm32f7xx_it.c **** 
 167:Core/Src/stm32f7xx_it.c **** /**
 168:Core/Src/stm32f7xx_it.c ****   * @brief This function handles Pendable request for system service.
 169:Core/Src/stm32f7xx_it.c ****   */
 170:Core/Src/stm32f7xx_it.c **** void PendSV_Handler(void)
 171:Core/Src/stm32f7xx_it.c **** {
 188              		.loc 1 171 1 view -0
 189              		.cfi_startproc
 190              		@ args = 0, pretend = 0, frame = 0
 191              		@ frame_needed = 0, uses_anonymous_args = 0
 192              		@ link register save eliminated.
 172:Core/Src/stm32f7xx_it.c ****   /* USER CODE BEGIN PendSV_IRQn 0 */
 173:Core/Src/stm32f7xx_it.c **** 
 174:Core/Src/stm32f7xx_it.c ****   /* USER CODE END PendSV_IRQn 0 */
 175:Core/Src/stm32f7xx_it.c ****   /* USER CODE BEGIN PendSV_IRQn 1 */
 176:Core/Src/stm32f7xx_it.c **** 
 177:Core/Src/stm32f7xx_it.c ****   /* USER CODE END PendSV_IRQn 1 */
 178:Core/Src/stm32f7xx_it.c **** }
 193              		.loc 1 178 1 view .LVU25
 194 0000 7047     		bx	lr
 195              		.cfi_endproc
 196              	.LFE148:
 198              		.section	.text.SysTick_Handler,"ax",%progbits
 199              		.align	1
 200              		.global	SysTick_Handler
 201              		.syntax unified
 202              		.thumb
 203              		.thumb_func
 204              		.fpu fpv5-d16
 206              	SysTick_Handler:
 207              	.LFB149:
 179:Core/Src/stm32f7xx_it.c **** 
 180:Core/Src/stm32f7xx_it.c **** /**
 181:Core/Src/stm32f7xx_it.c ****   * @brief This function handles System tick timer.
 182:Core/Src/stm32f7xx_it.c ****   */
 183:Core/Src/stm32f7xx_it.c **** void SysTick_Handler(void)
 184:Core/Src/stm32f7xx_it.c **** {
 208              		.loc 1 184 1 view -0
 209              		.cfi_startproc
 210              		@ args = 0, pretend = 0, frame = 0
 211              		@ frame_needed = 0, uses_anonymous_args = 0
 212 0000 08B5     		push	{r3, lr}
 213              	.LCFI0:
 214              		.cfi_def_cfa_offset 8
 215              		.cfi_offset 3, -8
 216              		.cfi_offset 14, -4
 185:Core/Src/stm32f7xx_it.c ****   /* USER CODE BEGIN SysTick_IRQn 0 */
 186:Core/Src/stm32f7xx_it.c **** 
 187:Core/Src/stm32f7xx_it.c ****   /* USER CODE END SysTick_IRQn 0 */
 188:Core/Src/stm32f7xx_it.c ****   HAL_IncTick();
 217              		.loc 1 188 3 view .LVU27
 218 0002 FFF7FEFF 		bl	HAL_IncTick
 219              	.LVL0:
 189:Core/Src/stm32f7xx_it.c ****   /* USER CODE BEGIN SysTick_IRQn 1 */
 190:Core/Src/stm32f7xx_it.c **** 
 191:Core/Src/stm32f7xx_it.c ****   /* USER CODE END SysTick_IRQn 1 */
 192:Core/Src/stm32f7xx_it.c **** }
ARM GAS  /var/folders/bg/n1lwdyp56391g865_v8nrmhm0000gn/T//ccXuSPxT.s 			page 8


 220              		.loc 1 192 1 is_stmt 0 view .LVU28
 221 0006 08BD     		pop	{r3, pc}
 222              		.cfi_endproc
 223              	.LFE149:
 225              		.text
 226              	.Letext0:
 227              		.file 2 "Drivers/STM32F7xx_HAL_Driver/Inc/stm32f7xx_hal.h"
ARM GAS  /var/folders/bg/n1lwdyp56391g865_v8nrmhm0000gn/T//ccXuSPxT.s 			page 9


DEFINED SYMBOLS
                            *ABS*:0000000000000000 stm32f7xx_it.c
/var/folders/bg/n1lwdyp56391g865_v8nrmhm0000gn/T//ccXuSPxT.s:17     .text.NMI_Handler:0000000000000000 $t
/var/folders/bg/n1lwdyp56391g865_v8nrmhm0000gn/T//ccXuSPxT.s:25     .text.NMI_Handler:0000000000000000 NMI_Handler
/var/folders/bg/n1lwdyp56391g865_v8nrmhm0000gn/T//ccXuSPxT.s:43     .text.HardFault_Handler:0000000000000000 $t
/var/folders/bg/n1lwdyp56391g865_v8nrmhm0000gn/T//ccXuSPxT.s:50     .text.HardFault_Handler:0000000000000000 HardFault_Handler
/var/folders/bg/n1lwdyp56391g865_v8nrmhm0000gn/T//ccXuSPxT.s:67     .text.MemManage_Handler:0000000000000000 $t
/var/folders/bg/n1lwdyp56391g865_v8nrmhm0000gn/T//ccXuSPxT.s:74     .text.MemManage_Handler:0000000000000000 MemManage_Handler
/var/folders/bg/n1lwdyp56391g865_v8nrmhm0000gn/T//ccXuSPxT.s:91     .text.BusFault_Handler:0000000000000000 $t
/var/folders/bg/n1lwdyp56391g865_v8nrmhm0000gn/T//ccXuSPxT.s:98     .text.BusFault_Handler:0000000000000000 BusFault_Handler
/var/folders/bg/n1lwdyp56391g865_v8nrmhm0000gn/T//ccXuSPxT.s:115    .text.UsageFault_Handler:0000000000000000 $t
/var/folders/bg/n1lwdyp56391g865_v8nrmhm0000gn/T//ccXuSPxT.s:122    .text.UsageFault_Handler:0000000000000000 UsageFault_Handler
/var/folders/bg/n1lwdyp56391g865_v8nrmhm0000gn/T//ccXuSPxT.s:139    .text.SVC_Handler:0000000000000000 $t
/var/folders/bg/n1lwdyp56391g865_v8nrmhm0000gn/T//ccXuSPxT.s:146    .text.SVC_Handler:0000000000000000 SVC_Handler
/var/folders/bg/n1lwdyp56391g865_v8nrmhm0000gn/T//ccXuSPxT.s:159    .text.DebugMon_Handler:0000000000000000 $t
/var/folders/bg/n1lwdyp56391g865_v8nrmhm0000gn/T//ccXuSPxT.s:166    .text.DebugMon_Handler:0000000000000000 DebugMon_Handler
/var/folders/bg/n1lwdyp56391g865_v8nrmhm0000gn/T//ccXuSPxT.s:179    .text.PendSV_Handler:0000000000000000 $t
/var/folders/bg/n1lwdyp56391g865_v8nrmhm0000gn/T//ccXuSPxT.s:186    .text.PendSV_Handler:0000000000000000 PendSV_Handler
/var/folders/bg/n1lwdyp56391g865_v8nrmhm0000gn/T//ccXuSPxT.s:199    .text.SysTick_Handler:0000000000000000 $t
/var/folders/bg/n1lwdyp56391g865_v8nrmhm0000gn/T//ccXuSPxT.s:206    .text.SysTick_Handler:0000000000000000 SysTick_Handler

UNDEFINED SYMBOLS
HAL_IncTick
