ARM GAS  /var/folders/bg/n1lwdyp56391g865_v8nrmhm0000gn/T//ccl2nG3Q.s 			page 1


   1              		.cpu cortex-m7
   2              		.eabi_attribute 28, 1
   3              		.eabi_attribute 20, 1
   4              		.eabi_attribute 21, 1
   5              		.eabi_attribute 23, 3
   6              		.eabi_attribute 24, 1
   7              		.eabi_attribute 25, 1
   8              		.eabi_attribute 26, 1
   9              		.eabi_attribute 30, 1
  10              		.eabi_attribute 34, 1
  11              		.eabi_attribute 18, 4
  12              		.file	"stm32f7xx_hal_exti.c"
  13              		.text
  14              	.Ltext0:
  15              		.cfi_sections	.debug_frame
  16              		.section	.text.HAL_EXTI_SetConfigLine,"ax",%progbits
  17              		.align	1
  18              		.global	HAL_EXTI_SetConfigLine
  19              		.arch armv7e-m
  20              		.syntax unified
  21              		.thumb
  22              		.thumb_func
  23              		.fpu fpv5-d16
  25              	HAL_EXTI_SetConfigLine:
  26              	.LVL0:
  27              	.LFB141:
  28              		.file 1 "Drivers/STM32F7xx_HAL_Driver/Src/stm32f7xx_hal_exti.c"
   1:Drivers/STM32F7xx_HAL_Driver/Src/stm32f7xx_hal_exti.c **** /**
   2:Drivers/STM32F7xx_HAL_Driver/Src/stm32f7xx_hal_exti.c ****   ******************************************************************************
   3:Drivers/STM32F7xx_HAL_Driver/Src/stm32f7xx_hal_exti.c ****   * @file    stm32F7xx_hal_exti.c
   4:Drivers/STM32F7xx_HAL_Driver/Src/stm32f7xx_hal_exti.c ****   * @author  MCD Application Team
   5:Drivers/STM32F7xx_HAL_Driver/Src/stm32f7xx_hal_exti.c ****   * @brief   EXTI HAL module driver.
   6:Drivers/STM32F7xx_HAL_Driver/Src/stm32f7xx_hal_exti.c ****   *          This file provides firmware functions to manage the following
   7:Drivers/STM32F7xx_HAL_Driver/Src/stm32f7xx_hal_exti.c ****   *          functionalities of the Extended Interrupts and events controller (EXTI) peripheral:
   8:Drivers/STM32F7xx_HAL_Driver/Src/stm32f7xx_hal_exti.c ****   *           + Initialization and de-initialization functions
   9:Drivers/STM32F7xx_HAL_Driver/Src/stm32f7xx_hal_exti.c ****   *           + IO operation functions
  10:Drivers/STM32F7xx_HAL_Driver/Src/stm32f7xx_hal_exti.c ****   *
  11:Drivers/STM32F7xx_HAL_Driver/Src/stm32f7xx_hal_exti.c ****   ******************************************************************************
  12:Drivers/STM32F7xx_HAL_Driver/Src/stm32f7xx_hal_exti.c ****   * @attention
  13:Drivers/STM32F7xx_HAL_Driver/Src/stm32f7xx_hal_exti.c ****   *
  14:Drivers/STM32F7xx_HAL_Driver/Src/stm32f7xx_hal_exti.c ****   * Copyright (c) 2018 STMicroelectronics.
  15:Drivers/STM32F7xx_HAL_Driver/Src/stm32f7xx_hal_exti.c ****   * All rights reserved.
  16:Drivers/STM32F7xx_HAL_Driver/Src/stm32f7xx_hal_exti.c ****   *
  17:Drivers/STM32F7xx_HAL_Driver/Src/stm32f7xx_hal_exti.c ****   * This software is licensed under terms that can be found in the LICENSE file
  18:Drivers/STM32F7xx_HAL_Driver/Src/stm32f7xx_hal_exti.c ****   * in the root directory of this software component.
  19:Drivers/STM32F7xx_HAL_Driver/Src/stm32f7xx_hal_exti.c ****   * If no LICENSE file comes with this software, it is provided AS-IS.
  20:Drivers/STM32F7xx_HAL_Driver/Src/stm32f7xx_hal_exti.c ****   *
  21:Drivers/STM32F7xx_HAL_Driver/Src/stm32f7xx_hal_exti.c ****   ******************************************************************************
  22:Drivers/STM32F7xx_HAL_Driver/Src/stm32f7xx_hal_exti.c ****   @verbatim
  23:Drivers/STM32F7xx_HAL_Driver/Src/stm32f7xx_hal_exti.c ****   ==============================================================================
  24:Drivers/STM32F7xx_HAL_Driver/Src/stm32f7xx_hal_exti.c ****                     ##### EXTI Peripheral features #####
  25:Drivers/STM32F7xx_HAL_Driver/Src/stm32f7xx_hal_exti.c ****   ==============================================================================
  26:Drivers/STM32F7xx_HAL_Driver/Src/stm32f7xx_hal_exti.c ****   [..]
  27:Drivers/STM32F7xx_HAL_Driver/Src/stm32f7xx_hal_exti.c ****     (+) Each Exti line can be configured within this driver.
  28:Drivers/STM32F7xx_HAL_Driver/Src/stm32f7xx_hal_exti.c **** 
  29:Drivers/STM32F7xx_HAL_Driver/Src/stm32f7xx_hal_exti.c ****     (+) Exti line can be configured in 3 different modes
  30:Drivers/STM32F7xx_HAL_Driver/Src/stm32f7xx_hal_exti.c ****         (++) Interrupt
ARM GAS  /var/folders/bg/n1lwdyp56391g865_v8nrmhm0000gn/T//ccl2nG3Q.s 			page 2


  31:Drivers/STM32F7xx_HAL_Driver/Src/stm32f7xx_hal_exti.c ****         (++) Event
  32:Drivers/STM32F7xx_HAL_Driver/Src/stm32f7xx_hal_exti.c ****         (++) Both of them
  33:Drivers/STM32F7xx_HAL_Driver/Src/stm32f7xx_hal_exti.c **** 
  34:Drivers/STM32F7xx_HAL_Driver/Src/stm32f7xx_hal_exti.c ****     (+) Configurable Exti lines can be configured with 3 different triggers
  35:Drivers/STM32F7xx_HAL_Driver/Src/stm32f7xx_hal_exti.c ****         (++) Rising
  36:Drivers/STM32F7xx_HAL_Driver/Src/stm32f7xx_hal_exti.c ****         (++) Falling
  37:Drivers/STM32F7xx_HAL_Driver/Src/stm32f7xx_hal_exti.c ****         (++) Both of them
  38:Drivers/STM32F7xx_HAL_Driver/Src/stm32f7xx_hal_exti.c **** 
  39:Drivers/STM32F7xx_HAL_Driver/Src/stm32f7xx_hal_exti.c ****     (+) When set in interrupt mode, configurable Exti lines have two different
  40:Drivers/STM32F7xx_HAL_Driver/Src/stm32f7xx_hal_exti.c ****         interrupts pending registers which allow to distinguish which transition
  41:Drivers/STM32F7xx_HAL_Driver/Src/stm32f7xx_hal_exti.c ****         occurs:
  42:Drivers/STM32F7xx_HAL_Driver/Src/stm32f7xx_hal_exti.c ****         (++) Rising edge pending interrupt
  43:Drivers/STM32F7xx_HAL_Driver/Src/stm32f7xx_hal_exti.c ****         (++) Falling
  44:Drivers/STM32F7xx_HAL_Driver/Src/stm32f7xx_hal_exti.c **** 
  45:Drivers/STM32F7xx_HAL_Driver/Src/stm32f7xx_hal_exti.c ****     (+) Exti lines 0 to 15 are linked to gpio pin number 0 to 15. Gpio port can
  46:Drivers/STM32F7xx_HAL_Driver/Src/stm32f7xx_hal_exti.c ****         be selected through multiplexer.
  47:Drivers/STM32F7xx_HAL_Driver/Src/stm32f7xx_hal_exti.c **** 
  48:Drivers/STM32F7xx_HAL_Driver/Src/stm32f7xx_hal_exti.c ****                      ##### How to use this driver #####
  49:Drivers/STM32F7xx_HAL_Driver/Src/stm32f7xx_hal_exti.c ****   ==============================================================================
  50:Drivers/STM32F7xx_HAL_Driver/Src/stm32f7xx_hal_exti.c ****   [..]
  51:Drivers/STM32F7xx_HAL_Driver/Src/stm32f7xx_hal_exti.c **** 
  52:Drivers/STM32F7xx_HAL_Driver/Src/stm32f7xx_hal_exti.c ****     (#) Configure the EXTI line using HAL_EXTI_SetConfigLine().
  53:Drivers/STM32F7xx_HAL_Driver/Src/stm32f7xx_hal_exti.c ****         (++) Choose the interrupt line number by setting "Line" member from
  54:Drivers/STM32F7xx_HAL_Driver/Src/stm32f7xx_hal_exti.c ****              EXTI_ConfigTypeDef structure.
  55:Drivers/STM32F7xx_HAL_Driver/Src/stm32f7xx_hal_exti.c ****         (++) Configure the interrupt and/or event mode using "Mode" member from
  56:Drivers/STM32F7xx_HAL_Driver/Src/stm32f7xx_hal_exti.c ****              EXTI_ConfigTypeDef structure.
  57:Drivers/STM32F7xx_HAL_Driver/Src/stm32f7xx_hal_exti.c ****         (++) For configurable lines, configure rising and/or falling trigger
  58:Drivers/STM32F7xx_HAL_Driver/Src/stm32f7xx_hal_exti.c ****              "Trigger" member from EXTI_ConfigTypeDef structure.
  59:Drivers/STM32F7xx_HAL_Driver/Src/stm32f7xx_hal_exti.c ****         (++) For Exti lines linked to gpio, choose gpio port using "GPIOSel"
  60:Drivers/STM32F7xx_HAL_Driver/Src/stm32f7xx_hal_exti.c ****              member from GPIO_InitTypeDef structure.
  61:Drivers/STM32F7xx_HAL_Driver/Src/stm32f7xx_hal_exti.c **** 
  62:Drivers/STM32F7xx_HAL_Driver/Src/stm32f7xx_hal_exti.c ****     (#) Get current Exti configuration of a dedicated line using
  63:Drivers/STM32F7xx_HAL_Driver/Src/stm32f7xx_hal_exti.c ****         HAL_EXTI_GetConfigLine().
  64:Drivers/STM32F7xx_HAL_Driver/Src/stm32f7xx_hal_exti.c ****         (++) Provide exiting handle as parameter.
  65:Drivers/STM32F7xx_HAL_Driver/Src/stm32f7xx_hal_exti.c ****         (++) Provide pointer on EXTI_ConfigTypeDef structure as second parameter.
  66:Drivers/STM32F7xx_HAL_Driver/Src/stm32f7xx_hal_exti.c **** 
  67:Drivers/STM32F7xx_HAL_Driver/Src/stm32f7xx_hal_exti.c ****     (#) Clear Exti configuration of a dedicated line using HAL_EXTI_GetConfigLine().
  68:Drivers/STM32F7xx_HAL_Driver/Src/stm32f7xx_hal_exti.c ****         (++) Provide exiting handle as parameter.
  69:Drivers/STM32F7xx_HAL_Driver/Src/stm32f7xx_hal_exti.c **** 
  70:Drivers/STM32F7xx_HAL_Driver/Src/stm32f7xx_hal_exti.c ****     (#) Register callback to treat Exti interrupts using HAL_EXTI_RegisterCallback().
  71:Drivers/STM32F7xx_HAL_Driver/Src/stm32f7xx_hal_exti.c ****         (++) Provide exiting handle as first parameter.
  72:Drivers/STM32F7xx_HAL_Driver/Src/stm32f7xx_hal_exti.c ****         (++) Provide which callback will be registered using one value from
  73:Drivers/STM32F7xx_HAL_Driver/Src/stm32f7xx_hal_exti.c ****              EXTI_CallbackIDTypeDef.
  74:Drivers/STM32F7xx_HAL_Driver/Src/stm32f7xx_hal_exti.c ****         (++) Provide callback function pointer.
  75:Drivers/STM32F7xx_HAL_Driver/Src/stm32f7xx_hal_exti.c **** 
  76:Drivers/STM32F7xx_HAL_Driver/Src/stm32f7xx_hal_exti.c ****     (#) Get interrupt pending bit using HAL_EXTI_GetPending().
  77:Drivers/STM32F7xx_HAL_Driver/Src/stm32f7xx_hal_exti.c **** 
  78:Drivers/STM32F7xx_HAL_Driver/Src/stm32f7xx_hal_exti.c ****     (#) Clear interrupt pending bit using HAL_EXTI_GetPending().
  79:Drivers/STM32F7xx_HAL_Driver/Src/stm32f7xx_hal_exti.c **** 
  80:Drivers/STM32F7xx_HAL_Driver/Src/stm32f7xx_hal_exti.c ****     (#) Generate software interrupt using HAL_EXTI_GenerateSWI().
  81:Drivers/STM32F7xx_HAL_Driver/Src/stm32f7xx_hal_exti.c **** 
  82:Drivers/STM32F7xx_HAL_Driver/Src/stm32f7xx_hal_exti.c ****   @endverbatim
  83:Drivers/STM32F7xx_HAL_Driver/Src/stm32f7xx_hal_exti.c ****   */
  84:Drivers/STM32F7xx_HAL_Driver/Src/stm32f7xx_hal_exti.c **** 
  85:Drivers/STM32F7xx_HAL_Driver/Src/stm32f7xx_hal_exti.c **** /* Includes ------------------------------------------------------------------*/
  86:Drivers/STM32F7xx_HAL_Driver/Src/stm32f7xx_hal_exti.c **** #include "stm32f7xx_hal.h"
  87:Drivers/STM32F7xx_HAL_Driver/Src/stm32f7xx_hal_exti.c **** 
ARM GAS  /var/folders/bg/n1lwdyp56391g865_v8nrmhm0000gn/T//ccl2nG3Q.s 			page 3


  88:Drivers/STM32F7xx_HAL_Driver/Src/stm32f7xx_hal_exti.c **** /** @addtogroup STM32F7xx_HAL_Driver
  89:Drivers/STM32F7xx_HAL_Driver/Src/stm32f7xx_hal_exti.c ****   * @{
  90:Drivers/STM32F7xx_HAL_Driver/Src/stm32f7xx_hal_exti.c ****   */
  91:Drivers/STM32F7xx_HAL_Driver/Src/stm32f7xx_hal_exti.c **** 
  92:Drivers/STM32F7xx_HAL_Driver/Src/stm32f7xx_hal_exti.c **** /** @addtogroup EXTI
  93:Drivers/STM32F7xx_HAL_Driver/Src/stm32f7xx_hal_exti.c ****   * @{
  94:Drivers/STM32F7xx_HAL_Driver/Src/stm32f7xx_hal_exti.c ****   */
  95:Drivers/STM32F7xx_HAL_Driver/Src/stm32f7xx_hal_exti.c **** /** MISRA C:2012 deviation rule has been granted for following rule:
  96:Drivers/STM32F7xx_HAL_Driver/Src/stm32f7xx_hal_exti.c ****   * Rule-18.1_b - Medium: Array `EXTICR' 1st subscript interval [0,7] may be out
  97:Drivers/STM32F7xx_HAL_Driver/Src/stm32f7xx_hal_exti.c ****   * of bounds [0,3] in following API :
  98:Drivers/STM32F7xx_HAL_Driver/Src/stm32f7xx_hal_exti.c ****   * HAL_EXTI_SetConfigLine
  99:Drivers/STM32F7xx_HAL_Driver/Src/stm32f7xx_hal_exti.c ****   * HAL_EXTI_GetConfigLine
 100:Drivers/STM32F7xx_HAL_Driver/Src/stm32f7xx_hal_exti.c ****   * HAL_EXTI_ClearConfigLine
 101:Drivers/STM32F7xx_HAL_Driver/Src/stm32f7xx_hal_exti.c ****   */
 102:Drivers/STM32F7xx_HAL_Driver/Src/stm32f7xx_hal_exti.c **** 
 103:Drivers/STM32F7xx_HAL_Driver/Src/stm32f7xx_hal_exti.c **** #ifdef HAL_EXTI_MODULE_ENABLED
 104:Drivers/STM32F7xx_HAL_Driver/Src/stm32f7xx_hal_exti.c **** 
 105:Drivers/STM32F7xx_HAL_Driver/Src/stm32f7xx_hal_exti.c **** /* Private typedef -----------------------------------------------------------*/
 106:Drivers/STM32F7xx_HAL_Driver/Src/stm32f7xx_hal_exti.c **** /* Private defines -----------------------------------------------------------*/
 107:Drivers/STM32F7xx_HAL_Driver/Src/stm32f7xx_hal_exti.c **** /** @defgroup EXTI_Private_Constants EXTI Private Constants
 108:Drivers/STM32F7xx_HAL_Driver/Src/stm32f7xx_hal_exti.c ****   * @{
 109:Drivers/STM32F7xx_HAL_Driver/Src/stm32f7xx_hal_exti.c ****   */
 110:Drivers/STM32F7xx_HAL_Driver/Src/stm32f7xx_hal_exti.c **** 
 111:Drivers/STM32F7xx_HAL_Driver/Src/stm32f7xx_hal_exti.c **** /**
 112:Drivers/STM32F7xx_HAL_Driver/Src/stm32f7xx_hal_exti.c ****   * @}
 113:Drivers/STM32F7xx_HAL_Driver/Src/stm32f7xx_hal_exti.c ****   */
 114:Drivers/STM32F7xx_HAL_Driver/Src/stm32f7xx_hal_exti.c **** 
 115:Drivers/STM32F7xx_HAL_Driver/Src/stm32f7xx_hal_exti.c **** /* Private macros ------------------------------------------------------------*/
 116:Drivers/STM32F7xx_HAL_Driver/Src/stm32f7xx_hal_exti.c **** /* Private variables ---------------------------------------------------------*/
 117:Drivers/STM32F7xx_HAL_Driver/Src/stm32f7xx_hal_exti.c **** /* Private function prototypes -----------------------------------------------*/
 118:Drivers/STM32F7xx_HAL_Driver/Src/stm32f7xx_hal_exti.c **** /* Exported functions --------------------------------------------------------*/
 119:Drivers/STM32F7xx_HAL_Driver/Src/stm32f7xx_hal_exti.c **** 
 120:Drivers/STM32F7xx_HAL_Driver/Src/stm32f7xx_hal_exti.c **** /** @addtogroup EXTI_Exported_Functions
 121:Drivers/STM32F7xx_HAL_Driver/Src/stm32f7xx_hal_exti.c ****   * @{
 122:Drivers/STM32F7xx_HAL_Driver/Src/stm32f7xx_hal_exti.c ****   */
 123:Drivers/STM32F7xx_HAL_Driver/Src/stm32f7xx_hal_exti.c **** 
 124:Drivers/STM32F7xx_HAL_Driver/Src/stm32f7xx_hal_exti.c **** /** @addtogroup EXTI_Exported_Functions_Group1
 125:Drivers/STM32F7xx_HAL_Driver/Src/stm32f7xx_hal_exti.c ****   *  @brief    Configuration functions
 126:Drivers/STM32F7xx_HAL_Driver/Src/stm32f7xx_hal_exti.c ****   *
 127:Drivers/STM32F7xx_HAL_Driver/Src/stm32f7xx_hal_exti.c **** @verbatim
 128:Drivers/STM32F7xx_HAL_Driver/Src/stm32f7xx_hal_exti.c ****  ===============================================================================
 129:Drivers/STM32F7xx_HAL_Driver/Src/stm32f7xx_hal_exti.c ****               ##### Configuration functions #####
 130:Drivers/STM32F7xx_HAL_Driver/Src/stm32f7xx_hal_exti.c ****  ===============================================================================
 131:Drivers/STM32F7xx_HAL_Driver/Src/stm32f7xx_hal_exti.c **** 
 132:Drivers/STM32F7xx_HAL_Driver/Src/stm32f7xx_hal_exti.c **** @endverbatim
 133:Drivers/STM32F7xx_HAL_Driver/Src/stm32f7xx_hal_exti.c ****   * @{
 134:Drivers/STM32F7xx_HAL_Driver/Src/stm32f7xx_hal_exti.c ****   */
 135:Drivers/STM32F7xx_HAL_Driver/Src/stm32f7xx_hal_exti.c **** 
 136:Drivers/STM32F7xx_HAL_Driver/Src/stm32f7xx_hal_exti.c **** /**
 137:Drivers/STM32F7xx_HAL_Driver/Src/stm32f7xx_hal_exti.c ****   * @brief  Set configuration of a dedicated Exti line.
 138:Drivers/STM32F7xx_HAL_Driver/Src/stm32f7xx_hal_exti.c ****   * @param  hexti Exti handle.
 139:Drivers/STM32F7xx_HAL_Driver/Src/stm32f7xx_hal_exti.c ****   * @param  pExtiConfig Pointer on EXTI configuration to be set.
 140:Drivers/STM32F7xx_HAL_Driver/Src/stm32f7xx_hal_exti.c ****   * @retval HAL Status.
 141:Drivers/STM32F7xx_HAL_Driver/Src/stm32f7xx_hal_exti.c ****   */
 142:Drivers/STM32F7xx_HAL_Driver/Src/stm32f7xx_hal_exti.c **** HAL_StatusTypeDef HAL_EXTI_SetConfigLine(EXTI_HandleTypeDef *hexti, EXTI_ConfigTypeDef *pExtiConfig
 143:Drivers/STM32F7xx_HAL_Driver/Src/stm32f7xx_hal_exti.c **** {
  29              		.loc 1 143 1 view -0
ARM GAS  /var/folders/bg/n1lwdyp56391g865_v8nrmhm0000gn/T//ccl2nG3Q.s 			page 4


  30              		.cfi_startproc
  31              		@ args = 0, pretend = 0, frame = 0
  32              		@ frame_needed = 0, uses_anonymous_args = 0
  33              		@ link register save eliminated.
 144:Drivers/STM32F7xx_HAL_Driver/Src/stm32f7xx_hal_exti.c ****   uint32_t regval;
  34              		.loc 1 144 3 view .LVU1
 145:Drivers/STM32F7xx_HAL_Driver/Src/stm32f7xx_hal_exti.c ****   uint32_t linepos;
  35              		.loc 1 145 3 view .LVU2
 146:Drivers/STM32F7xx_HAL_Driver/Src/stm32f7xx_hal_exti.c ****   uint32_t maskline;
  36              		.loc 1 146 3 view .LVU3
 147:Drivers/STM32F7xx_HAL_Driver/Src/stm32f7xx_hal_exti.c **** 
 148:Drivers/STM32F7xx_HAL_Driver/Src/stm32f7xx_hal_exti.c ****   /* Check null pointer */
 149:Drivers/STM32F7xx_HAL_Driver/Src/stm32f7xx_hal_exti.c ****   if ((hexti == NULL) || (pExtiConfig == NULL))
  37              		.loc 1 149 3 view .LVU4
  38              		.loc 1 149 6 is_stmt 0 view .LVU5
  39 0000 0029     		cmp	r1, #0
  40 0002 18BF     		it	ne
  41 0004 0028     		cmpne	r0, #0
  42 0006 5FD0     		beq	.L11
 143:Drivers/STM32F7xx_HAL_Driver/Src/stm32f7xx_hal_exti.c ****   uint32_t regval;
  43              		.loc 1 143 1 view .LVU6
  44 0008 70B4     		push	{r4, r5, r6}
  45              	.LCFI0:
  46              		.cfi_def_cfa_offset 12
  47              		.cfi_offset 4, -12
  48              		.cfi_offset 5, -8
  49              		.cfi_offset 6, -4
  50 000a 0B46     		mov	r3, r1
 150:Drivers/STM32F7xx_HAL_Driver/Src/stm32f7xx_hal_exti.c ****   {
 151:Drivers/STM32F7xx_HAL_Driver/Src/stm32f7xx_hal_exti.c ****     return HAL_ERROR;
 152:Drivers/STM32F7xx_HAL_Driver/Src/stm32f7xx_hal_exti.c ****   }
 153:Drivers/STM32F7xx_HAL_Driver/Src/stm32f7xx_hal_exti.c **** 
 154:Drivers/STM32F7xx_HAL_Driver/Src/stm32f7xx_hal_exti.c ****   /* Check parameters */
 155:Drivers/STM32F7xx_HAL_Driver/Src/stm32f7xx_hal_exti.c ****   assert_param(IS_EXTI_LINE(pExtiConfig->Line));
  51              		.loc 1 155 3 is_stmt 1 view .LVU7
 156:Drivers/STM32F7xx_HAL_Driver/Src/stm32f7xx_hal_exti.c ****   assert_param(IS_EXTI_MODE(pExtiConfig->Mode));
  52              		.loc 1 156 3 view .LVU8
 157:Drivers/STM32F7xx_HAL_Driver/Src/stm32f7xx_hal_exti.c **** 
 158:Drivers/STM32F7xx_HAL_Driver/Src/stm32f7xx_hal_exti.c ****   /* Assign line number to handle */
 159:Drivers/STM32F7xx_HAL_Driver/Src/stm32f7xx_hal_exti.c ****   hexti->Line = pExtiConfig->Line;
  53              		.loc 1 159 3 view .LVU9
  54              		.loc 1 159 28 is_stmt 0 view .LVU10
  55 000c 0968     		ldr	r1, [r1]
  56              	.LVL1:
  57              		.loc 1 159 15 view .LVU11
  58 000e 0160     		str	r1, [r0]
 160:Drivers/STM32F7xx_HAL_Driver/Src/stm32f7xx_hal_exti.c **** 
 161:Drivers/STM32F7xx_HAL_Driver/Src/stm32f7xx_hal_exti.c ****   /* Compute line mask */
 162:Drivers/STM32F7xx_HAL_Driver/Src/stm32f7xx_hal_exti.c ****   linepos = (pExtiConfig->Line & EXTI_PIN_MASK);
  59              		.loc 1 162 3 is_stmt 1 view .LVU12
  60              		.loc 1 162 11 is_stmt 0 view .LVU13
  61 0010 01F01F00 		and	r0, r1, #31
  62              	.LVL2:
 163:Drivers/STM32F7xx_HAL_Driver/Src/stm32f7xx_hal_exti.c ****   maskline = (1uL << linepos);
  63              		.loc 1 163 3 is_stmt 1 view .LVU14
  64              		.loc 1 163 12 is_stmt 0 view .LVU15
  65 0014 0122     		movs	r2, #1
ARM GAS  /var/folders/bg/n1lwdyp56391g865_v8nrmhm0000gn/T//ccl2nG3Q.s 			page 5


  66 0016 8240     		lsls	r2, r2, r0
  67              	.LVL3:
 164:Drivers/STM32F7xx_HAL_Driver/Src/stm32f7xx_hal_exti.c **** 
 165:Drivers/STM32F7xx_HAL_Driver/Src/stm32f7xx_hal_exti.c ****   /* Configure triggers for configurable lines */
 166:Drivers/STM32F7xx_HAL_Driver/Src/stm32f7xx_hal_exti.c ****   if ((pExtiConfig->Line & EXTI_CONFIG) != 0x00u)
  68              		.loc 1 166 3 is_stmt 1 view .LVU16
  69              		.loc 1 166 6 is_stmt 0 view .LVU17
  70 0018 11F0007F 		tst	r1, #33554432
  71 001c 15D0     		beq	.L3
 167:Drivers/STM32F7xx_HAL_Driver/Src/stm32f7xx_hal_exti.c ****   {
 168:Drivers/STM32F7xx_HAL_Driver/Src/stm32f7xx_hal_exti.c ****     assert_param(IS_EXTI_TRIGGER(pExtiConfig->Trigger));
  72              		.loc 1 168 5 is_stmt 1 view .LVU18
 169:Drivers/STM32F7xx_HAL_Driver/Src/stm32f7xx_hal_exti.c **** 
 170:Drivers/STM32F7xx_HAL_Driver/Src/stm32f7xx_hal_exti.c ****     /* Configure rising trigger */
 171:Drivers/STM32F7xx_HAL_Driver/Src/stm32f7xx_hal_exti.c ****     /* Mask or set line */
 172:Drivers/STM32F7xx_HAL_Driver/Src/stm32f7xx_hal_exti.c ****     if ((pExtiConfig->Trigger & EXTI_TRIGGER_RISING) != 0x00u)
  73              		.loc 1 172 5 view .LVU19
  74              		.loc 1 172 21 is_stmt 0 view .LVU20
  75 001e 9C68     		ldr	r4, [r3, #8]
  76              		.loc 1 172 8 view .LVU21
  77 0020 14F0010F 		tst	r4, #1
  78 0024 24D0     		beq	.L4
 173:Drivers/STM32F7xx_HAL_Driver/Src/stm32f7xx_hal_exti.c ****     {
 174:Drivers/STM32F7xx_HAL_Driver/Src/stm32f7xx_hal_exti.c ****       EXTI->RTSR |= maskline;
  79              		.loc 1 174 7 is_stmt 1 view .LVU22
  80              		.loc 1 174 18 is_stmt 0 view .LVU23
  81 0026 294D     		ldr	r5, .L17
  82 0028 AC68     		ldr	r4, [r5, #8]
  83 002a 1443     		orrs	r4, r4, r2
  84 002c AC60     		str	r4, [r5, #8]
  85              	.L5:
 175:Drivers/STM32F7xx_HAL_Driver/Src/stm32f7xx_hal_exti.c ****     }
 176:Drivers/STM32F7xx_HAL_Driver/Src/stm32f7xx_hal_exti.c ****     else
 177:Drivers/STM32F7xx_HAL_Driver/Src/stm32f7xx_hal_exti.c ****     {
 178:Drivers/STM32F7xx_HAL_Driver/Src/stm32f7xx_hal_exti.c ****       EXTI->RTSR &= ~maskline;
 179:Drivers/STM32F7xx_HAL_Driver/Src/stm32f7xx_hal_exti.c ****     }
 180:Drivers/STM32F7xx_HAL_Driver/Src/stm32f7xx_hal_exti.c **** 
 181:Drivers/STM32F7xx_HAL_Driver/Src/stm32f7xx_hal_exti.c ****     /* Configure falling trigger */
 182:Drivers/STM32F7xx_HAL_Driver/Src/stm32f7xx_hal_exti.c ****     /* Mask or set line */
 183:Drivers/STM32F7xx_HAL_Driver/Src/stm32f7xx_hal_exti.c ****     if ((pExtiConfig->Trigger & EXTI_TRIGGER_FALLING) != 0x00u)
  86              		.loc 1 183 5 is_stmt 1 view .LVU24
  87              		.loc 1 183 21 is_stmt 0 view .LVU25
  88 002e 9C68     		ldr	r4, [r3, #8]
  89              		.loc 1 183 8 view .LVU26
  90 0030 14F0020F 		tst	r4, #2
  91 0034 22D0     		beq	.L6
 184:Drivers/STM32F7xx_HAL_Driver/Src/stm32f7xx_hal_exti.c ****     {
 185:Drivers/STM32F7xx_HAL_Driver/Src/stm32f7xx_hal_exti.c ****       EXTI->FTSR |= maskline;
  92              		.loc 1 185 7 is_stmt 1 view .LVU27
  93              		.loc 1 185 18 is_stmt 0 view .LVU28
  94 0036 254D     		ldr	r5, .L17
  95 0038 EC68     		ldr	r4, [r5, #12]
  96 003a 1443     		orrs	r4, r4, r2
  97 003c EC60     		str	r4, [r5, #12]
  98              	.L7:
 186:Drivers/STM32F7xx_HAL_Driver/Src/stm32f7xx_hal_exti.c ****     }
 187:Drivers/STM32F7xx_HAL_Driver/Src/stm32f7xx_hal_exti.c ****     else
ARM GAS  /var/folders/bg/n1lwdyp56391g865_v8nrmhm0000gn/T//ccl2nG3Q.s 			page 6


 188:Drivers/STM32F7xx_HAL_Driver/Src/stm32f7xx_hal_exti.c ****     {
 189:Drivers/STM32F7xx_HAL_Driver/Src/stm32f7xx_hal_exti.c ****       EXTI->FTSR &= ~maskline;
 190:Drivers/STM32F7xx_HAL_Driver/Src/stm32f7xx_hal_exti.c ****     }
 191:Drivers/STM32F7xx_HAL_Driver/Src/stm32f7xx_hal_exti.c **** 
 192:Drivers/STM32F7xx_HAL_Driver/Src/stm32f7xx_hal_exti.c **** 
 193:Drivers/STM32F7xx_HAL_Driver/Src/stm32f7xx_hal_exti.c ****     /* Configure gpio port selection in case of gpio exti line */
 194:Drivers/STM32F7xx_HAL_Driver/Src/stm32f7xx_hal_exti.c ****     if ((pExtiConfig->Line & EXTI_GPIO) == EXTI_GPIO)
  99              		.loc 1 194 5 is_stmt 1 view .LVU29
 100              		.loc 1 194 28 is_stmt 0 view .LVU30
 101 003e 1C68     		ldr	r4, [r3]
 102 0040 04F0C06C 		and	ip, r4, #100663296
 103              		.loc 1 194 8 view .LVU31
 104 0044 BCF1C06F 		cmp	ip, #100663296
 105 0048 1ED0     		beq	.L16
 106              	.LVL4:
 107              	.L3:
 195:Drivers/STM32F7xx_HAL_Driver/Src/stm32f7xx_hal_exti.c ****     {
 196:Drivers/STM32F7xx_HAL_Driver/Src/stm32f7xx_hal_exti.c ****       assert_param(IS_EXTI_GPIO_PORT(pExtiConfig->GPIOSel));
 197:Drivers/STM32F7xx_HAL_Driver/Src/stm32f7xx_hal_exti.c ****       assert_param(IS_EXTI_GPIO_PIN(linepos));
 198:Drivers/STM32F7xx_HAL_Driver/Src/stm32f7xx_hal_exti.c **** 
 199:Drivers/STM32F7xx_HAL_Driver/Src/stm32f7xx_hal_exti.c ****       regval = SYSCFG->EXTICR[linepos >> 2u];
 200:Drivers/STM32F7xx_HAL_Driver/Src/stm32f7xx_hal_exti.c ****       regval &= ~(SYSCFG_EXTICR1_EXTI0 << (SYSCFG_EXTICR1_EXTI1_Pos * (linepos & 0x03u)));
 201:Drivers/STM32F7xx_HAL_Driver/Src/stm32f7xx_hal_exti.c ****       regval |= (pExtiConfig->GPIOSel << (SYSCFG_EXTICR1_EXTI1_Pos * (linepos & 0x03u)));
 202:Drivers/STM32F7xx_HAL_Driver/Src/stm32f7xx_hal_exti.c ****       SYSCFG->EXTICR[linepos >> 2u] = regval;
 203:Drivers/STM32F7xx_HAL_Driver/Src/stm32f7xx_hal_exti.c ****     }
 204:Drivers/STM32F7xx_HAL_Driver/Src/stm32f7xx_hal_exti.c ****   }
 205:Drivers/STM32F7xx_HAL_Driver/Src/stm32f7xx_hal_exti.c **** 
 206:Drivers/STM32F7xx_HAL_Driver/Src/stm32f7xx_hal_exti.c ****   /* Configure interrupt mode : read current mode */
 207:Drivers/STM32F7xx_HAL_Driver/Src/stm32f7xx_hal_exti.c ****   /* Mask or set line */
 208:Drivers/STM32F7xx_HAL_Driver/Src/stm32f7xx_hal_exti.c ****   if ((pExtiConfig->Mode & EXTI_MODE_INTERRUPT) != 0x00u)
 108              		.loc 1 208 3 is_stmt 1 view .LVU32
 109              		.loc 1 208 19 is_stmt 0 view .LVU33
 110 004a 5968     		ldr	r1, [r3, #4]
 111              		.loc 1 208 6 view .LVU34
 112 004c 11F0010F 		tst	r1, #1
 113 0050 2DD0     		beq	.L8
 209:Drivers/STM32F7xx_HAL_Driver/Src/stm32f7xx_hal_exti.c ****   {
 210:Drivers/STM32F7xx_HAL_Driver/Src/stm32f7xx_hal_exti.c ****     EXTI->IMR |= maskline;
 114              		.loc 1 210 5 is_stmt 1 view .LVU35
 115              		.loc 1 210 15 is_stmt 0 view .LVU36
 116 0052 1E48     		ldr	r0, .L17
 117 0054 0168     		ldr	r1, [r0]
 118 0056 1143     		orrs	r1, r1, r2
 119 0058 0160     		str	r1, [r0]
 120              	.L9:
 211:Drivers/STM32F7xx_HAL_Driver/Src/stm32f7xx_hal_exti.c ****   }
 212:Drivers/STM32F7xx_HAL_Driver/Src/stm32f7xx_hal_exti.c ****   else
 213:Drivers/STM32F7xx_HAL_Driver/Src/stm32f7xx_hal_exti.c ****   {
 214:Drivers/STM32F7xx_HAL_Driver/Src/stm32f7xx_hal_exti.c ****     EXTI->IMR &= ~maskline;
 215:Drivers/STM32F7xx_HAL_Driver/Src/stm32f7xx_hal_exti.c ****   }
 216:Drivers/STM32F7xx_HAL_Driver/Src/stm32f7xx_hal_exti.c **** 
 217:Drivers/STM32F7xx_HAL_Driver/Src/stm32f7xx_hal_exti.c ****   /* Configure event mode : read current mode */
 218:Drivers/STM32F7xx_HAL_Driver/Src/stm32f7xx_hal_exti.c ****   /* Mask or set line */
 219:Drivers/STM32F7xx_HAL_Driver/Src/stm32f7xx_hal_exti.c ****   if ((pExtiConfig->Mode & EXTI_MODE_EVENT) != 0x00u)
 121              		.loc 1 219 3 is_stmt 1 view .LVU37
 122              		.loc 1 219 19 is_stmt 0 view .LVU38
 123 005a 5B68     		ldr	r3, [r3, #4]
ARM GAS  /var/folders/bg/n1lwdyp56391g865_v8nrmhm0000gn/T//ccl2nG3Q.s 			page 7


 124              	.LVL5:
 125              		.loc 1 219 6 view .LVU39
 126 005c 13F0020F 		tst	r3, #2
 127 0060 2BD0     		beq	.L10
 220:Drivers/STM32F7xx_HAL_Driver/Src/stm32f7xx_hal_exti.c ****   {
 221:Drivers/STM32F7xx_HAL_Driver/Src/stm32f7xx_hal_exti.c ****     EXTI->EMR |= maskline;
 128              		.loc 1 221 5 is_stmt 1 view .LVU40
 129              		.loc 1 221 15 is_stmt 0 view .LVU41
 130 0062 1A49     		ldr	r1, .L17
 131 0064 4B68     		ldr	r3, [r1, #4]
 132 0066 1A43     		orrs	r2, r2, r3
 133              	.LVL6:
 134              		.loc 1 221 15 view .LVU42
 135 0068 4A60     		str	r2, [r1, #4]
 222:Drivers/STM32F7xx_HAL_Driver/Src/stm32f7xx_hal_exti.c ****   }
 223:Drivers/STM32F7xx_HAL_Driver/Src/stm32f7xx_hal_exti.c ****   else
 224:Drivers/STM32F7xx_HAL_Driver/Src/stm32f7xx_hal_exti.c ****   {
 225:Drivers/STM32F7xx_HAL_Driver/Src/stm32f7xx_hal_exti.c ****     EXTI->EMR &= ~maskline;
 226:Drivers/STM32F7xx_HAL_Driver/Src/stm32f7xx_hal_exti.c ****   }
 227:Drivers/STM32F7xx_HAL_Driver/Src/stm32f7xx_hal_exti.c **** 
 228:Drivers/STM32F7xx_HAL_Driver/Src/stm32f7xx_hal_exti.c ****   return HAL_OK;
 136              		.loc 1 228 10 view .LVU43
 137 006a 0020     		movs	r0, #0
 138              	.L2:
 229:Drivers/STM32F7xx_HAL_Driver/Src/stm32f7xx_hal_exti.c **** }
 139              		.loc 1 229 1 view .LVU44
 140 006c 70BC     		pop	{r4, r5, r6}
 141              	.LCFI1:
 142              		.cfi_remember_state
 143              		.cfi_restore 6
 144              		.cfi_restore 5
 145              		.cfi_restore 4
 146              		.cfi_def_cfa_offset 0
 147 006e 7047     		bx	lr
 148              	.LVL7:
 149              	.L4:
 150              	.LCFI2:
 151              		.cfi_restore_state
 178:Drivers/STM32F7xx_HAL_Driver/Src/stm32f7xx_hal_exti.c ****     }
 152              		.loc 1 178 7 is_stmt 1 view .LVU45
 178:Drivers/STM32F7xx_HAL_Driver/Src/stm32f7xx_hal_exti.c ****     }
 153              		.loc 1 178 18 is_stmt 0 view .LVU46
 154 0070 164D     		ldr	r5, .L17
 155 0072 AC68     		ldr	r4, [r5, #8]
 156 0074 24EA0204 		bic	r4, r4, r2
 157 0078 AC60     		str	r4, [r5, #8]
 158 007a D8E7     		b	.L5
 159              	.L6:
 189:Drivers/STM32F7xx_HAL_Driver/Src/stm32f7xx_hal_exti.c ****     }
 160              		.loc 1 189 7 is_stmt 1 view .LVU47
 189:Drivers/STM32F7xx_HAL_Driver/Src/stm32f7xx_hal_exti.c ****     }
 161              		.loc 1 189 18 is_stmt 0 view .LVU48
 162 007c 134D     		ldr	r5, .L17
 163 007e EC68     		ldr	r4, [r5, #12]
 164 0080 24EA0204 		bic	r4, r4, r2
 165 0084 EC60     		str	r4, [r5, #12]
 166 0086 DAE7     		b	.L7
ARM GAS  /var/folders/bg/n1lwdyp56391g865_v8nrmhm0000gn/T//ccl2nG3Q.s 			page 8


 167              	.L16:
 196:Drivers/STM32F7xx_HAL_Driver/Src/stm32f7xx_hal_exti.c ****       assert_param(IS_EXTI_GPIO_PIN(linepos));
 168              		.loc 1 196 7 is_stmt 1 view .LVU49
 197:Drivers/STM32F7xx_HAL_Driver/Src/stm32f7xx_hal_exti.c **** 
 169              		.loc 1 197 7 view .LVU50
 199:Drivers/STM32F7xx_HAL_Driver/Src/stm32f7xx_hal_exti.c ****       regval &= ~(SYSCFG_EXTICR1_EXTI0 << (SYSCFG_EXTICR1_EXTI1_Pos * (linepos & 0x03u)));
 170              		.loc 1 199 7 view .LVU51
 199:Drivers/STM32F7xx_HAL_Driver/Src/stm32f7xx_hal_exti.c ****       regval &= ~(SYSCFG_EXTICR1_EXTI0 << (SYSCFG_EXTICR1_EXTI1_Pos * (linepos & 0x03u)));
 171              		.loc 1 199 39 is_stmt 0 view .LVU52
 172 0088 8008     		lsrs	r0, r0, #2
 173              	.LVL8:
 199:Drivers/STM32F7xx_HAL_Driver/Src/stm32f7xx_hal_exti.c ****       regval &= ~(SYSCFG_EXTICR1_EXTI0 << (SYSCFG_EXTICR1_EXTI1_Pos * (linepos & 0x03u)));
 174              		.loc 1 199 14 view .LVU53
 175 008a 114E     		ldr	r6, .L17+4
 176 008c 0230     		adds	r0, r0, #2
 177 008e 56F82040 		ldr	r4, [r6, r0, lsl #2]
 178              	.LVL9:
 200:Drivers/STM32F7xx_HAL_Driver/Src/stm32f7xx_hal_exti.c ****       regval |= (pExtiConfig->GPIOSel << (SYSCFG_EXTICR1_EXTI1_Pos * (linepos & 0x03u)));
 179              		.loc 1 200 7 is_stmt 1 view .LVU54
 200:Drivers/STM32F7xx_HAL_Driver/Src/stm32f7xx_hal_exti.c ****       regval |= (pExtiConfig->GPIOSel << (SYSCFG_EXTICR1_EXTI1_Pos * (linepos & 0x03u)));
 180              		.loc 1 200 80 is_stmt 0 view .LVU55
 181 0092 01F00301 		and	r1, r1, #3
 182              	.LVL10:
 200:Drivers/STM32F7xx_HAL_Driver/Src/stm32f7xx_hal_exti.c ****       regval |= (pExtiConfig->GPIOSel << (SYSCFG_EXTICR1_EXTI1_Pos * (linepos & 0x03u)));
 183              		.loc 1 200 69 view .LVU56
 184 0096 8900     		lsls	r1, r1, #2
 200:Drivers/STM32F7xx_HAL_Driver/Src/stm32f7xx_hal_exti.c ****       regval |= (pExtiConfig->GPIOSel << (SYSCFG_EXTICR1_EXTI1_Pos * (linepos & 0x03u)));
 185              		.loc 1 200 40 view .LVU57
 186 0098 0F25     		movs	r5, #15
 187 009a 8D40     		lsls	r5, r5, r1
 200:Drivers/STM32F7xx_HAL_Driver/Src/stm32f7xx_hal_exti.c ****       regval |= (pExtiConfig->GPIOSel << (SYSCFG_EXTICR1_EXTI1_Pos * (linepos & 0x03u)));
 188              		.loc 1 200 14 view .LVU58
 189 009c 24EA0504 		bic	r4, r4, r5
 190              	.LVL11:
 201:Drivers/STM32F7xx_HAL_Driver/Src/stm32f7xx_hal_exti.c ****       SYSCFG->EXTICR[linepos >> 2u] = regval;
 191              		.loc 1 201 7 is_stmt 1 view .LVU59
 201:Drivers/STM32F7xx_HAL_Driver/Src/stm32f7xx_hal_exti.c ****       SYSCFG->EXTICR[linepos >> 2u] = regval;
 192              		.loc 1 201 39 is_stmt 0 view .LVU60
 193 00a0 DD68     		ldr	r5, [r3, #12]
 194 00a2 05FA01F1 		lsl	r1, r5, r1
 201:Drivers/STM32F7xx_HAL_Driver/Src/stm32f7xx_hal_exti.c ****       SYSCFG->EXTICR[linepos >> 2u] = regval;
 195              		.loc 1 201 14 view .LVU61
 196 00a6 2143     		orrs	r1, r1, r4
 197              	.LVL12:
 202:Drivers/STM32F7xx_HAL_Driver/Src/stm32f7xx_hal_exti.c ****     }
 198              		.loc 1 202 7 is_stmt 1 view .LVU62
 202:Drivers/STM32F7xx_HAL_Driver/Src/stm32f7xx_hal_exti.c ****     }
 199              		.loc 1 202 37 is_stmt 0 view .LVU63
 200 00a8 46F82010 		str	r1, [r6, r0, lsl #2]
 201 00ac CDE7     		b	.L3
 202              	.LVL13:
 203              	.L8:
 214:Drivers/STM32F7xx_HAL_Driver/Src/stm32f7xx_hal_exti.c ****   }
 204              		.loc 1 214 5 is_stmt 1 view .LVU64
 214:Drivers/STM32F7xx_HAL_Driver/Src/stm32f7xx_hal_exti.c ****   }
 205              		.loc 1 214 15 is_stmt 0 view .LVU65
 206 00ae 0748     		ldr	r0, .L17
ARM GAS  /var/folders/bg/n1lwdyp56391g865_v8nrmhm0000gn/T//ccl2nG3Q.s 			page 9


 207 00b0 0168     		ldr	r1, [r0]
 208 00b2 21EA0201 		bic	r1, r1, r2
 209 00b6 0160     		str	r1, [r0]
 210 00b8 CFE7     		b	.L9
 211              	.LVL14:
 212              	.L10:
 225:Drivers/STM32F7xx_HAL_Driver/Src/stm32f7xx_hal_exti.c ****   }
 213              		.loc 1 225 5 is_stmt 1 view .LVU66
 225:Drivers/STM32F7xx_HAL_Driver/Src/stm32f7xx_hal_exti.c ****   }
 214              		.loc 1 225 15 is_stmt 0 view .LVU67
 215 00ba 0449     		ldr	r1, .L17
 216 00bc 4B68     		ldr	r3, [r1, #4]
 217 00be 23EA0202 		bic	r2, r3, r2
 218              	.LVL15:
 225:Drivers/STM32F7xx_HAL_Driver/Src/stm32f7xx_hal_exti.c ****   }
 219              		.loc 1 225 15 view .LVU68
 220 00c2 4A60     		str	r2, [r1, #4]
 228:Drivers/STM32F7xx_HAL_Driver/Src/stm32f7xx_hal_exti.c **** }
 221              		.loc 1 228 10 view .LVU69
 222 00c4 0020     		movs	r0, #0
 223 00c6 D1E7     		b	.L2
 224              	.LVL16:
 225              	.L11:
 226              	.LCFI3:
 227              		.cfi_def_cfa_offset 0
 228              		.cfi_restore 4
 229              		.cfi_restore 5
 230              		.cfi_restore 6
 151:Drivers/STM32F7xx_HAL_Driver/Src/stm32f7xx_hal_exti.c ****   }
 231              		.loc 1 151 12 view .LVU70
 232 00c8 0120     		movs	r0, #1
 233              	.LVL17:
 234              		.loc 1 229 1 view .LVU71
 235 00ca 7047     		bx	lr
 236              	.L18:
 237              		.align	2
 238              	.L17:
 239 00cc 003C0140 		.word	1073822720
 240 00d0 00380140 		.word	1073821696
 241              		.cfi_endproc
 242              	.LFE141:
 244              		.section	.text.HAL_EXTI_GetConfigLine,"ax",%progbits
 245              		.align	1
 246              		.global	HAL_EXTI_GetConfigLine
 247              		.syntax unified
 248              		.thumb
 249              		.thumb_func
 250              		.fpu fpv5-d16
 252              	HAL_EXTI_GetConfigLine:
 253              	.LVL18:
 254              	.LFB142:
 230:Drivers/STM32F7xx_HAL_Driver/Src/stm32f7xx_hal_exti.c **** 
 231:Drivers/STM32F7xx_HAL_Driver/Src/stm32f7xx_hal_exti.c **** /**
 232:Drivers/STM32F7xx_HAL_Driver/Src/stm32f7xx_hal_exti.c ****   * @brief  Get configuration of a dedicated Exti line.
 233:Drivers/STM32F7xx_HAL_Driver/Src/stm32f7xx_hal_exti.c ****   * @param  hexti Exti handle.
 234:Drivers/STM32F7xx_HAL_Driver/Src/stm32f7xx_hal_exti.c ****   * @param  pExtiConfig Pointer on structure to store Exti configuration.
 235:Drivers/STM32F7xx_HAL_Driver/Src/stm32f7xx_hal_exti.c ****   * @retval HAL Status.
ARM GAS  /var/folders/bg/n1lwdyp56391g865_v8nrmhm0000gn/T//ccl2nG3Q.s 			page 10


 236:Drivers/STM32F7xx_HAL_Driver/Src/stm32f7xx_hal_exti.c ****   */
 237:Drivers/STM32F7xx_HAL_Driver/Src/stm32f7xx_hal_exti.c **** HAL_StatusTypeDef HAL_EXTI_GetConfigLine(EXTI_HandleTypeDef *hexti, EXTI_ConfigTypeDef *pExtiConfig
 238:Drivers/STM32F7xx_HAL_Driver/Src/stm32f7xx_hal_exti.c **** {
 255              		.loc 1 238 1 is_stmt 1 view -0
 256              		.cfi_startproc
 257              		@ args = 0, pretend = 0, frame = 0
 258              		@ frame_needed = 0, uses_anonymous_args = 0
 259              		@ link register save eliminated.
 239:Drivers/STM32F7xx_HAL_Driver/Src/stm32f7xx_hal_exti.c ****   uint32_t regval;
 260              		.loc 1 239 3 view .LVU73
 240:Drivers/STM32F7xx_HAL_Driver/Src/stm32f7xx_hal_exti.c ****   uint32_t linepos;
 261              		.loc 1 240 3 view .LVU74
 241:Drivers/STM32F7xx_HAL_Driver/Src/stm32f7xx_hal_exti.c ****   uint32_t maskline;
 262              		.loc 1 241 3 view .LVU75
 242:Drivers/STM32F7xx_HAL_Driver/Src/stm32f7xx_hal_exti.c **** 
 243:Drivers/STM32F7xx_HAL_Driver/Src/stm32f7xx_hal_exti.c ****   /* Check null pointer */
 244:Drivers/STM32F7xx_HAL_Driver/Src/stm32f7xx_hal_exti.c ****   if ((hexti == NULL) || (pExtiConfig == NULL))
 263              		.loc 1 244 3 view .LVU76
 264              		.loc 1 244 39 is_stmt 0 view .LVU77
 265 0000 0B46     		mov	r3, r1
 266              		.loc 1 244 6 view .LVU78
 267 0002 0029     		cmp	r1, #0
 268 0004 18BF     		it	ne
 269 0006 0028     		cmpne	r0, #0
 270 0008 43D0     		beq	.L26
 245:Drivers/STM32F7xx_HAL_Driver/Src/stm32f7xx_hal_exti.c ****   {
 246:Drivers/STM32F7xx_HAL_Driver/Src/stm32f7xx_hal_exti.c ****     return HAL_ERROR;
 247:Drivers/STM32F7xx_HAL_Driver/Src/stm32f7xx_hal_exti.c ****   }
 248:Drivers/STM32F7xx_HAL_Driver/Src/stm32f7xx_hal_exti.c **** 
 249:Drivers/STM32F7xx_HAL_Driver/Src/stm32f7xx_hal_exti.c ****   /* Check the parameter */
 250:Drivers/STM32F7xx_HAL_Driver/Src/stm32f7xx_hal_exti.c ****   assert_param(IS_EXTI_LINE(hexti->Line));
 271              		.loc 1 250 3 is_stmt 1 view .LVU79
 251:Drivers/STM32F7xx_HAL_Driver/Src/stm32f7xx_hal_exti.c **** 
 252:Drivers/STM32F7xx_HAL_Driver/Src/stm32f7xx_hal_exti.c ****   /* Store handle line number to configuration structure */
 253:Drivers/STM32F7xx_HAL_Driver/Src/stm32f7xx_hal_exti.c ****   pExtiConfig->Line = hexti->Line;
 272              		.loc 1 253 3 view .LVU80
 273              		.loc 1 253 28 is_stmt 0 view .LVU81
 274 000a 0068     		ldr	r0, [r0]
 275              	.LVL19:
 276              		.loc 1 253 21 view .LVU82
 277 000c 0860     		str	r0, [r1]
 254:Drivers/STM32F7xx_HAL_Driver/Src/stm32f7xx_hal_exti.c **** 
 255:Drivers/STM32F7xx_HAL_Driver/Src/stm32f7xx_hal_exti.c ****   /* Compute line mask */
 256:Drivers/STM32F7xx_HAL_Driver/Src/stm32f7xx_hal_exti.c ****   linepos = (pExtiConfig->Line & EXTI_PIN_MASK);
 278              		.loc 1 256 3 is_stmt 1 view .LVU83
 279              		.loc 1 256 11 is_stmt 0 view .LVU84
 280 000e 00F01F0C 		and	ip, r0, #31
 281              	.LVL20:
 257:Drivers/STM32F7xx_HAL_Driver/Src/stm32f7xx_hal_exti.c ****   maskline = (1uL << linepos);
 282              		.loc 1 257 3 is_stmt 1 view .LVU85
 283              		.loc 1 257 12 is_stmt 0 view .LVU86
 284 0012 0122     		movs	r2, #1
 285 0014 02FA0CF2 		lsl	r2, r2, ip
 286              	.LVL21:
 258:Drivers/STM32F7xx_HAL_Driver/Src/stm32f7xx_hal_exti.c **** 
 259:Drivers/STM32F7xx_HAL_Driver/Src/stm32f7xx_hal_exti.c ****   /* 1] Get core mode : interrupt */
 260:Drivers/STM32F7xx_HAL_Driver/Src/stm32f7xx_hal_exti.c **** 
ARM GAS  /var/folders/bg/n1lwdyp56391g865_v8nrmhm0000gn/T//ccl2nG3Q.s 			page 11


 261:Drivers/STM32F7xx_HAL_Driver/Src/stm32f7xx_hal_exti.c ****   /* Check if selected line is enable */
 262:Drivers/STM32F7xx_HAL_Driver/Src/stm32f7xx_hal_exti.c ****   if ((EXTI->IMR & maskline) != 0x00u)
 287              		.loc 1 262 3 is_stmt 1 view .LVU87
 288              		.loc 1 262 12 is_stmt 0 view .LVU88
 289 0018 2049     		ldr	r1, .L30
 290              	.LVL22:
 291              		.loc 1 262 12 view .LVU89
 292 001a 0968     		ldr	r1, [r1]
 293              		.loc 1 262 6 view .LVU90
 294 001c 1142     		tst	r1, r2
 295 001e 24D0     		beq	.L21
 263:Drivers/STM32F7xx_HAL_Driver/Src/stm32f7xx_hal_exti.c ****   {
 264:Drivers/STM32F7xx_HAL_Driver/Src/stm32f7xx_hal_exti.c ****     pExtiConfig->Mode = EXTI_MODE_INTERRUPT;
 296              		.loc 1 264 5 is_stmt 1 view .LVU91
 297              		.loc 1 264 23 is_stmt 0 view .LVU92
 298 0020 0121     		movs	r1, #1
 299 0022 5960     		str	r1, [r3, #4]
 300              	.L22:
 265:Drivers/STM32F7xx_HAL_Driver/Src/stm32f7xx_hal_exti.c ****   }
 266:Drivers/STM32F7xx_HAL_Driver/Src/stm32f7xx_hal_exti.c ****   else
 267:Drivers/STM32F7xx_HAL_Driver/Src/stm32f7xx_hal_exti.c ****   {
 268:Drivers/STM32F7xx_HAL_Driver/Src/stm32f7xx_hal_exti.c ****     pExtiConfig->Mode = EXTI_MODE_NONE;
 269:Drivers/STM32F7xx_HAL_Driver/Src/stm32f7xx_hal_exti.c ****   }
 270:Drivers/STM32F7xx_HAL_Driver/Src/stm32f7xx_hal_exti.c **** 
 271:Drivers/STM32F7xx_HAL_Driver/Src/stm32f7xx_hal_exti.c ****   /* Get event mode */
 272:Drivers/STM32F7xx_HAL_Driver/Src/stm32f7xx_hal_exti.c ****   /* Check if selected line is enable */
 273:Drivers/STM32F7xx_HAL_Driver/Src/stm32f7xx_hal_exti.c ****   if ((EXTI->EMR & maskline) != 0x00u)
 301              		.loc 1 273 3 is_stmt 1 view .LVU93
 302              		.loc 1 273 12 is_stmt 0 view .LVU94
 303 0024 1D49     		ldr	r1, .L30
 304 0026 4968     		ldr	r1, [r1, #4]
 305              		.loc 1 273 6 view .LVU95
 306 0028 1142     		tst	r1, r2
 307 002a 03D0     		beq	.L23
 274:Drivers/STM32F7xx_HAL_Driver/Src/stm32f7xx_hal_exti.c ****   {
 275:Drivers/STM32F7xx_HAL_Driver/Src/stm32f7xx_hal_exti.c ****     pExtiConfig->Mode |= EXTI_MODE_EVENT;
 308              		.loc 1 275 5 is_stmt 1 view .LVU96
 309              		.loc 1 275 23 is_stmt 0 view .LVU97
 310 002c 5968     		ldr	r1, [r3, #4]
 311 002e 41F00201 		orr	r1, r1, #2
 312 0032 5960     		str	r1, [r3, #4]
 313              	.L23:
 276:Drivers/STM32F7xx_HAL_Driver/Src/stm32f7xx_hal_exti.c ****   }
 277:Drivers/STM32F7xx_HAL_Driver/Src/stm32f7xx_hal_exti.c **** 
 278:Drivers/STM32F7xx_HAL_Driver/Src/stm32f7xx_hal_exti.c ****   /* Get default Trigger and GPIOSel configuration */
 279:Drivers/STM32F7xx_HAL_Driver/Src/stm32f7xx_hal_exti.c ****   pExtiConfig->Trigger = EXTI_TRIGGER_NONE;
 314              		.loc 1 279 3 is_stmt 1 view .LVU98
 315              		.loc 1 279 24 is_stmt 0 view .LVU99
 316 0034 0021     		movs	r1, #0
 317 0036 9960     		str	r1, [r3, #8]
 280:Drivers/STM32F7xx_HAL_Driver/Src/stm32f7xx_hal_exti.c ****   pExtiConfig->GPIOSel = 0x00u;
 318              		.loc 1 280 3 is_stmt 1 view .LVU100
 319              		.loc 1 280 24 is_stmt 0 view .LVU101
 320 0038 D960     		str	r1, [r3, #12]
 281:Drivers/STM32F7xx_HAL_Driver/Src/stm32f7xx_hal_exti.c **** 
 282:Drivers/STM32F7xx_HAL_Driver/Src/stm32f7xx_hal_exti.c ****   /* 2] Get trigger for configurable lines : rising */
 283:Drivers/STM32F7xx_HAL_Driver/Src/stm32f7xx_hal_exti.c ****   if ((pExtiConfig->Line & EXTI_CONFIG) != 0x00u)
ARM GAS  /var/folders/bg/n1lwdyp56391g865_v8nrmhm0000gn/T//ccl2nG3Q.s 			page 12


 321              		.loc 1 283 3 is_stmt 1 view .LVU102
 322              		.loc 1 283 6 is_stmt 0 view .LVU103
 323 003a 10F0007F 		tst	r0, #33554432
 324 003e 2AD0     		beq	.L27
 284:Drivers/STM32F7xx_HAL_Driver/Src/stm32f7xx_hal_exti.c ****   {
 285:Drivers/STM32F7xx_HAL_Driver/Src/stm32f7xx_hal_exti.c ****     /* Check if configuration of selected line is enable */
 286:Drivers/STM32F7xx_HAL_Driver/Src/stm32f7xx_hal_exti.c ****     if ((EXTI->RTSR & maskline) != 0x00u)
 325              		.loc 1 286 5 is_stmt 1 view .LVU104
 326              		.loc 1 286 14 is_stmt 0 view .LVU105
 327 0040 1649     		ldr	r1, .L30
 328 0042 8968     		ldr	r1, [r1, #8]
 329              		.loc 1 286 8 view .LVU106
 330 0044 1142     		tst	r1, r2
 331 0046 01D0     		beq	.L24
 287:Drivers/STM32F7xx_HAL_Driver/Src/stm32f7xx_hal_exti.c ****     {
 288:Drivers/STM32F7xx_HAL_Driver/Src/stm32f7xx_hal_exti.c ****       pExtiConfig->Trigger = EXTI_TRIGGER_RISING;
 332              		.loc 1 288 7 is_stmt 1 view .LVU107
 333              		.loc 1 288 28 is_stmt 0 view .LVU108
 334 0048 0121     		movs	r1, #1
 335 004a 9960     		str	r1, [r3, #8]
 336              	.L24:
 289:Drivers/STM32F7xx_HAL_Driver/Src/stm32f7xx_hal_exti.c ****     }
 290:Drivers/STM32F7xx_HAL_Driver/Src/stm32f7xx_hal_exti.c **** 
 291:Drivers/STM32F7xx_HAL_Driver/Src/stm32f7xx_hal_exti.c ****     /* Get falling configuration */
 292:Drivers/STM32F7xx_HAL_Driver/Src/stm32f7xx_hal_exti.c ****     /* Check if configuration of selected line is enable */
 293:Drivers/STM32F7xx_HAL_Driver/Src/stm32f7xx_hal_exti.c ****     if ((EXTI->FTSR & maskline) != 0x00u)
 337              		.loc 1 293 5 is_stmt 1 view .LVU109
 338              		.loc 1 293 14 is_stmt 0 view .LVU110
 339 004c 1349     		ldr	r1, .L30
 340 004e C968     		ldr	r1, [r1, #12]
 341              		.loc 1 293 8 view .LVU111
 342 0050 1142     		tst	r1, r2
 343 0052 03D0     		beq	.L25
 294:Drivers/STM32F7xx_HAL_Driver/Src/stm32f7xx_hal_exti.c ****     {
 295:Drivers/STM32F7xx_HAL_Driver/Src/stm32f7xx_hal_exti.c ****       pExtiConfig->Trigger |= EXTI_TRIGGER_FALLING;
 344              		.loc 1 295 7 is_stmt 1 view .LVU112
 345              		.loc 1 295 28 is_stmt 0 view .LVU113
 346 0054 9A68     		ldr	r2, [r3, #8]
 347              	.LVL23:
 348              		.loc 1 295 28 view .LVU114
 349 0056 42F00202 		orr	r2, r2, #2
 350 005a 9A60     		str	r2, [r3, #8]
 351              	.L25:
 296:Drivers/STM32F7xx_HAL_Driver/Src/stm32f7xx_hal_exti.c ****     }
 297:Drivers/STM32F7xx_HAL_Driver/Src/stm32f7xx_hal_exti.c **** 
 298:Drivers/STM32F7xx_HAL_Driver/Src/stm32f7xx_hal_exti.c ****     /* Get Gpio port selection for gpio lines */
 299:Drivers/STM32F7xx_HAL_Driver/Src/stm32f7xx_hal_exti.c ****     if ((pExtiConfig->Line & EXTI_GPIO) == EXTI_GPIO)
 352              		.loc 1 299 5 is_stmt 1 view .LVU115
 353              		.loc 1 299 28 is_stmt 0 view .LVU116
 354 005c 00F0C062 		and	r2, r0, #100663296
 355              		.loc 1 299 8 view .LVU117
 356 0060 B2F1C06F 		cmp	r2, #100663296
 357 0064 04D0     		beq	.L29
 300:Drivers/STM32F7xx_HAL_Driver/Src/stm32f7xx_hal_exti.c ****     {
 301:Drivers/STM32F7xx_HAL_Driver/Src/stm32f7xx_hal_exti.c ****       assert_param(IS_EXTI_GPIO_PIN(linepos));
 302:Drivers/STM32F7xx_HAL_Driver/Src/stm32f7xx_hal_exti.c **** 
 303:Drivers/STM32F7xx_HAL_Driver/Src/stm32f7xx_hal_exti.c ****       regval = SYSCFG->EXTICR[linepos >> 2u];
ARM GAS  /var/folders/bg/n1lwdyp56391g865_v8nrmhm0000gn/T//ccl2nG3Q.s 			page 13


 304:Drivers/STM32F7xx_HAL_Driver/Src/stm32f7xx_hal_exti.c ****       pExtiConfig->GPIOSel = ((regval << (SYSCFG_EXTICR1_EXTI1_Pos * (3uL - (linepos & 0x03u)))) >>
 305:Drivers/STM32F7xx_HAL_Driver/Src/stm32f7xx_hal_exti.c ****     }
 306:Drivers/STM32F7xx_HAL_Driver/Src/stm32f7xx_hal_exti.c ****   }
 307:Drivers/STM32F7xx_HAL_Driver/Src/stm32f7xx_hal_exti.c **** 
 308:Drivers/STM32F7xx_HAL_Driver/Src/stm32f7xx_hal_exti.c ****   return HAL_OK;
 358              		.loc 1 308 10 view .LVU118
 359 0066 0020     		movs	r0, #0
 309:Drivers/STM32F7xx_HAL_Driver/Src/stm32f7xx_hal_exti.c **** }
 360              		.loc 1 309 1 view .LVU119
 361 0068 7047     		bx	lr
 362              	.LVL24:
 363              	.L21:
 268:Drivers/STM32F7xx_HAL_Driver/Src/stm32f7xx_hal_exti.c ****   }
 364              		.loc 1 268 5 is_stmt 1 view .LVU120
 268:Drivers/STM32F7xx_HAL_Driver/Src/stm32f7xx_hal_exti.c ****   }
 365              		.loc 1 268 23 is_stmt 0 view .LVU121
 366 006a 0021     		movs	r1, #0
 367 006c 5960     		str	r1, [r3, #4]
 368 006e D9E7     		b	.L22
 369              	.LVL25:
 370              	.L29:
 301:Drivers/STM32F7xx_HAL_Driver/Src/stm32f7xx_hal_exti.c **** 
 371              		.loc 1 301 7 is_stmt 1 view .LVU122
 303:Drivers/STM32F7xx_HAL_Driver/Src/stm32f7xx_hal_exti.c ****       pExtiConfig->GPIOSel = ((regval << (SYSCFG_EXTICR1_EXTI1_Pos * (3uL - (linepos & 0x03u)))) >>
 372              		.loc 1 303 7 view .LVU123
 303:Drivers/STM32F7xx_HAL_Driver/Src/stm32f7xx_hal_exti.c ****       pExtiConfig->GPIOSel = ((regval << (SYSCFG_EXTICR1_EXTI1_Pos * (3uL - (linepos & 0x03u)))) >>
 373              		.loc 1 303 39 is_stmt 0 view .LVU124
 374 0070 4FEA9C02 		lsr	r2, ip, #2
 303:Drivers/STM32F7xx_HAL_Driver/Src/stm32f7xx_hal_exti.c ****       pExtiConfig->GPIOSel = ((regval << (SYSCFG_EXTICR1_EXTI1_Pos * (3uL - (linepos & 0x03u)))) >>
 375              		.loc 1 303 14 view .LVU125
 376 0074 0232     		adds	r2, r2, #2
 377 0076 0A49     		ldr	r1, .L30+4
 378 0078 51F82210 		ldr	r1, [r1, r2, lsl #2]
 379              	.LVL26:
 304:Drivers/STM32F7xx_HAL_Driver/Src/stm32f7xx_hal_exti.c ****     }
 380              		.loc 1 304 7 is_stmt 1 view .LVU126
 304:Drivers/STM32F7xx_HAL_Driver/Src/stm32f7xx_hal_exti.c ****     }
 381              		.loc 1 304 75 is_stmt 0 view .LVU127
 382 007c 6FEA0C02 		mvn	r2, ip
 383 0080 02F00302 		and	r2, r2, #3
 304:Drivers/STM32F7xx_HAL_Driver/Src/stm32f7xx_hal_exti.c ****     }
 384              		.loc 1 304 68 view .LVU128
 385 0084 9200     		lsls	r2, r2, #2
 304:Drivers/STM32F7xx_HAL_Driver/Src/stm32f7xx_hal_exti.c ****     }
 386              		.loc 1 304 39 view .LVU129
 387 0086 01FA02F2 		lsl	r2, r1, r2
 304:Drivers/STM32F7xx_HAL_Driver/Src/stm32f7xx_hal_exti.c ****     }
 388              		.loc 1 304 98 view .LVU130
 389 008a 120E     		lsrs	r2, r2, #24
 304:Drivers/STM32F7xx_HAL_Driver/Src/stm32f7xx_hal_exti.c ****     }
 390              		.loc 1 304 28 view .LVU131
 391 008c DA60     		str	r2, [r3, #12]
 308:Drivers/STM32F7xx_HAL_Driver/Src/stm32f7xx_hal_exti.c **** }
 392              		.loc 1 308 10 view .LVU132
 393 008e 0020     		movs	r0, #0
 394 0090 7047     		bx	lr
 395              	.LVL27:
ARM GAS  /var/folders/bg/n1lwdyp56391g865_v8nrmhm0000gn/T//ccl2nG3Q.s 			page 14


 396              	.L26:
 246:Drivers/STM32F7xx_HAL_Driver/Src/stm32f7xx_hal_exti.c ****   }
 397              		.loc 1 246 12 view .LVU133
 398 0092 0120     		movs	r0, #1
 399              	.LVL28:
 246:Drivers/STM32F7xx_HAL_Driver/Src/stm32f7xx_hal_exti.c ****   }
 400              		.loc 1 246 12 view .LVU134
 401 0094 7047     		bx	lr
 402              	.LVL29:
 403              	.L27:
 308:Drivers/STM32F7xx_HAL_Driver/Src/stm32f7xx_hal_exti.c **** }
 404              		.loc 1 308 10 view .LVU135
 405 0096 0020     		movs	r0, #0
 406 0098 7047     		bx	lr
 407              	.L31:
 408 009a 00BF     		.align	2
 409              	.L30:
 410 009c 003C0140 		.word	1073822720
 411 00a0 00380140 		.word	1073821696
 412              		.cfi_endproc
 413              	.LFE142:
 415              		.section	.text.HAL_EXTI_ClearConfigLine,"ax",%progbits
 416              		.align	1
 417              		.global	HAL_EXTI_ClearConfigLine
 418              		.syntax unified
 419              		.thumb
 420              		.thumb_func
 421              		.fpu fpv5-d16
 423              	HAL_EXTI_ClearConfigLine:
 424              	.LVL30:
 425              	.LFB143:
 310:Drivers/STM32F7xx_HAL_Driver/Src/stm32f7xx_hal_exti.c **** 
 311:Drivers/STM32F7xx_HAL_Driver/Src/stm32f7xx_hal_exti.c **** /**
 312:Drivers/STM32F7xx_HAL_Driver/Src/stm32f7xx_hal_exti.c ****   * @brief  Clear whole configuration of a dedicated Exti line.
 313:Drivers/STM32F7xx_HAL_Driver/Src/stm32f7xx_hal_exti.c ****   * @param  hexti Exti handle.
 314:Drivers/STM32F7xx_HAL_Driver/Src/stm32f7xx_hal_exti.c ****   * @retval HAL Status.
 315:Drivers/STM32F7xx_HAL_Driver/Src/stm32f7xx_hal_exti.c ****   */
 316:Drivers/STM32F7xx_HAL_Driver/Src/stm32f7xx_hal_exti.c **** HAL_StatusTypeDef HAL_EXTI_ClearConfigLine(EXTI_HandleTypeDef *hexti)
 317:Drivers/STM32F7xx_HAL_Driver/Src/stm32f7xx_hal_exti.c **** {
 426              		.loc 1 317 1 is_stmt 1 view -0
 427              		.cfi_startproc
 428              		@ args = 0, pretend = 0, frame = 0
 429              		@ frame_needed = 0, uses_anonymous_args = 0
 318:Drivers/STM32F7xx_HAL_Driver/Src/stm32f7xx_hal_exti.c ****   uint32_t regval;
 430              		.loc 1 318 3 view .LVU137
 319:Drivers/STM32F7xx_HAL_Driver/Src/stm32f7xx_hal_exti.c ****   uint32_t linepos;
 431              		.loc 1 319 3 view .LVU138
 320:Drivers/STM32F7xx_HAL_Driver/Src/stm32f7xx_hal_exti.c ****   uint32_t maskline;
 432              		.loc 1 320 3 view .LVU139
 321:Drivers/STM32F7xx_HAL_Driver/Src/stm32f7xx_hal_exti.c **** 
 322:Drivers/STM32F7xx_HAL_Driver/Src/stm32f7xx_hal_exti.c ****   /* Check null pointer */
 323:Drivers/STM32F7xx_HAL_Driver/Src/stm32f7xx_hal_exti.c ****   if (hexti == NULL)
 433              		.loc 1 323 3 view .LVU140
 434              		.loc 1 323 6 is_stmt 0 view .LVU141
 435 0000 0028     		cmp	r0, #0
 436 0002 38D0     		beq	.L34
 317:Drivers/STM32F7xx_HAL_Driver/Src/stm32f7xx_hal_exti.c ****   uint32_t regval;
ARM GAS  /var/folders/bg/n1lwdyp56391g865_v8nrmhm0000gn/T//ccl2nG3Q.s 			page 15


 437              		.loc 1 317 1 view .LVU142
 438 0004 10B5     		push	{r4, lr}
 439              	.LCFI4:
 440              		.cfi_def_cfa_offset 8
 441              		.cfi_offset 4, -8
 442              		.cfi_offset 14, -4
 443 0006 8446     		mov	ip, r0
 324:Drivers/STM32F7xx_HAL_Driver/Src/stm32f7xx_hal_exti.c ****   {
 325:Drivers/STM32F7xx_HAL_Driver/Src/stm32f7xx_hal_exti.c ****     return HAL_ERROR;
 326:Drivers/STM32F7xx_HAL_Driver/Src/stm32f7xx_hal_exti.c ****   }
 327:Drivers/STM32F7xx_HAL_Driver/Src/stm32f7xx_hal_exti.c **** 
 328:Drivers/STM32F7xx_HAL_Driver/Src/stm32f7xx_hal_exti.c ****   /* Check the parameter */
 329:Drivers/STM32F7xx_HAL_Driver/Src/stm32f7xx_hal_exti.c ****   assert_param(IS_EXTI_LINE(hexti->Line));
 444              		.loc 1 329 3 is_stmt 1 view .LVU143
 330:Drivers/STM32F7xx_HAL_Driver/Src/stm32f7xx_hal_exti.c **** 
 331:Drivers/STM32F7xx_HAL_Driver/Src/stm32f7xx_hal_exti.c ****   /* compute line mask */
 332:Drivers/STM32F7xx_HAL_Driver/Src/stm32f7xx_hal_exti.c ****   linepos = (hexti->Line & EXTI_PIN_MASK);
 445              		.loc 1 332 3 view .LVU144
 446              		.loc 1 332 19 is_stmt 0 view .LVU145
 447 0008 0468     		ldr	r4, [r0]
 448              		.loc 1 332 11 view .LVU146
 449 000a 04F01F00 		and	r0, r4, #31
 450              	.LVL31:
 333:Drivers/STM32F7xx_HAL_Driver/Src/stm32f7xx_hal_exti.c ****   maskline = (1uL << linepos);
 451              		.loc 1 333 3 is_stmt 1 view .LVU147
 452              		.loc 1 333 12 is_stmt 0 view .LVU148
 453 000e 0123     		movs	r3, #1
 454 0010 8340     		lsls	r3, r3, r0
 455              	.LVL32:
 334:Drivers/STM32F7xx_HAL_Driver/Src/stm32f7xx_hal_exti.c **** 
 335:Drivers/STM32F7xx_HAL_Driver/Src/stm32f7xx_hal_exti.c ****   /* 1] Clear interrupt mode */
 336:Drivers/STM32F7xx_HAL_Driver/Src/stm32f7xx_hal_exti.c ****   EXTI->IMR = (EXTI->IMR & ~maskline);
 456              		.loc 1 336 3 is_stmt 1 view .LVU149
 457              		.loc 1 336 20 is_stmt 0 view .LVU150
 458 0012 1B4A     		ldr	r2, .L42
 459 0014 1168     		ldr	r1, [r2]
 460              		.loc 1 336 28 view .LVU151
 461 0016 6FEA030E 		mvn	lr, r3
 462              		.loc 1 336 26 view .LVU152
 463 001a 21EA0301 		bic	r1, r1, r3
 464              		.loc 1 336 13 view .LVU153
 465 001e 1160     		str	r1, [r2]
 337:Drivers/STM32F7xx_HAL_Driver/Src/stm32f7xx_hal_exti.c **** 
 338:Drivers/STM32F7xx_HAL_Driver/Src/stm32f7xx_hal_exti.c ****   /* 2] Clear event mode */
 339:Drivers/STM32F7xx_HAL_Driver/Src/stm32f7xx_hal_exti.c ****   EXTI->EMR = (EXTI->EMR & ~maskline);
 466              		.loc 1 339 3 is_stmt 1 view .LVU154
 467              		.loc 1 339 20 is_stmt 0 view .LVU155
 468 0020 5168     		ldr	r1, [r2, #4]
 469              		.loc 1 339 26 view .LVU156
 470 0022 21EA0303 		bic	r3, r1, r3
 471              	.LVL33:
 472              		.loc 1 339 13 view .LVU157
 473 0026 5360     		str	r3, [r2, #4]
 340:Drivers/STM32F7xx_HAL_Driver/Src/stm32f7xx_hal_exti.c **** 
 341:Drivers/STM32F7xx_HAL_Driver/Src/stm32f7xx_hal_exti.c ****   /* 3] Clear triggers in case of configurable lines */
 342:Drivers/STM32F7xx_HAL_Driver/Src/stm32f7xx_hal_exti.c ****   if ((hexti->Line & EXTI_CONFIG) != 0x00u)
 474              		.loc 1 342 3 is_stmt 1 view .LVU158
ARM GAS  /var/folders/bg/n1lwdyp56391g865_v8nrmhm0000gn/T//ccl2nG3Q.s 			page 16


 475              		.loc 1 342 13 is_stmt 0 view .LVU159
 476 0028 DCF80030 		ldr	r3, [ip]
 477              		.loc 1 342 6 view .LVU160
 478 002c 13F0007F 		tst	r3, #33554432
 479 0030 23D0     		beq	.L35
 343:Drivers/STM32F7xx_HAL_Driver/Src/stm32f7xx_hal_exti.c ****   {
 344:Drivers/STM32F7xx_HAL_Driver/Src/stm32f7xx_hal_exti.c ****     EXTI->RTSR = (EXTI->RTSR & ~maskline);
 480              		.loc 1 344 5 is_stmt 1 view .LVU161
 481              		.loc 1 344 23 is_stmt 0 view .LVU162
 482 0032 9368     		ldr	r3, [r2, #8]
 483              		.loc 1 344 30 view .LVU163
 484 0034 0EEA0303 		and	r3, lr, r3
 485              		.loc 1 344 16 view .LVU164
 486 0038 9360     		str	r3, [r2, #8]
 345:Drivers/STM32F7xx_HAL_Driver/Src/stm32f7xx_hal_exti.c ****     EXTI->FTSR = (EXTI->FTSR & ~maskline);
 487              		.loc 1 345 5 is_stmt 1 view .LVU165
 488              		.loc 1 345 23 is_stmt 0 view .LVU166
 489 003a D368     		ldr	r3, [r2, #12]
 490              		.loc 1 345 30 view .LVU167
 491 003c 0EEA0303 		and	r3, lr, r3
 492              		.loc 1 345 16 view .LVU168
 493 0040 D360     		str	r3, [r2, #12]
 346:Drivers/STM32F7xx_HAL_Driver/Src/stm32f7xx_hal_exti.c **** 
 347:Drivers/STM32F7xx_HAL_Driver/Src/stm32f7xx_hal_exti.c ****     /* Get Gpio port selection for gpio lines */
 348:Drivers/STM32F7xx_HAL_Driver/Src/stm32f7xx_hal_exti.c ****     if ((hexti->Line & EXTI_GPIO) == EXTI_GPIO)
 494              		.loc 1 348 5 is_stmt 1 view .LVU169
 495              		.loc 1 348 15 is_stmt 0 view .LVU170
 496 0042 DCF80030 		ldr	r3, [ip]
 497              		.loc 1 348 22 view .LVU171
 498 0046 03F0C063 		and	r3, r3, #100663296
 499              		.loc 1 348 8 view .LVU172
 500 004a B3F1C06F 		cmp	r3, #100663296
 501 004e 01D0     		beq	.L41
 349:Drivers/STM32F7xx_HAL_Driver/Src/stm32f7xx_hal_exti.c ****     {
 350:Drivers/STM32F7xx_HAL_Driver/Src/stm32f7xx_hal_exti.c ****       assert_param(IS_EXTI_GPIO_PIN(linepos));
 351:Drivers/STM32F7xx_HAL_Driver/Src/stm32f7xx_hal_exti.c **** 
 352:Drivers/STM32F7xx_HAL_Driver/Src/stm32f7xx_hal_exti.c ****       regval = SYSCFG->EXTICR[linepos >> 2u];
 353:Drivers/STM32F7xx_HAL_Driver/Src/stm32f7xx_hal_exti.c ****       regval &= ~(SYSCFG_EXTICR1_EXTI0 << (SYSCFG_EXTICR1_EXTI1_Pos * (linepos & 0x03u)));
 354:Drivers/STM32F7xx_HAL_Driver/Src/stm32f7xx_hal_exti.c ****       SYSCFG->EXTICR[linepos >> 2u] = regval;
 355:Drivers/STM32F7xx_HAL_Driver/Src/stm32f7xx_hal_exti.c ****     }
 356:Drivers/STM32F7xx_HAL_Driver/Src/stm32f7xx_hal_exti.c ****   }
 357:Drivers/STM32F7xx_HAL_Driver/Src/stm32f7xx_hal_exti.c **** 
 358:Drivers/STM32F7xx_HAL_Driver/Src/stm32f7xx_hal_exti.c ****   return HAL_OK;
 502              		.loc 1 358 10 view .LVU173
 503 0050 0020     		movs	r0, #0
 504              	.LVL34:
 505              		.loc 1 358 10 view .LVU174
 506 0052 13E0     		b	.L33
 507              	.LVL35:
 508              	.L41:
 350:Drivers/STM32F7xx_HAL_Driver/Src/stm32f7xx_hal_exti.c **** 
 509              		.loc 1 350 7 is_stmt 1 view .LVU175
 352:Drivers/STM32F7xx_HAL_Driver/Src/stm32f7xx_hal_exti.c ****       regval &= ~(SYSCFG_EXTICR1_EXTI0 << (SYSCFG_EXTICR1_EXTI1_Pos * (linepos & 0x03u)));
 510              		.loc 1 352 7 view .LVU176
 352:Drivers/STM32F7xx_HAL_Driver/Src/stm32f7xx_hal_exti.c ****       regval &= ~(SYSCFG_EXTICR1_EXTI0 << (SYSCFG_EXTICR1_EXTI1_Pos * (linepos & 0x03u)));
 511              		.loc 1 352 39 is_stmt 0 view .LVU177
 512 0054 8008     		lsrs	r0, r0, #2
ARM GAS  /var/folders/bg/n1lwdyp56391g865_v8nrmhm0000gn/T//ccl2nG3Q.s 			page 17


 513              	.LVL36:
 352:Drivers/STM32F7xx_HAL_Driver/Src/stm32f7xx_hal_exti.c ****       regval &= ~(SYSCFG_EXTICR1_EXTI0 << (SYSCFG_EXTICR1_EXTI1_Pos * (linepos & 0x03u)));
 514              		.loc 1 352 14 view .LVU178
 515 0056 0B49     		ldr	r1, .L42+4
 516 0058 0230     		adds	r0, r0, #2
 517 005a 51F82030 		ldr	r3, [r1, r0, lsl #2]
 518              	.LVL37:
 353:Drivers/STM32F7xx_HAL_Driver/Src/stm32f7xx_hal_exti.c ****       SYSCFG->EXTICR[linepos >> 2u] = regval;
 519              		.loc 1 353 7 is_stmt 1 view .LVU179
 353:Drivers/STM32F7xx_HAL_Driver/Src/stm32f7xx_hal_exti.c ****       SYSCFG->EXTICR[linepos >> 2u] = regval;
 520              		.loc 1 353 80 is_stmt 0 view .LVU180
 521 005e 04F00304 		and	r4, r4, #3
 522              	.LVL38:
 353:Drivers/STM32F7xx_HAL_Driver/Src/stm32f7xx_hal_exti.c ****       SYSCFG->EXTICR[linepos >> 2u] = regval;
 523              		.loc 1 353 69 view .LVU181
 524 0062 A400     		lsls	r4, r4, #2
 353:Drivers/STM32F7xx_HAL_Driver/Src/stm32f7xx_hal_exti.c ****       SYSCFG->EXTICR[linepos >> 2u] = regval;
 525              		.loc 1 353 40 view .LVU182
 526 0064 0F22     		movs	r2, #15
 527 0066 02FA04F4 		lsl	r4, r2, r4
 353:Drivers/STM32F7xx_HAL_Driver/Src/stm32f7xx_hal_exti.c ****       SYSCFG->EXTICR[linepos >> 2u] = regval;
 528              		.loc 1 353 14 view .LVU183
 529 006a 23EA0404 		bic	r4, r3, r4
 530              	.LVL39:
 354:Drivers/STM32F7xx_HAL_Driver/Src/stm32f7xx_hal_exti.c ****     }
 531              		.loc 1 354 7 is_stmt 1 view .LVU184
 354:Drivers/STM32F7xx_HAL_Driver/Src/stm32f7xx_hal_exti.c ****     }
 532              		.loc 1 354 37 is_stmt 0 view .LVU185
 533 006e 41F82040 		str	r4, [r1, r0, lsl #2]
 534              		.loc 1 358 10 view .LVU186
 535 0072 0020     		movs	r0, #0
 536 0074 02E0     		b	.L33
 537              	.LVL40:
 538              	.L34:
 539              	.LCFI5:
 540              		.cfi_def_cfa_offset 0
 541              		.cfi_restore 4
 542              		.cfi_restore 14
 325:Drivers/STM32F7xx_HAL_Driver/Src/stm32f7xx_hal_exti.c ****   }
 543              		.loc 1 325 12 view .LVU187
 544 0076 0120     		movs	r0, #1
 545              	.LVL41:
 359:Drivers/STM32F7xx_HAL_Driver/Src/stm32f7xx_hal_exti.c **** }
 546              		.loc 1 359 1 view .LVU188
 547 0078 7047     		bx	lr
 548              	.LVL42:
 549              	.L35:
 550              	.LCFI6:
 551              		.cfi_def_cfa_offset 8
 552              		.cfi_offset 4, -8
 553              		.cfi_offset 14, -4
 358:Drivers/STM32F7xx_HAL_Driver/Src/stm32f7xx_hal_exti.c **** }
 554              		.loc 1 358 10 view .LVU189
 555 007a 0020     		movs	r0, #0
 556              	.LVL43:
 557              	.L33:
 558              		.loc 1 359 1 view .LVU190
ARM GAS  /var/folders/bg/n1lwdyp56391g865_v8nrmhm0000gn/T//ccl2nG3Q.s 			page 18


 559 007c 10BD     		pop	{r4, pc}
 560              	.L43:
 561 007e 00BF     		.align	2
 562              	.L42:
 563 0080 003C0140 		.word	1073822720
 564 0084 00380140 		.word	1073821696
 565              		.cfi_endproc
 566              	.LFE143:
 568              		.section	.text.HAL_EXTI_RegisterCallback,"ax",%progbits
 569              		.align	1
 570              		.global	HAL_EXTI_RegisterCallback
 571              		.syntax unified
 572              		.thumb
 573              		.thumb_func
 574              		.fpu fpv5-d16
 576              	HAL_EXTI_RegisterCallback:
 577              	.LVL44:
 578              	.LFB144:
 360:Drivers/STM32F7xx_HAL_Driver/Src/stm32f7xx_hal_exti.c **** 
 361:Drivers/STM32F7xx_HAL_Driver/Src/stm32f7xx_hal_exti.c **** /**
 362:Drivers/STM32F7xx_HAL_Driver/Src/stm32f7xx_hal_exti.c ****   * @brief  Register callback for a dedicated Exti line.
 363:Drivers/STM32F7xx_HAL_Driver/Src/stm32f7xx_hal_exti.c ****   * @param  hexti Exti handle.
 364:Drivers/STM32F7xx_HAL_Driver/Src/stm32f7xx_hal_exti.c ****   * @param  CallbackID User callback identifier.
 365:Drivers/STM32F7xx_HAL_Driver/Src/stm32f7xx_hal_exti.c ****   *         This parameter can be one of @arg @ref EXTI_CallbackIDTypeDef values.
 366:Drivers/STM32F7xx_HAL_Driver/Src/stm32f7xx_hal_exti.c ****   * @param  pPendingCbfn function pointer to be stored as callback.
 367:Drivers/STM32F7xx_HAL_Driver/Src/stm32f7xx_hal_exti.c ****   * @retval HAL Status.
 368:Drivers/STM32F7xx_HAL_Driver/Src/stm32f7xx_hal_exti.c ****   */
 369:Drivers/STM32F7xx_HAL_Driver/Src/stm32f7xx_hal_exti.c **** HAL_StatusTypeDef HAL_EXTI_RegisterCallback(EXTI_HandleTypeDef *hexti, EXTI_CallbackIDTypeDef Callb
 370:Drivers/STM32F7xx_HAL_Driver/Src/stm32f7xx_hal_exti.c **** {
 579              		.loc 1 370 1 is_stmt 1 view -0
 580              		.cfi_startproc
 581              		@ args = 0, pretend = 0, frame = 0
 582              		@ frame_needed = 0, uses_anonymous_args = 0
 583              		@ link register save eliminated.
 584              		.loc 1 370 1 is_stmt 0 view .LVU192
 585 0000 0346     		mov	r3, r0
 371:Drivers/STM32F7xx_HAL_Driver/Src/stm32f7xx_hal_exti.c ****   HAL_StatusTypeDef status = HAL_OK;
 586              		.loc 1 371 3 is_stmt 1 view .LVU193
 587              	.LVL45:
 372:Drivers/STM32F7xx_HAL_Driver/Src/stm32f7xx_hal_exti.c **** 
 373:Drivers/STM32F7xx_HAL_Driver/Src/stm32f7xx_hal_exti.c ****   switch (CallbackID)
 588              		.loc 1 373 3 view .LVU194
 589 0002 0846     		mov	r0, r1
 590              	.LVL46:
 591              		.loc 1 373 3 is_stmt 0 view .LVU195
 592 0004 09B9     		cbnz	r1, .L46
 374:Drivers/STM32F7xx_HAL_Driver/Src/stm32f7xx_hal_exti.c ****   {
 375:Drivers/STM32F7xx_HAL_Driver/Src/stm32f7xx_hal_exti.c ****     case  HAL_EXTI_COMMON_CB_ID:
 376:Drivers/STM32F7xx_HAL_Driver/Src/stm32f7xx_hal_exti.c ****       hexti->PendingCallback = pPendingCbfn;
 593              		.loc 1 376 7 is_stmt 1 view .LVU196
 594              		.loc 1 376 30 is_stmt 0 view .LVU197
 595 0006 5A60     		str	r2, [r3, #4]
 377:Drivers/STM32F7xx_HAL_Driver/Src/stm32f7xx_hal_exti.c ****       break;
 596              		.loc 1 377 7 is_stmt 1 view .LVU198
 597 0008 7047     		bx	lr
 598              	.L46:
 378:Drivers/STM32F7xx_HAL_Driver/Src/stm32f7xx_hal_exti.c **** 
ARM GAS  /var/folders/bg/n1lwdyp56391g865_v8nrmhm0000gn/T//ccl2nG3Q.s 			page 19


 379:Drivers/STM32F7xx_HAL_Driver/Src/stm32f7xx_hal_exti.c ****     default:
 380:Drivers/STM32F7xx_HAL_Driver/Src/stm32f7xx_hal_exti.c ****       status = HAL_ERROR;
 599              		.loc 1 380 14 is_stmt 0 view .LVU199
 600 000a 0120     		movs	r0, #1
 601              	.LVL47:
 381:Drivers/STM32F7xx_HAL_Driver/Src/stm32f7xx_hal_exti.c ****       break;
 382:Drivers/STM32F7xx_HAL_Driver/Src/stm32f7xx_hal_exti.c ****   }
 383:Drivers/STM32F7xx_HAL_Driver/Src/stm32f7xx_hal_exti.c **** 
 384:Drivers/STM32F7xx_HAL_Driver/Src/stm32f7xx_hal_exti.c ****   return status;
 602              		.loc 1 384 3 is_stmt 1 view .LVU200
 385:Drivers/STM32F7xx_HAL_Driver/Src/stm32f7xx_hal_exti.c **** }
 603              		.loc 1 385 1 is_stmt 0 view .LVU201
 604 000c 7047     		bx	lr
 605              		.cfi_endproc
 606              	.LFE144:
 608              		.section	.text.HAL_EXTI_GetHandle,"ax",%progbits
 609              		.align	1
 610              		.global	HAL_EXTI_GetHandle
 611              		.syntax unified
 612              		.thumb
 613              		.thumb_func
 614              		.fpu fpv5-d16
 616              	HAL_EXTI_GetHandle:
 617              	.LVL48:
 618              	.LFB145:
 386:Drivers/STM32F7xx_HAL_Driver/Src/stm32f7xx_hal_exti.c **** 
 387:Drivers/STM32F7xx_HAL_Driver/Src/stm32f7xx_hal_exti.c **** /**
 388:Drivers/STM32F7xx_HAL_Driver/Src/stm32f7xx_hal_exti.c ****   * @brief  Store line number as handle private field.
 389:Drivers/STM32F7xx_HAL_Driver/Src/stm32f7xx_hal_exti.c ****   * @param  hexti Exti handle.
 390:Drivers/STM32F7xx_HAL_Driver/Src/stm32f7xx_hal_exti.c ****   * @param  ExtiLine Exti line number.
 391:Drivers/STM32F7xx_HAL_Driver/Src/stm32f7xx_hal_exti.c ****   *         This parameter can be from 0 to @ref EXTI_LINE_NB.
 392:Drivers/STM32F7xx_HAL_Driver/Src/stm32f7xx_hal_exti.c ****   * @retval HAL Status.
 393:Drivers/STM32F7xx_HAL_Driver/Src/stm32f7xx_hal_exti.c ****   */
 394:Drivers/STM32F7xx_HAL_Driver/Src/stm32f7xx_hal_exti.c **** HAL_StatusTypeDef HAL_EXTI_GetHandle(EXTI_HandleTypeDef *hexti, uint32_t ExtiLine)
 395:Drivers/STM32F7xx_HAL_Driver/Src/stm32f7xx_hal_exti.c **** {
 619              		.loc 1 395 1 is_stmt 1 view -0
 620              		.cfi_startproc
 621              		@ args = 0, pretend = 0, frame = 0
 622              		@ frame_needed = 0, uses_anonymous_args = 0
 623              		@ link register save eliminated.
 396:Drivers/STM32F7xx_HAL_Driver/Src/stm32f7xx_hal_exti.c ****   /* Check the parameters */
 397:Drivers/STM32F7xx_HAL_Driver/Src/stm32f7xx_hal_exti.c ****   assert_param(IS_EXTI_LINE(ExtiLine));
 624              		.loc 1 397 3 view .LVU203
 398:Drivers/STM32F7xx_HAL_Driver/Src/stm32f7xx_hal_exti.c **** 
 399:Drivers/STM32F7xx_HAL_Driver/Src/stm32f7xx_hal_exti.c ****   /* Check null pointer */
 400:Drivers/STM32F7xx_HAL_Driver/Src/stm32f7xx_hal_exti.c ****   if (hexti == NULL)
 625              		.loc 1 400 3 view .LVU204
 626              		.loc 1 400 6 is_stmt 0 view .LVU205
 627 0000 10B1     		cbz	r0, .L49
 401:Drivers/STM32F7xx_HAL_Driver/Src/stm32f7xx_hal_exti.c ****   {
 402:Drivers/STM32F7xx_HAL_Driver/Src/stm32f7xx_hal_exti.c ****     return HAL_ERROR;
 403:Drivers/STM32F7xx_HAL_Driver/Src/stm32f7xx_hal_exti.c ****   }
 404:Drivers/STM32F7xx_HAL_Driver/Src/stm32f7xx_hal_exti.c ****   else
 405:Drivers/STM32F7xx_HAL_Driver/Src/stm32f7xx_hal_exti.c ****   {
 406:Drivers/STM32F7xx_HAL_Driver/Src/stm32f7xx_hal_exti.c ****     /* Store line number as handle private field */
 407:Drivers/STM32F7xx_HAL_Driver/Src/stm32f7xx_hal_exti.c ****     hexti->Line = ExtiLine;
 628              		.loc 1 407 5 is_stmt 1 view .LVU206
ARM GAS  /var/folders/bg/n1lwdyp56391g865_v8nrmhm0000gn/T//ccl2nG3Q.s 			page 20


 629              		.loc 1 407 17 is_stmt 0 view .LVU207
 630 0002 0160     		str	r1, [r0]
 408:Drivers/STM32F7xx_HAL_Driver/Src/stm32f7xx_hal_exti.c **** 
 409:Drivers/STM32F7xx_HAL_Driver/Src/stm32f7xx_hal_exti.c ****     return HAL_OK;
 631              		.loc 1 409 5 is_stmt 1 view .LVU208
 632              		.loc 1 409 12 is_stmt 0 view .LVU209
 633 0004 0020     		movs	r0, #0
 634              	.LVL49:
 635              		.loc 1 409 12 view .LVU210
 636 0006 7047     		bx	lr
 637              	.LVL50:
 638              	.L49:
 402:Drivers/STM32F7xx_HAL_Driver/Src/stm32f7xx_hal_exti.c ****   }
 639              		.loc 1 402 12 view .LVU211
 640 0008 0120     		movs	r0, #1
 641              	.LVL51:
 410:Drivers/STM32F7xx_HAL_Driver/Src/stm32f7xx_hal_exti.c ****   }
 411:Drivers/STM32F7xx_HAL_Driver/Src/stm32f7xx_hal_exti.c **** }
 642              		.loc 1 411 1 view .LVU212
 643 000a 7047     		bx	lr
 644              		.cfi_endproc
 645              	.LFE145:
 647              		.section	.text.HAL_EXTI_IRQHandler,"ax",%progbits
 648              		.align	1
 649              		.global	HAL_EXTI_IRQHandler
 650              		.syntax unified
 651              		.thumb
 652              		.thumb_func
 653              		.fpu fpv5-d16
 655              	HAL_EXTI_IRQHandler:
 656              	.LVL52:
 657              	.LFB146:
 412:Drivers/STM32F7xx_HAL_Driver/Src/stm32f7xx_hal_exti.c **** 
 413:Drivers/STM32F7xx_HAL_Driver/Src/stm32f7xx_hal_exti.c **** /**
 414:Drivers/STM32F7xx_HAL_Driver/Src/stm32f7xx_hal_exti.c ****   * @}
 415:Drivers/STM32F7xx_HAL_Driver/Src/stm32f7xx_hal_exti.c ****   */
 416:Drivers/STM32F7xx_HAL_Driver/Src/stm32f7xx_hal_exti.c **** 
 417:Drivers/STM32F7xx_HAL_Driver/Src/stm32f7xx_hal_exti.c **** /** @addtogroup EXTI_Exported_Functions_Group2
 418:Drivers/STM32F7xx_HAL_Driver/Src/stm32f7xx_hal_exti.c ****   *  @brief EXTI IO functions.
 419:Drivers/STM32F7xx_HAL_Driver/Src/stm32f7xx_hal_exti.c ****   *
 420:Drivers/STM32F7xx_HAL_Driver/Src/stm32f7xx_hal_exti.c **** @verbatim
 421:Drivers/STM32F7xx_HAL_Driver/Src/stm32f7xx_hal_exti.c ****  ===============================================================================
 422:Drivers/STM32F7xx_HAL_Driver/Src/stm32f7xx_hal_exti.c ****                        ##### IO operation functions #####
 423:Drivers/STM32F7xx_HAL_Driver/Src/stm32f7xx_hal_exti.c ****  ===============================================================================
 424:Drivers/STM32F7xx_HAL_Driver/Src/stm32f7xx_hal_exti.c **** 
 425:Drivers/STM32F7xx_HAL_Driver/Src/stm32f7xx_hal_exti.c **** @endverbatim
 426:Drivers/STM32F7xx_HAL_Driver/Src/stm32f7xx_hal_exti.c ****   * @{
 427:Drivers/STM32F7xx_HAL_Driver/Src/stm32f7xx_hal_exti.c ****   */
 428:Drivers/STM32F7xx_HAL_Driver/Src/stm32f7xx_hal_exti.c **** 
 429:Drivers/STM32F7xx_HAL_Driver/Src/stm32f7xx_hal_exti.c **** /**
 430:Drivers/STM32F7xx_HAL_Driver/Src/stm32f7xx_hal_exti.c ****   * @brief  Handle EXTI interrupt request.
 431:Drivers/STM32F7xx_HAL_Driver/Src/stm32f7xx_hal_exti.c ****   * @param  hexti Exti handle.
 432:Drivers/STM32F7xx_HAL_Driver/Src/stm32f7xx_hal_exti.c ****   * @retval none.
 433:Drivers/STM32F7xx_HAL_Driver/Src/stm32f7xx_hal_exti.c ****   */
 434:Drivers/STM32F7xx_HAL_Driver/Src/stm32f7xx_hal_exti.c **** void HAL_EXTI_IRQHandler(EXTI_HandleTypeDef *hexti)
 435:Drivers/STM32F7xx_HAL_Driver/Src/stm32f7xx_hal_exti.c **** {
 658              		.loc 1 435 1 is_stmt 1 view -0
ARM GAS  /var/folders/bg/n1lwdyp56391g865_v8nrmhm0000gn/T//ccl2nG3Q.s 			page 21


 659              		.cfi_startproc
 660              		@ args = 0, pretend = 0, frame = 0
 661              		@ frame_needed = 0, uses_anonymous_args = 0
 662              		.loc 1 435 1 is_stmt 0 view .LVU214
 663 0000 08B5     		push	{r3, lr}
 664              	.LCFI7:
 665              		.cfi_def_cfa_offset 8
 666              		.cfi_offset 3, -8
 667              		.cfi_offset 14, -4
 436:Drivers/STM32F7xx_HAL_Driver/Src/stm32f7xx_hal_exti.c ****   uint32_t regval;
 668              		.loc 1 436 3 is_stmt 1 view .LVU215
 437:Drivers/STM32F7xx_HAL_Driver/Src/stm32f7xx_hal_exti.c ****   uint32_t maskline;
 669              		.loc 1 437 3 view .LVU216
 438:Drivers/STM32F7xx_HAL_Driver/Src/stm32f7xx_hal_exti.c **** 
 439:Drivers/STM32F7xx_HAL_Driver/Src/stm32f7xx_hal_exti.c ****   /* Compute line mask */
 440:Drivers/STM32F7xx_HAL_Driver/Src/stm32f7xx_hal_exti.c ****   maskline = (1uL << (hexti->Line & EXTI_PIN_MASK));
 670              		.loc 1 440 3 view .LVU217
 671              		.loc 1 440 28 is_stmt 0 view .LVU218
 672 0002 0368     		ldr	r3, [r0]
 673              		.loc 1 440 35 view .LVU219
 674 0004 03F01F02 		and	r2, r3, #31
 675              		.loc 1 440 12 view .LVU220
 676 0008 0123     		movs	r3, #1
 677 000a 9340     		lsls	r3, r3, r2
 678              	.LVL53:
 441:Drivers/STM32F7xx_HAL_Driver/Src/stm32f7xx_hal_exti.c **** 
 442:Drivers/STM32F7xx_HAL_Driver/Src/stm32f7xx_hal_exti.c ****   /* Get pending bit  */
 443:Drivers/STM32F7xx_HAL_Driver/Src/stm32f7xx_hal_exti.c ****   regval = (EXTI->PR & maskline);
 679              		.loc 1 443 3 is_stmt 1 view .LVU221
 680              		.loc 1 443 17 is_stmt 0 view .LVU222
 681 000c 044A     		ldr	r2, .L53
 682 000e 5269     		ldr	r2, [r2, #20]
 683              	.LVL54:
 444:Drivers/STM32F7xx_HAL_Driver/Src/stm32f7xx_hal_exti.c ****   if (regval != 0x00u)
 684              		.loc 1 444 3 is_stmt 1 view .LVU223
 685              		.loc 1 444 6 is_stmt 0 view .LVU224
 686 0010 1A42     		tst	r2, r3
 687 0012 04D0     		beq	.L50
 445:Drivers/STM32F7xx_HAL_Driver/Src/stm32f7xx_hal_exti.c ****   {
 446:Drivers/STM32F7xx_HAL_Driver/Src/stm32f7xx_hal_exti.c ****     /* Clear pending bit */
 447:Drivers/STM32F7xx_HAL_Driver/Src/stm32f7xx_hal_exti.c ****     EXTI->PR = maskline;
 688              		.loc 1 447 5 is_stmt 1 view .LVU225
 689              		.loc 1 447 14 is_stmt 0 view .LVU226
 690 0014 024A     		ldr	r2, .L53
 691              	.LVL55:
 692              		.loc 1 447 14 view .LVU227
 693 0016 5361     		str	r3, [r2, #20]
 448:Drivers/STM32F7xx_HAL_Driver/Src/stm32f7xx_hal_exti.c **** 
 449:Drivers/STM32F7xx_HAL_Driver/Src/stm32f7xx_hal_exti.c ****     /* Call callback */
 450:Drivers/STM32F7xx_HAL_Driver/Src/stm32f7xx_hal_exti.c ****     if (hexti->PendingCallback != NULL)
 694              		.loc 1 450 5 is_stmt 1 view .LVU228
 695              		.loc 1 450 14 is_stmt 0 view .LVU229
 696 0018 4368     		ldr	r3, [r0, #4]
 697              	.LVL56:
 698              		.loc 1 450 8 view .LVU230
 699 001a 03B1     		cbz	r3, .L50
 451:Drivers/STM32F7xx_HAL_Driver/Src/stm32f7xx_hal_exti.c ****     {
ARM GAS  /var/folders/bg/n1lwdyp56391g865_v8nrmhm0000gn/T//ccl2nG3Q.s 			page 22


 452:Drivers/STM32F7xx_HAL_Driver/Src/stm32f7xx_hal_exti.c ****       hexti->PendingCallback();
 700              		.loc 1 452 7 is_stmt 1 view .LVU231
 701 001c 9847     		blx	r3
 702              	.LVL57:
 703              	.L50:
 453:Drivers/STM32F7xx_HAL_Driver/Src/stm32f7xx_hal_exti.c ****     }
 454:Drivers/STM32F7xx_HAL_Driver/Src/stm32f7xx_hal_exti.c ****   }
 455:Drivers/STM32F7xx_HAL_Driver/Src/stm32f7xx_hal_exti.c **** }
 704              		.loc 1 455 1 is_stmt 0 view .LVU232
 705 001e 08BD     		pop	{r3, pc}
 706              	.L54:
 707              		.align	2
 708              	.L53:
 709 0020 003C0140 		.word	1073822720
 710              		.cfi_endproc
 711              	.LFE146:
 713              		.section	.text.HAL_EXTI_GetPending,"ax",%progbits
 714              		.align	1
 715              		.global	HAL_EXTI_GetPending
 716              		.syntax unified
 717              		.thumb
 718              		.thumb_func
 719              		.fpu fpv5-d16
 721              	HAL_EXTI_GetPending:
 722              	.LVL58:
 723              	.LFB147:
 456:Drivers/STM32F7xx_HAL_Driver/Src/stm32f7xx_hal_exti.c **** 
 457:Drivers/STM32F7xx_HAL_Driver/Src/stm32f7xx_hal_exti.c **** /**
 458:Drivers/STM32F7xx_HAL_Driver/Src/stm32f7xx_hal_exti.c ****   * @brief  Get interrupt pending bit of a dedicated line.
 459:Drivers/STM32F7xx_HAL_Driver/Src/stm32f7xx_hal_exti.c ****   * @param  hexti Exti handle.
 460:Drivers/STM32F7xx_HAL_Driver/Src/stm32f7xx_hal_exti.c ****   * @param  Edge Specify which pending edge as to be checked.
 461:Drivers/STM32F7xx_HAL_Driver/Src/stm32f7xx_hal_exti.c ****   *         This parameter can be one of the following values:
 462:Drivers/STM32F7xx_HAL_Driver/Src/stm32f7xx_hal_exti.c ****   *           @arg @ref EXTI_TRIGGER_RISING_FALLING
 463:Drivers/STM32F7xx_HAL_Driver/Src/stm32f7xx_hal_exti.c ****   *         This parameter is kept for compatibility with other series.
 464:Drivers/STM32F7xx_HAL_Driver/Src/stm32f7xx_hal_exti.c ****   * @retval 1 if interrupt is pending else 0.
 465:Drivers/STM32F7xx_HAL_Driver/Src/stm32f7xx_hal_exti.c ****   */
 466:Drivers/STM32F7xx_HAL_Driver/Src/stm32f7xx_hal_exti.c **** uint32_t HAL_EXTI_GetPending(EXTI_HandleTypeDef *hexti, uint32_t Edge)
 467:Drivers/STM32F7xx_HAL_Driver/Src/stm32f7xx_hal_exti.c **** {
 724              		.loc 1 467 1 is_stmt 1 view -0
 725              		.cfi_startproc
 726              		@ args = 0, pretend = 0, frame = 0
 727              		@ frame_needed = 0, uses_anonymous_args = 0
 728              		@ link register save eliminated.
 468:Drivers/STM32F7xx_HAL_Driver/Src/stm32f7xx_hal_exti.c ****   uint32_t regval;
 729              		.loc 1 468 3 view .LVU234
 469:Drivers/STM32F7xx_HAL_Driver/Src/stm32f7xx_hal_exti.c ****   uint32_t linepos;
 730              		.loc 1 469 3 view .LVU235
 470:Drivers/STM32F7xx_HAL_Driver/Src/stm32f7xx_hal_exti.c ****   uint32_t maskline;
 731              		.loc 1 470 3 view .LVU236
 471:Drivers/STM32F7xx_HAL_Driver/Src/stm32f7xx_hal_exti.c **** 
 472:Drivers/STM32F7xx_HAL_Driver/Src/stm32f7xx_hal_exti.c ****   /* Check parameters */
 473:Drivers/STM32F7xx_HAL_Driver/Src/stm32f7xx_hal_exti.c ****   assert_param(IS_EXTI_LINE(hexti->Line));
 732              		.loc 1 473 3 view .LVU237
 474:Drivers/STM32F7xx_HAL_Driver/Src/stm32f7xx_hal_exti.c ****   assert_param(IS_EXTI_CONFIG_LINE(hexti->Line));
 733              		.loc 1 474 3 view .LVU238
 475:Drivers/STM32F7xx_HAL_Driver/Src/stm32f7xx_hal_exti.c ****   assert_param(IS_EXTI_PENDING_EDGE(Edge));
 734              		.loc 1 475 3 view .LVU239
ARM GAS  /var/folders/bg/n1lwdyp56391g865_v8nrmhm0000gn/T//ccl2nG3Q.s 			page 23


 476:Drivers/STM32F7xx_HAL_Driver/Src/stm32f7xx_hal_exti.c **** 
 477:Drivers/STM32F7xx_HAL_Driver/Src/stm32f7xx_hal_exti.c ****   /* Compute line mask */
 478:Drivers/STM32F7xx_HAL_Driver/Src/stm32f7xx_hal_exti.c ****   linepos = (hexti->Line & EXTI_PIN_MASK);
 735              		.loc 1 478 3 view .LVU240
 736              		.loc 1 478 19 is_stmt 0 view .LVU241
 737 0000 0368     		ldr	r3, [r0]
 738              		.loc 1 478 11 view .LVU242
 739 0002 03F01F03 		and	r3, r3, #31
 740              	.LVL59:
 479:Drivers/STM32F7xx_HAL_Driver/Src/stm32f7xx_hal_exti.c ****   maskline = (1uL << linepos);
 741              		.loc 1 479 3 is_stmt 1 view .LVU243
 742              		.loc 1 479 12 is_stmt 0 view .LVU244
 743 0006 0120     		movs	r0, #1
 744              	.LVL60:
 745              		.loc 1 479 12 view .LVU245
 746 0008 00FA03F2 		lsl	r2, r0, r3
 747              	.LVL61:
 480:Drivers/STM32F7xx_HAL_Driver/Src/stm32f7xx_hal_exti.c **** 
 481:Drivers/STM32F7xx_HAL_Driver/Src/stm32f7xx_hal_exti.c ****   /* return 1 if bit is set else 0 */
 482:Drivers/STM32F7xx_HAL_Driver/Src/stm32f7xx_hal_exti.c ****   regval = ((EXTI->PR & maskline) >> linepos);
 748              		.loc 1 482 3 is_stmt 1 view .LVU246
 749              		.loc 1 482 18 is_stmt 0 view .LVU247
 750 000c 0249     		ldr	r1, .L56
 751              	.LVL62:
 752              		.loc 1 482 18 view .LVU248
 753 000e 4869     		ldr	r0, [r1, #20]
 754              		.loc 1 482 23 view .LVU249
 755 0010 1040     		ands	r0, r0, r2
 756              	.LVL63:
 483:Drivers/STM32F7xx_HAL_Driver/Src/stm32f7xx_hal_exti.c ****   return regval;
 757              		.loc 1 483 3 is_stmt 1 view .LVU250
 484:Drivers/STM32F7xx_HAL_Driver/Src/stm32f7xx_hal_exti.c **** }
 758              		.loc 1 484 1 is_stmt 0 view .LVU251
 759 0012 D840     		lsrs	r0, r0, r3
 760              	.LVL64:
 761              		.loc 1 484 1 view .LVU252
 762 0014 7047     		bx	lr
 763              	.L57:
 764 0016 00BF     		.align	2
 765              	.L56:
 766 0018 003C0140 		.word	1073822720
 767              		.cfi_endproc
 768              	.LFE147:
 770              		.section	.text.HAL_EXTI_ClearPending,"ax",%progbits
 771              		.align	1
 772              		.global	HAL_EXTI_ClearPending
 773              		.syntax unified
 774              		.thumb
 775              		.thumb_func
 776              		.fpu fpv5-d16
 778              	HAL_EXTI_ClearPending:
 779              	.LVL65:
 780              	.LFB148:
 485:Drivers/STM32F7xx_HAL_Driver/Src/stm32f7xx_hal_exti.c **** 
 486:Drivers/STM32F7xx_HAL_Driver/Src/stm32f7xx_hal_exti.c **** /**
 487:Drivers/STM32F7xx_HAL_Driver/Src/stm32f7xx_hal_exti.c ****   * @brief  Clear interrupt pending bit of a dedicated line.
 488:Drivers/STM32F7xx_HAL_Driver/Src/stm32f7xx_hal_exti.c ****   * @param  hexti Exti handle.
ARM GAS  /var/folders/bg/n1lwdyp56391g865_v8nrmhm0000gn/T//ccl2nG3Q.s 			page 24


 489:Drivers/STM32F7xx_HAL_Driver/Src/stm32f7xx_hal_exti.c ****   * @param  Edge Specify which pending edge as to be clear.
 490:Drivers/STM32F7xx_HAL_Driver/Src/stm32f7xx_hal_exti.c ****   *         This parameter can be one of the following values:
 491:Drivers/STM32F7xx_HAL_Driver/Src/stm32f7xx_hal_exti.c ****   *           @arg @ref EXTI_TRIGGER_RISING_FALLING
 492:Drivers/STM32F7xx_HAL_Driver/Src/stm32f7xx_hal_exti.c ****   *         This parameter is kept for compatibility with other series.
 493:Drivers/STM32F7xx_HAL_Driver/Src/stm32f7xx_hal_exti.c ****   * @retval None.
 494:Drivers/STM32F7xx_HAL_Driver/Src/stm32f7xx_hal_exti.c ****   */
 495:Drivers/STM32F7xx_HAL_Driver/Src/stm32f7xx_hal_exti.c **** void HAL_EXTI_ClearPending(EXTI_HandleTypeDef *hexti, uint32_t Edge)
 496:Drivers/STM32F7xx_HAL_Driver/Src/stm32f7xx_hal_exti.c **** {
 781              		.loc 1 496 1 is_stmt 1 view -0
 782              		.cfi_startproc
 783              		@ args = 0, pretend = 0, frame = 0
 784              		@ frame_needed = 0, uses_anonymous_args = 0
 785              		@ link register save eliminated.
 497:Drivers/STM32F7xx_HAL_Driver/Src/stm32f7xx_hal_exti.c ****   uint32_t maskline;
 786              		.loc 1 497 3 view .LVU254
 498:Drivers/STM32F7xx_HAL_Driver/Src/stm32f7xx_hal_exti.c **** 
 499:Drivers/STM32F7xx_HAL_Driver/Src/stm32f7xx_hal_exti.c ****   /* Check parameters */
 500:Drivers/STM32F7xx_HAL_Driver/Src/stm32f7xx_hal_exti.c ****   assert_param(IS_EXTI_LINE(hexti->Line));
 787              		.loc 1 500 3 view .LVU255
 501:Drivers/STM32F7xx_HAL_Driver/Src/stm32f7xx_hal_exti.c ****   assert_param(IS_EXTI_CONFIG_LINE(hexti->Line));
 788              		.loc 1 501 3 view .LVU256
 502:Drivers/STM32F7xx_HAL_Driver/Src/stm32f7xx_hal_exti.c ****   assert_param(IS_EXTI_PENDING_EDGE(Edge));
 789              		.loc 1 502 3 view .LVU257
 503:Drivers/STM32F7xx_HAL_Driver/Src/stm32f7xx_hal_exti.c **** 
 504:Drivers/STM32F7xx_HAL_Driver/Src/stm32f7xx_hal_exti.c ****   /* Compute line mask */
 505:Drivers/STM32F7xx_HAL_Driver/Src/stm32f7xx_hal_exti.c ****   maskline = (1uL << (hexti->Line & EXTI_PIN_MASK));
 790              		.loc 1 505 3 view .LVU258
 791              		.loc 1 505 28 is_stmt 0 view .LVU259
 792 0000 0268     		ldr	r2, [r0]
 793              		.loc 1 505 35 view .LVU260
 794 0002 02F01F02 		and	r2, r2, #31
 795              		.loc 1 505 12 view .LVU261
 796 0006 0123     		movs	r3, #1
 797 0008 9340     		lsls	r3, r3, r2
 798              	.LVL66:
 506:Drivers/STM32F7xx_HAL_Driver/Src/stm32f7xx_hal_exti.c **** 
 507:Drivers/STM32F7xx_HAL_Driver/Src/stm32f7xx_hal_exti.c ****   /* Clear Pending bit */
 508:Drivers/STM32F7xx_HAL_Driver/Src/stm32f7xx_hal_exti.c ****   EXTI->PR =  maskline;
 799              		.loc 1 508 3 is_stmt 1 view .LVU262
 800              		.loc 1 508 12 is_stmt 0 view .LVU263
 801 000a 014A     		ldr	r2, .L59
 802 000c 5361     		str	r3, [r2, #20]
 509:Drivers/STM32F7xx_HAL_Driver/Src/stm32f7xx_hal_exti.c **** }
 803              		.loc 1 509 1 view .LVU264
 804 000e 7047     		bx	lr
 805              	.L60:
 806              		.align	2
 807              	.L59:
 808 0010 003C0140 		.word	1073822720
 809              		.cfi_endproc
 810              	.LFE148:
 812              		.section	.text.HAL_EXTI_GenerateSWI,"ax",%progbits
 813              		.align	1
 814              		.global	HAL_EXTI_GenerateSWI
 815              		.syntax unified
 816              		.thumb
 817              		.thumb_func
ARM GAS  /var/folders/bg/n1lwdyp56391g865_v8nrmhm0000gn/T//ccl2nG3Q.s 			page 25


 818              		.fpu fpv5-d16
 820              	HAL_EXTI_GenerateSWI:
 821              	.LVL67:
 822              	.LFB149:
 510:Drivers/STM32F7xx_HAL_Driver/Src/stm32f7xx_hal_exti.c **** 
 511:Drivers/STM32F7xx_HAL_Driver/Src/stm32f7xx_hal_exti.c **** /**
 512:Drivers/STM32F7xx_HAL_Driver/Src/stm32f7xx_hal_exti.c ****   * @brief  Generate a software interrupt for a dedicated line.
 513:Drivers/STM32F7xx_HAL_Driver/Src/stm32f7xx_hal_exti.c ****   * @param  hexti Exti handle.
 514:Drivers/STM32F7xx_HAL_Driver/Src/stm32f7xx_hal_exti.c ****   * @retval None.
 515:Drivers/STM32F7xx_HAL_Driver/Src/stm32f7xx_hal_exti.c ****   */
 516:Drivers/STM32F7xx_HAL_Driver/Src/stm32f7xx_hal_exti.c **** void HAL_EXTI_GenerateSWI(EXTI_HandleTypeDef *hexti)
 517:Drivers/STM32F7xx_HAL_Driver/Src/stm32f7xx_hal_exti.c **** {
 823              		.loc 1 517 1 is_stmt 1 view -0
 824              		.cfi_startproc
 825              		@ args = 0, pretend = 0, frame = 0
 826              		@ frame_needed = 0, uses_anonymous_args = 0
 827              		@ link register save eliminated.
 518:Drivers/STM32F7xx_HAL_Driver/Src/stm32f7xx_hal_exti.c ****   uint32_t maskline;
 828              		.loc 1 518 3 view .LVU266
 519:Drivers/STM32F7xx_HAL_Driver/Src/stm32f7xx_hal_exti.c **** 
 520:Drivers/STM32F7xx_HAL_Driver/Src/stm32f7xx_hal_exti.c ****   /* Check parameters */
 521:Drivers/STM32F7xx_HAL_Driver/Src/stm32f7xx_hal_exti.c ****   assert_param(IS_EXTI_LINE(hexti->Line));
 829              		.loc 1 521 3 view .LVU267
 522:Drivers/STM32F7xx_HAL_Driver/Src/stm32f7xx_hal_exti.c ****   assert_param(IS_EXTI_CONFIG_LINE(hexti->Line));
 830              		.loc 1 522 3 view .LVU268
 523:Drivers/STM32F7xx_HAL_Driver/Src/stm32f7xx_hal_exti.c **** 
 524:Drivers/STM32F7xx_HAL_Driver/Src/stm32f7xx_hal_exti.c ****   /* Compute line mask */
 525:Drivers/STM32F7xx_HAL_Driver/Src/stm32f7xx_hal_exti.c ****   maskline = (1uL << (hexti->Line & EXTI_PIN_MASK));
 831              		.loc 1 525 3 view .LVU269
 832              		.loc 1 525 28 is_stmt 0 view .LVU270
 833 0000 0268     		ldr	r2, [r0]
 834              		.loc 1 525 35 view .LVU271
 835 0002 02F01F02 		and	r2, r2, #31
 836              		.loc 1 525 12 view .LVU272
 837 0006 0123     		movs	r3, #1
 838 0008 9340     		lsls	r3, r3, r2
 839              	.LVL68:
 526:Drivers/STM32F7xx_HAL_Driver/Src/stm32f7xx_hal_exti.c **** 
 527:Drivers/STM32F7xx_HAL_Driver/Src/stm32f7xx_hal_exti.c ****   /* Generate Software interrupt */
 528:Drivers/STM32F7xx_HAL_Driver/Src/stm32f7xx_hal_exti.c ****   EXTI->SWIER = maskline;
 840              		.loc 1 528 3 is_stmt 1 view .LVU273
 841              		.loc 1 528 15 is_stmt 0 view .LVU274
 842 000a 014A     		ldr	r2, .L62
 843 000c 1361     		str	r3, [r2, #16]
 529:Drivers/STM32F7xx_HAL_Driver/Src/stm32f7xx_hal_exti.c **** }
 844              		.loc 1 529 1 view .LVU275
 845 000e 7047     		bx	lr
 846              	.L63:
 847              		.align	2
 848              	.L62:
 849 0010 003C0140 		.word	1073822720
 850              		.cfi_endproc
 851              	.LFE149:
 853              		.text
 854              	.Letext0:
 855              		.file 2 "/opt/homebrew/Cellar/arm-none-eabi-gcc/10.3-2021.07/gcc/arm-none-eabi/include/machine/_de
 856              		.file 3 "/opt/homebrew/Cellar/arm-none-eabi-gcc/10.3-2021.07/gcc/arm-none-eabi/include/sys/_stdint
ARM GAS  /var/folders/bg/n1lwdyp56391g865_v8nrmhm0000gn/T//ccl2nG3Q.s 			page 26


 857              		.file 4 "Drivers/CMSIS/Device/ST/STM32F7xx/Include/stm32f767xx.h"
 858              		.file 5 "Drivers/STM32F7xx_HAL_Driver/Inc/stm32f7xx_hal_def.h"
 859              		.file 6 "Drivers/STM32F7xx_HAL_Driver/Inc/stm32f7xx_hal_exti.h"
ARM GAS  /var/folders/bg/n1lwdyp56391g865_v8nrmhm0000gn/T//ccl2nG3Q.s 			page 27


DEFINED SYMBOLS
                            *ABS*:0000000000000000 stm32f7xx_hal_exti.c
/var/folders/bg/n1lwdyp56391g865_v8nrmhm0000gn/T//ccl2nG3Q.s:17     .text.HAL_EXTI_SetConfigLine:0000000000000000 $t
/var/folders/bg/n1lwdyp56391g865_v8nrmhm0000gn/T//ccl2nG3Q.s:25     .text.HAL_EXTI_SetConfigLine:0000000000000000 HAL_EXTI_SetConfigLine
/var/folders/bg/n1lwdyp56391g865_v8nrmhm0000gn/T//ccl2nG3Q.s:239    .text.HAL_EXTI_SetConfigLine:00000000000000cc $d
/var/folders/bg/n1lwdyp56391g865_v8nrmhm0000gn/T//ccl2nG3Q.s:245    .text.HAL_EXTI_GetConfigLine:0000000000000000 $t
/var/folders/bg/n1lwdyp56391g865_v8nrmhm0000gn/T//ccl2nG3Q.s:252    .text.HAL_EXTI_GetConfigLine:0000000000000000 HAL_EXTI_GetConfigLine
/var/folders/bg/n1lwdyp56391g865_v8nrmhm0000gn/T//ccl2nG3Q.s:410    .text.HAL_EXTI_GetConfigLine:000000000000009c $d
/var/folders/bg/n1lwdyp56391g865_v8nrmhm0000gn/T//ccl2nG3Q.s:416    .text.HAL_EXTI_ClearConfigLine:0000000000000000 $t
/var/folders/bg/n1lwdyp56391g865_v8nrmhm0000gn/T//ccl2nG3Q.s:423    .text.HAL_EXTI_ClearConfigLine:0000000000000000 HAL_EXTI_ClearConfigLine
/var/folders/bg/n1lwdyp56391g865_v8nrmhm0000gn/T//ccl2nG3Q.s:563    .text.HAL_EXTI_ClearConfigLine:0000000000000080 $d
/var/folders/bg/n1lwdyp56391g865_v8nrmhm0000gn/T//ccl2nG3Q.s:569    .text.HAL_EXTI_RegisterCallback:0000000000000000 $t
/var/folders/bg/n1lwdyp56391g865_v8nrmhm0000gn/T//ccl2nG3Q.s:576    .text.HAL_EXTI_RegisterCallback:0000000000000000 HAL_EXTI_RegisterCallback
/var/folders/bg/n1lwdyp56391g865_v8nrmhm0000gn/T//ccl2nG3Q.s:609    .text.HAL_EXTI_GetHandle:0000000000000000 $t
/var/folders/bg/n1lwdyp56391g865_v8nrmhm0000gn/T//ccl2nG3Q.s:616    .text.HAL_EXTI_GetHandle:0000000000000000 HAL_EXTI_GetHandle
/var/folders/bg/n1lwdyp56391g865_v8nrmhm0000gn/T//ccl2nG3Q.s:648    .text.HAL_EXTI_IRQHandler:0000000000000000 $t
/var/folders/bg/n1lwdyp56391g865_v8nrmhm0000gn/T//ccl2nG3Q.s:655    .text.HAL_EXTI_IRQHandler:0000000000000000 HAL_EXTI_IRQHandler
/var/folders/bg/n1lwdyp56391g865_v8nrmhm0000gn/T//ccl2nG3Q.s:709    .text.HAL_EXTI_IRQHandler:0000000000000020 $d
/var/folders/bg/n1lwdyp56391g865_v8nrmhm0000gn/T//ccl2nG3Q.s:714    .text.HAL_EXTI_GetPending:0000000000000000 $t
/var/folders/bg/n1lwdyp56391g865_v8nrmhm0000gn/T//ccl2nG3Q.s:721    .text.HAL_EXTI_GetPending:0000000000000000 HAL_EXTI_GetPending
/var/folders/bg/n1lwdyp56391g865_v8nrmhm0000gn/T//ccl2nG3Q.s:766    .text.HAL_EXTI_GetPending:0000000000000018 $d
/var/folders/bg/n1lwdyp56391g865_v8nrmhm0000gn/T//ccl2nG3Q.s:771    .text.HAL_EXTI_ClearPending:0000000000000000 $t
/var/folders/bg/n1lwdyp56391g865_v8nrmhm0000gn/T//ccl2nG3Q.s:778    .text.HAL_EXTI_ClearPending:0000000000000000 HAL_EXTI_ClearPending
/var/folders/bg/n1lwdyp56391g865_v8nrmhm0000gn/T//ccl2nG3Q.s:808    .text.HAL_EXTI_ClearPending:0000000000000010 $d
/var/folders/bg/n1lwdyp56391g865_v8nrmhm0000gn/T//ccl2nG3Q.s:813    .text.HAL_EXTI_GenerateSWI:0000000000000000 $t
/var/folders/bg/n1lwdyp56391g865_v8nrmhm0000gn/T//ccl2nG3Q.s:820    .text.HAL_EXTI_GenerateSWI:0000000000000000 HAL_EXTI_GenerateSWI
/var/folders/bg/n1lwdyp56391g865_v8nrmhm0000gn/T//ccl2nG3Q.s:849    .text.HAL_EXTI_GenerateSWI:0000000000000010 $d

NO UNDEFINED SYMBOLS
